<?xml version="1.0" encoding="utf-8"?><testsuites name="pytest tests"><testsuite name="pytest" errors="0" failures="0" skipped="0" tests="459" time="97.146" timestamp="2026-09-14T00:52:57.632684+08:00" hostname="DESKTOP-37FJ6C1"><testcase classname="tests.test_interpreter_applications" name="test_elementwise_and_nondivisible_tail[1-float32]" time="0.165" /><testcase classname="tests.test_interpreter_applications" name="test_elementwise_and_nondivisible_tail[1-int32]" time="0.014" /><testcase classname="tests.test_interpreter_applications" name="test_elementwise_and_nondivisible_tail[8-float32]" time="0.014" /><testcase classname="tests.test_interpreter_applications" name="test_elementwise_and_nondivisible_tail[8-int32]" time="0.013" /><testcase classname="tests.test_interpreter_applications" name="test_elementwise_and_nondivisible_tail[11-float32]" time="0.014" /><testcase classname="tests.test_interpreter_applications" name="test_elementwise_and_nondivisible_tail[11-int32]" time="0.015" /><testcase classname="tests.test_interpreter_applications" name="test_bool_results_are_exact" time="0.014" /><testcase classname="tests.test_interpreter_applications" name="test_broadcast_reuses_bias_for_each_row" time="0.022" /><testcase classname="tests.test_interpreter_applications" name="test_row_reduction_ignores_padded_lanes[float32]" time="0.051" /><testcase classname="tests.test_interpreter_applications" name="test_row_reduction_ignores_padded_lanes[int32]" time="0.050" /><testcase classname="tests.test_interpreter_applications" name="test_row_reduction_maps_singleton_program_axes_to_a_vector_output[float32]" time="0.042" /><testcase classname="tests.test_interpreter_applications" name="test_row_reduction_maps_singleton_program_axes_to_a_vector_output[int32]" time="0.021" /><testcase classname="tests.test_interpreter_applications" name="test_nested_if_and_for_carry_values[False]" time="0.016" /><testcase classname="tests.test_interpreter_applications" name="test_nested_if_and_for_carry_values[True]" time="0.016" /><testcase classname="tests.test_interpreter_applications" name="test_softmax_uses_negative_infinity_for_padding" time="0.031" /><testcase classname="tests.test_interpreter_applications" name="test_dot_on_masked_matrix_tiles" time="0.014" /><testcase classname="tests.test_interpreter_applications" name="test_cpu_path_does_not_import_gpu_backends" time="1.772" /><testcase classname="tests.test_interpreter_applications" name="test_tiled_trace_visits_each_program_and_is_reproducible" time="0.012" /><testcase classname="tests.test_interpreter_applications" name="test_arranged_loads_and_stores_follow_noncontiguous_numpy_strides" time="0.015" /><testcase classname="tests.test_interpreter_applications" name="test_nested_arrangement_reduces_across_multiple_inner_tiles" time="0.112" /><testcase classname="tests.test_interpreter_applications" name="test_trace_reports_the_effective_arrangement_tail_mask" time="0.011" /><testcase classname="tests.test_interpreter_applications" name="test_high_level_backend_option_executes_the_real_pass_pipeline[cuda]" time="0.011" /><testcase classname="tests.test_interpreter_applications" name="test_high_level_backend_option_executes_the_real_pass_pipeline[triton]" time="0.010" /><testcase classname="tests.test_interpreter_applications" name="test_fixed_k_tiled_dot_matches_numpy_after_target_decomposition[shape0-float32-cuda]" time="0.101" /><testcase classname="tests.test_interpreter_applications" name="test_fixed_k_tiled_dot_matches_numpy_after_target_decomposition[shape0-float32-triton]" time="0.092" /><testcase classname="tests.test_interpreter_applications" name="test_fixed_k_tiled_dot_matches_numpy_after_target_decomposition[shape0-int32-cuda]" time="0.093" /><testcase classname="tests.test_interpreter_applications" name="test_fixed_k_tiled_dot_matches_numpy_after_target_decomposition[shape0-int32-triton]" time="0.121" /><testcase classname="tests.test_interpreter_applications" name="test_fixed_k_tiled_dot_matches_numpy_after_target_decomposition[shape1-float32-cuda]" time="0.092" /><testcase classname="tests.test_interpreter_applications" name="test_fixed_k_tiled_dot_matches_numpy_after_target_decomposition[shape1-float32-triton]" time="0.095" /><testcase classname="tests.test_interpreter_applications" name="test_fixed_k_tiled_dot_matches_numpy_after_target_decomposition[shape1-int32-cuda]" time="0.091" /><testcase classname="tests.test_interpreter_applications" name="test_fixed_k_tiled_dot_matches_numpy_after_target_decomposition[shape1-int32-triton]" time="0.093" /><testcase classname="tests.test_interpreter_applications" name="test_fixed_k_tiled_dot_matches_numpy_after_target_decomposition[shape2-float32-cuda]" time="0.092" /><testcase classname="tests.test_interpreter_applications" name="test_fixed_k_tiled_dot_matches_numpy_after_target_decomposition[shape2-float32-triton]" time="0.123" /><testcase classname="tests.test_interpreter_applications" name="test_fixed_k_tiled_dot_matches_numpy_after_target_decomposition[shape2-int32-cuda]" time="0.094" /><testcase classname="tests.test_interpreter_applications" name="test_fixed_k_tiled_dot_matches_numpy_after_target_decomposition[shape2-int32-triton]" time="0.097" /><testcase classname="tests.test_interpreter_applications" name="test_untiled_non_square_dot_executes_every_output_lane[1-float32-cuda]" time="0.009" /><testcase classname="tests.test_interpreter_applications" name="test_untiled_non_square_dot_executes_every_output_lane[1-float32-triton]" time="0.011" /><testcase classname="tests.test_interpreter_applications" name="test_untiled_non_square_dot_executes_every_output_lane[1-int32-cuda]" time="0.009" /><testcase classname="tests.test_interpreter_applications" name="test_untiled_non_square_dot_executes_every_output_lane[1-int32-triton]" time="0.011" /><testcase classname="tests.test_interpreter_applications" name="test_untiled_non_square_dot_executes_every_output_lane[3-float32-cuda]" time="0.012" /><testcase classname="tests.test_interpreter_applications" name="test_untiled_non_square_dot_executes_every_output_lane[3-float32-triton]" time="0.013" /><testcase classname="tests.test_interpreter_applications" name="test_untiled_non_square_dot_executes_every_output_lane[3-int32-cuda]" time="0.012" /><testcase classname="tests.test_interpreter_applications" name="test_untiled_non_square_dot_executes_every_output_lane[3-int32-triton]" time="0.012" /><testcase classname="tests.test_interpreter_applications" name="test_untiled_non_square_dot_executes_every_output_lane[7-float32-cuda]" time="0.015" /><testcase classname="tests.test_interpreter_applications" name="test_untiled_non_square_dot_executes_every_output_lane[7-float32-triton]" time="0.017" /><testcase classname="tests.test_interpreter_applications" name="test_untiled_non_square_dot_executes_every_output_lane[7-int32-cuda]" time="0.016" /><testcase classname="tests.test_interpreter_applications" name="test_untiled_non_square_dot_executes_every_output_lane[7-int32-triton]" time="0.016" /><testcase classname="tests.test_interpreter_applications" name="test_non_square_transpose_matches_numpy_after_decomposition[float32-_transpose_tiles-cuda]" time="0.016" /><testcase classname="tests.test_interpreter_applications" name="test_non_square_transpose_matches_numpy_after_decomposition[float32-_transpose_tiles-triton]" time="0.015" /><testcase classname="tests.test_interpreter_applications" name="test_non_square_transpose_matches_numpy_after_decomposition[float32-_whole_transpose-cuda]" time="0.007" /><testcase classname="tests.test_interpreter_applications" name="test_non_square_transpose_matches_numpy_after_decomposition[float32-_whole_transpose-triton]" time="0.007" /><testcase classname="tests.test_interpreter_applications" name="test_non_square_transpose_matches_numpy_after_decomposition[int32-_transpose_tiles-cuda]" time="0.015" /><testcase classname="tests.test_interpreter_applications" name="test_non_square_transpose_matches_numpy_after_decomposition[int32-_transpose_tiles-triton]" time="0.016" /><testcase classname="tests.test_interpreter_applications" name="test_non_square_transpose_matches_numpy_after_decomposition[int32-_whole_transpose-cuda]" time="0.007" /><testcase classname="tests.test_interpreter_applications" name="test_non_square_transpose_matches_numpy_after_decomposition[int32-_whole_transpose-triton]" time="0.007" /><testcase classname="tests.test_interpreter_applications" name="test_unreduced_k_program_dot_is_rejected_without_partial_writes[shape0-cuda]" time="0.020" /><testcase classname="tests.test_interpreter_applications" name="test_unreduced_k_program_dot_is_rejected_without_partial_writes[shape0-triton]" time="0.015" /><testcase classname="tests.test_interpreter_debugger" name="test_difference_identifies_first_aligned_operation_without_mutating_inputs" time="0.015" /><testcase classname="tests.test_interpreter_debugger" name="test_restructured_programs_do_not_get_a_guessed_operation_location[_affine_restructured-True]" time="0.014" /><testcase classname="tests.test_interpreter_debugger" name="test_restructured_programs_do_not_get_a_guessed_operation_location[_affine_restructured_wrong-False]" time="0.015" /><testcase classname="tests.test_interpreter_debugger" name="test_pass_checker_stops_at_the_first_semantic_failure" time="0.021" /><testcase classname="tests.test_interpreter_debugger" name="test_pass_checker_records_an_unsupported_operation_as_failure" time="0.009" /><testcase classname="tests.test_interpreter_debugger" name="test_reproducer_round_trips_arrangement_inputs_and_runs_its_replay_script" time="1.580" /><testcase classname="tests.test_interpreter_debugger" name="test_reproducer_preserves_exact_alias_bindings" time="0.074" /><testcase classname="tests.test_interpreter_debugger" name="test_comparison_preserves_write_then_read_through_exact_aliases" time="0.002" /><testcase classname="tests.test_interpreter_debugger" name="test_comparison_and_export_preserve_distinct_overlapping_views[False]" time="0.122" /><testcase classname="tests.test_interpreter_debugger" name="test_comparison_and_export_preserve_distinct_overlapping_views[True]" time="0.091" /><testcase classname="tests.test_interpreter_debugger" name="test_comparison_and_replay_preserve_noncontiguous_pointer_rejection" time="0.077" /><testcase classname="tests.test_interpreter_debugger" name="test_reproducer_preserves_strides_values_and_readonly_flags[positive]" time="0.082" /><testcase classname="tests.test_interpreter_debugger" name="test_reproducer_preserves_strides_values_and_readonly_flags[negative]" time="0.086" /><testcase classname="tests.test_interpreter_debugger" name="test_reproducer_preserves_strides_values_and_readonly_flags[transpose]" time="0.087" /><testcase classname="tests.test_interpreter_debugger" name="test_reproducer_preserves_strides_values_and_readonly_flags[broadcast]" time="0.086" /><testcase classname="tests.test_interpreter_debugger" name="test_program_comparison_keeps_readonly_output_semantics" time="0.001" /><testcase classname="tests.test_interpreter_debugger" name="test_reproducer_rejects_overwrite_and_manifest_input_mismatch" time="0.122" /><testcase classname="tests.test_interpreter_debugger" name="test_reproducer_rejects_object_arrays_without_pickle" time="0.034" /><testcase classname="tests.test_interpreter_debugger" name="test_decomposed_dot_difference_identifies_the_output_lane" time="0.077" /><testcase classname="tests.test_interpreter_debugger" name="test_step_debugger_discards_values_from_the_previous_output_lane" time="0.048" /><testcase classname="tests.test_interpreter_failure_workflow" name="test_a_correct_restructure_does_not_hide_a_later_bad_operation" time="1.747" /><testcase classname="tests.test_interpreter_failure_workflow" name="test_pass_diagnosis_uses_a_proven_prefix_before_control_flow_diverges" time="0.002" /><testcase classname="tests.test_interpreter_failure_workflow" name="test_restructuring_fault_is_observed_at_a_declared_retained_consumer" time="1.664" /><testcase classname="tests.test_interpreter_failure_workflow" name="test_unrecorded_restructuring_does_not_invent_a_retained_boundary" time="0.016" /><testcase classname="tests.test_interpreter_failure_workflow" name="test_a_store_mask_fault_has_a_location_even_without_ssa_results" time="1.648" /><testcase classname="tests.test_interpreter_failure_workflow" name="test_cumulative_small_drift_is_still_detected_and_replayed" time="1.653" /><testcase classname="tests.test_interpreter_failure_workflow" name="test_comparison_exports_generic_inputs_and_replay_rejects_a_repair" time="3.405" /><testcase classname="tests.test_interpreter_failure_workflow" name="test_success_never_creates_a_failure_directory" time="0.029" /><testcase classname="tests.test_interpreter_failure_workflow" name="test_existing_directory_preserves_failure_and_never_overwrites" time="0.042" /><testcase classname="tests.test_interpreter_failure_workflow" name="test_runtime_failure_is_automatically_saved_without_masking_exception[comparison]" time="1.620" /><testcase classname="tests.test_interpreter_failure_workflow" name="test_runtime_failure_is_automatically_saved_without_masking_exception[passes]" time="1.675" /><testcase classname="tests.test_interpreter_failure_workflow" name="test_reference_failure_is_not_blame_assigned_to_the_first_pass" time="0.007" /><testcase classname="tests.test_interpreter_failure_workflow" name="test_transform_error_exports_diagnostics_without_claiming_executable_pass" time="1.559" /><testcase classname="tests.test_interpreter_failure_workflow" name="test_export_io_error_does_not_replace_the_execution_error" time="0.040" /><testcase classname="tests.test_interpreter_failure_workflow" name="test_adjacent_failure_cannot_be_hidden_by_cancellation_against_original" time="1.623" /><testcase classname="tests.test_interpreter_failure_workflow" name="test_replay_rejects_a_different_kind_of_failure[mismatch]" time="1.640" /><testcase classname="tests.test_interpreter_failure_workflow" name="test_replay_rejects_a_different_kind_of_failure[exception]" time="1.648" /><testcase classname="tests.test_interpreter_failure_workflow" name="test_invalid_ssa_is_a_diagnostic_snapshot_with_the_verification_cause" time="0.190" /><testcase classname="tests.test_interpreter_failure_workflow" name="test_invalid_python_pass_result_or_exception_is_captured[none]" time="0.163" /><testcase classname="tests.test_interpreter_failure_workflow" name="test_invalid_python_pass_result_or_exception_is_captured[runtime_error]" time="0.170" /><testcase classname="tests.test_interpreter_failure_workflow" name="test_unexpected_export_exception_preserves_the_original_mismatch" time="0.026" /><testcase classname="tests.test_interpreter_gpu" name="test_gpu_fixtures_match_oracle_before_and_after_lowering_on_cpu[broadcast_float32_tail]" time="0.062" /><testcase classname="tests.test_interpreter_gpu" name="test_gpu_fixtures_match_oracle_before_and_after_lowering_on_cpu[broadcast_row_matrix_float32_tail]" time="0.065" /><testcase classname="tests.test_interpreter_gpu" name="test_gpu_fixtures_match_oracle_before_and_after_lowering_on_cpu[broadcast_column_matrix_float32_tail]" time="0.093" /><testcase classname="tests.test_interpreter_gpu" name="test_gpu_fixtures_match_oracle_before_and_after_lowering_on_cpu[floor_div_int32_mixed_sign_tail]" time="0.030" /><testcase classname="tests.test_interpreter_gpu" name="test_gpu_fixtures_match_oracle_before_and_after_lowering_on_cpu[remainder_int32_mixed_sign_tail]" time="0.030" /><testcase classname="tests.test_interpreter_gpu" name="test_gpu_fixtures_match_oracle_before_and_after_lowering_on_cpu[dot_float32_multi_program_tail]" time="0.137" /><testcase classname="tests.test_interpreter_gpu" name="test_generated_stride_guards_use_binary_boolops_supported_by_triton_31[elementwise_float32_aligned]" time="0.023" /><testcase classname="tests.test_interpreter_gpu" name="test_generated_stride_guards_use_binary_boolops_supported_by_triton_31[masked_float32_tail]" time="0.023" /><testcase classname="tests.test_interpreter_gpu" name="test_generated_stride_guards_use_binary_boolops_supported_by_triton_31[masked_int32_tail]" time="0.023" /><testcase classname="tests.test_interpreter_gpu" name="test_emitted_dot_coordinates_stay_local_across_output_programs[triton]" time="0.048" /><testcase classname="tests.test_interpreter_gpu" name="test_emitted_dot_coordinates_stay_local_across_output_programs[cuda]" time="0.041" /><testcase classname="tests.test_interpreter_gpu" name="test_generated_signed_division_corrects_triton_tensor_rounding[floor_div_int32_mixed_sign_tail]" time="0.044" /><testcase classname="tests.test_interpreter_gpu" name="test_generated_signed_division_corrects_triton_tensor_rounding[remainder_int32_mixed_sign_tail]" time="0.048" /><testcase classname="tests.test_interpreter_gpu" name="test_generated_broadcast_input_addresses_and_masks_match_numpy_layout[x-broadcast_float32_tail]" time="0.078" /><testcase classname="tests.test_interpreter_gpu" name="test_generated_broadcast_input_addresses_and_masks_match_numpy_layout[x-broadcast_row_matrix_float32_tail]" time="0.052" /><testcase classname="tests.test_interpreter_gpu" name="test_generated_broadcast_input_addresses_and_masks_match_numpy_layout[x-broadcast_column_matrix_float32_tail]" time="0.050" /><testcase classname="tests.test_interpreter_gpu" name="test_generated_broadcast_input_addresses_and_masks_match_numpy_layout[bias-broadcast_float32_tail]" time="0.040" /><testcase classname="tests.test_interpreter_gpu" name="test_generated_broadcast_input_addresses_and_masks_match_numpy_layout[bias-broadcast_row_matrix_float32_tail]" time="0.051" /><testcase classname="tests.test_interpreter_gpu" name="test_generated_broadcast_input_addresses_and_masks_match_numpy_layout[bias-broadcast_column_matrix_float32_tail]" time="0.048" /><testcase classname="tests.test_interpreter_ssa" name="test_integer_binary_operations_are_exact[arith.add-lhs0-rhs0-expected0]" time="0.001" /><testcase classname="tests.test_interpreter_ssa" name="test_integer_binary_operations_are_exact[arith.sub-lhs1-rhs1-expected1]" time="0.001" /><testcase classname="tests.test_interpreter_ssa" name="test_integer_binary_operations_are_exact[arith.mul-lhs2-rhs2-expected2]" time="0.001" /><testcase classname="tests.test_interpreter_ssa" name="test_integer_binary_operations_are_exact[arith.floordiv-lhs3-rhs3-expected3]" time="0.001" /><testcase classname="tests.test_interpreter_ssa" name="test_integer_binary_operations_are_exact[arith.bitwise_and-lhs4-rhs4-expected4]" time="0.001" /><testcase classname="tests.test_interpreter_ssa" name="test_integer_binary_operations_are_exact[arith.bitwise_xor-lhs5-rhs5-expected5]" time="0.001" /><testcase classname="tests.test_interpreter_ssa" name="test_masked_load_never_dereferences_inactive_out_of_bounds_lanes" time="0.001" /><testcase classname="tests.test_interpreter_ssa" name="test_all_false_mask_can_load_from_an_empty_buffer" time="0.001" /><testcase classname="tests.test_interpreter_ssa" name="test_active_out_of_bounds_load_reports_the_operation_location[-1]" time="0.001" /><testcase classname="tests.test_interpreter_ssa" name="test_active_out_of_bounds_load_reports_the_operation_location[3]" time="0.001" /><testcase classname="tests.test_interpreter_ssa" name="test_active_out_of_bounds_load_reports_the_operation_location[1000]" time="0.001" /><testcase classname="tests.test_interpreter_ssa" name="test_masked_store_changes_only_active_valid_addresses" time="0.001" /><testcase classname="tests.test_interpreter_ssa" name="test_active_out_of_bounds_store_reports_the_operation_location[-1]" time="0.001" /><testcase classname="tests.test_interpreter_ssa" name="test_active_out_of_bounds_store_reports_the_operation_location[5]" time="0.001" /><testcase classname="tests.test_interpreter_ssa" name="test_active_out_of_bounds_store_reports_the_operation_location[1000]" time="0.001" /><testcase classname="tests.test_interpreter_ssa" name="test_unknown_operation_fails_closed_with_opcode_and_location" time="0.001" /><testcase classname="tests.test_interpreter_ssa" name="test_unknown_operation_in_nested_region_reports_nested_location" time="0.001" /><testcase classname="tests.test_interpreter_ssa" name="test_trace_is_reproducible_and_snapshots_do_not_alias_inputs" time="0.002" /><testcase classname="tests.test_interpreter_ssa" name="test_trace_opcode_filter_keeps_execution_unchanged" time="0.001" /><testcase classname="tests.test_interpreter_ssa" name="test_handwritten_loop_handles_negative_step_and_zero_iterations[5--1--2-9]" time="0.001" /><testcase classname="tests.test_interpreter_ssa" name="test_handwritten_loop_handles_negative_step_and_zero_iterations[2-2-1-0]" time="0.001" /><testcase classname="tests.test_interpreter_ssa" name="test_three_dimensional_grid_trace_filter_and_watch_do_not_filter_execution" time="0.004" /><testcase classname="tests.test_interpreter_ssa" name="test_step_callback_works_without_retaining_a_trace" time="0.004" /><testcase classname="tests.test_interpreter_ssa" name="test_explicit_extension_handler_receives_materialized_cpu_operands" time="0.001" /><testcase classname="tests.test_interpreter_ssa" name="test_extension_handler_does_not_hide_an_unregistered_operation" time="0.001" /><testcase classname="tests.test_interpreter_ssa" name="test_store_trace_captures_source_before_an_aliasing_write" time="0.001" /><testcase classname="tests.test_interpreter_ssa" name="test_masked_invalid_addresses_are_safe_even_with_trace_enabled" time="0.001" /><testcase classname="tests.test_interpreter_ssa" name="test_masked_store_trace_does_not_dereference_inactive_addresses" time="0.001" /><testcase classname="tests.test_interpreter_ssa" name="test_masked_tensor_store_trace_and_watch_never_load_inactive_lanes[False-0]" time="0.001" /><testcase classname="tests.test_interpreter_ssa" name="test_masked_tensor_store_trace_and_watch_never_load_inactive_lanes[False-3]" time="0.001" /><testcase classname="tests.test_interpreter_ssa" name="test_masked_tensor_store_trace_and_watch_never_load_inactive_lanes[True-0]" time="0.001" /><testcase classname="tests.test_interpreter_ssa" name="test_masked_tensor_store_trace_and_watch_never_load_inactive_lanes[True-3]" time="0.001" /><testcase classname="tests.test_interpreter_ssa" name="test_unsupported_array_dtypes_are_rejected_before_execution[object]" time="0.001" /><testcase classname="tests.test_interpreter_ssa" name="test_unsupported_array_dtypes_are_rejected_before_execution[complex64]" time="0.001" /><testcase classname="tests.test_interpreter_ssa" name="test_unsupported_array_dtypes_are_rejected_before_execution[U4]" time="0.001" /><testcase classname="tests.test_interpreter_ssa" name="test_unsupported_array_dtypes_are_rejected_before_execution[S4]" time="0.001" /><testcase classname="tests.test_interpreter_ssa" name="test_array_dtype_must_match_the_declared_ssa_type" time="0.000" /><testcase classname="tests.test_interpreter_ssa" name="test_num_programs_rejects_invalid_axis_with_operation_location[-1]" time="0.001" /><testcase classname="tests.test_interpreter_ssa" name="test_num_programs_rejects_invalid_axis_with_operation_location[3]" time="0.001" /><testcase classname="tests.test_interpreter_ssa" name="test_num_programs_rejects_invalid_axis_with_operation_location[999]" time="0.001" /><testcase classname="tests.test_interpreter_ssa" name="test_isolated_decomposed_offset_without_output_store_is_rejected[matmul]" time="0.001" /><testcase classname="tests.test_interpreter_ssa" name="test_isolated_decomposed_offset_without_output_store_is_rejected[transpose]" time="0.001" /><testcase classname="tests.test_interpreter_step_debugger" name="test_step_continue_dynamic_watch_and_store_pause_timing" time="0.001" /><testcase classname="tests.test_interpreter_step_debugger" name="test_breakpoint_matches_opcode_exact_location_or_location_prefix[arith.add]" time="0.001" /><testcase classname="tests.test_interpreter_step_debugger" name="test_breakpoint_matches_opcode_exact_location_or_location_prefix[entry:1]" time="0.001" /><testcase classname="tests.test_interpreter_step_debugger" name="test_breakpoint_matches_opcode_exact_location_or_location_prefix[entry:1:arith.add]" time="0.001" /><testcase classname="tests.test_interpreter_step_debugger" name="test_deleting_a_breakpoint_restores_continue_behavior" time="0.001" /><testcase classname="tests.test_interpreter_step_debugger" name="test_quit_stops_future_operations_and_does_not_rollback_completed_stores[entry:1-False]" time="0.001" /><testcase classname="tests.test_interpreter_step_debugger" name="test_quit_stops_future_operations_and_does_not_rollback_completed_stores[mem.store-True]" time="0.001" /><testcase classname="tests.test_interpreter_step_debugger" name="test_program_and_opcode_filters_bound_debugger_events" time="0.001" /><testcase classname="tests.test_interpreter_step_debugger" name="test_debugger_operates_on_real_tiled_frontend_application" time="0.014" /><testcase classname="tests.test_interpreter_step_debugger" name="test_exhausted_script_continues_without_requesting_user_input" time="0.001" /><testcase classname="tests.test_interpreter_default_pipeline" name="test_each_default_pass_preserves_the_original_application[elementwise_int32-triton]" time="0.047" /><testcase classname="tests.test_interpreter_default_pipeline" name="test_each_default_pass_preserves_the_original_application[elementwise_int32-cuda]" time="0.048" /><testcase classname="tests.test_interpreter_default_pipeline" name="test_each_default_pass_preserves_the_original_application[broadcast_float32-triton]" time="0.088" /><testcase classname="tests.test_interpreter_default_pipeline" name="test_each_default_pass_preserves_the_original_application[broadcast_float32-cuda]" time="0.093" /><testcase classname="tests.test_interpreter_default_pipeline" name="test_each_default_pass_preserves_the_original_application[reduction_float32-triton]" time="0.080" /><testcase classname="tests.test_interpreter_default_pipeline" name="test_each_default_pass_preserves_the_original_application[reduction_float32-cuda]" time="0.077" /><testcase classname="tests.test_interpreter_default_pipeline" name="test_each_default_pass_preserves_the_original_application[comparison_bool-triton]" time="0.056" /><testcase classname="tests.test_interpreter_default_pipeline" name="test_each_default_pass_preserves_the_original_application[comparison_bool-cuda]" time="0.055" /><testcase classname="tests.test_interpreter_demo" name="test_demo_exports_the_fault_and_replay_rejects_a_missing_fault" time="4.909" /><testcase classname="tests.test_interpreter_matmul" name="test_default_pipeline_dot_with_multiple_output_programs[contiguous-shape0-float32-triton]" time="0.322" /><testcase classname="tests.test_interpreter_matmul" name="test_default_pipeline_dot_with_multiple_output_programs[contiguous-shape0-float32-cuda]" time="0.324" /><testcase classname="tests.test_interpreter_matmul" name="test_default_pipeline_dot_with_multiple_output_programs[contiguous-shape0-int32-triton]" time="0.316" /><testcase classname="tests.test_interpreter_matmul" name="test_default_pipeline_dot_with_multiple_output_programs[contiguous-shape0-int32-cuda]" time="0.318" /><testcase classname="tests.test_interpreter_matmul" name="test_default_pipeline_dot_with_multiple_output_programs[contiguous-shape1-float32-triton]" time="0.354" /><testcase classname="tests.test_interpreter_matmul" name="test_default_pipeline_dot_with_multiple_output_programs[contiguous-shape1-float32-cuda]" time="0.330" /><testcase classname="tests.test_interpreter_matmul" name="test_default_pipeline_dot_with_multiple_output_programs[contiguous-shape1-int32-triton]" time="0.309" /><testcase classname="tests.test_interpreter_matmul" name="test_default_pipeline_dot_with_multiple_output_programs[contiguous-shape1-int32-cuda]" time="0.313" /><testcase classname="tests.test_interpreter_matmul" name="test_default_pipeline_dot_with_multiple_output_programs[contiguous-shape2-float32-triton]" time="0.197" /><testcase classname="tests.test_interpreter_matmul" name="test_default_pipeline_dot_with_multiple_output_programs[contiguous-shape2-float32-cuda]" time="0.165" /><testcase classname="tests.test_interpreter_matmul" name="test_default_pipeline_dot_with_multiple_output_programs[contiguous-shape2-int32-triton]" time="0.165" /><testcase classname="tests.test_interpreter_matmul" name="test_default_pipeline_dot_with_multiple_output_programs[contiguous-shape2-int32-cuda]" time="0.169" /><testcase classname="tests.test_interpreter_matmul" name="test_default_pipeline_dot_with_multiple_output_programs[strided-shape0-float32-triton]" time="0.319" /><testcase classname="tests.test_interpreter_matmul" name="test_default_pipeline_dot_with_multiple_output_programs[strided-shape0-float32-cuda]" time="0.345" /><testcase classname="tests.test_interpreter_matmul" name="test_default_pipeline_dot_with_multiple_output_programs[strided-shape0-int32-triton]" time="0.313" /><testcase classname="tests.test_interpreter_matmul" name="test_default_pipeline_dot_with_multiple_output_programs[strided-shape0-int32-cuda]" time="0.318" /><testcase classname="tests.test_interpreter_matmul" name="test_default_pipeline_dot_with_multiple_output_programs[strided-shape1-float32-triton]" time="0.315" /><testcase classname="tests.test_interpreter_matmul" name="test_default_pipeline_dot_with_multiple_output_programs[strided-shape1-float32-cuda]" time="0.323" /><testcase classname="tests.test_interpreter_matmul" name="test_default_pipeline_dot_with_multiple_output_programs[strided-shape1-int32-triton]" time="0.362" /><testcase classname="tests.test_interpreter_matmul" name="test_default_pipeline_dot_with_multiple_output_programs[strided-shape1-int32-cuda]" time="0.322" /><testcase classname="tests.test_interpreter_matmul" name="test_default_pipeline_dot_with_multiple_output_programs[strided-shape2-float32-triton]" time="0.171" /><testcase classname="tests.test_interpreter_matmul" name="test_default_pipeline_dot_with_multiple_output_programs[strided-shape2-float32-cuda]" time="0.177" /><testcase classname="tests.test_interpreter_matmul" name="test_default_pipeline_dot_with_multiple_output_programs[strided-shape2-int32-triton]" time="0.164" /><testcase classname="tests.test_interpreter_matmul" name="test_default_pipeline_dot_with_multiple_output_programs[strided-shape2-int32-cuda]" time="0.200" /><testcase classname="tests.test_interpreter_matmul" name="test_dot_with_unreduced_k_programs_is_rejected_before_output_writes[shape0-triton]" time="0.017" /><testcase classname="tests.test_interpreter_matmul" name="test_dot_with_unreduced_k_programs_is_rejected_before_output_writes[shape0-cuda]" time="0.017" /><testcase classname="tests.test_interpreter_matmul" name="test_dot_with_unreduced_k_programs_is_rejected_before_output_writes[shape1-triton]" time="0.017" /><testcase classname="tests.test_interpreter_matmul" name="test_dot_with_unreduced_k_programs_is_rejected_before_output_writes[shape1-cuda]" time="0.017" /><testcase classname="tests.test_interpreter_matmul" name="test_dot_rejects_output_aliasing_an_input_before_writes[triton]" time="0.016" /><testcase classname="tests.test_interpreter_matmul" name="test_dot_rejects_output_aliasing_an_input_before_writes[cuda]" time="0.016" /><testcase classname="tests.test_interpreter_matmul" name="test_dot_rejects_overlapping_output_storage_before_writes[partial_bytes-triton]" time="0.016" /><testcase classname="tests.test_interpreter_matmul" name="test_dot_rejects_overlapping_output_storage_before_writes[partial_bytes-cuda]" time="0.016" /><testcase classname="tests.test_interpreter_matmul" name="test_dot_rejects_overlapping_output_storage_before_writes[zero-triton]" time="0.017" /><testcase classname="tests.test_interpreter_matmul" name="test_dot_rejects_overlapping_output_storage_before_writes[zero-cuda]" time="0.016" /><testcase classname="tests.test_interpreter_matmul" name="test_dot_accepts_independent_strided_output_and_preserves_guards[positive_stride-triton]" time="0.223" /><testcase classname="tests.test_interpreter_matmul" name="test_dot_accepts_independent_strided_output_and_preserves_guards[positive_stride-cuda]" time="0.261" /><testcase classname="tests.test_interpreter_matmul" name="test_dot_accepts_independent_strided_output_and_preserves_guards[negative_stride-triton]" time="0.224" /><testcase classname="tests.test_interpreter_matmul" name="test_dot_accepts_independent_strided_output_and_preserves_guards[negative_stride-cuda]" time="0.228" /><testcase classname="tests.test_interpreter_matmul" name="test_dot_rejects_nested_store_before_replaying_output_lanes[triton]" time="0.045" /><testcase classname="tests.test_interpreter_matmul" name="test_dot_rejects_nested_store_before_replaying_output_lanes[cuda]" time="0.048" /><testcase classname="tests.test_interpreter_matmul" name="test_single_program_dot_rejects_output_storage_before_writes[lhs_alias-triton]" time="0.019" /><testcase classname="tests.test_interpreter_matmul" name="test_single_program_dot_rejects_output_storage_before_writes[lhs_alias-cuda]" time="0.017" /><testcase classname="tests.test_interpreter_matmul" name="test_single_program_dot_rejects_output_storage_before_writes[partial_bytes-triton]" time="0.017" /><testcase classname="tests.test_interpreter_matmul" name="test_single_program_dot_rejects_output_storage_before_writes[partial_bytes-cuda]" time="0.018" /><testcase classname="tests.test_interpreter_matmul" name="test_single_program_dot_rejects_output_storage_before_writes[zero_stride-triton]" time="0.017" /><testcase classname="tests.test_interpreter_matmul" name="test_single_program_dot_rejects_output_storage_before_writes[zero_stride-cuda]" time="0.048" /><testcase classname="tests.test_interpreter_matmul" name="test_single_program_dot_accepts_independent_strided_output[positive_stride-triton]" time="0.078" /><testcase classname="tests.test_interpreter_matmul" name="test_single_program_dot_accepts_independent_strided_output[positive_stride-cuda]" time="0.077" /><testcase classname="tests.test_interpreter_matmul" name="test_single_program_dot_accepts_independent_strided_output[negative_stride-triton]" time="0.079" /><testcase classname="tests.test_interpreter_matmul" name="test_single_program_dot_accepts_independent_strided_output[negative_stride-cuda]" time="0.079" /><testcase classname="tests.test_interpreter_matmul" name="test_single_program_dot_rejects_output_binding_used_as_lhs[triton]" time="0.012" /><testcase classname="tests.test_interpreter_matmul" name="test_single_program_dot_rejects_output_binding_used_as_lhs[cuda]" time="0.012" /><testcase classname="tests.test_interpreter_provenance" name="test_branch_divergence_after_an_early_difference_does_not_claim_aligned_traces" time="0.001" /><testcase classname="tests.test_interpreter_provenance" name="test_changed_loop_count_does_not_claim_aligned_traces_after_bound_difference" time="0.002" /><testcase classname="tests.test_interpreter_provenance" name="test_seed_is_stable_nonsemantic_and_covers_nested_ssa_locations" time="0.001" /><testcase classname="tests.test_interpreter_provenance" name="test_declared_split_has_source_range_but_never_guesses_a_value_correspondence" time="0.003" /><testcase classname="tests.test_interpreter_provenance" name="test_pass_checker_preserves_an_explicit_mapping_and_stops_on_the_fault" time="0.003" /><testcase classname="tests.test_interpreter_provenance" name="test_multiple_passes_keep_original_sources_and_current_relation_locations" time="0.002" /><testcase classname="tests.test_interpreter_provenance" name="test_merge_retains_both_candidates_without_claiming_a_unique_fault_source" time="0.001" /><testcase classname="tests.test_interpreter_provenance" name="test_explicit_deletion_is_distinct_from_an_unmapped_removal" time="0.001" /><testcase classname="tests.test_interpreter_provenance" name="test_deleting_mixed_known_unknown_sources_does_not_present_a_partial_candidate_set" time="0.002" /><testcase classname="tests.test_interpreter_provenance" name="test_unknown_clone_does_not_acquire_a_mapping_from_copied_ids_or_names" time="0.001" /><testcase classname="tests.test_interpreter_provenance" name="test_explicit_record_is_not_duplicated_by_a_pipeline_wrapper" time="0.001" /><testcase classname="tests.test_interpreter_provenance" name="test_declared_targets_must_really_occur_and_deleted_sources_must_be_absent" time="0.001" /><testcase classname="tests.test_interpreter_provenance" name="test_recursive_split_includes_generated_region_operations" time="0.001" /><testcase classname="tests.test_interpreter_provenance" name="test_runtime_errors_retain_declared_source_scope_without_a_fake_exact_location" time="0.001" /><testcase classname="tests.test_interpreter_provenance" name="test_one_operation_object_duplicated_without_a_declaration_is_unmapped" time="0.001" /><testcase classname="tests.test_interpreter_provenance" name="test_reproducer_preserves_provenance_and_legacy_json_remains_readable" time="0.105" /><testcase classname="tests.test_interpreter_provenance" name="test_real_default_linalg_passes_have_complete_nonduplicated_origin_records[dot-triton]" time="0.928" /><testcase classname="tests.test_interpreter_provenance" name="test_real_default_linalg_passes_have_complete_nonduplicated_origin_records[dot-cuda]" time="0.878" /><testcase classname="tests.test_interpreter_provenance" name="test_real_default_linalg_passes_have_complete_nonduplicated_origin_records[transpose-triton]" time="0.087" /><testcase classname="tests.test_interpreter_provenance" name="test_real_default_linalg_passes_have_complete_nonduplicated_origin_records[transpose-cuda]" time="0.087" /><testcase classname="tests.test_interpreter_provenance" name="test_real_decomposition_fault_reports_injected_pass_and_original_source_range[dot-injected-fault-triton]" time="1.461" /><testcase classname="tests.test_interpreter_provenance" name="test_real_decomposition_fault_reports_injected_pass_and_original_source_range[dot-injected-fault-cuda]" time="1.486" /><testcase classname="tests.test_interpreter_provenance" name="test_real_decomposition_fault_reports_injected_pass_and_original_source_range[dot-negative-control-triton]" time="2.106" /><testcase classname="tests.test_interpreter_provenance" name="test_real_decomposition_fault_reports_injected_pass_and_original_source_range[dot-negative-control-cuda]" time="2.192" /><testcase classname="tests.test_interpreter_provenance" name="test_real_decomposition_fault_reports_injected_pass_and_original_source_range[transpose-injected-fault-triton]" time="0.117" /><testcase classname="tests.test_interpreter_provenance" name="test_real_decomposition_fault_reports_injected_pass_and_original_source_range[transpose-injected-fault-cuda]" time="0.119" /><testcase classname="tests.test_interpreter_provenance" name="test_real_decomposition_fault_reports_injected_pass_and_original_source_range[transpose-negative-control-triton]" time="0.168" /><testcase classname="tests.test_interpreter_provenance" name="test_real_decomposition_fault_reports_injected_pass_and_original_source_range[transpose-negative-control-cuda]" time="0.167" /><testcase classname="tests.test_interpreter_value_mapping" name="test_restructured_results_locate_the_producer_and_replay[3-fault-replace]" time="0.287" /><testcase classname="tests.test_interpreter_value_mapping" name="test_restructured_results_locate_the_producer_and_replay[3-fault-split]" time="0.268" /><testcase classname="tests.test_interpreter_value_mapping" name="test_restructured_results_locate_the_producer_and_replay[3-fault-merge]" time="0.296" /><testcase classname="tests.test_interpreter_value_mapping" name="test_restructured_results_locate_the_producer_and_replay[3-repair-replace]" time="0.022" /><testcase classname="tests.test_interpreter_value_mapping" name="test_restructured_results_locate_the_producer_and_replay[3-repair-split]" time="0.022" /><testcase classname="tests.test_interpreter_value_mapping" name="test_restructured_results_locate_the_producer_and_replay[3-repair-merge]" time="0.022" /><testcase classname="tests.test_interpreter_value_mapping" name="test_restructured_results_locate_the_producer_and_replay[5-fault-replace]" time="0.298" /><testcase classname="tests.test_interpreter_value_mapping" name="test_restructured_results_locate_the_producer_and_replay[5-fault-split]" time="0.299" /><testcase classname="tests.test_interpreter_value_mapping" name="test_restructured_results_locate_the_producer_and_replay[5-fault-merge]" time="0.291" /><testcase classname="tests.test_interpreter_value_mapping" name="test_restructured_results_locate_the_producer_and_replay[5-repair-replace]" time="0.021" /><testcase classname="tests.test_interpreter_value_mapping" name="test_restructured_results_locate_the_producer_and_replay[5-repair-split]" time="0.022" /><testcase classname="tests.test_interpreter_value_mapping" name="test_restructured_results_locate_the_producer_and_replay[5-repair-merge]" time="0.021" /><testcase classname="tests.test_interpreter_value_mapping" name="test_restructured_results_locate_the_producer_and_replay[-2-fault-replace]" time="0.299" /><testcase classname="tests.test_interpreter_value_mapping" name="test_restructured_results_locate_the_producer_and_replay[-2-fault-split]" time="0.302" /><testcase classname="tests.test_interpreter_value_mapping" name="test_restructured_results_locate_the_producer_and_replay[-2-fault-merge]" time="0.299" /><testcase classname="tests.test_interpreter_value_mapping" name="test_restructured_results_locate_the_producer_and_replay[-2-repair-replace]" time="0.021" /><testcase classname="tests.test_interpreter_value_mapping" name="test_restructured_results_locate_the_producer_and_replay[-2-repair-split]" time="0.022" /><testcase classname="tests.test_interpreter_value_mapping" name="test_restructured_results_locate_the_producer_and_replay[-2-repair-merge]" time="0.022" /><testcase classname="tests.test_interpreter_value_mapping" name="test_same_names_and_origins_do_not_create_a_value_mapping" time="0.002" /><testcase classname="tests.test_interpreter_value_mapping" name="test_a_stale_program_fingerprint_disables_result_alignment" time="0.001" /><testcase classname="tests.test_interpreter_value_mapping" name="test_invalid_result_contracts_are_rejected[duplicate]" time="0.001" /><testcase classname="tests.test_interpreter_value_mapping" name="test_invalid_result_contracts_are_rejected[missing_result]" time="0.001" /><testcase classname="tests.test_interpreter_value_mapping" name="test_invalid_result_contracts_are_rejected[wrong_type]" time="0.001" /><testcase classname="tests.test_interpreter_value_mapping" name="test_actual_lowered_dot_and_transpose_find_the_changed_instruction[dot-fault-triton]" time="2.415" /><testcase classname="tests.test_interpreter_value_mapping" name="test_actual_lowered_dot_and_transpose_find_the_changed_instruction[dot-fault-cuda]" time="2.389" /><testcase classname="tests.test_interpreter_value_mapping" name="test_actual_lowered_dot_and_transpose_find_the_changed_instruction[dot-repair-triton]" time="1.391" /><testcase classname="tests.test_interpreter_value_mapping" name="test_actual_lowered_dot_and_transpose_find_the_changed_instruction[dot-repair-cuda]" time="1.434" /><testcase classname="tests.test_interpreter_value_mapping" name="test_actual_lowered_dot_and_transpose_find_the_changed_instruction[transpose-fault-triton]" time="0.518" /><testcase classname="tests.test_interpreter_value_mapping" name="test_actual_lowered_dot_and_transpose_find_the_changed_instruction[transpose-fault-cuda]" time="0.487" /><testcase classname="tests.test_interpreter_value_mapping" name="test_actual_lowered_dot_and_transpose_find_the_changed_instruction[transpose-repair-triton]" time="0.132" /><testcase classname="tests.test_interpreter_value_mapping" name="test_actual_lowered_dot_and_transpose_find_the_changed_instruction[transpose-repair-cuda]" time="0.133" /><testcase classname="tests.test_interpreter_value_mapping" name="test_actual_decomposition_checks_tile_and_internal_results[dot-fault-triton]" time="0.394" /><testcase classname="tests.test_interpreter_value_mapping" name="test_actual_decomposition_checks_tile_and_internal_results[dot-fault-cuda]" time="0.344" /><testcase classname="tests.test_interpreter_value_mapping" name="test_actual_decomposition_checks_tile_and_internal_results[dot-repair-triton]" time="0.350" /><testcase classname="tests.test_interpreter_value_mapping" name="test_actual_decomposition_checks_tile_and_internal_results[dot-repair-cuda]" time="0.337" /><testcase classname="tests.test_interpreter_value_mapping" name="test_actual_decomposition_checks_tile_and_internal_results[transpose-fault-triton]" time="0.034" /><testcase classname="tests.test_interpreter_value_mapping" name="test_actual_decomposition_checks_tile_and_internal_results[transpose-fault-cuda]" time="0.034" /><testcase classname="tests.test_interpreter_value_mapping" name="test_actual_decomposition_checks_tile_and_internal_results[transpose-repair-triton]" time="0.033" /><testcase classname="tests.test_interpreter_value_mapping" name="test_actual_decomposition_checks_tile_and_internal_results[transpose-repair-cuda]" time="0.068" /><testcase classname="tests.test_interpreter_value_mapping" name="test_loop_mapping_and_dynamic_carried_dependencies[inner]" time="0.003" /><testcase classname="tests.test_interpreter_value_mapping" name="test_loop_mapping_and_dynamic_carried_dependencies[loop]" time="0.003" /><testcase classname="tests.test_interpreter_value_mapping" name="test_mapping_order_cannot_hide_an_earlier_bad_producer" time="0.002" /><testcase classname="tests.test_interpreter_value_mapping" name="test_result_renaming_needs_an_explicit_contract" time="0.001" /><testcase classname="tests.test_interpreter_value_mapping" name="test_different_loop_instances_are_not_paired[False]" time="0.002" /><testcase classname="tests.test_interpreter_value_mapping" name="test_different_loop_instances_are_not_paired[True]" time="0.002" /><testcase classname="tests.test_interpreter_value_mapping" name="test_result_mapping_requires_the_recorded_producers[wrong_source]" time="0.001" /><testcase classname="tests.test_interpreter_value_mapping" name="test_result_mapping_requires_the_recorded_producers[missing_target]" time="0.001" /><testcase classname="tests.test_interpreter_value_mapping" name="test_one_reference_value_can_explicitly_feed_several_generated_results" time="0.001" /><testcase classname="tests.test_interpreter_value_mapping" name="test_replay_checks_new_localization_and_dependency_evidence[mapped_operation]" time="0.299" /><testcase classname="tests.test_interpreter_value_mapping" name="test_replay_checks_new_localization_and_dependency_evidence[dependency_slice]" time="0.288" /><testcase classname="tests.test_interpreter_value_mapping" name="test_replay_checks_new_localization_and_dependency_evidence[pass_localization]" time="0.316" /><testcase classname="tests.test_interpreter_value_mapping" name="test_debug_contracts_preserve_mixed_dtype_lowering[float16-triton]" time="0.004" /><testcase classname="tests.test_interpreter_value_mapping" name="test_debug_contracts_preserve_mixed_dtype_lowering[float16-cuda]" time="0.005" /><testcase classname="tests.test_interpreter_value_mapping" name="test_debug_contracts_preserve_mixed_dtype_lowering[float64-triton]" time="0.005" /><testcase classname="tests.test_interpreter_value_mapping" name="test_debug_contracts_preserve_mixed_dtype_lowering[float64-cuda]" time="0.004" /><testcase classname="tests.test_interpreter_memory_dependencies" name="test_read_depends_on_the_latest_active_write_to_the_same_bytes[False-False-False]" time="0.001" /><testcase classname="tests.test_interpreter_memory_dependencies" name="test_read_depends_on_the_latest_active_write_to_the_same_bytes[False-True-False]" time="0.002" /><testcase classname="tests.test_interpreter_memory_dependencies" name="test_read_depends_on_the_latest_active_write_to_the_same_bytes[False-True-True]" time="0.002" /><testcase classname="tests.test_interpreter_memory_dependencies" name="test_read_depends_on_the_latest_active_write_to_the_same_bytes[True-False-False]" time="0.002" /><testcase classname="tests.test_interpreter_memory_dependencies" name="test_read_depends_on_the_latest_active_write_to_the_same_bytes[True-True-False]" time="0.002" /><testcase classname="tests.test_interpreter_memory_dependencies" name="test_read_depends_on_the_latest_active_write_to_the_same_bytes[True-True-True]" time="0.002" /><testcase classname="tests.test_interpreter_memory_dependencies" name="test_equal_values_in_disjoint_allocations_do_not_create_a_dependency" time="0.001" /><testcase classname="tests.test_interpreter_memory_dependencies" name="test_capture_is_deterministic_and_does_not_serialize_process_addresses" time="0.002" /><testcase classname="tests.test_interpreter_memory_dependencies" name="test_filtered_trace_marks_a_missing_writer_instead_of_guessing" time="0.001" /><testcase classname="tests.test_interpreter_memory_dependencies" name="test_trace_capture_does_not_turn_masked_out_addresses_into_reads" time="0.002" /><testcase classname="tests.test_interpreter_memory_dependencies" name="test_interval_history_matches_an_independent_byte_oracle[0]" time="0.002" /><testcase classname="tests.test_interpreter_memory_dependencies" name="test_interval_history_matches_an_independent_byte_oracle[1]" time="0.002" /><testcase classname="tests.test_interpreter_memory_dependencies" name="test_interval_history_matches_an_independent_byte_oracle[2]" time="0.002" /><testcase classname="tests.test_interpreter_memory_dependencies" name="test_interval_history_matches_an_independent_byte_oracle[3]" time="0.002" /><testcase classname="tests.test_interpreter_memory_dependencies" name="test_interval_history_matches_an_independent_byte_oracle[4]" time="0.002" /><testcase classname="tests.test_interpreter_memory_dependencies" name="test_tensor_views_use_actual_strides_and_only_real_reads[False-same]" time="0.001" /><testcase classname="tests.test_interpreter_memory_dependencies" name="test_tensor_views_use_actual_strides_and_only_real_reads[False-reverse]" time="0.001" /><testcase classname="tests.test_interpreter_memory_dependencies" name="test_tensor_views_use_actual_strides_and_only_real_reads[False-partial]" time="0.001" /><testcase classname="tests.test_interpreter_memory_dependencies" name="test_tensor_views_use_actual_strides_and_only_real_reads[False-disjoint]" time="0.001" /><testcase classname="tests.test_interpreter_memory_dependencies" name="test_tensor_views_use_actual_strides_and_only_real_reads[True-same]" time="0.001" /><testcase classname="tests.test_interpreter_memory_dependencies" name="test_tensor_views_use_actual_strides_and_only_real_reads[True-reverse]" time="0.001" /><testcase classname="tests.test_interpreter_memory_dependencies" name="test_tensor_views_use_actual_strides_and_only_real_reads[True-partial]" time="0.001" /><testcase classname="tests.test_interpreter_memory_dependencies" name="test_tensor_views_use_actual_strides_and_only_real_reads[True-disjoint]" time="0.001" /><testcase classname="tests.test_interpreter_memory_dependencies" name="test_manual_trace_truncation_cannot_invent_initial_memory" time="0.001" /><testcase classname="tests.test_interpreter_memory_dependencies" name="test_cross_program_writes_are_not_a_gpu_happens_before_proof" time="0.002" /><testcase classname="tests.test_interpreter_memory_dependencies" name="test_overlapping_pointer_write_lanes_remain_an_explicit_boundary" time="0.001" /><testcase classname="tests.test_interpreter_memory_dependencies" name="test_untraced_execution_does_not_allocate_memory_diagnostics" time="0.001" /><testcase classname="tests.test_interpreter_memory_dependencies" name="test_uninstrumented_handler_effects_do_not_claim_complete_memory_history" time="0.001" /><testcase classname="tests.test_interpreter_memory_dependencies" name="test_scalar_extract_records_only_the_selected_bytes[False]" time="0.001" /><testcase classname="tests.test_interpreter_memory_dependencies" name="test_scalar_extract_records_only_the_selected_bytes[True]" time="0.001" /><testcase classname="tests.test_interpreter_memory_dependencies" name="test_memory_dependency_bundle_replays_and_detects_a_changed_writer" time="0.299" /><testcase classname="tests.test_interpreter_memory_dependencies" name="test_unsigned_pointer_coordinates_ignore_inactive_huge_offsets" time="0.001" /><testcase classname="tests.test_interpreter_memory_dependencies" name="test_new_failure_bundles_require_their_diagnostic_fields[memory_dependencies]" time="0.238" /><testcase classname="tests.test_interpreter_memory_dependencies" name="test_new_failure_bundles_require_their_diagnostic_fields[projection]" time="0.230" /><testcase classname="tests.test_interpreter_memory_dependencies" name="test_new_failure_bundles_require_their_diagnostic_fields[diagnostics_version]" time="0.194" /><testcase classname="tests.test_interpreter_matmul_checkpoints" name="test_default_matmul_pass_locates_a_bad_term_or_partial_sum[float32-lhs-triton]" time="0.859" /><testcase classname="tests.test_interpreter_matmul_checkpoints" name="test_default_matmul_pass_locates_a_bad_term_or_partial_sum[float32-lhs-cuda]" time="0.900" /><testcase classname="tests.test_interpreter_matmul_checkpoints" name="test_default_matmul_pass_locates_a_bad_term_or_partial_sum[float32-rhs-triton]" time="0.842" /><testcase classname="tests.test_interpreter_matmul_checkpoints" name="test_default_matmul_pass_locates_a_bad_term_or_partial_sum[float32-rhs-cuda]" time="0.867" /><testcase classname="tests.test_interpreter_matmul_checkpoints" name="test_default_matmul_pass_locates_a_bad_term_or_partial_sum[float32-product-triton]" time="0.859" /><testcase classname="tests.test_interpreter_matmul_checkpoints" name="test_default_matmul_pass_locates_a_bad_term_or_partial_sum[float32-product-cuda]" time="0.841" /><testcase classname="tests.test_interpreter_matmul_checkpoints" name="test_default_matmul_pass_locates_a_bad_term_or_partial_sum[float32-accumulator-triton]" time="0.851" /><testcase classname="tests.test_interpreter_matmul_checkpoints" name="test_default_matmul_pass_locates_a_bad_term_or_partial_sum[float32-accumulator-cuda]" time="0.815" /><testcase classname="tests.test_interpreter_matmul_checkpoints" name="test_default_matmul_pass_locates_a_bad_term_or_partial_sum[float32-step-triton]" time="0.478" /><testcase classname="tests.test_interpreter_matmul_checkpoints" name="test_default_matmul_pass_locates_a_bad_term_or_partial_sum[float32-step-cuda]" time="0.435" /><testcase classname="tests.test_interpreter_matmul_checkpoints" name="test_default_matmul_pass_locates_a_bad_term_or_partial_sum[float32-none-triton]" time="0.363" /><testcase classname="tests.test_interpreter_matmul_checkpoints" name="test_default_matmul_pass_locates_a_bad_term_or_partial_sum[float32-none-cuda]" time="0.369" /><testcase classname="tests.test_interpreter_matmul_checkpoints" name="test_default_matmul_pass_locates_a_bad_term_or_partial_sum[int32-lhs-triton]" time="0.828" /><testcase classname="tests.test_interpreter_matmul_checkpoints" name="test_default_matmul_pass_locates_a_bad_term_or_partial_sum[int32-lhs-cuda]" time="0.816" /><testcase classname="tests.test_interpreter_matmul_checkpoints" name="test_default_matmul_pass_locates_a_bad_term_or_partial_sum[int32-rhs-triton]" time="0.861" /><testcase classname="tests.test_interpreter_matmul_checkpoints" name="test_default_matmul_pass_locates_a_bad_term_or_partial_sum[int32-rhs-cuda]" time="0.869" /><testcase classname="tests.test_interpreter_matmul_checkpoints" name="test_default_matmul_pass_locates_a_bad_term_or_partial_sum[int32-product-triton]" time="0.817" /><testcase classname="tests.test_interpreter_matmul_checkpoints" name="test_default_matmul_pass_locates_a_bad_term_or_partial_sum[int32-product-cuda]" time="0.841" /><testcase classname="tests.test_interpreter_matmul_checkpoints" name="test_default_matmul_pass_locates_a_bad_term_or_partial_sum[int32-accumulator-triton]" time="0.813" /><testcase classname="tests.test_interpreter_matmul_checkpoints" name="test_default_matmul_pass_locates_a_bad_term_or_partial_sum[int32-accumulator-cuda]" time="0.838" /><testcase classname="tests.test_interpreter_matmul_checkpoints" name="test_default_matmul_pass_locates_a_bad_term_or_partial_sum[int32-step-triton]" time="0.436" /><testcase classname="tests.test_interpreter_matmul_checkpoints" name="test_default_matmul_pass_locates_a_bad_term_or_partial_sum[int32-step-cuda]" time="0.440" /><testcase classname="tests.test_interpreter_matmul_checkpoints" name="test_default_matmul_pass_locates_a_bad_term_or_partial_sum[int32-none-triton]" time="0.379" /><testcase classname="tests.test_interpreter_matmul_checkpoints" name="test_default_matmul_pass_locates_a_bad_term_or_partial_sum[int32-none-cuda]" time="0.336" /><testcase classname="tests.test_interpreter_shared_storage" name="test_copy_inputs_preserves_alias_bytes_strides_and_write_permissions[overlap]" time="0.001" /><testcase classname="tests.test_interpreter_shared_storage" name="test_copy_inputs_preserves_alias_bytes_strides_and_write_permissions[reverse]" time="0.001" /><testcase classname="tests.test_interpreter_shared_storage" name="test_copy_inputs_preserves_alias_bytes_strides_and_write_permissions[transpose]" time="0.001" /><testcase classname="tests.test_interpreter_shared_storage" name="test_copy_inputs_preserves_alias_bytes_strides_and_write_permissions[mixed_bytes]" time="0.001" /><testcase classname="tests.test_interpreter_shared_storage" name="test_copy_inputs_preserves_alias_bytes_strides_and_write_permissions[zero_stride]" time="0.001" /><testcase classname="tests.test_interpreter_shared_storage" name="test_overlapping_views_roundtrip_and_execute_with_original_aliases" time="0.093" /><testcase classname="tests.test_interpreter_shared_storage" name="test_view_manifest_cannot_address_outside_numeric_storage[offset--1]" time="0.096" /><testcase classname="tests.test_interpreter_shared_storage" name="test_view_manifest_cannot_address_outside_numeric_storage[offset-99999]" time="0.086" /><testcase classname="tests.test_interpreter_shared_storage" name="test_view_manifest_cannot_address_outside_numeric_storage[strides-value2]" time="0.091" /><testcase classname="tests.test_interpreter_shared_storage" name="test_view_manifest_cannot_address_outside_numeric_storage[shape-value3]" time="0.095" /><testcase classname="tests.test_interpreter_shared_storage" name="test_view_manifest_cannot_address_outside_numeric_storage[dtype-object]" time="0.088" /><testcase classname="tests.test_interpreter_shared_storage" name="test_padding_not_named_by_any_input_is_zero_in_the_export" time="0.069" /><testcase classname="tests.test_interpreter_shared_storage" name="test_roundtrip_preserves_negative_strides_readonly_scalar_views_and_alias_identity" time="0.086" /><testcase classname="tests.test_interpreter_shared_storage" name="test_shared_byte_copy_keeps_non_native_endian_nan_payloads" time="0.001" /><testcase classname="tests.test_interpreter_shared_storage" name="test_shared_storage_failure_replays_its_actual_writer" time="0.216" /><testcase classname="tests.test_interpreter_trace_index" name="test_many_mappings_do_not_rescan_every_trace_for_every_producer[8]" time="0.002" /><testcase classname="tests.test_interpreter_trace_index" name="test_many_mappings_do_not_rescan_every_trace_for_every_producer[64]" time="0.008" /><testcase classname="tests.test_ssa_application_lowering.TestApplicationSSALowering" name="test_reference_attention_lowers_to_fine_grained_region_ssa" time="0.015" /><testcase classname="tests.test_ssa_application_lowering.TestApplicationSSALowering" name="test_reference_attention_loop_uses_block_args_for_carried_state" time="0.009" /><testcase classname="tests.test_ssa_application_lowering.TestApplicationSSALowering" name="test_namespace_calls_are_not_treated_as_tensor_methods" time="0.009" /><testcase classname="tests.test_ssa_first_backend_lowering.TestSSAFirstBackendLowering" name="test_cuda_injects_curand_support_only_for_rand_operations" time="0.022" /><testcase classname="tests.test_ssa_first_backend_lowering.TestSSAFirstBackendLowering" name="test_public_lower_generates_fused_expression_without_kernel_template" time="0.065" /><testcase classname="tests.test_ssa_first_backend_lowering.TestSSAFirstBackendLowering" name="test_public_lower_uses_ssa_by_default_for_linear_backends" time="0.037" /><testcase classname="tests.test_ssa_first_backend_lowering.TestSSAFirstBackendLowering" name="test_public_lower_uses_arrangement_view_shapes_for_ssa_backends" time="0.037" /><testcase classname="tests.test_ssa_first_backend_lowering.TestSSAFirstBackendLowering" name="test_public_lower_preserves_arrangement_view_offsets_for_ssa_backends" time="0.039" /><testcase classname="tests.test_ssa_first_backend_lowering.TestSSAFirstBackendLowering" name="test_cuda_lower_materializes_long_view_index_expressions" time="0.035" /><testcase classname="tests.test_ssa_first_backend_lowering.TestSSAFirstBackendLowering" name="test_public_triton_lower_uses_unified_backend_for_structured_shapes" time="0.232" /><testcase classname="tests.test_ssa_first_backend_lowering.TestSSAFirstBackendLowering" name="test_tilelang_schedule_candidate_is_materialized_in_source_and_launch" time="0.243" /><testcase classname="tests.test_ssa_first_backend_lowering.TestSSAFirstBackendLowering" name="test_public_triton_lower_raises_when_ssa_is_unavailable" time="0.005" /><testcase classname="tests.test_ssa_first_backend_lowering.TestSSAFirstBackendLowering" name="test_from_source_generates_tensor_construction_and_view_ops" time="0.030" /><testcase classname="tests.test_ssa_first_backend_lowering.TestSSAFirstBackendLowering" name="test_from_source_generates_shape_dim_for_native_backends" time="0.007" /><testcase classname="tests.test_ssa_first_backend_lowering.TestSSAFirstBackendLowering" name="test_from_source_generates_tensor_stride_for_native_backends" time="0.010" /><testcase classname="tests.test_ssa_first_backend_lowering.TestSSAFirstBackendLowering" name="test_canonical_elementwise_math_opcodes_emit_for_all_backends" time="0.043" /><testcase classname="tests.test_ssa_first_backend_lowering.TestSSAFirstBackendLowering" name="test_from_source_generates_python_expression_syntax_for_native_backends" time="0.014" /><testcase classname="tests.test_ssa_first_backend_lowering.TestSSAFirstBackendLowering" name="test_from_source_generates_bitwise_shifts_for_native_backends" time="0.013" /><testcase classname="tests.test_ssa_first_backend_lowering.TestSSAFirstBackendLowering" name="test_from_source_preserves_subscript_store_indices_for_native_backends" time="0.016" /><testcase classname="tests.test_ssa_first_backend_lowering.TestSSAFirstBackendLowering" name="test_from_source_expands_subscript_augassign_for_native_backends" time="0.010" /><testcase classname="tests.test_ssa_first_backend_lowering.TestSSAFirstBackendLowering" name="test_from_source_linearizes_multidimensional_extract_by_source_shape" time="0.011" /><testcase classname="tests.test_ssa_first_backend_lowering.TestSSAFirstBackendLowering" name="test_public_lower_generates_ssa_reduction_for_native_backends" time="0.046" /><testcase classname="tests.test_ssa_first_backend_lowering.TestSSAFirstBackendLowering" name="test_public_lower_inlines_user_helper_calls_before_ssa_lowering" time="0.091" /><testcase classname="tests.test_ssa_first_backend_lowering.TestSSAFirstBackendLowering" name="test_constructor_resolves_tensor_dtype_for_loop_carried_values" time="0.232" /><testcase classname="tests.test_ssa_first_backend_lowering.TestSSAFirstBackendLowering" name="test_constructor_canonicalizes_aliased_and_chained_tensor_dtype" time="0.006" /><testcase classname="tests.test_ssa_first_backend_lowering.TestSSAFirstBackendLowering" name="test_constructor_uses_static_dtype_for_scalar_dtype_source" time="0.005" /><testcase classname="tests.test_ssa_first_backend_lowering.TestSSAFirstBackendLowering" name="test_constructor_does_not_propagate_dtype_ref_through_promotion" time="0.006" /><testcase classname="tests.test_ssa_first_backend_lowering.TestSSAFirstBackendLowering" name="test_constructor_propagates_dtype_ref_into_nested_region" time="0.008" /><testcase classname="tests.test_ssa_first_backend_lowering.TestSSAFirstBackendLowering" name="test_scalar_tensor_extract_load_drops_vector_mask" time="0.087" /><testcase classname="tests.test_ssa_first_backend_lowering.TestSSAFirstBackendLowering" name="test_scalar_source_load_drops_vector_mask" time="0.003" /><testcase classname="tests.test_ssa_first_backend_lowering.TestSSAFirstBackendLowering" name="test_scalar_index_name_drops_vector_mask" time="0.003" /><testcase classname="tests.test_ssa_first_backend_lowering.TestSSAFirstBackendLowering" name="test_scalarized_vector_index_drops_vector_mask" time="0.004" /><testcase classname="tests.test_ssa_first_backend_lowering.TestSSAFirstBackendLowering" name="test_from_source_generates_axis_reduction_for_native_backends" time="0.011" /><testcase classname="tests.test_ssa_first_backend_lowering.TestSSAFirstBackendLowering" name="test_from_source_generates_rowwise_reduction_for_native_backends" time="0.009" /><testcase classname="tests.test_ssa_first_backend_lowering.TestSSAFirstBackendLowering" name="test_transpose_aliases_share_one_backend_emission_contract" time="0.098" /><testcase classname="tests.test_ssa_first_backend_lowering.TestSSAFirstBackendLowering" name="test_from_source_emits_store_inside_scf_for_without_operator_dispatch" time="0.014" /><testcase classname="tests.test_ssa_first_backend_lowering.TestSSAFirstBackendLowering" name="test_from_source_preserves_else_store_region_for_side_effect_if" time="0.014" /><testcase classname="tests.test_ssa_first_backend_lowering.TestSSAFirstBackendLowering" name="test_from_source_emits_multi_result_scf_if_once" time="0.016" /><testcase classname="tests.test_ssa_first_backend_lowering.TestSSAFirstBackendLowering" name="test_public_lower_generates_loop_and_if_control_flow_for_all_backends" time="0.054" /><testcase classname="tests.test_ssa_pass_pipeline.TestPipeline" name="test_pipeline_attaches_target_schedule_without_coarse_nodes" time="0.002" /><testcase classname="tests.test_ssa_pass_pipeline.TestPipeline" name="test_schedule_sees_linalg_before_decomposition" time="0.002" /><testcase classname="tests.test_ssa_pass_pipeline.TestPipeline" name="test_pass_registry_classifies_and_registers_backend_contracts" time="0.000" /><testcase classname="tests.test_ssa_pass_pipeline.TestPipeline" name="test_custom_pipeline_can_disable_backend_optimization_pass" time="0.001" /><testcase classname="tests.test_ssa_pass_pipeline.TestPipeline" name="test_default_pipeline_records_selected_passes" time="0.001" /><testcase classname="tests.test_ssa_pass_pipeline.TestPipeline" name="test_blocked_linalg_exposes_backend_schedule_candidates" time="0.004" /><testcase classname="tests.test_ssa_pass_pipeline.TestPipeline" name="test_schedule_candidate_can_be_selected_by_pass_option" time="0.002" /><testcase classname="tests.test_ssa_program_domain_regressions" name="test_flattened_debug_output_preserves_each_source_tile" time="0.065" /><testcase classname="tests.test_ssa_program_domain_regressions" name="test_expanded_dense_input_does_not_introduce_unbound_jagged_extent[1-3]" time="0.091" /><testcase classname="tests.test_ssa_program_domain_regressions" name="test_expanded_dense_input_does_not_introduce_unbound_jagged_extent[1-4]" time="0.223" /><testcase classname="tests.test_ssa_program_domain_regressions" name="test_expanded_dense_input_does_not_introduce_unbound_jagged_extent[2-3]" time="0.087" /><testcase classname="tests.test_ssa_program_domain_regressions" name="test_expanded_dense_input_does_not_introduce_unbound_jagged_extent[2-4]" time="0.174" /><testcase classname="tests.test_ssa_program_domain_regressions" name="test_cuda_signed_division_source_matches_python_integer_semantics" time="0.846" /><testcase classname="tests.test_ssa_validation" name="test_verifier_rejects_undefined_operand" time="0.001" /><testcase classname="tests.test_ssa_validation" name="test_verifier_rejects_duplicate_result_definition" time="0.001" /><testcase classname="tests.test_ssa_validation" name="test_unknown_python_helper_fails_closed_with_source_location" time="0.001" /><testcase classname="tests.test_ssa_validation" name="test_strict_frontend_rejects_invalid_reduction_axis" time="0.001" /><testcase classname="tests.test_ssa_validation" name="test_static_broadcast_mismatch_fails_closed" time="0.001" /><testcase classname="tests.test_ssa_validation" name="test_cast_updates_ssa_result_dtype" time="0.001" /><testcase classname="tests.test_ssa_validation" name="test_batched_matmul_type_preserves_broadcast_batch_domain" time="0.001" /><testcase classname="tests.test_ir_immutability" name="test_ssa_mappings_and_nested_sequences_are_immutable" time="0.001" /><testcase classname="tests.test_ir_immutability" name="test_kernel_mappings_are_immutable_and_pickle_safe" time="0.001" /><testcase classname="tests.test_kernel_ir.TestKernel" name="test_tensor_spec_can_be_extracted_from_tensor_like_object" time="0.002" /><testcase classname="tests.test_kernel_ir.TestKernel" name="test_public_ir_dataclass_constructors_are_keyword_only" time="0.001" /><testcase classname="tests.test_kernel_ir.TestKernel" name="test_ir_dataclasses_reject_positional_construction" time="0.000" /><testcase classname="tests.test_kernel_ir.TestKernel" name="test_tensor_spec_name_controls_binding_not_source_name" time="0.001" /><testcase classname="tests.test_kernel_ir.TestKernel" name="test_kernel_metadata_is_immutably_extended" time="0.000" /><testcase classname="tests.test_kernel_ir.TestKernel" name="test_kernel_metadata_extension_preserves_ssa" time="0.000" /><testcase classname="tests.test_kernel_ir.TestKernel" name="test_ssa_text_render_is_readable" time="0.000" /><testcase classname="tests.test_kernel_ir.TestKernel" name="test_ir_to_dict_is_json_serializable" time="0.000" /><testcase classname="tests.test_kernel_ir.TestKernel" name="test_kernel_name_controls_generated_artifact_names_and_entrypoint" time="0.002" /></testsuite></testsuites>