================================================================================ test session starts =================================================================================
platform linux -- Python 3.12.3, pytest-8.1.1, pluggy-1.5.0
rootdir: /data/gpu-validation/sources/nine
configfile: pyproject.toml
created: 2/2 workers
2 workers [902 items]

.............................................................................................................................................................................. [ 19%]
..................................................................................s........................................................................................... [ 38%]
.............................................................................................................................................................................. [ 57%]
.............................................................................................................................................................................. [ 77%]
.............................................................................................................................................................................. [ 96%]
..........s...................
--------------------------------------------------- generated xml file: /data/gpu-validation/results/nine-parallel/full-pytest.xml ---------------------------------------------------
!!!!!!!!!!!!!!!!!!!!!!!!!!!!!!!!!!!!!!!!!!!!!!!!!!!!!!!!!!!!!!!!!!!!!!!!!!!!!!!!! KeyboardInterrupt !!!!!!!!!!!!!!!!!!!!!!!!!!!!!!!!!!!!!!!!!!!!!!!!!!!!!!!!!!!!!!!!!!!!!!!!!!!!!!!!!!
/usr/lib/python3.12/threading.py:359: KeyboardInterrupt
(to show a full traceback on KeyboardInterrupt use --full-trace)
==================================================================== 898 passed, 2 skipped in 2597.93s (0:43:17) =====================================================================
