<?xml version="1.0" encoding="utf-8"?><testsuites><testsuite name="pytest" errors="0" failures="0" skipped="0" tests="77" time="19.658" timestamp="2026-09-06T02:27:06.463163" hostname="ubuntu22"><testcase classname="tests.test_generation" name="test_auto_tuning_generation[block_size_m0-block_size_n0-block_size_k0-None-None-cuda]" time="0.539" /><testcase classname="tests.test_generation" name="test_auto_tuning_generation[block_size_m0-block_size_n0-block_size_k0-None-3-cuda]" time="0.480" /><testcase classname="tests.test_generation" name="test_auto_tuning_generation[block_size_m0-block_size_n0-block_size_k0-None-num_stages2-cuda]" time="0.659" /><testcase classname="tests.test_generation" name="test_auto_tuning_generation[block_size_m0-block_size_n0-block_size_k0-4-None-cuda]" time="0.408" /><testcase classname="tests.test_generation" name="test_auto_tuning_generation[block_size_m0-block_size_n0-block_size_k0-4-3-cuda]" time="0.413" /><testcase classname="tests.test_generation" name="test_auto_tuning_generation[block_size_m0-block_size_n0-block_size_k0-4-num_stages2-cuda]" time="0.653" /><testcase classname="tests.test_generation" name="test_auto_tuning_generation[block_size_m0-block_size_n0-block_size_k0-num_warps2-None-cuda]" time="0.651" /><testcase classname="tests.test_generation" name="test_auto_tuning_generation[block_size_m0-block_size_n0-block_size_k0-num_warps2-3-cuda]" time="0.573" /><testcase classname="tests.test_generation" name="test_auto_tuning_generation[block_size_m0-block_size_n0-block_size_k0-num_warps2-num_stages2-cuda]" time="1.022" /><testcase classname="tests.test_generation" name="test_auto_tuning_generation[block_size_m0-block_size_n0-64-None-None-cuda]" time="0.206" /><testcase classname="tests.test_generation" name="test_auto_tuning_generation[block_size_m0-block_size_n0-64-None-3-cuda]" time="0.196" /><testcase classname="tests.test_generation" name="test_auto_tuning_generation[block_size_m0-block_size_n0-64-None-num_stages2-cuda]" time="0.238" /><testcase classname="tests.test_generation" name="test_auto_tuning_generation[block_size_m0-block_size_n0-64-4-None-cuda]" time="0.193" /><testcase classname="tests.test_generation" name="test_auto_tuning_generation[block_size_m0-block_size_n0-64-4-3-cuda]" time="0.187" /><testcase classname="tests.test_generation" name="test_auto_tuning_generation[block_size_m0-block_size_n0-64-4-num_stages2-cuda]" time="0.319" /><testcase classname="tests.test_generation" name="test_auto_tuning_generation[block_size_m0-block_size_n0-64-num_warps2-None-cuda]" time="0.237" /><testcase classname="tests.test_generation" name="test_auto_tuning_generation[block_size_m0-block_size_n0-64-num_warps2-3-cuda]" time="0.237" /><testcase classname="tests.test_generation" name="test_auto_tuning_generation[block_size_m0-block_size_n0-64-num_warps2-num_stages2-cuda]" time="0.375" /><testcase classname="tests.test_generation" name="test_auto_tuning_generation[block_size_m0-64-block_size_k0-None-None-cuda]" time="0.197" /><testcase classname="tests.test_generation" name="test_auto_tuning_generation[block_size_m0-64-block_size_k0-None-3-cuda]" time="0.192" /><testcase classname="tests.test_generation" name="test_auto_tuning_generation[block_size_m0-64-block_size_k0-None-num_stages2-cuda]" time="0.254" /><testcase classname="tests.test_generation" name="test_auto_tuning_generation[block_size_m0-64-block_size_k0-4-None-cuda]" time="0.250" /><testcase classname="tests.test_generation" name="test_auto_tuning_generation[block_size_m0-64-block_size_k0-4-3-cuda]" time="0.193" /><testcase classname="tests.test_generation" name="test_auto_tuning_generation[block_size_m0-64-block_size_k0-4-num_stages2-cuda]" time="0.233" /><testcase classname="tests.test_generation" name="test_auto_tuning_generation[block_size_m0-64-block_size_k0-num_warps2-None-cuda]" time="0.243" /><testcase classname="tests.test_generation" name="test_auto_tuning_generation[block_size_m0-64-block_size_k0-num_warps2-3-cuda]" time="0.289" /><testcase classname="tests.test_generation" name="test_auto_tuning_generation[block_size_m0-64-block_size_k0-num_warps2-num_stages2-cuda]" time="0.367" /><testcase classname="tests.test_generation" name="test_auto_tuning_generation[block_size_m0-64-64-None-None-cuda]" time="0.132" /><testcase classname="tests.test_generation" name="test_auto_tuning_generation[block_size_m0-64-64-None-3-cuda]" time="0.132" /><testcase classname="tests.test_generation" name="test_auto_tuning_generation[block_size_m0-64-64-None-num_stages2-cuda]" time="0.203" /><testcase classname="tests.test_generation" name="test_auto_tuning_generation[block_size_m0-64-64-4-None-cuda]" time="0.136" /><testcase classname="tests.test_generation" name="test_auto_tuning_generation[block_size_m0-64-64-4-3-cuda]" time="0.132" /><testcase classname="tests.test_generation" name="test_auto_tuning_generation[block_size_m0-64-64-4-num_stages2-cuda]" time="0.143" /><testcase classname="tests.test_generation" name="test_auto_tuning_generation[block_size_m0-64-64-num_warps2-None-cuda]" time="0.138" /><testcase classname="tests.test_generation" name="test_auto_tuning_generation[block_size_m0-64-64-num_warps2-3-cuda]" time="0.186" /><testcase classname="tests.test_generation" name="test_auto_tuning_generation[block_size_m0-64-64-num_warps2-num_stages2-cuda]" time="0.161" /><testcase classname="tests.test_generation" name="test_auto_tuning_generation[64-block_size_n0-block_size_k0-None-None-cuda]" time="0.188" /><testcase classname="tests.test_generation" name="test_auto_tuning_generation[64-block_size_n0-block_size_k0-None-3-cuda]" time="0.188" /><testcase classname="tests.test_generation" name="test_auto_tuning_generation[64-block_size_n0-block_size_k0-None-num_stages2-cuda]" time="0.294" /><testcase classname="tests.test_generation" name="test_auto_tuning_generation[64-block_size_n0-block_size_k0-4-None-cuda]" time="0.185" /><testcase classname="tests.test_generation" name="test_auto_tuning_generation[64-block_size_n0-block_size_k0-4-3-cuda]" time="0.187" /><testcase classname="tests.test_generation" name="test_auto_tuning_generation[64-block_size_n0-block_size_k0-4-num_stages2-cuda]" time="0.230" /><testcase classname="tests.test_generation" name="test_auto_tuning_generation[64-block_size_n0-block_size_k0-num_warps2-None-cuda]" time="0.286" /><testcase classname="tests.test_generation" name="test_auto_tuning_generation[64-block_size_n0-block_size_k0-num_warps2-3-cuda]" time="0.235" /><testcase classname="tests.test_generation" name="test_auto_tuning_generation[64-block_size_n0-block_size_k0-num_warps2-num_stages2-cuda]" time="0.318" /><testcase classname="tests.test_generation" name="test_auto_tuning_generation[64-block_size_n0-64-None-None-cuda]" time="0.132" /><testcase classname="tests.test_generation" name="test_auto_tuning_generation[64-block_size_n0-64-None-3-cuda]" time="0.217" /><testcase classname="tests.test_generation" name="test_auto_tuning_generation[64-block_size_n0-64-None-num_stages2-cuda]" time="0.142" /><testcase classname="tests.test_generation" name="test_auto_tuning_generation[64-block_size_n0-64-4-None-cuda]" time="0.129" /><testcase classname="tests.test_generation" name="test_auto_tuning_generation[64-block_size_n0-64-4-3-cuda]" time="0.160" /><testcase classname="tests.test_generation" name="test_auto_tuning_generation[64-block_size_n0-64-4-num_stages2-cuda]" time="0.188" /><testcase classname="tests.test_generation" name="test_auto_tuning_generation[64-block_size_n0-64-num_warps2-None-cuda]" time="0.143" /><testcase classname="tests.test_generation" name="test_auto_tuning_generation[64-block_size_n0-64-num_warps2-3-cuda]" time="0.145" /><testcase classname="tests.test_generation" name="test_auto_tuning_generation[64-block_size_n0-64-num_warps2-num_stages2-cuda]" time="0.166" /><testcase classname="tests.test_generation" name="test_auto_tuning_generation[64-64-block_size_k0-None-None-cuda]" time="0.124" /><testcase classname="tests.test_generation" name="test_auto_tuning_generation[64-64-block_size_k0-None-3-cuda]" time="0.179" /><testcase classname="tests.test_generation" name="test_auto_tuning_generation[64-64-block_size_k0-None-num_stages2-cuda]" time="0.135" /><testcase classname="tests.test_generation" name="test_auto_tuning_generation[64-64-block_size_k0-4-None-cuda]" time="0.125" /><testcase classname="tests.test_generation" name="test_auto_tuning_generation[64-64-block_size_k0-4-3-cuda]" time="0.128" /><testcase classname="tests.test_generation" name="test_auto_tuning_generation[64-64-block_size_k0-4-num_stages2-cuda]" time="0.139" /><testcase classname="tests.test_generation" name="test_auto_tuning_generation[64-64-block_size_k0-num_warps2-None-cuda]" time="0.186" /><testcase classname="tests.test_generation" name="test_auto_tuning_generation[64-64-block_size_k0-num_warps2-3-cuda]" time="0.137" /><testcase classname="tests.test_generation" name="test_auto_tuning_generation[64-64-block_size_k0-num_warps2-num_stages2-cuda]" time="0.163" /><testcase classname="tests.test_generation" name="test_auto_tuning_generation[64-64-64-None-None-cuda]" time="0.109" /><testcase classname="tests.test_generation" name="test_auto_tuning_generation[64-64-64-None-3-cuda]" time="0.109" /><testcase classname="tests.test_generation" name="test_auto_tuning_generation[64-64-64-None-num_stages2-cuda]" time="0.170" /><testcase classname="tests.test_generation" name="test_auto_tuning_generation[64-64-64-4-None-cuda]" time="0.108" /><testcase classname="tests.test_generation" name="test_auto_tuning_generation[64-64-64-4-3-cuda]" time="0.107" /><testcase classname="tests.test_generation" name="test_auto_tuning_generation[64-64-64-4-num_stages2-cuda]" time="0.110" /><testcase classname="tests.test_generation" name="test_auto_tuning_generation[64-64-64-num_warps2-None-cuda]" time="0.111" /><testcase classname="tests.test_generation" name="test_auto_tuning_generation[64-64-64-num_warps2-3-cuda]" time="0.111" /><testcase classname="tests.test_generation" name="test_auto_tuning_generation[64-64-64-num_warps2-num_stages2-cuda]" time="0.170" /><testcase classname="tests.test_generation" name="test_arrangement_returning_a_single_tensor[cuda]" time="0.035" /><testcase classname="tests.test_generation" name="test_squeezing_the_innermost_level[1024-128-10-cuda]" time="0.875" /><testcase classname="tests.test_generation" name="test_unsqueezing_the_outermost_level[cuda]" time="0.042" /><testcase classname="tests.test_generation" name="test_non_int_constexpr[1086-cuda]" time="0.640" /><testcase classname="tests.test_generation" name="test_loop_carried_row_sum_with_tensor_dtype[cuda]" time="0.553" /></testsuite></testsuites>