<?xml version="1.0" encoding="utf-8"?><testsuites><testsuite name="pytest" errors="0" failures="0" skipped="2" tests="684" time="467.199" timestamp="2026-09-08T10:59:23.167650" hostname="ubuntu22"><testcase classname="tests.test_add" name="test[98432-dtype0-cuda]" time="0.995" /><testcase classname="tests.test_addmm" name="test[512-512-512-dtype0-0.075-cuda]" time="3.163" /><testcase classname="tests.test_addmm" name="test[512-512-512-dtype1-0.125-cuda]" time="2.945" /><testcase classname="tests.test_aot" name="test_add[False-45327-dtype0-bf16-cuda]" time="0.128" /><testcase classname="tests.test_aot" name="test_add[True-45327-dtype0-bf16-cuda]" time="0.125"><skipped type="pytest.skip" message="multi-device testing requires at least 2 devices">/home/vipuser/infinitensor-2026/ninetoothed-final-20260908/tests/test_aot.py:52: multi-device testing requires at least 2 devices</skipped></testcase><testcase classname="tests.test_aot" name="test_addmm[512-512-512-dtype0-fp16-0.075-cuda]" time="1.134" /><testcase classname="tests.test_aot" name="test_attention[2-4-1024-64-dtype0-fp16-0.01-0.01-cuda]" time="4.032" /><testcase classname="tests.test_aot" name="test_matmul[512-512-512-dtype0-fp16-cuda]" time="0.917" /><testcase classname="tests.test_aot" name="test_conv2d[False-4-64-16-16-512-3-3-dtype0-fp16-0.001-0.001-cuda-False]" time="5.129" /><testcase classname="tests.test_aot" name="test_conv2d[False-4-64-16-16-512-3-3-dtype0-fp16-0.001-0.001-cuda-True]" time="1.325" /><testcase classname="tests.test_aot" name="test_conv2d[True-4-64-16-16-512-3-3-dtype0-fp16-0.001-0.001-cuda-False]" time="10.000" /><testcase classname="tests.test_aot" name="test_conv2d[True-4-64-16-16-512-3-3-dtype0-fp16-0.001-0.001-cuda-True]" time="2.625" /><testcase classname="tests.test_aot" name="test_fp32_scalar[cuda]" time="0.094" /><testcase classname="tests.test_aot" name="test_aot_with_static_non_power_of_two_innermost_sizes[cuda]" time="0.089" /><testcase classname="tests.test_aot" name="test_overflow_terms" time="0.001" /><testcase classname="tests.test_aot_auto_tuning" name="test_auto_tuning[20260128-dtype0-fp32-1e-05-1e-05-cuda]" time="0.921" /><testcase classname="tests.test_aot_auto_tuning" name="test_auto_tuning[20260128-dtype1-fp16-0.001-0.001-cuda]" time="0.858" /><testcase classname="tests.test_aot_auto_tuning" name="test_auto_tuning[1127-dtype0-fp32-1e-05-1e-05-cuda]" time="0.845" /><testcase classname="tests.test_aot_auto_tuning" name="test_auto_tuning[1127-dtype1-fp16-0.001-0.001-cuda]" time="0.834" /><testcase classname="tests.test_attention" name="test[2-4-1024-64-dtype0-0.025-0.025-cuda-False]" time="16.753" /><testcase classname="tests.test_attention" name="test[2-4-1024-64-dtype0-0.025-0.025-cuda-True]" time="16.752" /><testcase classname="tests.test_attention" name="test[2-4-1024-64-dtype1-0.01-0.01-cuda-False]" time="16.679" /><testcase classname="tests.test_attention" name="test[2-4-1024-64-dtype1-0.01-0.01-cuda-True]" time="16.732" /><testcase classname="tests.test_attention" name="test[2-4-1-64-dtype0-0.025-0.025-cuda-False]" time="16.754" /><testcase classname="tests.test_attention" name="test[2-4-1-64-dtype0-0.025-0.025-cuda-True]" time="16.663" /><testcase classname="tests.test_attention" name="test[2-4-1-64-dtype1-0.01-0.01-cuda-False]" time="16.748" /><testcase classname="tests.test_attention" name="test[2-4-1-64-dtype1-0.01-0.01-cuda-True]" time="16.750" /><testcase classname="tests.test_auto_tuner" name="test_auto_tuner[args0-kwargs0-cuda]" time="0.024" /><testcase classname="tests.test_auto_tuner" name="test_auto_tuner[args0-kwargs1-cuda]" time="0.028" /><testcase classname="tests.test_auto_tuner" name="test_auto_tuner[args1-kwargs0-cuda]" time="0.031" /><testcase classname="tests.test_auto_tuner" name="test_auto_tuner[args1-kwargs1-cuda]" time="0.041" /><testcase classname="tests.test_auto_tuner" name="test_auto_tuner_reports_every_failed_candidate[cuda]" time="0.018" /><testcase classname="tests.test_backend_registry.TestRegistry" name="test_backend_names_are_normalized_without_aliases" time="0.003" /><testcase classname="tests.test_backend_registry.TestRegistry" name="test_backend_options_are_validated_and_normalized_by_target" time="0.004" /><testcase classname="tests.test_backend_registry.TestRegistry" name="test_cuda_arch_is_materialized_in_nvcc_command" time="0.001" /><testcase classname="tests.test_backend_registry.TestRegistry" name="test_default_registry_reports_three_backends" time="0.001" /><testcase classname="tests.test_backend_registry.TestRegistry" name="test_backends_reject_source_only_kernel_without_ssa" time="0.002" /><testcase classname="tests.test_backend_registry.TestRegistry" name="test_backends_emit_ssa_elementwise_add" time="0.045" /><testcase classname="tests.test_backend_registry.TestRegistry" name="test_cuda_backend_includes_fp16_header_for_half_artifacts" time="0.015" /><testcase classname="tests.test_backend_registry.TestRegistry" name="test_linalg_matmul_is_decomposed_before_backend_emission" time="0.068" /><testcase classname="tests.test_backend_registry.TestRegistry" name="test_cuda_exposes_only_materialized_wmma_schedule" time="0.021" /><testcase classname="tests.test_backend_registry.TestRegistry" name="test_cuda_constraints_fall_back_to_generic_dot" time="0.024" /><testcase classname="tests.test_backend_registry.TestRegistry" name="test_optimization_metadata_contains_only_materialized_choices" time="0.053" /><testcase classname="tests.test_backend_registry.TestRegistry" name="test_generic_cuda_launch_matches_emitted_thread_count" time="0.015" /><testcase classname="tests.test_backend_registry.TestRegistry" name="test_artifact_can_write_all_sources" time="0.018" /><testcase classname="tests.test_backend_registry.TestRegistry" name="test_manifest_and_in_memory_metadata_share_one_builder" time="0.016" /><testcase classname="tests.test_built_artifact_reload" name="test_aot_built_artifact_can_be_reloaded[triton-cuda]" time="2.203" /><testcase classname="tests.test_built_artifact_reload" name="test_aot_built_artifact_can_be_reloaded[cuda-cuda]" time="1.867" /><testcase classname="tests.test_built_artifact_reload" name="test_aot_built_artifact_can_be_reloaded[tilelang-cuda]" time="3.509" /><testcase classname="tests.test_built_artifact_reload" name="test_triton_aot_handle_is_reusable_across_cuda_contexts" time="0.002"><skipped type="pytest.skip" message="Triton multi-context testing requires at least 2 CUDA devices">/home/vipuser/infinitensor-2026/ninetoothed-final-20260908/tests/test_built_artifact_reload.py:74: Triton multi-context testing requires at least 2 CUDA devices</skipped></testcase><testcase classname="tests.test_built_artifact_reload" name="test_cuda_empty_tensor_is_a_no_op[jit-cuda]" time="0.109" /><testcase classname="tests.test_built_artifact_reload" name="test_cuda_empty_tensor_is_a_no_op[aot-cuda]" time="0.129" /><testcase classname="tests.test_clone" name="test_clone[0-641-700-280-300-cuda]" time="1.329" /><testcase classname="tests.test_clone" name="test_clone[1-641-700-280-300-cuda]" time="0.722" /><testcase classname="tests.test_clone" name="test_clone[2-641-700-280-300-cuda]" time="0.532" /><testcase classname="tests.test_clone" name="test_clone[3-641-700-280-300-cuda]" time="0.745" /><testcase classname="tests.test_compiler_cache_runtime" name="test_runtime_binding_rejects_unknown_duplicate_and_missing_arguments" time="0.004" /><testcase classname="tests.test_compiler_cache_runtime" name="test_runtime_binding_validates_tensor_contract[value0-rank 1; expected 2]" time="0.002" /><testcase classname="tests.test_compiler_cache_runtime" name="test_runtime_binding_validates_tensor_contract[value1-dtype float16; expected float32]" time="0.002" /><testcase classname="tests.test_compiler_cache_runtime" name="test_runtime_binding_validates_tensor_contract[value2-must be on a CUDA device]" time="0.002" /><testcase classname="tests.test_compiler_cache_runtime" name="test_runtime_binding_validates_static_dimensions_of_dynamic_shape" time="0.002" /><testcase classname="tests.test_compiler_cache_runtime" name="test_runtime_wrappers_skip_empty_launches" time="0.001" /><testcase classname="tests.test_compiler_cache_runtime" name="test_content_digest_is_stable_for_a_b_a_sources" time="0.001" /><testcase classname="tests.test_compiler_cache_runtime" name="test_native_gpu_capability_is_part_of_compilation_cache_key[cuda]" time="0.005" /><testcase classname="tests.test_compiler_cache_runtime" name="test_native_gpu_capability_is_part_of_compilation_cache_key[tilelang]" time="0.004" /><testcase classname="tests.test_compiler_cache_runtime" name="test_native_gpu_capability_is_part_of_compilation_cache_key[triton]" time="0.004" /><testcase classname="tests.test_compiler_cache_runtime" name="test_explicit_cuda_arch_does_not_query_runtime_device" time="0.003" /><testcase classname="tests.test_compiler_cache_runtime" name="test_concurrent_source_writes_are_atomic" time="0.011" /><testcase classname="tests.test_compiler_entrypoints" name="test_public_entrypoints_remain_conservative" time="0.002" /><testcase classname="tests.test_compiler_entrypoints" name="test_legacy_entrypoint_modules_remain_importable" time="0.001" /><testcase classname="tests.test_compiler_entrypoints" name="test_jit_implementation_class_is_not_public" time="0.001" /><testcase classname="tests.test_compiler_entrypoints" name="test_jit_function_and_decorator_use_the_default_compiler" time="0.001" /><testcase classname="tests.test_compiler_entrypoints" name="test_pure_lowering_does_not_query_runtime_cuda_architecture" time="0.092" /><testcase classname="tests.test_compiler_entrypoints" name="test_make_preserves_legacy_caller_materialization_mode" time="0.002" /><testcase classname="tests.test_compiler_entrypoints" name="test_triton_launch_plan_enumerates_symbolic_meta_parameters" time="0.099" /><testcase classname="tests.test_compiler_entrypoints" name="test_package_import_does_not_create_compiler_cache" time="0.370" /><testcase classname="tests.test_compiler_entrypoints" name="test_triton_launch_plan_contains_limited_runtime_variants" time="0.091" /><testcase classname="tests.test_compiler_entrypoints" name="test_non_triton_backends_reject_unsupported_auto_tuning[options0-cuda]" time="0.013" /><testcase classname="tests.test_compiler_entrypoints" name="test_non_triton_backends_reject_unsupported_auto_tuning[options0-tilelang]" time="0.012" /><testcase classname="tests.test_compiler_entrypoints" name="test_non_triton_backends_reject_unsupported_auto_tuning[options1-cuda]" time="0.012" /><testcase classname="tests.test_compiler_entrypoints" name="test_non_triton_backends_reject_unsupported_auto_tuning[options1-tilelang]" time="0.013" /><testcase classname="tests.test_compiler_entrypoints" name="test_non_triton_backends_reject_unsupported_auto_tuning[options2-cuda]" time="0.012" /><testcase classname="tests.test_compiler_entrypoints" name="test_non_triton_backends_reject_unsupported_auto_tuning[options2-tilelang]" time="0.012" /><testcase classname="tests.test_conv2d" name="test[4-64-16-16-512-3-3-0-dtype0-0.001-0.001-cuda]" time="8.588" /><testcase classname="tests.test_conv2d" name="test[4-64-16-16-512-3-3-padding1-dtype0-0.001-0.001-cuda]" time="8.731" /><testcase classname="tests.test_conv2d" name="test[4-64-16-16-512-3-3-padding2-dtype0-0.001-0.001-cuda]" time="8.670" /><testcase classname="tests.test_conv2d" name="test[4-64-16-16-512-3-3-padding3-dtype0-0.001-0.001-cuda]" time="8.366" /><testcase classname="tests.test_cuda_reduction_schedule" name="test_cuda_cooperative_reduction_schedule_and_source" time="0.946" /><testcase classname="tests.test_cuda_reduction_schedule" name="test_cuda_cooperative_reduction_runtime" time="1.338" /><testcase classname="tests.test_cuda_reduction_schedule" name="test_cuda_cooperative_reduction_aot_reload" time="0.090" /><testcase classname="tests.test_data_ptr" name="test_data_ptr[64180-cuda]" time="0.119" /><testcase classname="tests.test_debugging" name="test_addmm[cuda]" time="8.488" /><testcase classname="tests.test_dropout" name="test[349-dtype0-cuda]" time="0.168" /><testcase classname="tests.test_emitter_boundaries" name="test_shared_ssa_emitter_uses_capabilities_instead_of_backend_flags" time="0.002" /><testcase classname="tests.test_emitter_boundaries" name="test_backend_strategies_only_use_public_shared_emitter_hooks" time="0.001" /><testcase classname="tests.test_eval" name="test_eval[False-False-None]" time="0.155" /><testcase classname="tests.test_eval" name="test_eval[False-False-shape_options1]" time="0.157" /><testcase classname="tests.test_eval" name="test_eval[False-True-None]" time="0.130" /><testcase classname="tests.test_eval" name="test_eval[False-True-shape_options1]" time="0.132" /><testcase classname="tests.test_eval" name="test_eval[True-False-None]" time="0.153" /><testcase classname="tests.test_eval" name="test_eval[True-False-shape_options1]" time="0.165" /><testcase classname="tests.test_eval" name="test_eval[True-True-None]" time="0.129" /><testcase classname="tests.test_eval" name="test_eval[True-True-shape_options1]" time="0.131" /><testcase classname="tests.test_expand" name="test_expand[cuda]" time="0.076" /><testcase classname="tests.test_generation" name="test_auto_tuning_generation[block_size_m0-block_size_n0-block_size_k0-None-None-cuda]" time="1.662" /><testcase classname="tests.test_generation" name="test_auto_tuning_generation[block_size_m0-block_size_n0-block_size_k0-None-3-cuda]" time="1.635" /><testcase classname="tests.test_generation" name="test_auto_tuning_generation[block_size_m0-block_size_n0-block_size_k0-None-num_stages2-cuda]" time="1.975" /><testcase classname="tests.test_generation" name="test_auto_tuning_generation[block_size_m0-block_size_n0-block_size_k0-4-None-cuda]" time="1.641" /><testcase classname="tests.test_generation" name="test_auto_tuning_generation[block_size_m0-block_size_n0-block_size_k0-4-3-cuda]" time="1.642" /><testcase classname="tests.test_generation" name="test_auto_tuning_generation[block_size_m0-block_size_n0-block_size_k0-4-num_stages2-cuda]" time="1.961" /><testcase classname="tests.test_generation" name="test_auto_tuning_generation[block_size_m0-block_size_n0-block_size_k0-num_warps2-None-cuda]" time="1.879" /><testcase classname="tests.test_generation" name="test_auto_tuning_generation[block_size_m0-block_size_n0-block_size_k0-num_warps2-3-cuda]" time="1.867" /><testcase classname="tests.test_generation" name="test_auto_tuning_generation[block_size_m0-block_size_n0-block_size_k0-num_warps2-num_stages2-cuda]" time="2.423" /><testcase classname="tests.test_generation" name="test_auto_tuning_generation[block_size_m0-block_size_n0-64-None-None-cuda]" time="1.143" /><testcase classname="tests.test_generation" name="test_auto_tuning_generation[block_size_m0-block_size_n0-64-None-3-cuda]" time="1.145" /><testcase classname="tests.test_generation" name="test_auto_tuning_generation[block_size_m0-block_size_n0-64-None-num_stages2-cuda]" time="1.299" /><testcase classname="tests.test_generation" name="test_auto_tuning_generation[block_size_m0-block_size_n0-64-4-None-cuda]" time="1.145" /><testcase classname="tests.test_generation" name="test_auto_tuning_generation[block_size_m0-block_size_n0-64-4-3-cuda]" time="1.147" /><testcase classname="tests.test_generation" name="test_auto_tuning_generation[block_size_m0-block_size_n0-64-4-num_stages2-cuda]" time="1.210" /><testcase classname="tests.test_generation" name="test_auto_tuning_generation[block_size_m0-block_size_n0-64-num_warps2-None-cuda]" time="1.204" /><testcase classname="tests.test_generation" name="test_auto_tuning_generation[block_size_m0-block_size_n0-64-num_warps2-3-cuda]" time="1.207" /><testcase classname="tests.test_generation" name="test_auto_tuning_generation[block_size_m0-block_size_n0-64-num_warps2-num_stages2-cuda]" time="1.430" /><testcase classname="tests.test_generation" name="test_auto_tuning_generation[block_size_m0-64-block_size_k0-None-None-cuda]" time="1.099" /><testcase classname="tests.test_generation" name="test_auto_tuning_generation[block_size_m0-64-block_size_k0-None-3-cuda]" time="1.097" /><testcase classname="tests.test_generation" name="test_auto_tuning_generation[block_size_m0-64-block_size_k0-None-num_stages2-cuda]" time="1.170" /><testcase classname="tests.test_generation" name="test_auto_tuning_generation[block_size_m0-64-block_size_k0-4-None-cuda]" time="1.096" /><testcase classname="tests.test_generation" name="test_auto_tuning_generation[block_size_m0-64-block_size_k0-4-3-cuda]" time="1.101" /><testcase classname="tests.test_generation" name="test_auto_tuning_generation[block_size_m0-64-block_size_k0-4-num_stages2-cuda]" time="1.255" /><testcase classname="tests.test_generation" name="test_auto_tuning_generation[block_size_m0-64-block_size_k0-num_warps2-None-cuda]" time="1.161" /><testcase classname="tests.test_generation" name="test_auto_tuning_generation[block_size_m0-64-block_size_k0-num_warps2-3-cuda]" time="1.160" /><testcase classname="tests.test_generation" name="test_auto_tuning_generation[block_size_m0-64-block_size_k0-num_warps2-num_stages2-cuda]" time="1.279" /><testcase classname="tests.test_generation" name="test_auto_tuning_generation[block_size_m0-64-64-None-None-cuda]" time="0.970" /><testcase classname="tests.test_generation" name="test_auto_tuning_generation[block_size_m0-64-64-None-3-cuda]" time="0.968" /><testcase classname="tests.test_generation" name="test_auto_tuning_generation[block_size_m0-64-64-None-num_stages2-cuda]" time="1.099" /><testcase classname="tests.test_generation" name="test_auto_tuning_generation[block_size_m0-64-64-4-None-cuda]" time="0.967" /><testcase classname="tests.test_generation" name="test_auto_tuning_generation[block_size_m0-64-64-4-3-cuda]" time="0.969" /><testcase classname="tests.test_generation" name="test_auto_tuning_generation[block_size_m0-64-64-4-num_stages2-cuda]" time="0.987" /><testcase classname="tests.test_generation" name="test_auto_tuning_generation[block_size_m0-64-64-num_warps2-None-cuda]" time="0.986" /><testcase classname="tests.test_generation" name="test_auto_tuning_generation[block_size_m0-64-64-num_warps2-3-cuda]" time="0.987" /><testcase classname="tests.test_generation" name="test_auto_tuning_generation[block_size_m0-64-64-num_warps2-num_stages2-cuda]" time="1.017" /><testcase classname="tests.test_generation" name="test_auto_tuning_generation[64-block_size_n0-block_size_k0-None-None-cuda]" time="1.164" /><testcase classname="tests.test_generation" name="test_auto_tuning_generation[64-block_size_n0-block_size_k0-None-3-cuda]" time="1.272" /><testcase classname="tests.test_generation" name="test_auto_tuning_generation[64-block_size_n0-block_size_k0-None-num_stages2-cuda]" time="1.225" /><testcase classname="tests.test_generation" name="test_auto_tuning_generation[64-block_size_n0-block_size_k0-4-None-cuda]" time="1.166" /><testcase classname="tests.test_generation" name="test_auto_tuning_generation[64-block_size_n0-block_size_k0-4-3-cuda]" time="1.165" /><testcase classname="tests.test_generation" name="test_auto_tuning_generation[64-block_size_n0-block_size_k0-4-num_stages2-cuda]" time="1.225" /><testcase classname="tests.test_generation" name="test_auto_tuning_generation[64-block_size_n0-block_size_k0-num_warps2-None-cuda]" time="1.221" /><testcase classname="tests.test_generation" name="test_auto_tuning_generation[64-block_size_n0-block_size_k0-num_warps2-3-cuda]" time="1.334" /><testcase classname="tests.test_generation" name="test_auto_tuning_generation[64-block_size_n0-block_size_k0-num_warps2-num_stages2-cuda]" time="1.343" /><testcase classname="tests.test_generation" name="test_auto_tuning_generation[64-block_size_n0-64-None-None-cuda]" time="1.027" /><testcase classname="tests.test_generation" name="test_auto_tuning_generation[64-block_size_n0-64-None-3-cuda]" time="1.031" /><testcase classname="tests.test_generation" name="test_auto_tuning_generation[64-block_size_n0-64-None-num_stages2-cuda]" time="1.042" /><testcase classname="tests.test_generation" name="test_auto_tuning_generation[64-block_size_n0-64-4-None-cuda]" time="1.029" /><testcase classname="tests.test_generation" name="test_auto_tuning_generation[64-block_size_n0-64-4-3-cuda]" time="1.141" /><testcase classname="tests.test_generation" name="test_auto_tuning_generation[64-block_size_n0-64-4-num_stages2-cuda]" time="1.048" /><testcase classname="tests.test_generation" name="test_auto_tuning_generation[64-block_size_n0-64-num_warps2-None-cuda]" time="1.044" /><testcase classname="tests.test_generation" name="test_auto_tuning_generation[64-block_size_n0-64-num_warps2-3-cuda]" time="1.042" /><testcase classname="tests.test_generation" name="test_auto_tuning_generation[64-block_size_n0-64-num_warps2-num_stages2-cuda]" time="1.078" /><testcase classname="tests.test_generation" name="test_auto_tuning_generation[64-64-block_size_k0-None-None-cuda]" time="0.993" /><testcase classname="tests.test_generation" name="test_auto_tuning_generation[64-64-block_size_k0-None-3-cuda]" time="0.988" /><testcase classname="tests.test_generation" name="test_auto_tuning_generation[64-64-block_size_k0-None-num_stages2-cuda]" time="1.004" /><testcase classname="tests.test_generation" name="test_auto_tuning_generation[64-64-block_size_k0-4-None-cuda]" time="1.092" /><testcase classname="tests.test_generation" name="test_auto_tuning_generation[64-64-block_size_k0-4-3-cuda]" time="0.990" /><testcase classname="tests.test_generation" name="test_auto_tuning_generation[64-64-block_size_k0-4-num_stages2-cuda]" time="1.005" /><testcase classname="tests.test_generation" name="test_auto_tuning_generation[64-64-block_size_k0-num_warps2-None-cuda]" time="1.004" /><testcase classname="tests.test_generation" name="test_auto_tuning_generation[64-64-block_size_k0-num_warps2-3-cuda]" time="1.014" /><testcase classname="tests.test_generation" name="test_auto_tuning_generation[64-64-block_size_k0-num_warps2-num_stages2-cuda]" time="1.040" /><testcase classname="tests.test_generation" name="test_auto_tuning_generation[64-64-64-None-None-cuda]" time="0.943" /><testcase classname="tests.test_generation" name="test_auto_tuning_generation[64-64-64-None-3-cuda]" time="0.935" /><testcase classname="tests.test_generation" name="test_auto_tuning_generation[64-64-64-None-num_stages2-cuda]" time="1.058" /><testcase classname="tests.test_generation" name="test_auto_tuning_generation[64-64-64-4-None-cuda]" time="0.938" /><testcase classname="tests.test_generation" name="test_auto_tuning_generation[64-64-64-4-3-cuda]" time="0.936" /><testcase classname="tests.test_generation" name="test_auto_tuning_generation[64-64-64-4-num_stages2-cuda]" time="0.939" /><testcase classname="tests.test_generation" name="test_auto_tuning_generation[64-64-64-num_warps2-None-cuda]" time="0.940" /><testcase classname="tests.test_generation" name="test_auto_tuning_generation[64-64-64-num_warps2-3-cuda]" time="0.941" /><testcase classname="tests.test_generation" name="test_auto_tuning_generation[64-64-64-num_warps2-num_stages2-cuda]" time="0.945" /><testcase classname="tests.test_generation" name="test_arrangement_returning_a_single_tensor[cuda]" time="0.071" /><testcase classname="tests.test_generation" name="test_squeezing_the_innermost_level[1024-128-10-cuda]" time="0.434" /><testcase classname="tests.test_generation" name="test_unsqueezing_the_outermost_level[cuda]" time="0.156" /><testcase classname="tests.test_generation" name="test_non_int_constexpr[1086-cuda]" time="0.125" /><testcase classname="tests.test_generation" name="test_loop_carried_row_sum_with_tensor_dtype[cuda]" time="1.079" /><testcase classname="tests.test_getitem" name="test_getitem[shape0-indices0]" time="0.010" /><testcase classname="tests.test_getitem" name="test_getitem[shape1-indices1]" time="0.009" /><testcase classname="tests.test_getitem" name="test_getitem[shape2-indices2]" time="0.011" /><testcase classname="tests.test_getitem" name="test_getitem[shape3-indices3]" time="0.010" /><testcase classname="tests.test_getitem" name="test_getitem[shape4-indices4]" time="0.010" /><testcase classname="tests.test_getitem" name="test_getitem[shape5-indices5]" time="0.011" /><testcase classname="tests.test_getitem" name="test_getitem[shape6-indices6]" time="0.010" /><testcase classname="tests.test_getitem" name="test_getitem[shape7-indices7]" time="0.012" /><testcase classname="tests.test_getitem" name="test_getitem[shape8-indices8]" time="0.010" /><testcase classname="tests.test_getitem" name="test_getitem[shape9-indices9]" time="0.007" /><testcase classname="tests.test_interpreter_applications" name="test_elementwise_and_nondivisible_tail[1-float32]" time="0.031" /><testcase classname="tests.test_interpreter_applications" name="test_elementwise_and_nondivisible_tail[1-int32]" time="0.027" /><testcase classname="tests.test_interpreter_applications" name="test_elementwise_and_nondivisible_tail[8-float32]" time="0.029" /><testcase classname="tests.test_interpreter_applications" name="test_elementwise_and_nondivisible_tail[8-int32]" time="0.029" /><testcase classname="tests.test_interpreter_applications" name="test_elementwise_and_nondivisible_tail[11-float32]" time="0.136" /><testcase classname="tests.test_interpreter_applications" name="test_elementwise_and_nondivisible_tail[11-int32]" time="0.030" /><testcase classname="tests.test_interpreter_applications" name="test_bool_results_are_exact" time="0.034" /><testcase classname="tests.test_interpreter_applications" name="test_broadcast_reuses_bias_for_each_row" time="0.048" /><testcase classname="tests.test_interpreter_applications" name="test_row_reduction_ignores_padded_lanes[float32]" time="0.057" /><testcase classname="tests.test_interpreter_applications" name="test_row_reduction_ignores_padded_lanes[int32]" time="0.048" /><testcase classname="tests.test_interpreter_applications" name="test_row_reduction_maps_singleton_program_axes_to_a_vector_output[float32]" time="0.067" /><testcase classname="tests.test_interpreter_applications" name="test_row_reduction_maps_singleton_program_axes_to_a_vector_output[int32]" time="0.052" /><testcase classname="tests.test_interpreter_applications" name="test_nested_if_and_for_carry_values[False]" time="0.039" /><testcase classname="tests.test_interpreter_applications" name="test_nested_if_and_for_carry_values[True]" time="0.039" /><testcase classname="tests.test_interpreter_applications" name="test_softmax_uses_negative_infinity_for_padding" time="0.075" /><testcase classname="tests.test_interpreter_applications" name="test_dot_on_masked_matrix_tiles" time="0.029" /><testcase classname="tests.test_interpreter_applications" name="test_cpu_path_does_not_import_gpu_backends" time="0.511" /><testcase classname="tests.test_interpreter_applications" name="test_tiled_trace_visits_each_program_and_is_reproducible" time="0.022" /><testcase classname="tests.test_interpreter_applications" name="test_arranged_loads_and_stores_follow_noncontiguous_numpy_strides" time="0.031" /><testcase classname="tests.test_interpreter_applications" name="test_nested_arrangement_reduces_across_multiple_inner_tiles" time="0.320" /><testcase classname="tests.test_interpreter_applications" name="test_trace_reports_the_effective_arrangement_tail_mask" time="0.017" /><testcase classname="tests.test_interpreter_applications" name="test_high_level_backend_option_executes_the_real_pass_pipeline[cuda]" time="0.019" /><testcase classname="tests.test_interpreter_applications" name="test_high_level_backend_option_executes_the_real_pass_pipeline[triton]" time="0.019" /><testcase classname="tests.test_interpreter_applications" name="test_fixed_k_tiled_dot_matches_numpy_after_target_decomposition[shape0-float32-cuda]" time="0.237" /><testcase classname="tests.test_interpreter_applications" name="test_fixed_k_tiled_dot_matches_numpy_after_target_decomposition[shape0-float32-triton]" time="0.238" /><testcase classname="tests.test_interpreter_applications" name="test_fixed_k_tiled_dot_matches_numpy_after_target_decomposition[shape0-int32-cuda]" time="0.238" /><testcase classname="tests.test_interpreter_applications" name="test_fixed_k_tiled_dot_matches_numpy_after_target_decomposition[shape0-int32-triton]" time="0.237" /><testcase classname="tests.test_interpreter_applications" name="test_fixed_k_tiled_dot_matches_numpy_after_target_decomposition[shape1-float32-cuda]" time="0.238" /><testcase classname="tests.test_interpreter_applications" name="test_fixed_k_tiled_dot_matches_numpy_after_target_decomposition[shape1-float32-triton]" time="0.238" /><testcase classname="tests.test_interpreter_applications" name="test_fixed_k_tiled_dot_matches_numpy_after_target_decomposition[shape1-int32-cuda]" time="0.237" /><testcase classname="tests.test_interpreter_applications" name="test_fixed_k_tiled_dot_matches_numpy_after_target_decomposition[shape1-int32-triton]" time="0.238" /><testcase classname="tests.test_interpreter_applications" name="test_fixed_k_tiled_dot_matches_numpy_after_target_decomposition[shape2-float32-cuda]" time="0.238" /><testcase classname="tests.test_interpreter_applications" name="test_fixed_k_tiled_dot_matches_numpy_after_target_decomposition[shape2-float32-triton]" time="0.238" /><testcase classname="tests.test_interpreter_applications" name="test_fixed_k_tiled_dot_matches_numpy_after_target_decomposition[shape2-int32-cuda]" time="0.240" /><testcase classname="tests.test_interpreter_applications" name="test_fixed_k_tiled_dot_matches_numpy_after_target_decomposition[shape2-int32-triton]" time="0.238" /><testcase classname="tests.test_interpreter_applications" name="test_untiled_non_square_dot_executes_every_output_lane[1-float32-cuda]" time="0.018" /><testcase classname="tests.test_interpreter_applications" name="test_untiled_non_square_dot_executes_every_output_lane[1-float32-triton]" time="0.018" /><testcase classname="tests.test_interpreter_applications" name="test_untiled_non_square_dot_executes_every_output_lane[1-int32-cuda]" time="0.018" /><testcase classname="tests.test_interpreter_applications" name="test_untiled_non_square_dot_executes_every_output_lane[1-int32-triton]" time="0.018" /><testcase classname="tests.test_interpreter_applications" name="test_untiled_non_square_dot_executes_every_output_lane[3-float32-cuda]" time="0.024" /><testcase classname="tests.test_interpreter_applications" name="test_untiled_non_square_dot_executes_every_output_lane[3-float32-triton]" time="0.024" /><testcase classname="tests.test_interpreter_applications" name="test_untiled_non_square_dot_executes_every_output_lane[3-int32-cuda]" time="0.024" /><testcase classname="tests.test_interpreter_applications" name="test_untiled_non_square_dot_executes_every_output_lane[3-int32-triton]" time="0.024" /><testcase classname="tests.test_interpreter_applications" name="test_untiled_non_square_dot_executes_every_output_lane[7-float32-cuda]" time="0.036" /><testcase classname="tests.test_interpreter_applications" name="test_untiled_non_square_dot_executes_every_output_lane[7-float32-triton]" time="0.036" /><testcase classname="tests.test_interpreter_applications" name="test_untiled_non_square_dot_executes_every_output_lane[7-int32-cuda]" time="0.036" /><testcase classname="tests.test_interpreter_applications" name="test_untiled_non_square_dot_executes_every_output_lane[7-int32-triton]" time="0.036" /><testcase classname="tests.test_interpreter_applications" name="test_non_square_transpose_matches_numpy_after_decomposition[float32-_transpose_tiles-cuda]" time="0.036" /><testcase classname="tests.test_interpreter_applications" name="test_non_square_transpose_matches_numpy_after_decomposition[float32-_transpose_tiles-triton]" time="0.037" /><testcase classname="tests.test_interpreter_applications" name="test_non_square_transpose_matches_numpy_after_decomposition[float32-_whole_transpose-cuda]" time="0.014" /><testcase classname="tests.test_interpreter_applications" name="test_non_square_transpose_matches_numpy_after_decomposition[float32-_whole_transpose-triton]" time="0.014" /><testcase classname="tests.test_interpreter_applications" name="test_non_square_transpose_matches_numpy_after_decomposition[int32-_transpose_tiles-cuda]" time="0.036" /><testcase classname="tests.test_interpreter_applications" name="test_non_square_transpose_matches_numpy_after_decomposition[int32-_transpose_tiles-triton]" time="0.037" /><testcase classname="tests.test_interpreter_applications" name="test_non_square_transpose_matches_numpy_after_decomposition[int32-_whole_transpose-cuda]" time="0.014" /><testcase classname="tests.test_interpreter_applications" name="test_non_square_transpose_matches_numpy_after_decomposition[int32-_whole_transpose-triton]" time="0.014" /><testcase classname="tests.test_interpreter_applications" name="test_unreduced_k_program_dot_is_rejected_without_partial_writes[shape0-cuda]" time="0.033" /><testcase classname="tests.test_interpreter_applications" name="test_unreduced_k_program_dot_is_rejected_without_partial_writes[shape0-triton]" time="0.033" /><testcase classname="tests.test_interpreter_debugger" name="test_difference_identifies_first_aligned_operation_without_mutating_inputs" time="0.016" /><testcase classname="tests.test_interpreter_debugger" name="test_restructured_programs_do_not_get_a_guessed_operation_location[_affine_restructured-True]" time="0.024" /><testcase classname="tests.test_interpreter_debugger" name="test_restructured_programs_do_not_get_a_guessed_operation_location[_affine_restructured_wrong-False]" time="0.024" /><testcase classname="tests.test_interpreter_debugger" name="test_pass_checker_stops_at_the_first_semantic_failure" time="0.029" /><testcase classname="tests.test_interpreter_debugger" name="test_pass_checker_records_an_unsupported_operation_as_failure" time="0.014" /><testcase classname="tests.test_interpreter_debugger" name="test_reproducer_round_trips_arrangement_inputs_and_runs_its_replay_script" time="0.426" /><testcase classname="tests.test_interpreter_debugger" name="test_reproducer_preserves_exact_alias_bindings" time="0.004" /><testcase classname="tests.test_interpreter_debugger" name="test_comparison_preserves_write_then_read_through_exact_aliases" time="0.003" /><testcase classname="tests.test_interpreter_debugger" name="test_comparison_and_export_reject_distinct_overlapping_views[False]" time="0.011" /><testcase classname="tests.test_interpreter_debugger" name="test_comparison_and_export_reject_distinct_overlapping_views[True]" time="0.011" /><testcase classname="tests.test_interpreter_debugger" name="test_comparison_and_replay_preserve_noncontiguous_pointer_rejection" time="0.006" /><testcase classname="tests.test_interpreter_debugger" name="test_reproducer_preserves_strides_values_and_readonly_flags[positive]" time="0.004" /><testcase classname="tests.test_interpreter_debugger" name="test_reproducer_preserves_strides_values_and_readonly_flags[negative]" time="0.004" /><testcase classname="tests.test_interpreter_debugger" name="test_reproducer_preserves_strides_values_and_readonly_flags[transpose]" time="0.004" /><testcase classname="tests.test_interpreter_debugger" name="test_reproducer_preserves_strides_values_and_readonly_flags[broadcast]" time="0.004" /><testcase classname="tests.test_interpreter_debugger" name="test_program_comparison_keeps_readonly_output_semantics" time="0.002" /><testcase classname="tests.test_interpreter_debugger" name="test_reproducer_rejects_overwrite_and_manifest_input_mismatch" time="0.052" /><testcase classname="tests.test_interpreter_debugger" name="test_reproducer_rejects_object_arrays_without_pickle" time="0.010" /><testcase classname="tests.test_interpreter_debugger" name="test_decomposed_dot_difference_identifies_the_output_lane" time="0.322" /><testcase classname="tests.test_interpreter_debugger" name="test_step_debugger_discards_values_from_the_previous_output_lane" time="0.121" /><testcase classname="tests.test_interpreter_default_pipeline" name="test_each_default_pass_preserves_the_original_application[elementwise_int32-triton]" time="0.070" /><testcase classname="tests.test_interpreter_default_pipeline" name="test_each_default_pass_preserves_the_original_application[elementwise_int32-cuda]" time="0.069" /><testcase classname="tests.test_interpreter_default_pipeline" name="test_each_default_pass_preserves_the_original_application[broadcast_float32-triton]" time="0.139" /><testcase classname="tests.test_interpreter_default_pipeline" name="test_each_default_pass_preserves_the_original_application[broadcast_float32-cuda]" time="0.139" /><testcase classname="tests.test_interpreter_default_pipeline" name="test_each_default_pass_preserves_the_original_application[reduction_float32-triton]" time="0.126" /><testcase classname="tests.test_interpreter_default_pipeline" name="test_each_default_pass_preserves_the_original_application[reduction_float32-cuda]" time="0.123" /><testcase classname="tests.test_interpreter_default_pipeline" name="test_each_default_pass_preserves_the_original_application[comparison_bool-triton]" time="0.075" /><testcase classname="tests.test_interpreter_default_pipeline" name="test_each_default_pass_preserves_the_original_application[comparison_bool-cuda]" time="0.075" /><testcase classname="tests.test_interpreter_demo" name="test_demo_exports_the_fault_and_replay_rejects_a_missing_fault" time="1.167" /><testcase classname="tests.test_interpreter_gpu" name="test_cpu_interpreter_matches_actual_triton_gpu[elementwise_float32_aligned]" time="0.158" /><testcase classname="tests.test_interpreter_gpu" name="test_cpu_interpreter_matches_actual_triton_gpu[masked_float32_tail]" time="0.150" /><testcase classname="tests.test_interpreter_gpu" name="test_cpu_interpreter_matches_actual_triton_gpu[masked_int32_tail]" time="0.148" /><testcase classname="tests.test_interpreter_gpu" name="test_cpu_interpreter_matches_actual_triton_gpu[broadcast_float32_tail]" time="0.381" /><testcase classname="tests.test_interpreter_gpu" name="test_cpu_interpreter_matches_actual_triton_gpu[broadcast_row_matrix_float32_tail]" time="0.503" /><testcase classname="tests.test_interpreter_gpu" name="test_cpu_interpreter_matches_actual_triton_gpu[broadcast_column_matrix_float32_tail]" time="0.458" /><testcase classname="tests.test_interpreter_gpu" name="test_cpu_interpreter_matches_actual_triton_gpu[row_reduction_float32]" time="0.204" /><testcase classname="tests.test_interpreter_gpu" name="test_cpu_interpreter_matches_actual_triton_gpu[row_reduction_int32]" time="0.204" /><testcase classname="tests.test_interpreter_gpu" name="test_cpu_interpreter_matches_actual_triton_gpu[comparison_bool_exact]" time="0.134" /><testcase classname="tests.test_interpreter_gpu" name="test_cpu_interpreter_matches_actual_triton_gpu[if_for_true]" time="0.150" /><testcase classname="tests.test_interpreter_gpu" name="test_cpu_interpreter_matches_actual_triton_gpu[if_for_false]" time="0.151" /><testcase classname="tests.test_interpreter_gpu" name="test_cpu_interpreter_matches_actual_triton_gpu[softmax_float32]" time="0.411" /><testcase classname="tests.test_interpreter_gpu" name="test_cpu_interpreter_matches_actual_triton_gpu[floor_div_int32_mixed_sign_tail]" time="0.224" /><testcase classname="tests.test_interpreter_gpu" name="test_cpu_interpreter_matches_actual_triton_gpu[remainder_int32_mixed_sign_tail]" time="0.230" /><testcase classname="tests.test_interpreter_gpu" name="test_cpu_interpreter_matches_actual_triton_gpu[dot_float32_multi_program_tail]" time="0.901" /><testcase classname="tests.test_interpreter_gpu" name="test_gpu_fixtures_match_oracle_before_and_after_lowering_on_cpu[broadcast_float32_tail]" time="0.315" /><testcase classname="tests.test_interpreter_gpu" name="test_gpu_fixtures_match_oracle_before_and_after_lowering_on_cpu[broadcast_row_matrix_float32_tail]" time="0.412" /><testcase classname="tests.test_interpreter_gpu" name="test_gpu_fixtures_match_oracle_before_and_after_lowering_on_cpu[broadcast_column_matrix_float32_tail]" time="0.384" /><testcase classname="tests.test_interpreter_gpu" name="test_gpu_fixtures_match_oracle_before_and_after_lowering_on_cpu[floor_div_int32_mixed_sign_tail]" time="0.106" /><testcase classname="tests.test_interpreter_gpu" name="test_gpu_fixtures_match_oracle_before_and_after_lowering_on_cpu[remainder_int32_mixed_sign_tail]" time="0.106" /><testcase classname="tests.test_interpreter_gpu" name="test_gpu_fixtures_match_oracle_before_and_after_lowering_on_cpu[dot_float32_multi_program_tail]" time="0.692" /><testcase classname="tests.test_interpreter_gpu" name="test_generated_stride_guards_use_binary_boolops_supported_by_triton_31[elementwise_float32_aligned]" time="0.097" /><testcase classname="tests.test_interpreter_gpu" name="test_generated_stride_guards_use_binary_boolops_supported_by_triton_31[masked_float32_tail]" time="0.094" /><testcase classname="tests.test_interpreter_gpu" name="test_generated_stride_guards_use_binary_boolops_supported_by_triton_31[masked_int32_tail]" time="0.094" /><testcase classname="tests.test_interpreter_gpu" name="test_emitted_dot_coordinates_stay_local_across_output_programs[triton]" time="0.385" /><testcase classname="tests.test_interpreter_gpu" name="test_emitted_dot_coordinates_stay_local_across_output_programs[cuda]" time="0.355" /><testcase classname="tests.test_interpreter_gpu" name="test_generated_signed_division_corrects_triton_tensor_rounding[floor_div_int32_mixed_sign_tail]" time="0.151" /><testcase classname="tests.test_interpreter_gpu" name="test_generated_signed_division_corrects_triton_tensor_rounding[remainder_int32_mixed_sign_tail]" time="0.163" /><testcase classname="tests.test_interpreter_gpu" name="test_generated_broadcast_input_addresses_and_masks_match_numpy_layout[x-broadcast_float32_tail]" time="0.266" /><testcase classname="tests.test_interpreter_gpu" name="test_generated_broadcast_input_addresses_and_masks_match_numpy_layout[x-broadcast_row_matrix_float32_tail]" time="0.355" /><testcase classname="tests.test_interpreter_gpu" name="test_generated_broadcast_input_addresses_and_masks_match_numpy_layout[x-broadcast_column_matrix_float32_tail]" time="0.328" /><testcase classname="tests.test_interpreter_gpu" name="test_generated_broadcast_input_addresses_and_masks_match_numpy_layout[bias-broadcast_float32_tail]" time="0.262" /><testcase classname="tests.test_interpreter_gpu" name="test_generated_broadcast_input_addresses_and_masks_match_numpy_layout[bias-broadcast_row_matrix_float32_tail]" time="0.354" /><testcase classname="tests.test_interpreter_gpu" name="test_generated_broadcast_input_addresses_and_masks_match_numpy_layout[bias-broadcast_column_matrix_float32_tail]" time="0.326" /><testcase classname="tests.test_interpreter_matmul" name="test_default_pipeline_dot_with_multiple_output_programs[contiguous-shape0-float32-triton]" time="0.966" /><testcase classname="tests.test_interpreter_matmul" name="test_default_pipeline_dot_with_multiple_output_programs[contiguous-shape0-float32-cuda]" time="0.962" /><testcase classname="tests.test_interpreter_matmul" name="test_default_pipeline_dot_with_multiple_output_programs[contiguous-shape0-int32-triton]" time="1.142" /><testcase classname="tests.test_interpreter_matmul" name="test_default_pipeline_dot_with_multiple_output_programs[contiguous-shape0-int32-cuda]" time="0.975" /><testcase classname="tests.test_interpreter_matmul" name="test_default_pipeline_dot_with_multiple_output_programs[contiguous-shape1-float32-triton]" time="0.977" /><testcase classname="tests.test_interpreter_matmul" name="test_default_pipeline_dot_with_multiple_output_programs[contiguous-shape1-float32-cuda]" time="0.969" /><testcase classname="tests.test_interpreter_matmul" name="test_default_pipeline_dot_with_multiple_output_programs[contiguous-shape1-int32-triton]" time="0.965" /><testcase classname="tests.test_interpreter_matmul" name="test_default_pipeline_dot_with_multiple_output_programs[contiguous-shape1-int32-cuda]" time="0.969" /><testcase classname="tests.test_interpreter_matmul" name="test_default_pipeline_dot_with_multiple_output_programs[contiguous-shape2-float32-triton]" time="0.500" /><testcase classname="tests.test_interpreter_matmul" name="test_default_pipeline_dot_with_multiple_output_programs[contiguous-shape2-float32-cuda]" time="0.504" /><testcase classname="tests.test_interpreter_matmul" name="test_default_pipeline_dot_with_multiple_output_programs[contiguous-shape2-int32-triton]" time="0.501" /><testcase classname="tests.test_interpreter_matmul" name="test_default_pipeline_dot_with_multiple_output_programs[contiguous-shape2-int32-cuda]" time="0.500" /><testcase classname="tests.test_interpreter_matmul" name="test_default_pipeline_dot_with_multiple_output_programs[strided-shape0-float32-triton]" time="0.967" /><testcase classname="tests.test_interpreter_matmul" name="test_default_pipeline_dot_with_multiple_output_programs[strided-shape0-float32-cuda]" time="1.067" /><testcase classname="tests.test_interpreter_matmul" name="test_default_pipeline_dot_with_multiple_output_programs[strided-shape0-int32-triton]" time="0.967" /><testcase classname="tests.test_interpreter_matmul" name="test_default_pipeline_dot_with_multiple_output_programs[strided-shape0-int32-cuda]" time="0.975" /><testcase classname="tests.test_interpreter_matmul" name="test_default_pipeline_dot_with_multiple_output_programs[strided-shape1-float32-triton]" time="0.968" /><testcase classname="tests.test_interpreter_matmul" name="test_default_pipeline_dot_with_multiple_output_programs[strided-shape1-float32-cuda]" time="0.965" /><testcase classname="tests.test_interpreter_matmul" name="test_default_pipeline_dot_with_multiple_output_programs[strided-shape1-int32-triton]" time="0.966" /><testcase classname="tests.test_interpreter_matmul" name="test_default_pipeline_dot_with_multiple_output_programs[strided-shape1-int32-cuda]" time="0.965" /><testcase classname="tests.test_interpreter_matmul" name="test_default_pipeline_dot_with_multiple_output_programs[strided-shape2-float32-triton]" time="0.501" /><testcase classname="tests.test_interpreter_matmul" name="test_default_pipeline_dot_with_multiple_output_programs[strided-shape2-float32-cuda]" time="0.499" /><testcase classname="tests.test_interpreter_matmul" name="test_default_pipeline_dot_with_multiple_output_programs[strided-shape2-int32-triton]" time="0.506" /><testcase classname="tests.test_interpreter_matmul" name="test_default_pipeline_dot_with_multiple_output_programs[strided-shape2-int32-cuda]" time="0.499" /><testcase classname="tests.test_interpreter_matmul" name="test_dot_with_unreduced_k_programs_is_rejected_before_output_writes[shape0-triton]" time="0.032" /><testcase classname="tests.test_interpreter_matmul" name="test_dot_with_unreduced_k_programs_is_rejected_before_output_writes[shape0-cuda]" time="0.032" /><testcase classname="tests.test_interpreter_matmul" name="test_dot_with_unreduced_k_programs_is_rejected_before_output_writes[shape1-triton]" time="0.032" /><testcase classname="tests.test_interpreter_matmul" name="test_dot_with_unreduced_k_programs_is_rejected_before_output_writes[shape1-cuda]" time="0.032" /><testcase classname="tests.test_interpreter_matmul" name="test_dot_rejects_output_aliasing_an_input_before_writes[triton]" time="0.033" /><testcase classname="tests.test_interpreter_matmul" name="test_dot_rejects_output_aliasing_an_input_before_writes[cuda]" time="0.032" /><testcase classname="tests.test_interpreter_matmul" name="test_dot_rejects_overlapping_output_storage_before_writes[partial_bytes-triton]" time="0.032" /><testcase classname="tests.test_interpreter_matmul" name="test_dot_rejects_overlapping_output_storage_before_writes[partial_bytes-cuda]" time="0.032" /><testcase classname="tests.test_interpreter_matmul" name="test_dot_rejects_overlapping_output_storage_before_writes[zero-triton]" time="0.035" /><testcase classname="tests.test_interpreter_matmul" name="test_dot_rejects_overlapping_output_storage_before_writes[zero-cuda]" time="0.034" /><testcase classname="tests.test_interpreter_matmul" name="test_dot_accepts_independent_strided_output_and_preserves_guards[positive_stride-triton]" time="0.767" /><testcase classname="tests.test_interpreter_matmul" name="test_dot_accepts_independent_strided_output_and_preserves_guards[positive_stride-cuda]" time="0.656" /><testcase classname="tests.test_interpreter_matmul" name="test_dot_accepts_independent_strided_output_and_preserves_guards[negative_stride-triton]" time="0.655" /><testcase classname="tests.test_interpreter_matmul" name="test_dot_accepts_independent_strided_output_and_preserves_guards[negative_stride-cuda]" time="0.656" /><testcase classname="tests.test_interpreter_matmul" name="test_dot_rejects_nested_store_before_replaying_output_lanes[triton]" time="0.093" /><testcase classname="tests.test_interpreter_matmul" name="test_dot_rejects_nested_store_before_replaying_output_lanes[cuda]" time="0.095" /><testcase classname="tests.test_interpreter_matmul" name="test_single_program_dot_rejects_output_storage_before_writes[lhs_alias-triton]" time="0.032" /><testcase classname="tests.test_interpreter_matmul" name="test_single_program_dot_rejects_output_storage_before_writes[lhs_alias-cuda]" time="0.033" /><testcase classname="tests.test_interpreter_matmul" name="test_single_program_dot_rejects_output_storage_before_writes[partial_bytes-triton]" time="0.032" /><testcase classname="tests.test_interpreter_matmul" name="test_single_program_dot_rejects_output_storage_before_writes[partial_bytes-cuda]" time="0.032" /><testcase classname="tests.test_interpreter_matmul" name="test_single_program_dot_rejects_output_storage_before_writes[zero_stride-triton]" time="0.032" /><testcase classname="tests.test_interpreter_matmul" name="test_single_program_dot_rejects_output_storage_before_writes[zero_stride-cuda]" time="0.032" /><testcase classname="tests.test_interpreter_matmul" name="test_single_program_dot_accepts_independent_strided_output[positive_stride-triton]" time="0.209" /><testcase classname="tests.test_interpreter_matmul" name="test_single_program_dot_accepts_independent_strided_output[positive_stride-cuda]" time="0.208" /><testcase classname="tests.test_interpreter_matmul" name="test_single_program_dot_accepts_independent_strided_output[negative_stride-triton]" time="0.208" /><testcase classname="tests.test_interpreter_matmul" name="test_single_program_dot_accepts_independent_strided_output[negative_stride-cuda]" time="0.208" /><testcase classname="tests.test_interpreter_matmul" name="test_single_program_dot_rejects_output_binding_used_as_lhs[triton]" time="0.024" /><testcase classname="tests.test_interpreter_matmul" name="test_single_program_dot_rejects_output_binding_used_as_lhs[cuda]" time="0.025" /><testcase classname="tests.test_interpreter_provenance" name="test_branch_divergence_after_an_early_difference_does_not_claim_aligned_traces" time="0.003" /><testcase classname="tests.test_interpreter_provenance" name="test_changed_loop_count_does_not_claim_aligned_traces_after_bound_difference" time="0.003" /><testcase classname="tests.test_interpreter_provenance" name="test_seed_is_stable_nonsemantic_and_covers_nested_ssa_locations" time="0.003" /><testcase classname="tests.test_interpreter_provenance" name="test_declared_split_has_source_range_but_never_guesses_a_value_correspondence" time="0.005" /><testcase classname="tests.test_interpreter_provenance" name="test_pass_checker_preserves_an_explicit_mapping_and_stops_on_the_fault" time="0.005" /><testcase classname="tests.test_interpreter_provenance" name="test_multiple_passes_keep_original_sources_and_current_relation_locations" time="0.004" /><testcase classname="tests.test_interpreter_provenance" name="test_merge_retains_both_candidates_without_claiming_a_unique_fault_source" time="0.003" /><testcase classname="tests.test_interpreter_provenance" name="test_explicit_deletion_is_distinct_from_an_unmapped_removal" time="0.003" /><testcase classname="tests.test_interpreter_provenance" name="test_deleting_mixed_known_unknown_sources_does_not_present_a_partial_candidate_set" time="0.004" /><testcase classname="tests.test_interpreter_provenance" name="test_unknown_clone_does_not_acquire_a_mapping_from_copied_ids_or_names" time="0.003" /><testcase classname="tests.test_interpreter_provenance" name="test_explicit_record_is_not_duplicated_by_a_pipeline_wrapper" time="0.002" /><testcase classname="tests.test_interpreter_provenance" name="test_declared_targets_must_really_occur_and_deleted_sources_must_be_absent" time="0.003" /><testcase classname="tests.test_interpreter_provenance" name="test_recursive_split_includes_generated_region_operations" time="0.003" /><testcase classname="tests.test_interpreter_provenance" name="test_runtime_errors_retain_declared_source_scope_without_a_fake_exact_location" time="0.003" /><testcase classname="tests.test_interpreter_provenance" name="test_one_operation_object_duplicated_without_a_declaration_is_unmapped" time="0.003" /><testcase classname="tests.test_interpreter_provenance" name="test_reproducer_preserves_provenance_and_legacy_json_remains_readable" time="0.011" /><testcase classname="tests.test_interpreter_provenance" name="test_real_default_linalg_passes_have_complete_nonduplicated_origin_records[dot-triton]" time="1.784" /><testcase classname="tests.test_interpreter_provenance" name="test_real_default_linalg_passes_have_complete_nonduplicated_origin_records[dot-cuda]" time="1.898" /><testcase classname="tests.test_interpreter_provenance" name="test_real_default_linalg_passes_have_complete_nonduplicated_origin_records[transpose-triton]" time="0.171" /><testcase classname="tests.test_interpreter_provenance" name="test_real_default_linalg_passes_have_complete_nonduplicated_origin_records[transpose-cuda]" time="0.168" /><testcase classname="tests.test_interpreter_provenance" name="test_real_decomposition_fault_reports_injected_pass_and_original_source_range[dot-injected-fault-triton]" time="2.084" /><testcase classname="tests.test_interpreter_provenance" name="test_real_decomposition_fault_reports_injected_pass_and_original_source_range[dot-injected-fault-cuda]" time="2.097" /><testcase classname="tests.test_interpreter_provenance" name="test_real_decomposition_fault_reports_injected_pass_and_original_source_range[dot-negative-control-triton]" time="2.874" /><testcase classname="tests.test_interpreter_provenance" name="test_real_decomposition_fault_reports_injected_pass_and_original_source_range[dot-negative-control-cuda]" time="2.724" /><testcase classname="tests.test_interpreter_provenance" name="test_real_decomposition_fault_reports_injected_pass_and_original_source_range[transpose-injected-fault-triton]" time="0.188" /><testcase classname="tests.test_interpreter_provenance" name="test_real_decomposition_fault_reports_injected_pass_and_original_source_range[transpose-injected-fault-cuda]" time="0.188" /><testcase classname="tests.test_interpreter_provenance" name="test_real_decomposition_fault_reports_injected_pass_and_original_source_range[transpose-negative-control-triton]" time="0.233" /><testcase classname="tests.test_interpreter_provenance" name="test_real_decomposition_fault_reports_injected_pass_and_original_source_range[transpose-negative-control-cuda]" time="0.233" /><testcase classname="tests.test_interpreter_ssa" name="test_integer_binary_operations_are_exact[arith.add-lhs0-rhs0-expected0]" time="0.003" /><testcase classname="tests.test_interpreter_ssa" name="test_integer_binary_operations_are_exact[arith.sub-lhs1-rhs1-expected1]" time="0.002" /><testcase classname="tests.test_interpreter_ssa" name="test_integer_binary_operations_are_exact[arith.mul-lhs2-rhs2-expected2]" time="0.002" /><testcase classname="tests.test_interpreter_ssa" name="test_integer_binary_operations_are_exact[arith.floordiv-lhs3-rhs3-expected3]" time="0.002" /><testcase classname="tests.test_interpreter_ssa" name="test_integer_binary_operations_are_exact[arith.bitwise_and-lhs4-rhs4-expected4]" time="0.002" /><testcase classname="tests.test_interpreter_ssa" name="test_integer_binary_operations_are_exact[arith.bitwise_xor-lhs5-rhs5-expected5]" time="0.002" /><testcase classname="tests.test_interpreter_ssa" name="test_masked_load_never_dereferences_inactive_out_of_bounds_lanes" time="0.002" /><testcase classname="tests.test_interpreter_ssa" name="test_all_false_mask_can_load_from_an_empty_buffer" time="0.002" /><testcase classname="tests.test_interpreter_ssa" name="test_active_out_of_bounds_load_reports_the_operation_location[-1]" time="0.002" /><testcase classname="tests.test_interpreter_ssa" name="test_active_out_of_bounds_load_reports_the_operation_location[3]" time="0.002" /><testcase classname="tests.test_interpreter_ssa" name="test_active_out_of_bounds_load_reports_the_operation_location[1000]" time="0.002" /><testcase classname="tests.test_interpreter_ssa" name="test_masked_store_changes_only_active_valid_addresses" time="0.002" /><testcase classname="tests.test_interpreter_ssa" name="test_active_out_of_bounds_store_reports_the_operation_location[-1]" time="0.002" /><testcase classname="tests.test_interpreter_ssa" name="test_active_out_of_bounds_store_reports_the_operation_location[5]" time="0.002" /><testcase classname="tests.test_interpreter_ssa" name="test_active_out_of_bounds_store_reports_the_operation_location[1000]" time="0.002" /><testcase classname="tests.test_interpreter_ssa" name="test_unknown_operation_fails_closed_with_opcode_and_location" time="0.001" /><testcase classname="tests.test_interpreter_ssa" name="test_unknown_operation_in_nested_region_reports_nested_location" time="0.002" /><testcase classname="tests.test_interpreter_ssa" name="test_trace_is_reproducible_and_snapshots_do_not_alias_inputs" time="0.002" /><testcase classname="tests.test_interpreter_ssa" name="test_trace_opcode_filter_keeps_execution_unchanged" time="0.002" /><testcase classname="tests.test_interpreter_ssa" name="test_handwritten_loop_handles_negative_step_and_zero_iterations[5--1--2-9]" time="0.002" /><testcase classname="tests.test_interpreter_ssa" name="test_handwritten_loop_handles_negative_step_and_zero_iterations[2-2-1-0]" time="0.002" /><testcase classname="tests.test_interpreter_ssa" name="test_three_dimensional_grid_trace_filter_and_watch_do_not_filter_execution" time="0.007" /><testcase classname="tests.test_interpreter_ssa" name="test_step_callback_works_without_retaining_a_trace" time="0.007" /><testcase classname="tests.test_interpreter_ssa" name="test_explicit_extension_handler_receives_materialized_cpu_operands" time="0.002" /><testcase classname="tests.test_interpreter_ssa" name="test_extension_handler_does_not_hide_an_unregistered_operation" time="0.002" /><testcase classname="tests.test_interpreter_ssa" name="test_store_trace_captures_source_before_an_aliasing_write" time="0.002" /><testcase classname="tests.test_interpreter_ssa" name="test_masked_invalid_addresses_are_safe_even_with_trace_enabled" time="0.002" /><testcase classname="tests.test_interpreter_ssa" name="test_masked_store_trace_does_not_dereference_inactive_addresses" time="0.002" /><testcase classname="tests.test_interpreter_ssa" name="test_masked_tensor_store_trace_and_watch_never_load_inactive_lanes[False-0]" time="0.002" /><testcase classname="tests.test_interpreter_ssa" name="test_masked_tensor_store_trace_and_watch_never_load_inactive_lanes[False-3]" time="0.002" /><testcase classname="tests.test_interpreter_ssa" name="test_masked_tensor_store_trace_and_watch_never_load_inactive_lanes[True-0]" time="0.002" /><testcase classname="tests.test_interpreter_ssa" name="test_masked_tensor_store_trace_and_watch_never_load_inactive_lanes[True-3]" time="0.002" /><testcase classname="tests.test_interpreter_ssa" name="test_unsupported_array_dtypes_are_rejected_before_execution[object]" time="0.002" /><testcase classname="tests.test_interpreter_ssa" name="test_unsupported_array_dtypes_are_rejected_before_execution[complex64]" time="0.001" /><testcase classname="tests.test_interpreter_ssa" name="test_unsupported_array_dtypes_are_rejected_before_execution[U4]" time="0.001" /><testcase classname="tests.test_interpreter_ssa" name="test_unsupported_array_dtypes_are_rejected_before_execution[S4]" time="0.001" /><testcase classname="tests.test_interpreter_ssa" name="test_array_dtype_must_match_the_declared_ssa_type" time="0.001" /><testcase classname="tests.test_interpreter_ssa" name="test_num_programs_rejects_invalid_axis_with_operation_location[-1]" time="0.001" /><testcase classname="tests.test_interpreter_ssa" name="test_num_programs_rejects_invalid_axis_with_operation_location[3]" time="0.002" /><testcase classname="tests.test_interpreter_ssa" name="test_num_programs_rejects_invalid_axis_with_operation_location[999]" time="0.001" /><testcase classname="tests.test_interpreter_ssa" name="test_isolated_decomposed_offset_without_output_store_is_rejected[matmul]" time="0.002" /><testcase classname="tests.test_interpreter_ssa" name="test_isolated_decomposed_offset_without_output_store_is_rejected[transpose]" time="0.002" /><testcase classname="tests.test_interpreter_step_debugger" name="test_step_continue_dynamic_watch_and_store_pause_timing" time="0.003" /><testcase classname="tests.test_interpreter_step_debugger" name="test_breakpoint_matches_opcode_exact_location_or_location_prefix[arith.add]" time="0.002" /><testcase classname="tests.test_interpreter_step_debugger" name="test_breakpoint_matches_opcode_exact_location_or_location_prefix[entry:1]" time="0.002" /><testcase classname="tests.test_interpreter_step_debugger" name="test_breakpoint_matches_opcode_exact_location_or_location_prefix[entry:1:arith.add]" time="0.002" /><testcase classname="tests.test_interpreter_step_debugger" name="test_deleting_a_breakpoint_restores_continue_behavior" time="0.002" /><testcase classname="tests.test_interpreter_step_debugger" name="test_quit_stops_future_operations_and_does_not_rollback_completed_stores[entry:1-False]" time="0.003" /><testcase classname="tests.test_interpreter_step_debugger" name="test_quit_stops_future_operations_and_does_not_rollback_completed_stores[mem.store-True]" time="0.002" /><testcase classname="tests.test_interpreter_step_debugger" name="test_program_and_opcode_filters_bound_debugger_events" time="0.002" /><testcase classname="tests.test_interpreter_step_debugger" name="test_debugger_operates_on_real_tiled_frontend_application" time="0.012" /><testcase classname="tests.test_interpreter_step_debugger" name="test_exhausted_script_continues_without_requesting_user_input" time="0.002" /><testcase classname="tests.test_interpreter_torch" name="test_torch_cpu_output_keeps_identity_and_updates_shared_storage[float32]" time="0.018" /><testcase classname="tests.test_interpreter_torch" name="test_torch_cpu_output_keeps_identity_and_updates_shared_storage[int32]" time="0.015" /><testcase classname="tests.test_interpreter_torch" name="test_input_adapter_shares_cpu_storage_before_numeric_load" time="0.002" /><testcase classname="tests.test_interpreter_torch" name="test_noncontiguous_torch_cpu_views_preserve_strides_and_guard_storage" time="0.016" /><testcase classname="tests.test_interpreter_torch" name="test_requires_grad_torch_buffers_are_rejected[x]" time="0.014" /><testcase classname="tests.test_interpreter_torch" name="test_requires_grad_torch_buffers_are_rejected[out]" time="0.012" /><testcase classname="tests.test_interpreter_torch" name="test_sparse_torch_input_is_rejected" time="0.013" /><testcase classname="tests.test_interpreter_torch" name="test_cuda_tensor_is_rejected_by_cpu_interpreter" time="0.013" /><testcase classname="tests.test_interpreter_torch" name="test_torch_dtype_must_match_declared_ssa_dtype" time="0.013" /><testcase classname="tests.test_interpreter_torch" name="test_numpy_only_execution_does_not_import_torch" time="0.474" /><testcase classname="tests.test_ipynb" name="test_ipynb[cuda]" time="6.250" /><testcase classname="tests.test_ir_immutability" name="test_ssa_mappings_and_nested_sequences_are_immutable" time="0.002" /><testcase classname="tests.test_ir_immutability" name="test_kernel_mappings_are_immutable_and_pickle_safe" time="0.002" /><testcase classname="tests.test_jagged" name="test_to_padded_tensor[3-1-2--1-cuda]" time="1.984" /><testcase classname="tests.test_jagged" name="test_to_padded_tensor[3-1-3--1-cuda]" time="1.114" /><testcase classname="tests.test_jagged" name="test_to_padded_tensor[3-1-7--1-cuda]" time="1.009" /><testcase classname="tests.test_jagged" name="test_to_padded_tensor[3-1-16--1-cuda]" time="1.009" /><testcase classname="tests.test_jagged" name="test_to_padded_tensor[3-2-2--1-cuda]" time="1.007" /><testcase classname="tests.test_jagged" name="test_to_padded_tensor[3-2-3--1-cuda]" time="1.028" /><testcase classname="tests.test_jagged" name="test_to_padded_tensor[3-2-7--1-cuda]" time="1.007" /><testcase classname="tests.test_jagged" name="test_to_padded_tensor[3-2-16--1-cuda]" time="1.008" /><testcase classname="tests.test_jagged" name="test_expand[3-1-2-cuda]" time="1.190" /><testcase classname="tests.test_jagged" name="test_expand[3-1-3-cuda]" time="1.327" /><testcase classname="tests.test_jagged" name="test_expand[3-1-7-cuda]" time="1.203" /><testcase classname="tests.test_jagged" name="test_expand[3-1-16-cuda]" time="1.202" /><testcase classname="tests.test_jagged" name="test_expand[3-2-2-cuda]" time="1.189" /><testcase classname="tests.test_jagged" name="test_expand[3-2-3-cuda]" time="1.191" /><testcase classname="tests.test_jagged" name="test_expand[3-2-7-cuda]" time="1.196" /><testcase classname="tests.test_jagged" name="test_expand[3-2-16-cuda]" time="1.198" /><testcase classname="tests.test_kernel_ir.TestKernel" name="test_tensor_spec_can_be_extracted_from_tensor_like_object" time="0.006" /><testcase classname="tests.test_kernel_ir.TestKernel" name="test_public_ir_dataclass_constructors_are_keyword_only" time="0.002" /><testcase classname="tests.test_kernel_ir.TestKernel" name="test_ir_dataclasses_reject_positional_construction" time="0.001" /><testcase classname="tests.test_kernel_ir.TestKernel" name="test_tensor_spec_name_controls_binding_not_source_name" time="0.001" /><testcase classname="tests.test_kernel_ir.TestKernel" name="test_kernel_metadata_is_immutably_extended" time="0.001" /><testcase classname="tests.test_kernel_ir.TestKernel" name="test_kernel_metadata_extension_preserves_ssa" time="0.001" /><testcase classname="tests.test_kernel_ir.TestKernel" name="test_ssa_text_render_is_readable" time="0.001" /><testcase classname="tests.test_kernel_ir.TestKernel" name="test_ir_to_dict_is_json_serializable" time="0.001" /><testcase classname="tests.test_kernel_ir.TestKernel" name="test_kernel_name_controls_generated_artifact_names_and_entrypoint" time="0.008" /><testcase classname="tests.test_layout_transfer_analysis" name="test_explicit_transpose_builds_structured_immutable_access_contract" time="0.016" /><testcase classname="tests.test_layout_transfer_analysis" name="test_dynamic_constraints_and_structured_contract_reach_schedule" time="0.042" /><testcase classname="tests.test_layout_transfer_analysis" name="test_static_mismatch_is_rejected_from_layout_schedule[specs0-\ndef copy(x, out):\n    out = x\n-program shapes are statically incompatible]" time="0.021" /><testcase classname="tests.test_layout_transfer_analysis" name="test_static_mismatch_is_rejected_from_layout_schedule[specs1-\ndef transpose(x, out):\n    out = x.T\n-logical value shapes are statically incompatible]" time="0.019" /><testcase classname="tests.test_layout_transfer_analysis" name="test_real_tiled_permute_uses_value_axis_contributions" time="0.096" /><testcase classname="tests.test_layout_transfer_analysis" name="test_original_non_contiguous_stride_and_predicate_are_preserved" time="0.019" /><testcase classname="tests.test_layout_transfer_analysis" name="test_multiple_live_layout_transfers_are_ambiguous" time="0.002" /><testcase classname="tests.test_layout_transfer_analysis" name="test_unproven_effect_or_coordinate_contract_is_rejected" time="0.082" /><testcase classname="tests.test_lowering_inference.TestLoweringInference" name="test_fill_copy_and_assignment_calls_lower_to_ssa_effects" time="0.005" /><testcase classname="tests.test_lowering_inference.TestLoweringInference" name="test_reductions_lower_to_ssa_reduce_ops" time="0.005" /><testcase classname="tests.test_lowering_inference.TestLoweringInference" name="test_transpose_and_matmul_lower_to_ssa_compute_ops" time="0.004" /><testcase classname="tests.test_lowering_inference.TestLoweringInference" name="test_unknown_intrinsic_names_stay_as_call_ops_not_coarse_attention_ir" time="0.003" /><testcase classname="tests.test_lowering_inference.TestLoweringInference" name="test_multi_output_and_scalar_math_are_generic_ssa" time="0.006" /><testcase classname="tests.test_lowering_inference.TestLoweringInference" name="test_method_namespace_and_dim_aliases_normalize_to_generic_ssa" time="0.004" /><testcase classname="tests.test_lowering_inference.TestLoweringInference" name="test_offsets_lower_to_explicit_index_ops" time="0.002" /><testcase classname="tests.test_lowering_inference.TestLoweringInference" name="test_axis_reductions_are_not_shape_special_cased" time="0.004" /><testcase classname="tests.test_lowering_inference.TestLoweringInference" name="test_axis_reduction_fusions_lower_to_generic_dataflow" time="0.003" /><testcase classname="tests.test_lowering_inference.TestLoweringInference" name="test_rowwise_softmax_and_layernorm_are_dataflow_not_kernel_nodes" time="0.008" /><testcase classname="tests.test_lowering_inference.TestLoweringInference" name="test_ssa_textual_rendering_is_the_audit_format" time="0.003" /><testcase classname="tests.test_materializer_registry" name="test_each_builtin_backend_implements_materializer_contract" time="0.002" /><testcase classname="tests.test_materializer_registry" name="test_materializer_registry_rejects_duplicate_without_replace" time="0.002" /><testcase classname="tests.test_materializer_registry" name="test_triton_materializer_uses_shared_toolchain_boundary" time="0.001" /><testcase classname="tests.test_matmul" name="test[512-512-512-dtype0-1e-08-cuda]" time="2.497" /><testcase classname="tests.test_matmul" name="test[512-512-512-dtype1-0.125-cuda]" time="2.344" /><testcase classname="tests.test_max_pool2d" name="test[32-3-64-64-3-3-dtype0-cuda-False]" time="10.995" /><testcase classname="tests.test_max_pool2d" name="test[32-3-64-64-3-3-dtype0-cuda-True]" time="11.095" /><testcase classname="tests.test_naming" name="test_make_constexpr" time="0.002" /><testcase classname="tests.test_naming" name="test_make_meta" time="0.001" /><testcase classname="tests.test_naming" name="test_make_next_power_of_2" time="0.001" /><testcase classname="tests.test_naming" name="test_is_constexpr" time="0.001" /><testcase classname="tests.test_naming" name="test_is_meta" time="0.001" /><testcase classname="tests.test_naming" name="test_is_next_power_of_2" time="0.001" /><testcase classname="tests.test_naming" name="test_remove_prefixes" time="0.001" /><testcase classname="tests.test_pad" name="test_pad[shape0-pad_0-0-constant-dtype0-1e-08-cuda]" time="0.086" /><testcase classname="tests.test_pad" name="test_pad[shape0-pad_0-0-constant-dtype1-0.001-cuda]" time="0.006" /><testcase classname="tests.test_pad" name="test_pad[shape0-pad_0-1-constant-dtype0-1e-08-cuda]" time="0.003" /><testcase classname="tests.test_pad" name="test_pad[shape0-pad_0-1-constant-dtype1-0.001-cuda]" time="0.003" /><testcase classname="tests.test_pad" name="test_pad[shape0-pad_0--1-constant-dtype0-1e-08-cuda]" time="0.003" /><testcase classname="tests.test_pad" name="test_pad[shape0-pad_0--1-constant-dtype1-0.001-cuda]" time="0.003" /><testcase classname="tests.test_pad" name="test_pad[shape0-pad_0--inf-constant-dtype0-1e-08-cuda]" time="0.003" /><testcase classname="tests.test_pad" name="test_pad[shape0-pad_0--inf-constant-dtype1-0.001-cuda]" time="0.003" /><testcase classname="tests.test_pad" name="test_pad[shape0-pad_0-3.141592653589793-constant-dtype0-1e-08-cuda]" time="0.003" /><testcase classname="tests.test_pad" name="test_pad[shape0-pad_0-3.141592653589793-constant-dtype1-0.001-cuda]" time="0.003" /><testcase classname="tests.test_pad" name="test_pad[shape0-pad_0-value5-constant-dtype0-1e-08-cuda]" time="0.003" /><testcase classname="tests.test_pad" name="test_pad[shape0-pad_0-value5-constant-dtype1-0.001-cuda]" time="0.003" /><testcase classname="tests.test_pad" name="test_pad[shape1-pad_1-0-constant-dtype0-1e-08-cuda]" time="0.084" /><testcase classname="tests.test_pad" name="test_pad[shape1-pad_1-0-constant-dtype1-0.001-cuda]" time="0.005" /><testcase classname="tests.test_pad" name="test_pad[shape1-pad_1-1-constant-dtype0-1e-08-cuda]" time="0.003" /><testcase classname="tests.test_pad" name="test_pad[shape1-pad_1-1-constant-dtype1-0.001-cuda]" time="0.003" /><testcase classname="tests.test_pad" name="test_pad[shape1-pad_1--1-constant-dtype0-1e-08-cuda]" time="0.003" /><testcase classname="tests.test_pad" name="test_pad[shape1-pad_1--1-constant-dtype1-0.001-cuda]" time="0.003" /><testcase classname="tests.test_pad" name="test_pad[shape1-pad_1--inf-constant-dtype0-1e-08-cuda]" time="0.003" /><testcase classname="tests.test_pad" name="test_pad[shape1-pad_1--inf-constant-dtype1-0.001-cuda]" time="0.003" /><testcase classname="tests.test_pad" name="test_pad[shape1-pad_1-3.141592653589793-constant-dtype0-1e-08-cuda]" time="0.003" /><testcase classname="tests.test_pad" name="test_pad[shape1-pad_1-3.141592653589793-constant-dtype1-0.001-cuda]" time="0.003" /><testcase classname="tests.test_pad" name="test_pad[shape1-pad_1-value5-constant-dtype0-1e-08-cuda]" time="0.003" /><testcase classname="tests.test_pad" name="test_pad[shape1-pad_1-value5-constant-dtype1-0.001-cuda]" time="0.003" /><testcase classname="tests.test_pad" name="test_pad[shape2-pad_2-0-constant-dtype0-1e-08-cuda]" time="0.194" /><testcase classname="tests.test_pad" name="test_pad[shape2-pad_2-0-constant-dtype1-0.001-cuda]" time="0.005" /><testcase classname="tests.test_pad" name="test_pad[shape2-pad_2-1-constant-dtype0-1e-08-cuda]" time="0.003" /><testcase classname="tests.test_pad" name="test_pad[shape2-pad_2-1-constant-dtype1-0.001-cuda]" time="0.003" /><testcase classname="tests.test_pad" name="test_pad[shape2-pad_2--1-constant-dtype0-1e-08-cuda]" time="0.003" /><testcase classname="tests.test_pad" name="test_pad[shape2-pad_2--1-constant-dtype1-0.001-cuda]" time="0.003" /><testcase classname="tests.test_pad" name="test_pad[shape2-pad_2--inf-constant-dtype0-1e-08-cuda]" time="0.003" /><testcase classname="tests.test_pad" name="test_pad[shape2-pad_2--inf-constant-dtype1-0.001-cuda]" time="0.003" /><testcase classname="tests.test_pad" name="test_pad[shape2-pad_2-3.141592653589793-constant-dtype0-1e-08-cuda]" time="0.003" /><testcase classname="tests.test_pad" name="test_pad[shape2-pad_2-3.141592653589793-constant-dtype1-0.001-cuda]" time="0.003" /><testcase classname="tests.test_pad" name="test_pad[shape2-pad_2-value5-constant-dtype0-1e-08-cuda]" time="0.003" /><testcase classname="tests.test_pad" name="test_pad[shape2-pad_2-value5-constant-dtype1-0.001-cuda]" time="0.003" /><testcase classname="tests.test_pad" name="test_pad[shape3-pad_3-0-constant-dtype0-1e-08-cuda]" time="0.076" /><testcase classname="tests.test_pad" name="test_pad[shape3-pad_3-0-constant-dtype1-0.001-cuda]" time="0.005" /><testcase classname="tests.test_pad" name="test_pad[shape3-pad_3-1-constant-dtype0-1e-08-cuda]" time="0.003" /><testcase classname="tests.test_pad" name="test_pad[shape3-pad_3-1-constant-dtype1-0.001-cuda]" time="0.003" /><testcase classname="tests.test_pad" name="test_pad[shape3-pad_3--1-constant-dtype0-1e-08-cuda]" time="0.003" /><testcase classname="tests.test_pad" name="test_pad[shape3-pad_3--1-constant-dtype1-0.001-cuda]" time="0.003" /><testcase classname="tests.test_pad" name="test_pad[shape3-pad_3--inf-constant-dtype0-1e-08-cuda]" time="0.003" /><testcase classname="tests.test_pad" name="test_pad[shape3-pad_3--inf-constant-dtype1-0.001-cuda]" time="0.003" /><testcase classname="tests.test_pad" name="test_pad[shape3-pad_3-3.141592653589793-constant-dtype0-1e-08-cuda]" time="0.003" /><testcase classname="tests.test_pad" name="test_pad[shape3-pad_3-3.141592653589793-constant-dtype1-0.001-cuda]" time="0.003" /><testcase classname="tests.test_pad" name="test_pad[shape3-pad_3-value5-constant-dtype0-1e-08-cuda]" time="0.003" /><testcase classname="tests.test_pad" name="test_pad[shape3-pad_3-value5-constant-dtype1-0.001-cuda]" time="0.003" /><testcase classname="tests.test_pow" name="test[44925-dtype0-cuda]" time="0.181" /><testcase classname="tests.test_softmax" name="test[1823-781-dtype0-cuda]" time="0.399" /><testcase classname="tests.test_ssa_application_lowering.TestApplicationSSALowering" name="test_reference_attention_lowers_to_fine_grained_region_ssa" time="0.019" /><testcase classname="tests.test_ssa_application_lowering.TestApplicationSSALowering" name="test_reference_attention_loop_uses_block_args_for_carried_state" time="0.018" /><testcase classname="tests.test_ssa_application_lowering.TestApplicationSSALowering" name="test_namespace_calls_are_not_treated_as_tensor_methods" time="0.018" /><testcase classname="tests.test_ssa_first_backend_lowering.TestSSAFirstBackendLowering" name="test_cuda_injects_curand_support_only_for_rand_operations" time="0.054" /><testcase classname="tests.test_ssa_first_backend_lowering.TestSSAFirstBackendLowering" name="test_public_lower_generates_fused_expression_without_kernel_template" time="0.282" /><testcase classname="tests.test_ssa_first_backend_lowering.TestSSAFirstBackendLowering" name="test_public_lower_uses_ssa_by_default_for_linear_backends" time="0.114" /><testcase classname="tests.test_ssa_first_backend_lowering.TestSSAFirstBackendLowering" name="test_public_lower_uses_arrangement_view_shapes_for_ssa_backends" time="0.114" /><testcase classname="tests.test_ssa_first_backend_lowering.TestSSAFirstBackendLowering" name="test_public_lower_preserves_arrangement_view_offsets_for_ssa_backends" time="0.135" /><testcase classname="tests.test_ssa_first_backend_lowering.TestSSAFirstBackendLowering" name="test_cuda_lower_materializes_long_view_index_expressions" time="0.270" /><testcase classname="tests.test_ssa_first_backend_lowering.TestSSAFirstBackendLowering" name="test_public_triton_lower_uses_unified_backend_for_structured_shapes" time="1.397" /><testcase classname="tests.test_ssa_first_backend_lowering.TestSSAFirstBackendLowering" name="test_tilelang_schedule_candidate_is_materialized_in_source_and_launch" time="2.153" /><testcase classname="tests.test_ssa_first_backend_lowering.TestSSAFirstBackendLowering" name="test_public_triton_lower_raises_when_ssa_is_unavailable" time="0.007" /><testcase classname="tests.test_ssa_first_backend_lowering.TestSSAFirstBackendLowering" name="test_from_source_generates_tensor_construction_and_view_ops" time="0.173" /><testcase classname="tests.test_ssa_first_backend_lowering.TestSSAFirstBackendLowering" name="test_from_source_generates_shape_dim_for_native_backends" time="0.041" /><testcase classname="tests.test_ssa_first_backend_lowering.TestSSAFirstBackendLowering" name="test_from_source_generates_tensor_stride_for_native_backends" time="0.057" /><testcase classname="tests.test_ssa_first_backend_lowering.TestSSAFirstBackendLowering" name="test_canonical_elementwise_math_opcodes_emit_for_all_backends" time="0.314" /><testcase classname="tests.test_ssa_first_backend_lowering.TestSSAFirstBackendLowering" name="test_from_source_generates_python_expression_syntax_for_native_backends" time="0.100" /><testcase classname="tests.test_ssa_first_backend_lowering.TestSSAFirstBackendLowering" name="test_from_source_generates_bitwise_shifts_for_native_backends" time="0.075" /><testcase classname="tests.test_ssa_first_backend_lowering.TestSSAFirstBackendLowering" name="test_from_source_preserves_subscript_store_indices_for_native_backends" time="0.091" /><testcase classname="tests.test_ssa_first_backend_lowering.TestSSAFirstBackendLowering" name="test_from_source_expands_subscript_augassign_for_native_backends" time="0.059" /><testcase classname="tests.test_ssa_first_backend_lowering.TestSSAFirstBackendLowering" name="test_from_source_linearizes_multidimensional_extract_by_source_shape" time="0.058" /><testcase classname="tests.test_ssa_first_backend_lowering.TestSSAFirstBackendLowering" name="test_public_lower_generates_ssa_reduction_for_native_backends" time="0.161" /><testcase classname="tests.test_ssa_first_backend_lowering.TestSSAFirstBackendLowering" name="test_public_lower_inlines_user_helper_calls_before_ssa_lowering" time="0.189" /><testcase classname="tests.test_ssa_first_backend_lowering.TestSSAFirstBackendLowering" name="test_constructor_resolves_tensor_dtype_for_loop_carried_values" time="2.842" /><testcase classname="tests.test_ssa_first_backend_lowering.TestSSAFirstBackendLowering" name="test_constructor_canonicalizes_aliased_and_chained_tensor_dtype" time="0.036" /><testcase classname="tests.test_ssa_first_backend_lowering.TestSSAFirstBackendLowering" name="test_constructor_uses_static_dtype_for_scalar_dtype_source" time="0.034" /><testcase classname="tests.test_ssa_first_backend_lowering.TestSSAFirstBackendLowering" name="test_constructor_does_not_propagate_dtype_ref_through_promotion" time="0.041" /><testcase classname="tests.test_ssa_first_backend_lowering.TestSSAFirstBackendLowering" name="test_constructor_propagates_dtype_ref_into_nested_region" time="0.057" /><testcase classname="tests.test_ssa_first_backend_lowering.TestSSAFirstBackendLowering" name="test_scalar_tensor_extract_load_drops_vector_mask" time="0.978" /><testcase classname="tests.test_ssa_first_backend_lowering.TestSSAFirstBackendLowering" name="test_scalar_source_load_drops_vector_mask" time="0.016" /><testcase classname="tests.test_ssa_first_backend_lowering.TestSSAFirstBackendLowering" name="test_scalar_index_name_drops_vector_mask" time="0.016" /><testcase classname="tests.test_ssa_first_backend_lowering.TestSSAFirstBackendLowering" name="test_scalarized_vector_index_drops_vector_mask" time="0.024" /><testcase classname="tests.test_ssa_first_backend_lowering.TestSSAFirstBackendLowering" name="test_from_source_generates_axis_reduction_for_native_backends" time="0.071" /><testcase classname="tests.test_ssa_first_backend_lowering.TestSSAFirstBackendLowering" name="test_from_source_generates_rowwise_reduction_for_native_backends" time="0.055" /><testcase classname="tests.test_ssa_first_backend_lowering.TestSSAFirstBackendLowering" name="test_transpose_aliases_share_one_backend_emission_contract" time="0.540" /><testcase classname="tests.test_ssa_first_backend_lowering.TestSSAFirstBackendLowering" name="test_from_source_emits_store_inside_scf_for_without_operator_dispatch" time="0.094" /><testcase classname="tests.test_ssa_first_backend_lowering.TestSSAFirstBackendLowering" name="test_from_source_preserves_else_store_region_for_side_effect_if" time="0.095" /><testcase classname="tests.test_ssa_first_backend_lowering.TestSSAFirstBackendLowering" name="test_from_source_emits_multi_result_scf_if_once" time="0.112" /><testcase classname="tests.test_ssa_first_backend_lowering.TestSSAFirstBackendLowering" name="test_public_lower_generates_loop_and_if_control_flow_for_all_backends" time="0.220" /><testcase classname="tests.test_ssa_pass_pipeline.TestPipeline" name="test_pipeline_attaches_target_schedule_without_coarse_nodes" time="0.006" /><testcase classname="tests.test_ssa_pass_pipeline.TestPipeline" name="test_schedule_sees_linalg_before_decomposition" time="0.007" /><testcase classname="tests.test_ssa_pass_pipeline.TestPipeline" name="test_pass_registry_classifies_and_registers_backend_contracts" time="0.001" /><testcase classname="tests.test_ssa_pass_pipeline.TestPipeline" name="test_custom_pipeline_can_disable_backend_optimization_pass" time="0.004" /><testcase classname="tests.test_ssa_pass_pipeline.TestPipeline" name="test_default_pipeline_records_selected_passes" time="0.004" /><testcase classname="tests.test_ssa_pass_pipeline.TestPipeline" name="test_blocked_linalg_exposes_backend_schedule_candidates" time="0.013" /><testcase classname="tests.test_ssa_pass_pipeline.TestPipeline" name="test_schedule_candidate_can_be_selected_by_pass_option" time="0.005" /><testcase classname="tests.test_ssa_program_domain_regressions" name="test_flattened_debug_output_preserves_each_source_tile" time="0.494" /><testcase classname="tests.test_ssa_program_domain_regressions" name="test_expanded_dense_input_does_not_introduce_unbound_jagged_extent[1-3]" time="0.936" /><testcase classname="tests.test_ssa_program_domain_regressions" name="test_expanded_dense_input_does_not_introduce_unbound_jagged_extent[1-4]" time="2.519" /><testcase classname="tests.test_ssa_program_domain_regressions" name="test_expanded_dense_input_does_not_introduce_unbound_jagged_extent[2-3]" time="0.928" /><testcase classname="tests.test_ssa_program_domain_regressions" name="test_expanded_dense_input_does_not_introduce_unbound_jagged_extent[2-4]" time="2.383" /><testcase classname="tests.test_ssa_program_domain_regressions" name="test_cuda_signed_division_source_matches_python_integer_semantics" time="0.222" /><testcase classname="tests.test_ssa_validation" name="test_verifier_rejects_undefined_operand" time="0.003" /><testcase classname="tests.test_ssa_validation" name="test_verifier_rejects_duplicate_result_definition" time="0.002" /><testcase classname="tests.test_ssa_validation" name="test_unknown_python_helper_fails_closed_with_source_location" time="0.002" /><testcase classname="tests.test_ssa_validation" name="test_strict_frontend_rejects_invalid_reduction_axis" time="0.002" /><testcase classname="tests.test_ssa_validation" name="test_static_broadcast_mismatch_fails_closed" time="0.002" /><testcase classname="tests.test_ssa_validation" name="test_cast_updates_ssa_result_dtype" time="0.002" /><testcase classname="tests.test_ssa_validation" name="test_batched_matmul_type_preserves_broadcast_batch_domain" time="0.002" /><testcase classname="tests.test_triton_aot_materializer" name="test_triton_aot_kernel_names_require_matching_generated_symbols" time="0.002" /><testcase classname="tests.test_triton_aot_materializer" name="test_triton_aot_kernel_names_reject_format_drift[CUmodule changed_mod = NULL;\nvoid load_changed() {}\n]" time="0.003" /><testcase classname="tests.test_triton_aot_materializer" name="test_triton_aot_kernel_names_reject_format_drift[CUmodule changed_mod = NULL;\nCUfunction another_func = NULL;\nvoid load_changed() {}\n]" time="0.002" /><testcase classname="tests.test_triton_aot_materializer" name="test_triton_aot_kernel_names_reject_format_drift[CUmodule changed_mod = NULL;\nCUfunction changed_func = NULL;\nstatic void load_changed() {}\n]" time="0.002" /><testcase classname="tests.test_triton_aot_materializer" name="test_triton_context_guard_uses_context_state_instead_of_device_ordinals" time="0.001" /><testcase classname="tests.test_triton_aot_materializer" name="test_fresh_aot_materialization_enters_launches_and_leaves" time="0.002" /><testcase classname="tests.test_triton_aot_materializer" name="test_reloaded_aot_wrapper_enters_launches_and_leaves" time="0.002" /><testcase classname="tests.test_triton_aot_materializer" name="test_reloaded_aot_wrapper_leaves_after_kernel_failures[17-None-KernelLaunchError]" time="0.002" /><testcase classname="tests.test_triton_aot_materializer" name="test_reloaded_aot_wrapper_leaves_after_kernel_failures[0-error1-RuntimeError]" time="0.002" /><testcase classname="tests.test_triton_aot_materializer" name="test_reloaded_aot_wrapper_does_not_launch_when_enter_fails" time="0.002" /><testcase classname="tests.test_triton_aot_materializer" name="test_reloaded_unguarded_artifact_requires_rebuild" time="0.002" /><testcase classname="tests.test_triton_aot_materializer" name="test_stale_triton_launcher_schema_triggers_rebuild[missing]" time="0.002" /><testcase classname="tests.test_triton_aot_materializer" name="test_stale_triton_launcher_schema_triggers_rebuild[stale]" time="0.002" /><testcase classname="tests.test_triton_aot_materializer" name="test_stale_triton_launcher_schema_triggers_rebuild[current]" time="0.002" /><testcase classname="tests.test_triton_aot_materializer" name="test_aot_compilation_links_generated_context_guard" time="0.004" /><testcase classname="tests.test_triton_layout_transfer" name="test_triton_layout_transfer_emits_tiled_transpose_with_independent_tails" time="0.095" /><testcase classname="tests.test_triton_layout_transfer" name="test_triton_layout_transfer_exposes_legal_schedule_candidates" time="0.092" /><testcase classname="tests.test_triton_layout_transfer" name="test_explicit_candidate_survives_single_config_limit_with_selected_warps" time="0.091" /><testcase classname="tests.test_triton_layout_transfer" name="test_non_power_of_two_pre_tiled_transfer_uses_generic_emission" time="0.807" /><testcase classname="tests.test_triton_layout_transfer_runtime" name="test_layout_transfer_runtime_contract_and_aot_wiring" time="0.051" /><testcase classname="tests.test_triton_layout_transfer_runtime" name="test_layout_transfer_jit_aot_reload_with_dynamic_strides[cuda]" time="6.955" /><testcase classname="tests.test_triton_reduction_schedule" name="test_reduction_domain_selects_triton_row_vector_schedule" time="1.002" /><testcase classname="tests.test_triton_reduction_schedule" name="test_triton_row_vector_reduction_runtime[cuda]" time="2.595" /><testcase classname="tests.test_triton_reduction_schedule" name="test_row_vector_only_vectorizes_scheduled_reductions_and_masks_source_store[cuda]" time="0.540" /><testcase classname="tests.test_triton_runtime_auto_tuning" name="test_triton_single_and_plain_materialization_use_verified_launch[plain]" time="0.003" /><testcase classname="tests.test_triton_runtime_auto_tuning" name="test_triton_single_and_plain_materialization_use_verified_launch[single-candidate]" time="0.002" /><testcase classname="tests.test_triton_runtime_auto_tuning" name="test_verified_runtime_launch_rebinds_zero_dimensional_value" time="0.002" /><testcase classname="tests.test_triton_runtime_auto_tuning" name="test_verified_runtime_launch_keeps_eight_recent_identities" time="0.003" /><testcase classname="tests.test_triton_runtime_auto_tuning" name="test_verified_runtime_launch_handles_zero_without_calling_kernel" time="0.001" /><testcase classname="tests.test_triton_runtime_auto_tuning" name="test_verified_runtime_launch_preserves_argument_errors" time="0.002" /><testcase classname="tests.test_triton_runtime_auto_tuning" name="test_verified_runtime_fast_key_defers_invalid_tensor_to_validation" time="0.002" /><testcase classname="tests.test_triton_runtime_auto_tuning" name="test_verified_runtime_four_buffer_call_has_no_cached_output_field" time="0.001" /><testcase classname="tests.test_triton_runtime_auto_tuning" name="test_verified_runtime_cache_does_not_retain_tensor_or_flattened_view" time="0.158" /><testcase classname="tests.test_triton_runtime_auto_tuning" name="test_verified_runtime_uses_prepared_low_level_invocation" time="0.001" /><testcase classname="tests.test_triton_runtime_auto_tuning" name="test_triton_prepared_invocation_caches_grid_without_launching" time="0.083" /><testcase classname="tests.test_triton_runtime_auto_tuning" name="test_triton_direct_winner_reuses_verified_binding_and_restores_aba" time="0.002" /><testcase classname="tests.test_triton_runtime_auto_tuning" name="test_triton_alias_selection_does_not_pollute_non_alias_tuning" time="0.002" /><testcase classname="tests.test_triton_runtime_auto_tuning" name="test_triton_tensor_scalar_alias_uses_alias_safe_selection[scalar]" time="0.002" /><testcase classname="tests.test_triton_runtime_auto_tuning" name="test_triton_tensor_scalar_alias_uses_alias_safe_selection[constexpr]" time="0.002" /><testcase classname="tests.test_triton_runtime_auto_tuning" name="test_triton_alias_signature_uses_absolute_spans_and_fails_closed" time="0.001" /><testcase classname="tests.test_triton_runtime_auto_tuning" name="test_triton_read_write_binding_uses_alias_safe_selection" time="0.092" /><testcase classname="tests.test_triton_runtime_auto_tuning" name="test_triton_loop_carried_binding_access_preserves_input_dependency" time="0.079" /><testcase classname="tests.test_triton_runtime_auto_tuning" name="test_triton_alias_selection_uses_jagged_binding_access" time="0.006" /><testcase classname="tests.test_triton_runtime_auto_tuning" name="test_triton_alias_selection_handles_candidate_failures_safely" time="0.002" /><testcase classname="tests.test_triton_runtime_auto_tuning" name="test_prepared_launch_rebinds_after_tensor_contract_change[shape-value0-2]" time="0.002" /><testcase classname="tests.test_triton_runtime_auto_tuning" name="test_prepared_launch_rebinds_after_tensor_contract_change[_stride-value1-2]" time="0.002" /><testcase classname="tests.test_triton_runtime_auto_tuning" name="test_prepared_launch_rebinds_after_tensor_contract_change[dtype-float16-2]" time="0.002" /><testcase classname="tests.test_triton_runtime_auto_tuning" name="test_prepared_launch_rebinds_after_tensor_contract_change[device-cuda:1-2]" time="0.002" /><testcase classname="tests.test_triton_runtime_auto_tuning" name="test_prepared_launch_rebinds_after_tensor_contract_change[_data_ptr-1-1]" time="0.002" /><testcase classname="tests.test_triton_runtime_auto_tuning" name="test_prepared_launch_rebinds_after_tensor_contract_change[_storage_offset-1-1]" time="0.002" /><testcase classname="tests.test_triton_runtime_auto_tuning" name="test_triton_direct_winner_validates_constexpr_and_argument_errors" time="0.002" /><testcase classname="tests.test_triton_runtime_auto_tuning" name="test_zero_dimensional_constexpr_mutation_rebinds_current_value" time="0.002" /><testcase classname="tests.test_triton_runtime_auto_tuning" name="test_triton_winner_proofs_share_the_bounded_prepared_lru" time="0.005" /><testcase classname="tests.test_triton_runtime_auto_tuning" name="test_prepared_launch_resolves_output_from_the_current_call" time="0.001" /><testcase classname="tests.test_triton_runtime_auto_tuning" name="test_triton_zero_size_does_not_disturb_nonempty_prepared_call" time="0.002" /><testcase classname="tests.test_triton_runtime_auto_tuning" name="test_triton_tuple_configurations_are_benchmarked_and_cached[cuda]" time="0.287" /><testcase classname="tests.test_triton_runtime_auto_tuning" name="test_triton_prepared_cache_releases_gpu_tensor_storage[cuda]" time="0.325" /><testcase classname="tests.test_triton_runtime_auto_tuning" name="test_auto_tuner_validates_arguments_before_benchmark" time="0.003" /><testcase classname="tests.test_triton_runtime_auto_tuning" name="test_auto_tuner_cache_is_reused_across_instances" time="0.010" /><testcase classname="tests.test_triton_runtime_auto_tuning" name="test_auto_tuner_retries_transient_candidate_failures" time="0.017" /><testcase classname="tests.test_unsqueeze" name="test_unsqueeze" time="0.037" /></testsuite></testsuites>