============================= test session starts ==============================
platform linux -- Python 3.12.7, pytest-8.1.1, pluggy-1.6.0 -- /home/vipuser/infinitensor-2026/.venv/bin/python
cachedir: .pytest_cache
rootdir: /home/vipuser/infinitensor-2026/ninetoothed-final-20260908
configfile: pyproject.toml
plugins: cov-7.1.0
collecting ... collected 684 items

tests/test_add.py::test[98432-dtype0-cuda] PASSED                        [  0%]
tests/test_addmm.py::test[512-512-512-dtype0-0.075-cuda] PASSED          [  0%]
tests/test_addmm.py::test[512-512-512-dtype1-0.125-cuda] PASSED          [  0%]
tests/test_aot.py::test_add[False-45327-dtype0-bf16-cuda] PASSED         [  0%]
tests/test_aot.py::test_add[True-45327-dtype0-bf16-cuda] SKIPPED (mu...) [  0%]
tests/test_aot.py::test_addmm[512-512-512-dtype0-fp16-0.075-cuda] PASSED [  0%]
tests/test_aot.py::test_attention[2-4-1024-64-dtype0-fp16-0.01-0.01-cuda] PASSED [  1%]
tests/test_aot.py::test_matmul[512-512-512-dtype0-fp16-cuda] PASSED      [  1%]
tests/test_aot.py::test_conv2d[False-4-64-16-16-512-3-3-dtype0-fp16-0.001-0.001-cuda-False] PASSED [  1%]
tests/test_aot.py::test_conv2d[False-4-64-16-16-512-3-3-dtype0-fp16-0.001-0.001-cuda-True] PASSED [  1%]
tests/test_aot.py::test_conv2d[True-4-64-16-16-512-3-3-dtype0-fp16-0.001-0.001-cuda-False] PASSED [  1%]
tests/test_aot.py::test_conv2d[True-4-64-16-16-512-3-3-dtype0-fp16-0.001-0.001-cuda-True] PASSED [  1%]
tests/test_aot.py::test_fp32_scalar[cuda] PASSED                         [  1%]
tests/test_aot.py::test_aot_with_static_non_power_of_two_innermost_sizes[cuda] PASSED [  2%]
tests/test_aot.py::test_overflow_terms PASSED                            [  2%]
tests/test_aot_auto_tuning.py::test_auto_tuning[20260128-dtype0-fp32-1e-05-1e-05-cuda] PASSED [  2%]
tests/test_aot_auto_tuning.py::test_auto_tuning[20260128-dtype1-fp16-0.001-0.001-cuda] PASSED [  2%]
tests/test_aot_auto_tuning.py::test_auto_tuning[1127-dtype0-fp32-1e-05-1e-05-cuda] PASSED [  2%]
tests/test_aot_auto_tuning.py::test_auto_tuning[1127-dtype1-fp16-0.001-0.001-cuda] PASSED [  2%]
tests/test_attention.py::test[2-4-1024-64-dtype0-0.025-0.025-cuda-False] PASSED [  2%]
tests/test_attention.py::test[2-4-1024-64-dtype0-0.025-0.025-cuda-True] PASSED [  3%]
tests/test_attention.py::test[2-4-1024-64-dtype1-0.01-0.01-cuda-False] PASSED [  3%]
tests/test_attention.py::test[2-4-1024-64-dtype1-0.01-0.01-cuda-True] PASSED [  3%]
tests/test_attention.py::test[2-4-1-64-dtype0-0.025-0.025-cuda-False] PASSED [  3%]
tests/test_attention.py::test[2-4-1-64-dtype0-0.025-0.025-cuda-True] PASSED [  3%]
tests/test_attention.py::test[2-4-1-64-dtype1-0.01-0.01-cuda-False] PASSED [  3%]
tests/test_attention.py::test[2-4-1-64-dtype1-0.01-0.01-cuda-True] PASSED [  3%]
tests/test_auto_tuner.py::test_auto_tuner[args0-kwargs0-cuda] PASSED     [  4%]
tests/test_auto_tuner.py::test_auto_tuner[args0-kwargs1-cuda] PASSED     [  4%]
tests/test_auto_tuner.py::test_auto_tuner[args1-kwargs0-cuda] PASSED     [  4%]
tests/test_auto_tuner.py::test_auto_tuner[args1-kwargs1-cuda] PASSED     [  4%]
tests/test_auto_tuner.py::test_auto_tuner_reports_every_failed_candidate[cuda] PASSED [  4%]
tests/test_backend_registry.py::TestRegistry::test_backend_names_are_normalized_without_aliases PASSED [  4%]
tests/test_backend_registry.py::TestRegistry::test_backend_options_are_validated_and_normalized_by_target PASSED [  4%]
tests/test_backend_registry.py::TestRegistry::test_cuda_arch_is_materialized_in_nvcc_command PASSED [  5%]
tests/test_backend_registry.py::TestRegistry::test_default_registry_reports_three_backends PASSED [  5%]
tests/test_backend_registry.py::TestRegistry::test_backends_reject_source_only_kernel_without_ssa PASSED [  5%]
tests/test_backend_registry.py::TestRegistry::test_backends_emit_ssa_elementwise_add PASSED [  5%]
tests/test_backend_registry.py::TestRegistry::test_cuda_backend_includes_fp16_header_for_half_artifacts PASSED [  5%]
tests/test_backend_registry.py::TestRegistry::test_linalg_matmul_is_decomposed_before_backend_emission PASSED [  5%]
tests/test_backend_registry.py::TestRegistry::test_cuda_exposes_only_materialized_wmma_schedule PASSED [  5%]
tests/test_backend_registry.py::TestRegistry::test_cuda_constraints_fall_back_to_generic_dot PASSED [  6%]
tests/test_backend_registry.py::TestRegistry::test_optimization_metadata_contains_only_materialized_choices PASSED [  6%]
tests/test_backend_registry.py::TestRegistry::test_generic_cuda_launch_matches_emitted_thread_count PASSED [  6%]
tests/test_backend_registry.py::TestRegistry::test_artifact_can_write_all_sources PASSED [  6%]
tests/test_backend_registry.py::TestRegistry::test_manifest_and_in_memory_metadata_share_one_builder PASSED [  6%]
tests/test_built_artifact_reload.py::test_aot_built_artifact_can_be_reloaded[triton-cuda] PASSED [  6%]
tests/test_built_artifact_reload.py::test_aot_built_artifact_can_be_reloaded[cuda-cuda] PASSED [  7%]
tests/test_built_artifact_reload.py::test_aot_built_artifact_can_be_reloaded[tilelang-cuda] PASSED [  7%]
tests/test_built_artifact_reload.py::test_triton_aot_handle_is_reusable_across_cuda_contexts SKIPPED [  7%]
tests/test_built_artifact_reload.py::test_cuda_empty_tensor_is_a_no_op[jit-cuda] PASSED [  7%]
tests/test_built_artifact_reload.py::test_cuda_empty_tensor_is_a_no_op[aot-cuda] PASSED [  7%]
tests/test_clone.py::test_clone[0-641-700-280-300-cuda] PASSED           [  7%]
tests/test_clone.py::test_clone[1-641-700-280-300-cuda] PASSED           [  7%]
tests/test_clone.py::test_clone[2-641-700-280-300-cuda] PASSED           [  8%]
tests/test_clone.py::test_clone[3-641-700-280-300-cuda] PASSED           [  8%]
tests/test_compiler_cache_runtime.py::test_runtime_binding_rejects_unknown_duplicate_and_missing_arguments PASSED [  8%]
tests/test_compiler_cache_runtime.py::test_runtime_binding_validates_tensor_contract[value0-rank 1; expected 2] PASSED [  8%]
tests/test_compiler_cache_runtime.py::test_runtime_binding_validates_tensor_contract[value1-dtype float16; expected float32] PASSED [  8%]
tests/test_compiler_cache_runtime.py::test_runtime_binding_validates_tensor_contract[value2-must be on a CUDA device] PASSED [  8%]
tests/test_compiler_cache_runtime.py::test_runtime_binding_validates_static_dimensions_of_dynamic_shape PASSED [  8%]
tests/test_compiler_cache_runtime.py::test_runtime_wrappers_skip_empty_launches PASSED [  9%]
tests/test_compiler_cache_runtime.py::test_content_digest_is_stable_for_a_b_a_sources PASSED [  9%]
tests/test_compiler_cache_runtime.py::test_native_gpu_capability_is_part_of_compilation_cache_key[cuda] PASSED [  9%]
tests/test_compiler_cache_runtime.py::test_native_gpu_capability_is_part_of_compilation_cache_key[tilelang] PASSED [  9%]
tests/test_compiler_cache_runtime.py::test_native_gpu_capability_is_part_of_compilation_cache_key[triton] PASSED [  9%]
tests/test_compiler_cache_runtime.py::test_explicit_cuda_arch_does_not_query_runtime_device PASSED [  9%]
tests/test_compiler_cache_runtime.py::test_concurrent_source_writes_are_atomic PASSED [  9%]
tests/test_compiler_entrypoints.py::test_public_entrypoints_remain_conservative PASSED [ 10%]
tests/test_compiler_entrypoints.py::test_legacy_entrypoint_modules_remain_importable PASSED [ 10%]
tests/test_compiler_entrypoints.py::test_jit_implementation_class_is_not_public PASSED [ 10%]
tests/test_compiler_entrypoints.py::test_jit_function_and_decorator_use_the_default_compiler PASSED [ 10%]
tests/test_compiler_entrypoints.py::test_pure_lowering_does_not_query_runtime_cuda_architecture PASSED [ 10%]
tests/test_compiler_entrypoints.py::test_make_preserves_legacy_caller_materialization_mode PASSED [ 10%]
tests/test_compiler_entrypoints.py::test_triton_launch_plan_enumerates_symbolic_meta_parameters PASSED [ 10%]
tests/test_compiler_entrypoints.py::test_package_import_does_not_create_compiler_cache PASSED [ 11%]
tests/test_compiler_entrypoints.py::test_triton_launch_plan_contains_limited_runtime_variants PASSED [ 11%]
tests/test_compiler_entrypoints.py::test_non_triton_backends_reject_unsupported_auto_tuning[options0-cuda] PASSED [ 11%]
tests/test_compiler_entrypoints.py::test_non_triton_backends_reject_unsupported_auto_tuning[options0-tilelang] PASSED [ 11%]
tests/test_compiler_entrypoints.py::test_non_triton_backends_reject_unsupported_auto_tuning[options1-cuda] PASSED [ 11%]
tests/test_compiler_entrypoints.py::test_non_triton_backends_reject_unsupported_auto_tuning[options1-tilelang] PASSED [ 11%]
tests/test_compiler_entrypoints.py::test_non_triton_backends_reject_unsupported_auto_tuning[options2-cuda] PASSED [ 11%]
tests/test_compiler_entrypoints.py::test_non_triton_backends_reject_unsupported_auto_tuning[options2-tilelang] PASSED [ 12%]
tests/test_conv2d.py::test[4-64-16-16-512-3-3-0-dtype0-0.001-0.001-cuda] PASSED [ 12%]
tests/test_conv2d.py::test[4-64-16-16-512-3-3-padding1-dtype0-0.001-0.001-cuda] PASSED [ 12%]
tests/test_conv2d.py::test[4-64-16-16-512-3-3-padding2-dtype0-0.001-0.001-cuda] PASSED [ 12%]
tests/test_conv2d.py::test[4-64-16-16-512-3-3-padding3-dtype0-0.001-0.001-cuda] PASSED [ 12%]
tests/test_cuda_reduction_schedule.py::test_cuda_cooperative_reduction_schedule_and_source PASSED [ 12%]
tests/test_cuda_reduction_schedule.py::test_cuda_cooperative_reduction_runtime PASSED [ 13%]
tests/test_cuda_reduction_schedule.py::test_cuda_cooperative_reduction_aot_reload PASSED [ 13%]
tests/test_data_ptr.py::test_data_ptr[64180-cuda] PASSED                 [ 13%]
tests/test_debugging.py::test_addmm[cuda] PASSED                         [ 13%]
tests/test_dropout.py::test[349-dtype0-cuda] PASSED                      [ 13%]
tests/test_emitter_boundaries.py::test_shared_ssa_emitter_uses_capabilities_instead_of_backend_flags PASSED [ 13%]
tests/test_emitter_boundaries.py::test_backend_strategies_only_use_public_shared_emitter_hooks PASSED [ 13%]
tests/test_eval.py::test_eval[False-False-None] PASSED                   [ 14%]
tests/test_eval.py::test_eval[False-False-shape_options1] PASSED         [ 14%]
tests/test_eval.py::test_eval[False-True-None] PASSED                    [ 14%]
tests/test_eval.py::test_eval[False-True-shape_options1] PASSED          [ 14%]
tests/test_eval.py::test_eval[True-False-None] PASSED                    [ 14%]
tests/test_eval.py::test_eval[True-False-shape_options1] PASSED          [ 14%]
tests/test_eval.py::test_eval[True-True-None] PASSED                     [ 14%]
tests/test_eval.py::test_eval[True-True-shape_options1] PASSED           [ 15%]
tests/test_expand.py::test_expand[cuda] PASSED                           [ 15%]
tests/test_generation.py::test_auto_tuning_generation[block_size_m0-block_size_n0-block_size_k0-None-None-cuda] PASSED [ 15%]
tests/test_generation.py::test_auto_tuning_generation[block_size_m0-block_size_n0-block_size_k0-None-3-cuda] PASSED [ 15%]
tests/test_generation.py::test_auto_tuning_generation[block_size_m0-block_size_n0-block_size_k0-None-num_stages2-cuda] PASSED [ 15%]
tests/test_generation.py::test_auto_tuning_generation[block_size_m0-block_size_n0-block_size_k0-4-None-cuda] PASSED [ 15%]
tests/test_generation.py::test_auto_tuning_generation[block_size_m0-block_size_n0-block_size_k0-4-3-cuda] PASSED [ 15%]
tests/test_generation.py::test_auto_tuning_generation[block_size_m0-block_size_n0-block_size_k0-4-num_stages2-cuda] PASSED [ 16%]
tests/test_generation.py::test_auto_tuning_generation[block_size_m0-block_size_n0-block_size_k0-num_warps2-None-cuda] PASSED [ 16%]
tests/test_generation.py::test_auto_tuning_generation[block_size_m0-block_size_n0-block_size_k0-num_warps2-3-cuda] PASSED [ 16%]
tests/test_generation.py::test_auto_tuning_generation[block_size_m0-block_size_n0-block_size_k0-num_warps2-num_stages2-cuda] PASSED [ 16%]
tests/test_generation.py::test_auto_tuning_generation[block_size_m0-block_size_n0-64-None-None-cuda] PASSED [ 16%]
tests/test_generation.py::test_auto_tuning_generation[block_size_m0-block_size_n0-64-None-3-cuda] PASSED [ 16%]
tests/test_generation.py::test_auto_tuning_generation[block_size_m0-block_size_n0-64-None-num_stages2-cuda] PASSED [ 16%]
tests/test_generation.py::test_auto_tuning_generation[block_size_m0-block_size_n0-64-4-None-cuda] PASSED [ 17%]
tests/test_generation.py::test_auto_tuning_generation[block_size_m0-block_size_n0-64-4-3-cuda] PASSED [ 17%]
tests/test_generation.py::test_auto_tuning_generation[block_size_m0-block_size_n0-64-4-num_stages2-cuda] PASSED [ 17%]
tests/test_generation.py::test_auto_tuning_generation[block_size_m0-block_size_n0-64-num_warps2-None-cuda] PASSED [ 17%]
tests/test_generation.py::test_auto_tuning_generation[block_size_m0-block_size_n0-64-num_warps2-3-cuda] PASSED [ 17%]
tests/test_generation.py::test_auto_tuning_generation[block_size_m0-block_size_n0-64-num_warps2-num_stages2-cuda] PASSED [ 17%]
tests/test_generation.py::test_auto_tuning_generation[block_size_m0-64-block_size_k0-None-None-cuda] PASSED [ 17%]
tests/test_generation.py::test_auto_tuning_generation[block_size_m0-64-block_size_k0-None-3-cuda] PASSED [ 18%]
tests/test_generation.py::test_auto_tuning_generation[block_size_m0-64-block_size_k0-None-num_stages2-cuda] PASSED [ 18%]
tests/test_generation.py::test_auto_tuning_generation[block_size_m0-64-block_size_k0-4-None-cuda] PASSED [ 18%]
tests/test_generation.py::test_auto_tuning_generation[block_size_m0-64-block_size_k0-4-3-cuda] PASSED [ 18%]
tests/test_generation.py::test_auto_tuning_generation[block_size_m0-64-block_size_k0-4-num_stages2-cuda] PASSED [ 18%]
tests/test_generation.py::test_auto_tuning_generation[block_size_m0-64-block_size_k0-num_warps2-None-cuda] PASSED [ 18%]
tests/test_generation.py::test_auto_tuning_generation[block_size_m0-64-block_size_k0-num_warps2-3-cuda] PASSED [ 19%]
tests/test_generation.py::test_auto_tuning_generation[block_size_m0-64-block_size_k0-num_warps2-num_stages2-cuda] PASSED [ 19%]
tests/test_generation.py::test_auto_tuning_generation[block_size_m0-64-64-None-None-cuda] PASSED [ 19%]
tests/test_generation.py::test_auto_tuning_generation[block_size_m0-64-64-None-3-cuda] PASSED [ 19%]
tests/test_generation.py::test_auto_tuning_generation[block_size_m0-64-64-None-num_stages2-cuda] PASSED [ 19%]
tests/test_generation.py::test_auto_tuning_generation[block_size_m0-64-64-4-None-cuda] PASSED [ 19%]
tests/test_generation.py::test_auto_tuning_generation[block_size_m0-64-64-4-3-cuda] PASSED [ 19%]
tests/test_generation.py::test_auto_tuning_generation[block_size_m0-64-64-4-num_stages2-cuda] PASSED [ 20%]
tests/test_generation.py::test_auto_tuning_generation[block_size_m0-64-64-num_warps2-None-cuda] PASSED [ 20%]
tests/test_generation.py::test_auto_tuning_generation[block_size_m0-64-64-num_warps2-3-cuda] PASSED [ 20%]
tests/test_generation.py::test_auto_tuning_generation[block_size_m0-64-64-num_warps2-num_stages2-cuda] PASSED [ 20%]
tests/test_generation.py::test_auto_tuning_generation[64-block_size_n0-block_size_k0-None-None-cuda] PASSED [ 20%]
tests/test_generation.py::test_auto_tuning_generation[64-block_size_n0-block_size_k0-None-3-cuda] PASSED [ 20%]
tests/test_generation.py::test_auto_tuning_generation[64-block_size_n0-block_size_k0-None-num_stages2-cuda] PASSED [ 20%]
tests/test_generation.py::test_auto_tuning_generation[64-block_size_n0-block_size_k0-4-None-cuda] PASSED [ 21%]
tests/test_generation.py::test_auto_tuning_generation[64-block_size_n0-block_size_k0-4-3-cuda] PASSED [ 21%]
tests/test_generation.py::test_auto_tuning_generation[64-block_size_n0-block_size_k0-4-num_stages2-cuda] PASSED [ 21%]
tests/test_generation.py::test_auto_tuning_generation[64-block_size_n0-block_size_k0-num_warps2-None-cuda] PASSED [ 21%]
tests/test_generation.py::test_auto_tuning_generation[64-block_size_n0-block_size_k0-num_warps2-3-cuda] PASSED [ 21%]
tests/test_generation.py::test_auto_tuning_generation[64-block_size_n0-block_size_k0-num_warps2-num_stages2-cuda] PASSED [ 21%]
tests/test_generation.py::test_auto_tuning_generation[64-block_size_n0-64-None-None-cuda] PASSED [ 21%]
tests/test_generation.py::test_auto_tuning_generation[64-block_size_n0-64-None-3-cuda] PASSED [ 22%]
tests/test_generation.py::test_auto_tuning_generation[64-block_size_n0-64-None-num_stages2-cuda] PASSED [ 22%]
tests/test_generation.py::test_auto_tuning_generation[64-block_size_n0-64-4-None-cuda] PASSED [ 22%]
tests/test_generation.py::test_auto_tuning_generation[64-block_size_n0-64-4-3-cuda] PASSED [ 22%]
tests/test_generation.py::test_auto_tuning_generation[64-block_size_n0-64-4-num_stages2-cuda] PASSED [ 22%]
tests/test_generation.py::test_auto_tuning_generation[64-block_size_n0-64-num_warps2-None-cuda] PASSED [ 22%]
tests/test_generation.py::test_auto_tuning_generation[64-block_size_n0-64-num_warps2-3-cuda] PASSED [ 22%]
tests/test_generation.py::test_auto_tuning_generation[64-block_size_n0-64-num_warps2-num_stages2-cuda] PASSED [ 23%]
tests/test_generation.py::test_auto_tuning_generation[64-64-block_size_k0-None-None-cuda] PASSED [ 23%]
tests/test_generation.py::test_auto_tuning_generation[64-64-block_size_k0-None-3-cuda] PASSED [ 23%]
tests/test_generation.py::test_auto_tuning_generation[64-64-block_size_k0-None-num_stages2-cuda] PASSED [ 23%]
tests/test_generation.py::test_auto_tuning_generation[64-64-block_size_k0-4-None-cuda] PASSED [ 23%]
tests/test_generation.py::test_auto_tuning_generation[64-64-block_size_k0-4-3-cuda] PASSED [ 23%]
tests/test_generation.py::test_auto_tuning_generation[64-64-block_size_k0-4-num_stages2-cuda] PASSED [ 23%]
tests/test_generation.py::test_auto_tuning_generation[64-64-block_size_k0-num_warps2-None-cuda] PASSED [ 24%]
tests/test_generation.py::test_auto_tuning_generation[64-64-block_size_k0-num_warps2-3-cuda] PASSED [ 24%]
tests/test_generation.py::test_auto_tuning_generation[64-64-block_size_k0-num_warps2-num_stages2-cuda] PASSED [ 24%]
tests/test_generation.py::test_auto_tuning_generation[64-64-64-None-None-cuda] PASSED [ 24%]
tests/test_generation.py::test_auto_tuning_generation[64-64-64-None-3-cuda] PASSED [ 24%]
tests/test_generation.py::test_auto_tuning_generation[64-64-64-None-num_stages2-cuda] PASSED [ 24%]
tests/test_generation.py::test_auto_tuning_generation[64-64-64-4-None-cuda] PASSED [ 25%]
tests/test_generation.py::test_auto_tuning_generation[64-64-64-4-3-cuda] PASSED [ 25%]
tests/test_generation.py::test_auto_tuning_generation[64-64-64-4-num_stages2-cuda] PASSED [ 25%]
tests/test_generation.py::test_auto_tuning_generation[64-64-64-num_warps2-None-cuda] PASSED [ 25%]
tests/test_generation.py::test_auto_tuning_generation[64-64-64-num_warps2-3-cuda] PASSED [ 25%]
tests/test_generation.py::test_auto_tuning_generation[64-64-64-num_warps2-num_stages2-cuda] PASSED [ 25%]
tests/test_generation.py::test_arrangement_returning_a_single_tensor[cuda] PASSED [ 25%]
tests/test_generation.py::test_squeezing_the_innermost_level[1024-128-10-cuda] PASSED [ 26%]
tests/test_generation.py::test_unsqueezing_the_outermost_level[cuda] PASSED [ 26%]
tests/test_generation.py::test_non_int_constexpr[1086-cuda] PASSED       [ 26%]
tests/test_generation.py::test_loop_carried_row_sum_with_tensor_dtype[cuda] PASSED [ 26%]
tests/test_getitem.py::test_getitem[shape0-indices0] PASSED              [ 26%]
tests/test_getitem.py::test_getitem[shape1-indices1] PASSED              [ 26%]
tests/test_getitem.py::test_getitem[shape2-indices2] PASSED              [ 26%]
tests/test_getitem.py::test_getitem[shape3-indices3] PASSED              [ 27%]
tests/test_getitem.py::test_getitem[shape4-indices4] PASSED              [ 27%]
tests/test_getitem.py::test_getitem[shape5-indices5] PASSED              [ 27%]
tests/test_getitem.py::test_getitem[shape6-indices6] PASSED              [ 27%]
tests/test_getitem.py::test_getitem[shape7-indices7] PASSED              [ 27%]
tests/test_getitem.py::test_getitem[shape8-indices8] PASSED              [ 27%]
tests/test_getitem.py::test_getitem[shape9-indices9] PASSED              [ 27%]
tests/test_interpreter_applications.py::test_elementwise_and_nondivisible_tail[1-float32] PASSED [ 28%]
tests/test_interpreter_applications.py::test_elementwise_and_nondivisible_tail[1-int32] PASSED [ 28%]
tests/test_interpreter_applications.py::test_elementwise_and_nondivisible_tail[8-float32] PASSED [ 28%]
tests/test_interpreter_applications.py::test_elementwise_and_nondivisible_tail[8-int32] PASSED [ 28%]
tests/test_interpreter_applications.py::test_elementwise_and_nondivisible_tail[11-float32] PASSED [ 28%]
tests/test_interpreter_applications.py::test_elementwise_and_nondivisible_tail[11-int32] PASSED [ 28%]
tests/test_interpreter_applications.py::test_bool_results_are_exact PASSED [ 28%]
tests/test_interpreter_applications.py::test_broadcast_reuses_bias_for_each_row PASSED [ 29%]
tests/test_interpreter_applications.py::test_row_reduction_ignores_padded_lanes[float32] PASSED [ 29%]
tests/test_interpreter_applications.py::test_row_reduction_ignores_padded_lanes[int32] PASSED [ 29%]
tests/test_interpreter_applications.py::test_row_reduction_maps_singleton_program_axes_to_a_vector_output[float32] PASSED [ 29%]
tests/test_interpreter_applications.py::test_row_reduction_maps_singleton_program_axes_to_a_vector_output[int32] PASSED [ 29%]
tests/test_interpreter_applications.py::test_nested_if_and_for_carry_values[False] PASSED [ 29%]
tests/test_interpreter_applications.py::test_nested_if_and_for_carry_values[True] PASSED [ 29%]
tests/test_interpreter_applications.py::test_softmax_uses_negative_infinity_for_padding PASSED [ 30%]
tests/test_interpreter_applications.py::test_dot_on_masked_matrix_tiles PASSED [ 30%]
tests/test_interpreter_applications.py::test_cpu_path_does_not_import_gpu_backends PASSED [ 30%]
tests/test_interpreter_applications.py::test_tiled_trace_visits_each_program_and_is_reproducible PASSED [ 30%]
tests/test_interpreter_applications.py::test_arranged_loads_and_stores_follow_noncontiguous_numpy_strides PASSED [ 30%]
tests/test_interpreter_applications.py::test_nested_arrangement_reduces_across_multiple_inner_tiles PASSED [ 30%]
tests/test_interpreter_applications.py::test_trace_reports_the_effective_arrangement_tail_mask PASSED [ 30%]
tests/test_interpreter_applications.py::test_high_level_backend_option_executes_the_real_pass_pipeline[cuda] PASSED [ 31%]
tests/test_interpreter_applications.py::test_high_level_backend_option_executes_the_real_pass_pipeline[triton] PASSED [ 31%]
tests/test_interpreter_applications.py::test_fixed_k_tiled_dot_matches_numpy_after_target_decomposition[shape0-float32-cuda] PASSED [ 31%]
tests/test_interpreter_applications.py::test_fixed_k_tiled_dot_matches_numpy_after_target_decomposition[shape0-float32-triton] PASSED [ 31%]
tests/test_interpreter_applications.py::test_fixed_k_tiled_dot_matches_numpy_after_target_decomposition[shape0-int32-cuda] PASSED [ 31%]
tests/test_interpreter_applications.py::test_fixed_k_tiled_dot_matches_numpy_after_target_decomposition[shape0-int32-triton] PASSED [ 31%]
tests/test_interpreter_applications.py::test_fixed_k_tiled_dot_matches_numpy_after_target_decomposition[shape1-float32-cuda] PASSED [ 32%]
tests/test_interpreter_applications.py::test_fixed_k_tiled_dot_matches_numpy_after_target_decomposition[shape1-float32-triton] PASSED [ 32%]
tests/test_interpreter_applications.py::test_fixed_k_tiled_dot_matches_numpy_after_target_decomposition[shape1-int32-cuda] PASSED [ 32%]
tests/test_interpreter_applications.py::test_fixed_k_tiled_dot_matches_numpy_after_target_decomposition[shape1-int32-triton] PASSED [ 32%]
tests/test_interpreter_applications.py::test_fixed_k_tiled_dot_matches_numpy_after_target_decomposition[shape2-float32-cuda] PASSED [ 32%]
tests/test_interpreter_applications.py::test_fixed_k_tiled_dot_matches_numpy_after_target_decomposition[shape2-float32-triton] PASSED [ 32%]
tests/test_interpreter_applications.py::test_fixed_k_tiled_dot_matches_numpy_after_target_decomposition[shape2-int32-cuda] PASSED [ 32%]
tests/test_interpreter_applications.py::test_fixed_k_tiled_dot_matches_numpy_after_target_decomposition[shape2-int32-triton] PASSED [ 33%]
tests/test_interpreter_applications.py::test_untiled_non_square_dot_executes_every_output_lane[1-float32-cuda] PASSED [ 33%]
tests/test_interpreter_applications.py::test_untiled_non_square_dot_executes_every_output_lane[1-float32-triton] PASSED [ 33%]
tests/test_interpreter_applications.py::test_untiled_non_square_dot_executes_every_output_lane[1-int32-cuda] PASSED [ 33%]
tests/test_interpreter_applications.py::test_untiled_non_square_dot_executes_every_output_lane[1-int32-triton] PASSED [ 33%]
tests/test_interpreter_applications.py::test_untiled_non_square_dot_executes_every_output_lane[3-float32-cuda] PASSED [ 33%]
tests/test_interpreter_applications.py::test_untiled_non_square_dot_executes_every_output_lane[3-float32-triton] PASSED [ 33%]
tests/test_interpreter_applications.py::test_untiled_non_square_dot_executes_every_output_lane[3-int32-cuda] PASSED [ 34%]
tests/test_interpreter_applications.py::test_untiled_non_square_dot_executes_every_output_lane[3-int32-triton] PASSED [ 34%]
tests/test_interpreter_applications.py::test_untiled_non_square_dot_executes_every_output_lane[7-float32-cuda] PASSED [ 34%]
tests/test_interpreter_applications.py::test_untiled_non_square_dot_executes_every_output_lane[7-float32-triton] PASSED [ 34%]
tests/test_interpreter_applications.py::test_untiled_non_square_dot_executes_every_output_lane[7-int32-cuda] PASSED [ 34%]
tests/test_interpreter_applications.py::test_untiled_non_square_dot_executes_every_output_lane[7-int32-triton] PASSED [ 34%]
tests/test_interpreter_applications.py::test_non_square_transpose_matches_numpy_after_decomposition[float32-_transpose_tiles-cuda] PASSED [ 34%]
tests/test_interpreter_applications.py::test_non_square_transpose_matches_numpy_after_decomposition[float32-_transpose_tiles-triton] PASSED [ 35%]
tests/test_interpreter_applications.py::test_non_square_transpose_matches_numpy_after_decomposition[float32-_whole_transpose-cuda] PASSED [ 35%]
tests/test_interpreter_applications.py::test_non_square_transpose_matches_numpy_after_decomposition[float32-_whole_transpose-triton] PASSED [ 35%]
tests/test_interpreter_applications.py::test_non_square_transpose_matches_numpy_after_decomposition[int32-_transpose_tiles-cuda] PASSED [ 35%]
tests/test_interpreter_applications.py::test_non_square_transpose_matches_numpy_after_decomposition[int32-_transpose_tiles-triton] PASSED [ 35%]
tests/test_interpreter_applications.py::test_non_square_transpose_matches_numpy_after_decomposition[int32-_whole_transpose-cuda] PASSED [ 35%]
tests/test_interpreter_applications.py::test_non_square_transpose_matches_numpy_after_decomposition[int32-_whole_transpose-triton] PASSED [ 35%]
tests/test_interpreter_applications.py::test_unreduced_k_program_dot_is_rejected_without_partial_writes[shape0-cuda] PASSED [ 36%]
tests/test_interpreter_applications.py::test_unreduced_k_program_dot_is_rejected_without_partial_writes[shape0-triton] PASSED [ 36%]
tests/test_interpreter_debugger.py::test_difference_identifies_first_aligned_operation_without_mutating_inputs PASSED [ 36%]
tests/test_interpreter_debugger.py::test_restructured_programs_do_not_get_a_guessed_operation_location[_affine_restructured-True] PASSED [ 36%]
tests/test_interpreter_debugger.py::test_restructured_programs_do_not_get_a_guessed_operation_location[_affine_restructured_wrong-False] PASSED [ 36%]
tests/test_interpreter_debugger.py::test_pass_checker_stops_at_the_first_semantic_failure PASSED [ 36%]
tests/test_interpreter_debugger.py::test_pass_checker_records_an_unsupported_operation_as_failure PASSED [ 36%]
tests/test_interpreter_debugger.py::test_reproducer_round_trips_arrangement_inputs_and_runs_its_replay_script PASSED [ 37%]
tests/test_interpreter_debugger.py::test_reproducer_preserves_exact_alias_bindings PASSED [ 37%]
tests/test_interpreter_debugger.py::test_comparison_preserves_write_then_read_through_exact_aliases PASSED [ 37%]
tests/test_interpreter_debugger.py::test_comparison_and_export_reject_distinct_overlapping_views[False] PASSED [ 37%]
tests/test_interpreter_debugger.py::test_comparison_and_export_reject_distinct_overlapping_views[True] PASSED [ 37%]
tests/test_interpreter_debugger.py::test_comparison_and_replay_preserve_noncontiguous_pointer_rejection PASSED [ 37%]
tests/test_interpreter_debugger.py::test_reproducer_preserves_strides_values_and_readonly_flags[positive] PASSED [ 38%]
tests/test_interpreter_debugger.py::test_reproducer_preserves_strides_values_and_readonly_flags[negative] PASSED [ 38%]
tests/test_interpreter_debugger.py::test_reproducer_preserves_strides_values_and_readonly_flags[transpose] PASSED [ 38%]
tests/test_interpreter_debugger.py::test_reproducer_preserves_strides_values_and_readonly_flags[broadcast] PASSED [ 38%]
tests/test_interpreter_debugger.py::test_program_comparison_keeps_readonly_output_semantics PASSED [ 38%]
tests/test_interpreter_debugger.py::test_reproducer_rejects_overwrite_and_manifest_input_mismatch PASSED [ 38%]
tests/test_interpreter_debugger.py::test_reproducer_rejects_object_arrays_without_pickle PASSED [ 38%]
tests/test_interpreter_debugger.py::test_decomposed_dot_difference_identifies_the_output_lane PASSED [ 39%]
tests/test_interpreter_debugger.py::test_step_debugger_discards_values_from_the_previous_output_lane PASSED [ 39%]
tests/test_interpreter_default_pipeline.py::test_each_default_pass_preserves_the_original_application[elementwise_int32-triton] PASSED [ 39%]
tests/test_interpreter_default_pipeline.py::test_each_default_pass_preserves_the_original_application[elementwise_int32-cuda] PASSED [ 39%]
tests/test_interpreter_default_pipeline.py::test_each_default_pass_preserves_the_original_application[broadcast_float32-triton] PASSED [ 39%]
tests/test_interpreter_default_pipeline.py::test_each_default_pass_preserves_the_original_application[broadcast_float32-cuda] PASSED [ 39%]
tests/test_interpreter_default_pipeline.py::test_each_default_pass_preserves_the_original_application[reduction_float32-triton] PASSED [ 39%]
tests/test_interpreter_default_pipeline.py::test_each_default_pass_preserves_the_original_application[reduction_float32-cuda] PASSED [ 40%]
tests/test_interpreter_default_pipeline.py::test_each_default_pass_preserves_the_original_application[comparison_bool-triton] PASSED [ 40%]
tests/test_interpreter_default_pipeline.py::test_each_default_pass_preserves_the_original_application[comparison_bool-cuda] PASSED [ 40%]
tests/test_interpreter_demo.py::test_demo_exports_the_fault_and_replay_rejects_a_missing_fault PASSED [ 40%]
tests/test_interpreter_gpu.py::test_cpu_interpreter_matches_actual_triton_gpu[elementwise_float32_aligned] PASSED [ 40%]
tests/test_interpreter_gpu.py::test_cpu_interpreter_matches_actual_triton_gpu[masked_float32_tail] PASSED [ 40%]
tests/test_interpreter_gpu.py::test_cpu_interpreter_matches_actual_triton_gpu[masked_int32_tail] PASSED [ 40%]
tests/test_interpreter_gpu.py::test_cpu_interpreter_matches_actual_triton_gpu[broadcast_float32_tail] PASSED [ 41%]
tests/test_interpreter_gpu.py::test_cpu_interpreter_matches_actual_triton_gpu[broadcast_row_matrix_float32_tail] PASSED [ 41%]
tests/test_interpreter_gpu.py::test_cpu_interpreter_matches_actual_triton_gpu[broadcast_column_matrix_float32_tail] PASSED [ 41%]
tests/test_interpreter_gpu.py::test_cpu_interpreter_matches_actual_triton_gpu[row_reduction_float32] PASSED [ 41%]
tests/test_interpreter_gpu.py::test_cpu_interpreter_matches_actual_triton_gpu[row_reduction_int32] PASSED [ 41%]
tests/test_interpreter_gpu.py::test_cpu_interpreter_matches_actual_triton_gpu[comparison_bool_exact] PASSED [ 41%]
tests/test_interpreter_gpu.py::test_cpu_interpreter_matches_actual_triton_gpu[if_for_true] PASSED [ 41%]
tests/test_interpreter_gpu.py::test_cpu_interpreter_matches_actual_triton_gpu[if_for_false] PASSED [ 42%]
tests/test_interpreter_gpu.py::test_cpu_interpreter_matches_actual_triton_gpu[softmax_float32] PASSED [ 42%]
tests/test_interpreter_gpu.py::test_cpu_interpreter_matches_actual_triton_gpu[floor_div_int32_mixed_sign_tail] PASSED [ 42%]
tests/test_interpreter_gpu.py::test_cpu_interpreter_matches_actual_triton_gpu[remainder_int32_mixed_sign_tail] PASSED [ 42%]
tests/test_interpreter_gpu.py::test_cpu_interpreter_matches_actual_triton_gpu[dot_float32_multi_program_tail] PASSED [ 42%]
tests/test_interpreter_gpu.py::test_gpu_fixtures_match_oracle_before_and_after_lowering_on_cpu[broadcast_float32_tail] PASSED [ 42%]
tests/test_interpreter_gpu.py::test_gpu_fixtures_match_oracle_before_and_after_lowering_on_cpu[broadcast_row_matrix_float32_tail] PASSED [ 42%]
tests/test_interpreter_gpu.py::test_gpu_fixtures_match_oracle_before_and_after_lowering_on_cpu[broadcast_column_matrix_float32_tail] PASSED [ 43%]
tests/test_interpreter_gpu.py::test_gpu_fixtures_match_oracle_before_and_after_lowering_on_cpu[floor_div_int32_mixed_sign_tail] PASSED [ 43%]
tests/test_interpreter_gpu.py::test_gpu_fixtures_match_oracle_before_and_after_lowering_on_cpu[remainder_int32_mixed_sign_tail] PASSED [ 43%]
tests/test_interpreter_gpu.py::test_gpu_fixtures_match_oracle_before_and_after_lowering_on_cpu[dot_float32_multi_program_tail] PASSED [ 43%]
tests/test_interpreter_gpu.py::test_generated_stride_guards_use_binary_boolops_supported_by_triton_31[elementwise_float32_aligned] PASSED [ 43%]
tests/test_interpreter_gpu.py::test_generated_stride_guards_use_binary_boolops_supported_by_triton_31[masked_float32_tail] PASSED [ 43%]
tests/test_interpreter_gpu.py::test_generated_stride_guards_use_binary_boolops_supported_by_triton_31[masked_int32_tail] PASSED [ 44%]
tests/test_interpreter_gpu.py::test_emitted_dot_coordinates_stay_local_across_output_programs[triton] PASSED [ 44%]
tests/test_interpreter_gpu.py::test_emitted_dot_coordinates_stay_local_across_output_programs[cuda] PASSED [ 44%]
tests/test_interpreter_gpu.py::test_generated_signed_division_corrects_triton_tensor_rounding[floor_div_int32_mixed_sign_tail] PASSED [ 44%]
tests/test_interpreter_gpu.py::test_generated_signed_division_corrects_triton_tensor_rounding[remainder_int32_mixed_sign_tail] PASSED [ 44%]
tests/test_interpreter_gpu.py::test_generated_broadcast_input_addresses_and_masks_match_numpy_layout[x-broadcast_float32_tail] PASSED [ 44%]
tests/test_interpreter_gpu.py::test_generated_broadcast_input_addresses_and_masks_match_numpy_layout[x-broadcast_row_matrix_float32_tail] PASSED [ 44%]
tests/test_interpreter_gpu.py::test_generated_broadcast_input_addresses_and_masks_match_numpy_layout[x-broadcast_column_matrix_float32_tail] PASSED [ 45%]
tests/test_interpreter_gpu.py::test_generated_broadcast_input_addresses_and_masks_match_numpy_layout[bias-broadcast_float32_tail] PASSED [ 45%]
tests/test_interpreter_gpu.py::test_generated_broadcast_input_addresses_and_masks_match_numpy_layout[bias-broadcast_row_matrix_float32_tail] PASSED [ 45%]
tests/test_interpreter_gpu.py::test_generated_broadcast_input_addresses_and_masks_match_numpy_layout[bias-broadcast_column_matrix_float32_tail] PASSED [ 45%]
tests/test_interpreter_matmul.py::test_default_pipeline_dot_with_multiple_output_programs[contiguous-shape0-float32-triton] PASSED [ 45%]
tests/test_interpreter_matmul.py::test_default_pipeline_dot_with_multiple_output_programs[contiguous-shape0-float32-cuda] PASSED [ 45%]
tests/test_interpreter_matmul.py::test_default_pipeline_dot_with_multiple_output_programs[contiguous-shape0-int32-triton] PASSED [ 45%]
tests/test_interpreter_matmul.py::test_default_pipeline_dot_with_multiple_output_programs[contiguous-shape0-int32-cuda] PASSED [ 46%]
tests/test_interpreter_matmul.py::test_default_pipeline_dot_with_multiple_output_programs[contiguous-shape1-float32-triton] PASSED [ 46%]
tests/test_interpreter_matmul.py::test_default_pipeline_dot_with_multiple_output_programs[contiguous-shape1-float32-cuda] PASSED [ 46%]
tests/test_interpreter_matmul.py::test_default_pipeline_dot_with_multiple_output_programs[contiguous-shape1-int32-triton] PASSED [ 46%]
tests/test_interpreter_matmul.py::test_default_pipeline_dot_with_multiple_output_programs[contiguous-shape1-int32-cuda] PASSED [ 46%]
tests/test_interpreter_matmul.py::test_default_pipeline_dot_with_multiple_output_programs[contiguous-shape2-float32-triton] PASSED [ 46%]
tests/test_interpreter_matmul.py::test_default_pipeline_dot_with_multiple_output_programs[contiguous-shape2-float32-cuda] PASSED [ 46%]
tests/test_interpreter_matmul.py::test_default_pipeline_dot_with_multiple_output_programs[contiguous-shape2-int32-triton] PASSED [ 47%]
tests/test_interpreter_matmul.py::test_default_pipeline_dot_with_multiple_output_programs[contiguous-shape2-int32-cuda] PASSED [ 47%]
tests/test_interpreter_matmul.py::test_default_pipeline_dot_with_multiple_output_programs[strided-shape0-float32-triton] PASSED [ 47%]
tests/test_interpreter_matmul.py::test_default_pipeline_dot_with_multiple_output_programs[strided-shape0-float32-cuda] PASSED [ 47%]
tests/test_interpreter_matmul.py::test_default_pipeline_dot_with_multiple_output_programs[strided-shape0-int32-triton] PASSED [ 47%]
tests/test_interpreter_matmul.py::test_default_pipeline_dot_with_multiple_output_programs[strided-shape0-int32-cuda] PASSED [ 47%]
tests/test_interpreter_matmul.py::test_default_pipeline_dot_with_multiple_output_programs[strided-shape1-float32-triton] PASSED [ 47%]
tests/test_interpreter_matmul.py::test_default_pipeline_dot_with_multiple_output_programs[strided-shape1-float32-cuda] PASSED [ 48%]
tests/test_interpreter_matmul.py::test_default_pipeline_dot_with_multiple_output_programs[strided-shape1-int32-triton] PASSED [ 48%]
tests/test_interpreter_matmul.py::test_default_pipeline_dot_with_multiple_output_programs[strided-shape1-int32-cuda] PASSED [ 48%]
tests/test_interpreter_matmul.py::test_default_pipeline_dot_with_multiple_output_programs[strided-shape2-float32-triton] PASSED [ 48%]
tests/test_interpreter_matmul.py::test_default_pipeline_dot_with_multiple_output_programs[strided-shape2-float32-cuda] PASSED [ 48%]
tests/test_interpreter_matmul.py::test_default_pipeline_dot_with_multiple_output_programs[strided-shape2-int32-triton] PASSED [ 48%]
tests/test_interpreter_matmul.py::test_default_pipeline_dot_with_multiple_output_programs[strided-shape2-int32-cuda] PASSED [ 48%]
tests/test_interpreter_matmul.py::test_dot_with_unreduced_k_programs_is_rejected_before_output_writes[shape0-triton] PASSED [ 49%]
tests/test_interpreter_matmul.py::test_dot_with_unreduced_k_programs_is_rejected_before_output_writes[shape0-cuda] PASSED [ 49%]
tests/test_interpreter_matmul.py::test_dot_with_unreduced_k_programs_is_rejected_before_output_writes[shape1-triton] PASSED [ 49%]
tests/test_interpreter_matmul.py::test_dot_with_unreduced_k_programs_is_rejected_before_output_writes[shape1-cuda] PASSED [ 49%]
tests/test_interpreter_matmul.py::test_dot_rejects_output_aliasing_an_input_before_writes[triton] PASSED [ 49%]
tests/test_interpreter_matmul.py::test_dot_rejects_output_aliasing_an_input_before_writes[cuda] PASSED [ 49%]
tests/test_interpreter_matmul.py::test_dot_rejects_overlapping_output_storage_before_writes[partial_bytes-triton] PASSED [ 50%]
tests/test_interpreter_matmul.py::test_dot_rejects_overlapping_output_storage_before_writes[partial_bytes-cuda] PASSED [ 50%]
tests/test_interpreter_matmul.py::test_dot_rejects_overlapping_output_storage_before_writes[zero-triton] PASSED [ 50%]
tests/test_interpreter_matmul.py::test_dot_rejects_overlapping_output_storage_before_writes[zero-cuda] PASSED [ 50%]
tests/test_interpreter_matmul.py::test_dot_accepts_independent_strided_output_and_preserves_guards[positive_stride-triton] PASSED [ 50%]
tests/test_interpreter_matmul.py::test_dot_accepts_independent_strided_output_and_preserves_guards[positive_stride-cuda] PASSED [ 50%]
tests/test_interpreter_matmul.py::test_dot_accepts_independent_strided_output_and_preserves_guards[negative_stride-triton] PASSED [ 50%]
tests/test_interpreter_matmul.py::test_dot_accepts_independent_strided_output_and_preserves_guards[negative_stride-cuda] PASSED [ 51%]
tests/test_interpreter_matmul.py::test_dot_rejects_nested_store_before_replaying_output_lanes[triton] PASSED [ 51%]
tests/test_interpreter_matmul.py::test_dot_rejects_nested_store_before_replaying_output_lanes[cuda] PASSED [ 51%]
tests/test_interpreter_matmul.py::test_single_program_dot_rejects_output_storage_before_writes[lhs_alias-triton] PASSED [ 51%]
tests/test_interpreter_matmul.py::test_single_program_dot_rejects_output_storage_before_writes[lhs_alias-cuda] PASSED [ 51%]
tests/test_interpreter_matmul.py::test_single_program_dot_rejects_output_storage_before_writes[partial_bytes-triton] PASSED [ 51%]
tests/test_interpreter_matmul.py::test_single_program_dot_rejects_output_storage_before_writes[partial_bytes-cuda] PASSED [ 51%]
tests/test_interpreter_matmul.py::test_single_program_dot_rejects_output_storage_before_writes[zero_stride-triton] PASSED [ 52%]
tests/test_interpreter_matmul.py::test_single_program_dot_rejects_output_storage_before_writes[zero_stride-cuda] PASSED [ 52%]
tests/test_interpreter_matmul.py::test_single_program_dot_accepts_independent_strided_output[positive_stride-triton] PASSED [ 52%]
tests/test_interpreter_matmul.py::test_single_program_dot_accepts_independent_strided_output[positive_stride-cuda] PASSED [ 52%]
tests/test_interpreter_matmul.py::test_single_program_dot_accepts_independent_strided_output[negative_stride-triton] PASSED [ 52%]
tests/test_interpreter_matmul.py::test_single_program_dot_accepts_independent_strided_output[negative_stride-cuda] PASSED [ 52%]
tests/test_interpreter_matmul.py::test_single_program_dot_rejects_output_binding_used_as_lhs[triton] PASSED [ 52%]
tests/test_interpreter_matmul.py::test_single_program_dot_rejects_output_binding_used_as_lhs[cuda] PASSED [ 53%]
tests/test_interpreter_provenance.py::test_branch_divergence_after_an_early_difference_does_not_claim_aligned_traces PASSED [ 53%]
tests/test_interpreter_provenance.py::test_changed_loop_count_does_not_claim_aligned_traces_after_bound_difference PASSED [ 53%]
tests/test_interpreter_provenance.py::test_seed_is_stable_nonsemantic_and_covers_nested_ssa_locations PASSED [ 53%]
tests/test_interpreter_provenance.py::test_declared_split_has_source_range_but_never_guesses_a_value_correspondence PASSED [ 53%]
tests/test_interpreter_provenance.py::test_pass_checker_preserves_an_explicit_mapping_and_stops_on_the_fault PASSED [ 53%]
tests/test_interpreter_provenance.py::test_multiple_passes_keep_original_sources_and_current_relation_locations PASSED [ 53%]
tests/test_interpreter_provenance.py::test_merge_retains_both_candidates_without_claiming_a_unique_fault_source PASSED [ 54%]
tests/test_interpreter_provenance.py::test_explicit_deletion_is_distinct_from_an_unmapped_removal PASSED [ 54%]
tests/test_interpreter_provenance.py::test_deleting_mixed_known_unknown_sources_does_not_present_a_partial_candidate_set PASSED [ 54%]
tests/test_interpreter_provenance.py::test_unknown_clone_does_not_acquire_a_mapping_from_copied_ids_or_names PASSED [ 54%]
tests/test_interpreter_provenance.py::test_explicit_record_is_not_duplicated_by_a_pipeline_wrapper PASSED [ 54%]
tests/test_interpreter_provenance.py::test_declared_targets_must_really_occur_and_deleted_sources_must_be_absent PASSED [ 54%]
tests/test_interpreter_provenance.py::test_recursive_split_includes_generated_region_operations PASSED [ 54%]
tests/test_interpreter_provenance.py::test_runtime_errors_retain_declared_source_scope_without_a_fake_exact_location PASSED [ 55%]
tests/test_interpreter_provenance.py::test_one_operation_object_duplicated_without_a_declaration_is_unmapped PASSED [ 55%]
tests/test_interpreter_provenance.py::test_reproducer_preserves_provenance_and_legacy_json_remains_readable PASSED [ 55%]
tests/test_interpreter_provenance.py::test_real_default_linalg_passes_have_complete_nonduplicated_origin_records[dot-triton] PASSED [ 55%]
tests/test_interpreter_provenance.py::test_real_default_linalg_passes_have_complete_nonduplicated_origin_records[dot-cuda] PASSED [ 55%]
tests/test_interpreter_provenance.py::test_real_default_linalg_passes_have_complete_nonduplicated_origin_records[transpose-triton] PASSED [ 55%]
tests/test_interpreter_provenance.py::test_real_default_linalg_passes_have_complete_nonduplicated_origin_records[transpose-cuda] PASSED [ 55%]
tests/test_interpreter_provenance.py::test_real_decomposition_fault_reports_injected_pass_and_original_source_range[dot-injected-fault-triton] PASSED [ 56%]
tests/test_interpreter_provenance.py::test_real_decomposition_fault_reports_injected_pass_and_original_source_range[dot-injected-fault-cuda] PASSED [ 56%]
tests/test_interpreter_provenance.py::test_real_decomposition_fault_reports_injected_pass_and_original_source_range[dot-negative-control-triton] PASSED [ 56%]
tests/test_interpreter_provenance.py::test_real_decomposition_fault_reports_injected_pass_and_original_source_range[dot-negative-control-cuda] PASSED [ 56%]
tests/test_interpreter_provenance.py::test_real_decomposition_fault_reports_injected_pass_and_original_source_range[transpose-injected-fault-triton] PASSED [ 56%]
tests/test_interpreter_provenance.py::test_real_decomposition_fault_reports_injected_pass_and_original_source_range[transpose-injected-fault-cuda] PASSED [ 56%]
tests/test_interpreter_provenance.py::test_real_decomposition_fault_reports_injected_pass_and_original_source_range[transpose-negative-control-triton] PASSED [ 57%]
tests/test_interpreter_provenance.py::test_real_decomposition_fault_reports_injected_pass_and_original_source_range[transpose-negative-control-cuda] PASSED [ 57%]
tests/test_interpreter_ssa.py::test_integer_binary_operations_are_exact[arith.add-lhs0-rhs0-expected0] PASSED [ 57%]
tests/test_interpreter_ssa.py::test_integer_binary_operations_are_exact[arith.sub-lhs1-rhs1-expected1] PASSED [ 57%]
tests/test_interpreter_ssa.py::test_integer_binary_operations_are_exact[arith.mul-lhs2-rhs2-expected2] PASSED [ 57%]
tests/test_interpreter_ssa.py::test_integer_binary_operations_are_exact[arith.floordiv-lhs3-rhs3-expected3] PASSED [ 57%]
tests/test_interpreter_ssa.py::test_integer_binary_operations_are_exact[arith.bitwise_and-lhs4-rhs4-expected4] PASSED [ 57%]
tests/test_interpreter_ssa.py::test_integer_binary_operations_are_exact[arith.bitwise_xor-lhs5-rhs5-expected5] PASSED [ 58%]
tests/test_interpreter_ssa.py::test_masked_load_never_dereferences_inactive_out_of_bounds_lanes PASSED [ 58%]
tests/test_interpreter_ssa.py::test_all_false_mask_can_load_from_an_empty_buffer PASSED [ 58%]
tests/test_interpreter_ssa.py::test_active_out_of_bounds_load_reports_the_operation_location[-1] PASSED [ 58%]
tests/test_interpreter_ssa.py::test_active_out_of_bounds_load_reports_the_operation_location[3] PASSED [ 58%]
tests/test_interpreter_ssa.py::test_active_out_of_bounds_load_reports_the_operation_location[1000] PASSED [ 58%]
tests/test_interpreter_ssa.py::test_masked_store_changes_only_active_valid_addresses PASSED [ 58%]
tests/test_interpreter_ssa.py::test_active_out_of_bounds_store_reports_the_operation_location[-1] PASSED [ 59%]
tests/test_interpreter_ssa.py::test_active_out_of_bounds_store_reports_the_operation_location[5] PASSED [ 59%]
tests/test_interpreter_ssa.py::test_active_out_of_bounds_store_reports_the_operation_location[1000] PASSED [ 59%]
tests/test_interpreter_ssa.py::test_unknown_operation_fails_closed_with_opcode_and_location PASSED [ 59%]
tests/test_interpreter_ssa.py::test_unknown_operation_in_nested_region_reports_nested_location PASSED [ 59%]
tests/test_interpreter_ssa.py::test_trace_is_reproducible_and_snapshots_do_not_alias_inputs PASSED [ 59%]
tests/test_interpreter_ssa.py::test_trace_opcode_filter_keeps_execution_unchanged PASSED [ 59%]
tests/test_interpreter_ssa.py::test_handwritten_loop_handles_negative_step_and_zero_iterations[5--1--2-9] PASSED [ 60%]
tests/test_interpreter_ssa.py::test_handwritten_loop_handles_negative_step_and_zero_iterations[2-2-1-0] PASSED [ 60%]
tests/test_interpreter_ssa.py::test_three_dimensional_grid_trace_filter_and_watch_do_not_filter_execution PASSED [ 60%]
tests/test_interpreter_ssa.py::test_step_callback_works_without_retaining_a_trace PASSED [ 60%]
tests/test_interpreter_ssa.py::test_explicit_extension_handler_receives_materialized_cpu_operands PASSED [ 60%]
tests/test_interpreter_ssa.py::test_extension_handler_does_not_hide_an_unregistered_operation PASSED [ 60%]
tests/test_interpreter_ssa.py::test_store_trace_captures_source_before_an_aliasing_write PASSED [ 60%]
tests/test_interpreter_ssa.py::test_masked_invalid_addresses_are_safe_even_with_trace_enabled PASSED [ 61%]
tests/test_interpreter_ssa.py::test_masked_store_trace_does_not_dereference_inactive_addresses PASSED [ 61%]
tests/test_interpreter_ssa.py::test_masked_tensor_store_trace_and_watch_never_load_inactive_lanes[False-0] PASSED [ 61%]
tests/test_interpreter_ssa.py::test_masked_tensor_store_trace_and_watch_never_load_inactive_lanes[False-3] PASSED [ 61%]
tests/test_interpreter_ssa.py::test_masked_tensor_store_trace_and_watch_never_load_inactive_lanes[True-0] PASSED [ 61%]
tests/test_interpreter_ssa.py::test_masked_tensor_store_trace_and_watch_never_load_inactive_lanes[True-3] PASSED [ 61%]
tests/test_interpreter_ssa.py::test_unsupported_array_dtypes_are_rejected_before_execution[object] PASSED [ 61%]
tests/test_interpreter_ssa.py::test_unsupported_array_dtypes_are_rejected_before_execution[complex64] PASSED [ 62%]
tests/test_interpreter_ssa.py::test_unsupported_array_dtypes_are_rejected_before_execution[U4] PASSED [ 62%]
tests/test_interpreter_ssa.py::test_unsupported_array_dtypes_are_rejected_before_execution[S4] PASSED [ 62%]
tests/test_interpreter_ssa.py::test_array_dtype_must_match_the_declared_ssa_type PASSED [ 62%]
tests/test_interpreter_ssa.py::test_num_programs_rejects_invalid_axis_with_operation_location[-1] PASSED [ 62%]
tests/test_interpreter_ssa.py::test_num_programs_rejects_invalid_axis_with_operation_location[3] PASSED [ 62%]
tests/test_interpreter_ssa.py::test_num_programs_rejects_invalid_axis_with_operation_location[999] PASSED [ 63%]
tests/test_interpreter_ssa.py::test_isolated_decomposed_offset_without_output_store_is_rejected[matmul] PASSED [ 63%]
tests/test_interpreter_ssa.py::test_isolated_decomposed_offset_without_output_store_is_rejected[transpose] PASSED [ 63%]
tests/test_interpreter_step_debugger.py::test_step_continue_dynamic_watch_and_store_pause_timing PASSED [ 63%]
tests/test_interpreter_step_debugger.py::test_breakpoint_matches_opcode_exact_location_or_location_prefix[arith.add] PASSED [ 63%]
tests/test_interpreter_step_debugger.py::test_breakpoint_matches_opcode_exact_location_or_location_prefix[entry:1] PASSED [ 63%]
tests/test_interpreter_step_debugger.py::test_breakpoint_matches_opcode_exact_location_or_location_prefix[entry:1:arith.add] PASSED [ 63%]
tests/test_interpreter_step_debugger.py::test_deleting_a_breakpoint_restores_continue_behavior PASSED [ 64%]
tests/test_interpreter_step_debugger.py::test_quit_stops_future_operations_and_does_not_rollback_completed_stores[entry:1-False] PASSED [ 64%]
tests/test_interpreter_step_debugger.py::test_quit_stops_future_operations_and_does_not_rollback_completed_stores[mem.store-True] PASSED [ 64%]
tests/test_interpreter_step_debugger.py::test_program_and_opcode_filters_bound_debugger_events PASSED [ 64%]
tests/test_interpreter_step_debugger.py::test_debugger_operates_on_real_tiled_frontend_application PASSED [ 64%]
tests/test_interpreter_step_debugger.py::test_exhausted_script_continues_without_requesting_user_input PASSED [ 64%]
tests/test_interpreter_torch.py::test_torch_cpu_output_keeps_identity_and_updates_shared_storage[float32] PASSED [ 64%]
tests/test_interpreter_torch.py::test_torch_cpu_output_keeps_identity_and_updates_shared_storage[int32] PASSED [ 65%]
tests/test_interpreter_torch.py::test_input_adapter_shares_cpu_storage_before_numeric_load PASSED [ 65%]
tests/test_interpreter_torch.py::test_noncontiguous_torch_cpu_views_preserve_strides_and_guard_storage PASSED [ 65%]
tests/test_interpreter_torch.py::test_requires_grad_torch_buffers_are_rejected[x] PASSED [ 65%]
tests/test_interpreter_torch.py::test_requires_grad_torch_buffers_are_rejected[out] PASSED [ 65%]
tests/test_interpreter_torch.py::test_sparse_torch_input_is_rejected PASSED [ 65%]
tests/test_interpreter_torch.py::test_cuda_tensor_is_rejected_by_cpu_interpreter PASSED [ 65%]
tests/test_interpreter_torch.py::test_torch_dtype_must_match_declared_ssa_dtype PASSED [ 66%]
tests/test_interpreter_torch.py::test_numpy_only_execution_does_not_import_torch PASSED [ 66%]
tests/test_ipynb.py::test_ipynb[cuda] PASSED                             [ 66%]
tests/test_ir_immutability.py::test_ssa_mappings_and_nested_sequences_are_immutable PASSED [ 66%]
tests/test_ir_immutability.py::test_kernel_mappings_are_immutable_and_pickle_safe PASSED [ 66%]
tests/test_jagged.py::test_to_padded_tensor[3-1-2--1-cuda] PASSED        [ 66%]
tests/test_jagged.py::test_to_padded_tensor[3-1-3--1-cuda] PASSED        [ 66%]
tests/test_jagged.py::test_to_padded_tensor[3-1-7--1-cuda] PASSED        [ 67%]
tests/test_jagged.py::test_to_padded_tensor[3-1-16--1-cuda] PASSED       [ 67%]
tests/test_jagged.py::test_to_padded_tensor[3-2-2--1-cuda] PASSED        [ 67%]
tests/test_jagged.py::test_to_padded_tensor[3-2-3--1-cuda] PASSED        [ 67%]
tests/test_jagged.py::test_to_padded_tensor[3-2-7--1-cuda] PASSED        [ 67%]
tests/test_jagged.py::test_to_padded_tensor[3-2-16--1-cuda] PASSED       [ 67%]
tests/test_jagged.py::test_expand[3-1-2-cuda] PASSED                     [ 67%]
tests/test_jagged.py::test_expand[3-1-3-cuda] PASSED                     [ 68%]
tests/test_jagged.py::test_expand[3-1-7-cuda] PASSED                     [ 68%]
tests/test_jagged.py::test_expand[3-1-16-cuda] PASSED                    [ 68%]
tests/test_jagged.py::test_expand[3-2-2-cuda] PASSED                     [ 68%]
tests/test_jagged.py::test_expand[3-2-3-cuda] PASSED                     [ 68%]
tests/test_jagged.py::test_expand[3-2-7-cuda] PASSED                     [ 68%]
tests/test_jagged.py::test_expand[3-2-16-cuda] PASSED                    [ 69%]
tests/test_kernel_ir.py::TestKernel::test_tensor_spec_can_be_extracted_from_tensor_like_object PASSED [ 69%]
tests/test_kernel_ir.py::TestKernel::test_public_ir_dataclass_constructors_are_keyword_only PASSED [ 69%]
tests/test_kernel_ir.py::TestKernel::test_ir_dataclasses_reject_positional_construction PASSED [ 69%]
tests/test_kernel_ir.py::TestKernel::test_tensor_spec_name_controls_binding_not_source_name PASSED [ 69%]
tests/test_kernel_ir.py::TestKernel::test_kernel_metadata_is_immutably_extended PASSED [ 69%]
tests/test_kernel_ir.py::TestKernel::test_kernel_metadata_extension_preserves_ssa PASSED [ 69%]
tests/test_kernel_ir.py::TestKernel::test_ssa_text_render_is_readable PASSED [ 70%]
tests/test_kernel_ir.py::TestKernel::test_ir_to_dict_is_json_serializable PASSED [ 70%]
tests/test_kernel_ir.py::TestKernel::test_kernel_name_controls_generated_artifact_names_and_entrypoint PASSED [ 70%]
tests/test_layout_transfer_analysis.py::test_explicit_transpose_builds_structured_immutable_access_contract PASSED [ 70%]
tests/test_layout_transfer_analysis.py::test_dynamic_constraints_and_structured_contract_reach_schedule PASSED [ 70%]
tests/test_layout_transfer_analysis.py::test_static_mismatch_is_rejected_from_layout_schedule[specs0-\ndef copy(x, out):\n    out = x\n-program shapes are statically incompatible] PASSED [ 70%]
tests/test_layout_transfer_analysis.py::test_static_mismatch_is_rejected_from_layout_schedule[specs1-\ndef transpose(x, out):\n    out = x.T\n-logical value shapes are statically incompatible] PASSED [ 70%]
tests/test_layout_transfer_analysis.py::test_real_tiled_permute_uses_value_axis_contributions PASSED [ 71%]
tests/test_layout_transfer_analysis.py::test_original_non_contiguous_stride_and_predicate_are_preserved PASSED [ 71%]
tests/test_layout_transfer_analysis.py::test_multiple_live_layout_transfers_are_ambiguous PASSED [ 71%]
tests/test_layout_transfer_analysis.py::test_unproven_effect_or_coordinate_contract_is_rejected PASSED [ 71%]
tests/test_lowering_inference.py::TestLoweringInference::test_fill_copy_and_assignment_calls_lower_to_ssa_effects PASSED [ 71%]
tests/test_lowering_inference.py::TestLoweringInference::test_reductions_lower_to_ssa_reduce_ops PASSED [ 71%]
tests/test_lowering_inference.py::TestLoweringInference::test_transpose_and_matmul_lower_to_ssa_compute_ops PASSED [ 71%]
tests/test_lowering_inference.py::TestLoweringInference::test_unknown_intrinsic_names_stay_as_call_ops_not_coarse_attention_ir PASSED [ 72%]
tests/test_lowering_inference.py::TestLoweringInference::test_multi_output_and_scalar_math_are_generic_ssa PASSED [ 72%]
tests/test_lowering_inference.py::TestLoweringInference::test_method_namespace_and_dim_aliases_normalize_to_generic_ssa PASSED [ 72%]
tests/test_lowering_inference.py::TestLoweringInference::test_offsets_lower_to_explicit_index_ops PASSED [ 72%]
tests/test_lowering_inference.py::TestLoweringInference::test_axis_reductions_are_not_shape_special_cased PASSED [ 72%]
tests/test_lowering_inference.py::TestLoweringInference::test_axis_reduction_fusions_lower_to_generic_dataflow PASSED [ 72%]
tests/test_lowering_inference.py::TestLoweringInference::test_rowwise_softmax_and_layernorm_are_dataflow_not_kernel_nodes PASSED [ 72%]
tests/test_lowering_inference.py::TestLoweringInference::test_ssa_textual_rendering_is_the_audit_format PASSED [ 73%]
tests/test_materializer_registry.py::test_each_builtin_backend_implements_materializer_contract PASSED [ 73%]
tests/test_materializer_registry.py::test_materializer_registry_rejects_duplicate_without_replace PASSED [ 73%]
tests/test_materializer_registry.py::test_triton_materializer_uses_shared_toolchain_boundary PASSED [ 73%]
tests/test_matmul.py::test[512-512-512-dtype0-1e-08-cuda] PASSED         [ 73%]
tests/test_matmul.py::test[512-512-512-dtype1-0.125-cuda] PASSED         [ 73%]
tests/test_max_pool2d.py::test[32-3-64-64-3-3-dtype0-cuda-False] PASSED  [ 73%]
tests/test_max_pool2d.py::test[32-3-64-64-3-3-dtype0-cuda-True] PASSED   [ 74%]
tests/test_naming.py::test_make_constexpr PASSED                         [ 74%]
tests/test_naming.py::test_make_meta PASSED                              [ 74%]
tests/test_naming.py::test_make_next_power_of_2 PASSED                   [ 74%]
tests/test_naming.py::test_is_constexpr PASSED                           [ 74%]
tests/test_naming.py::test_is_meta PASSED                                [ 74%]
tests/test_naming.py::test_is_next_power_of_2 PASSED                     [ 75%]
tests/test_naming.py::test_remove_prefixes PASSED                        [ 75%]
tests/test_pad.py::test_pad[shape0-pad_0-0-constant-dtype0-1e-08-cuda] PASSED [ 75%]
tests/test_pad.py::test_pad[shape0-pad_0-0-constant-dtype1-0.001-cuda] PASSED [ 75%]
tests/test_pad.py::test_pad[shape0-pad_0-1-constant-dtype0-1e-08-cuda] PASSED [ 75%]
tests/test_pad.py::test_pad[shape0-pad_0-1-constant-dtype1-0.001-cuda] PASSED [ 75%]
tests/test_pad.py::test_pad[shape0-pad_0--1-constant-dtype0-1e-08-cuda] PASSED [ 75%]
tests/test_pad.py::test_pad[shape0-pad_0--1-constant-dtype1-0.001-cuda] PASSED [ 76%]
tests/test_pad.py::test_pad[shape0-pad_0--inf-constant-dtype0-1e-08-cuda] PASSED [ 76%]
tests/test_pad.py::test_pad[shape0-pad_0--inf-constant-dtype1-0.001-cuda] PASSED [ 76%]
tests/test_pad.py::test_pad[shape0-pad_0-3.141592653589793-constant-dtype0-1e-08-cuda] PASSED [ 76%]
tests/test_pad.py::test_pad[shape0-pad_0-3.141592653589793-constant-dtype1-0.001-cuda] PASSED [ 76%]
tests/test_pad.py::test_pad[shape0-pad_0-value5-constant-dtype0-1e-08-cuda] PASSED [ 76%]
tests/test_pad.py::test_pad[shape0-pad_0-value5-constant-dtype1-0.001-cuda] PASSED [ 76%]
tests/test_pad.py::test_pad[shape1-pad_1-0-constant-dtype0-1e-08-cuda] PASSED [ 77%]
tests/test_pad.py::test_pad[shape1-pad_1-0-constant-dtype1-0.001-cuda] PASSED [ 77%]
tests/test_pad.py::test_pad[shape1-pad_1-1-constant-dtype0-1e-08-cuda] PASSED [ 77%]
tests/test_pad.py::test_pad[shape1-pad_1-1-constant-dtype1-0.001-cuda] PASSED [ 77%]
tests/test_pad.py::test_pad[shape1-pad_1--1-constant-dtype0-1e-08-cuda] PASSED [ 77%]
tests/test_pad.py::test_pad[shape1-pad_1--1-constant-dtype1-0.001-cuda] PASSED [ 77%]
tests/test_pad.py::test_pad[shape1-pad_1--inf-constant-dtype0-1e-08-cuda] PASSED [ 77%]
tests/test_pad.py::test_pad[shape1-pad_1--inf-constant-dtype1-0.001-cuda] PASSED [ 78%]
tests/test_pad.py::test_pad[shape1-pad_1-3.141592653589793-constant-dtype0-1e-08-cuda] PASSED [ 78%]
tests/test_pad.py::test_pad[shape1-pad_1-3.141592653589793-constant-dtype1-0.001-cuda] PASSED [ 78%]
tests/test_pad.py::test_pad[shape1-pad_1-value5-constant-dtype0-1e-08-cuda] PASSED [ 78%]
tests/test_pad.py::test_pad[shape1-pad_1-value5-constant-dtype1-0.001-cuda] PASSED [ 78%]
tests/test_pad.py::test_pad[shape2-pad_2-0-constant-dtype0-1e-08-cuda] PASSED [ 78%]
tests/test_pad.py::test_pad[shape2-pad_2-0-constant-dtype1-0.001-cuda] PASSED [ 78%]
tests/test_pad.py::test_pad[shape2-pad_2-1-constant-dtype0-1e-08-cuda] PASSED [ 79%]
tests/test_pad.py::test_pad[shape2-pad_2-1-constant-dtype1-0.001-cuda] PASSED [ 79%]
tests/test_pad.py::test_pad[shape2-pad_2--1-constant-dtype0-1e-08-cuda] PASSED [ 79%]
tests/test_pad.py::test_pad[shape2-pad_2--1-constant-dtype1-0.001-cuda] PASSED [ 79%]
tests/test_pad.py::test_pad[shape2-pad_2--inf-constant-dtype0-1e-08-cuda] PASSED [ 79%]
tests/test_pad.py::test_pad[shape2-pad_2--inf-constant-dtype1-0.001-cuda] PASSED [ 79%]
tests/test_pad.py::test_pad[shape2-pad_2-3.141592653589793-constant-dtype0-1e-08-cuda] PASSED [ 79%]
tests/test_pad.py::test_pad[shape2-pad_2-3.141592653589793-constant-dtype1-0.001-cuda] PASSED [ 80%]
tests/test_pad.py::test_pad[shape2-pad_2-value5-constant-dtype0-1e-08-cuda] PASSED [ 80%]
tests/test_pad.py::test_pad[shape2-pad_2-value5-constant-dtype1-0.001-cuda] PASSED [ 80%]
tests/test_pad.py::test_pad[shape3-pad_3-0-constant-dtype0-1e-08-cuda] PASSED [ 80%]
tests/test_pad.py::test_pad[shape3-pad_3-0-constant-dtype1-0.001-cuda] PASSED [ 80%]
tests/test_pad.py::test_pad[shape3-pad_3-1-constant-dtype0-1e-08-cuda] PASSED [ 80%]
tests/test_pad.py::test_pad[shape3-pad_3-1-constant-dtype1-0.001-cuda] PASSED [ 80%]
tests/test_pad.py::test_pad[shape3-pad_3--1-constant-dtype0-1e-08-cuda] PASSED [ 81%]
tests/test_pad.py::test_pad[shape3-pad_3--1-constant-dtype1-0.001-cuda] PASSED [ 81%]
tests/test_pad.py::test_pad[shape3-pad_3--inf-constant-dtype0-1e-08-cuda] PASSED [ 81%]
tests/test_pad.py::test_pad[shape3-pad_3--inf-constant-dtype1-0.001-cuda] PASSED [ 81%]
tests/test_pad.py::test_pad[shape3-pad_3-3.141592653589793-constant-dtype0-1e-08-cuda] PASSED [ 81%]
tests/test_pad.py::test_pad[shape3-pad_3-3.141592653589793-constant-dtype1-0.001-cuda] PASSED [ 81%]
tests/test_pad.py::test_pad[shape3-pad_3-value5-constant-dtype0-1e-08-cuda] PASSED [ 82%]
tests/test_pad.py::test_pad[shape3-pad_3-value5-constant-dtype1-0.001-cuda] PASSED [ 82%]
tests/test_pow.py::test[44925-dtype0-cuda] PASSED                        [ 82%]
tests/test_softmax.py::test[1823-781-dtype0-cuda] PASSED                 [ 82%]
tests/test_ssa_application_lowering.py::TestApplicationSSALowering::test_reference_attention_lowers_to_fine_grained_region_ssa PASSED [ 82%]
tests/test_ssa_application_lowering.py::TestApplicationSSALowering::test_reference_attention_loop_uses_block_args_for_carried_state PASSED [ 82%]
tests/test_ssa_application_lowering.py::TestApplicationSSALowering::test_namespace_calls_are_not_treated_as_tensor_methods PASSED [ 82%]
tests/test_ssa_first_backend_lowering.py::TestSSAFirstBackendLowering::test_cuda_injects_curand_support_only_for_rand_operations PASSED [ 83%]
tests/test_ssa_first_backend_lowering.py::TestSSAFirstBackendLowering::test_public_lower_generates_fused_expression_without_kernel_template PASSED [ 83%]
tests/test_ssa_first_backend_lowering.py::TestSSAFirstBackendLowering::test_public_lower_uses_ssa_by_default_for_linear_backends PASSED [ 83%]
tests/test_ssa_first_backend_lowering.py::TestSSAFirstBackendLowering::test_public_lower_uses_arrangement_view_shapes_for_ssa_backends PASSED [ 83%]
tests/test_ssa_first_backend_lowering.py::TestSSAFirstBackendLowering::test_public_lower_preserves_arrangement_view_offsets_for_ssa_backends PASSED [ 83%]
tests/test_ssa_first_backend_lowering.py::TestSSAFirstBackendLowering::test_cuda_lower_materializes_long_view_index_expressions PASSED [ 83%]
tests/test_ssa_first_backend_lowering.py::TestSSAFirstBackendLowering::test_public_triton_lower_uses_unified_backend_for_structured_shapes PASSED [ 83%]
tests/test_ssa_first_backend_lowering.py::TestSSAFirstBackendLowering::test_tilelang_schedule_candidate_is_materialized_in_source_and_launch PASSED [ 84%]
tests/test_ssa_first_backend_lowering.py::TestSSAFirstBackendLowering::test_public_triton_lower_raises_when_ssa_is_unavailable PASSED [ 84%]
tests/test_ssa_first_backend_lowering.py::TestSSAFirstBackendLowering::test_from_source_generates_tensor_construction_and_view_ops PASSED [ 84%]
tests/test_ssa_first_backend_lowering.py::TestSSAFirstBackendLowering::test_from_source_generates_shape_dim_for_native_backends PASSED [ 84%]
tests/test_ssa_first_backend_lowering.py::TestSSAFirstBackendLowering::test_from_source_generates_tensor_stride_for_native_backends PASSED [ 84%]
tests/test_ssa_first_backend_lowering.py::TestSSAFirstBackendLowering::test_canonical_elementwise_math_opcodes_emit_for_all_backends PASSED [ 84%]
tests/test_ssa_first_backend_lowering.py::TestSSAFirstBackendLowering::test_from_source_generates_python_expression_syntax_for_native_backends PASSED [ 84%]
tests/test_ssa_first_backend_lowering.py::TestSSAFirstBackendLowering::test_from_source_generates_bitwise_shifts_for_native_backends PASSED [ 85%]
tests/test_ssa_first_backend_lowering.py::TestSSAFirstBackendLowering::test_from_source_preserves_subscript_store_indices_for_native_backends PASSED [ 85%]
tests/test_ssa_first_backend_lowering.py::TestSSAFirstBackendLowering::test_from_source_expands_subscript_augassign_for_native_backends PASSED [ 85%]
tests/test_ssa_first_backend_lowering.py::TestSSAFirstBackendLowering::test_from_source_linearizes_multidimensional_extract_by_source_shape PASSED [ 85%]
tests/test_ssa_first_backend_lowering.py::TestSSAFirstBackendLowering::test_public_lower_generates_ssa_reduction_for_native_backends PASSED [ 85%]
tests/test_ssa_first_backend_lowering.py::TestSSAFirstBackendLowering::test_public_lower_inlines_user_helper_calls_before_ssa_lowering PASSED [ 85%]
tests/test_ssa_first_backend_lowering.py::TestSSAFirstBackendLowering::test_constructor_resolves_tensor_dtype_for_loop_carried_values PASSED [ 85%]
tests/test_ssa_first_backend_lowering.py::TestSSAFirstBackendLowering::test_constructor_canonicalizes_aliased_and_chained_tensor_dtype PASSED [ 86%]
tests/test_ssa_first_backend_lowering.py::TestSSAFirstBackendLowering::test_constructor_uses_static_dtype_for_scalar_dtype_source PASSED [ 86%]
tests/test_ssa_first_backend_lowering.py::TestSSAFirstBackendLowering::test_constructor_does_not_propagate_dtype_ref_through_promotion PASSED [ 86%]
tests/test_ssa_first_backend_lowering.py::TestSSAFirstBackendLowering::test_constructor_propagates_dtype_ref_into_nested_region PASSED [ 86%]
tests/test_ssa_first_backend_lowering.py::TestSSAFirstBackendLowering::test_scalar_tensor_extract_load_drops_vector_mask PASSED [ 86%]
tests/test_ssa_first_backend_lowering.py::TestSSAFirstBackendLowering::test_scalar_source_load_drops_vector_mask PASSED [ 86%]
tests/test_ssa_first_backend_lowering.py::TestSSAFirstBackendLowering::test_scalar_index_name_drops_vector_mask PASSED [ 86%]
tests/test_ssa_first_backend_lowering.py::TestSSAFirstBackendLowering::test_scalarized_vector_index_drops_vector_mask PASSED [ 87%]
tests/test_ssa_first_backend_lowering.py::TestSSAFirstBackendLowering::test_from_source_generates_axis_reduction_for_native_backends PASSED [ 87%]
tests/test_ssa_first_backend_lowering.py::TestSSAFirstBackendLowering::test_from_source_generates_rowwise_reduction_for_native_backends PASSED [ 87%]
tests/test_ssa_first_backend_lowering.py::TestSSAFirstBackendLowering::test_transpose_aliases_share_one_backend_emission_contract PASSED [ 87%]
tests/test_ssa_first_backend_lowering.py::TestSSAFirstBackendLowering::test_from_source_emits_store_inside_scf_for_without_operator_dispatch PASSED [ 87%]
tests/test_ssa_first_backend_lowering.py::TestSSAFirstBackendLowering::test_from_source_preserves_else_store_region_for_side_effect_if PASSED [ 87%]
tests/test_ssa_first_backend_lowering.py::TestSSAFirstBackendLowering::test_from_source_emits_multi_result_scf_if_once PASSED [ 88%]
tests/test_ssa_first_backend_lowering.py::TestSSAFirstBackendLowering::test_public_lower_generates_loop_and_if_control_flow_for_all_backends PASSED [ 88%]
tests/test_ssa_pass_pipeline.py::TestPipeline::test_pipeline_attaches_target_schedule_without_coarse_nodes PASSED [ 88%]
tests/test_ssa_pass_pipeline.py::TestPipeline::test_schedule_sees_linalg_before_decomposition PASSED [ 88%]
tests/test_ssa_pass_pipeline.py::TestPipeline::test_pass_registry_classifies_and_registers_backend_contracts PASSED [ 88%]
tests/test_ssa_pass_pipeline.py::TestPipeline::test_custom_pipeline_can_disable_backend_optimization_pass PASSED [ 88%]
tests/test_ssa_pass_pipeline.py::TestPipeline::test_default_pipeline_records_selected_passes PASSED [ 88%]
tests/test_ssa_pass_pipeline.py::TestPipeline::test_blocked_linalg_exposes_backend_schedule_candidates PASSED [ 89%]
tests/test_ssa_pass_pipeline.py::TestPipeline::test_schedule_candidate_can_be_selected_by_pass_option PASSED [ 89%]
tests/test_ssa_program_domain_regressions.py::test_flattened_debug_output_preserves_each_source_tile PASSED [ 89%]
tests/test_ssa_program_domain_regressions.py::test_expanded_dense_input_does_not_introduce_unbound_jagged_extent[1-3] PASSED [ 89%]
tests/test_ssa_program_domain_regressions.py::test_expanded_dense_input_does_not_introduce_unbound_jagged_extent[1-4] PASSED [ 89%]
tests/test_ssa_program_domain_regressions.py::test_expanded_dense_input_does_not_introduce_unbound_jagged_extent[2-3] PASSED [ 89%]
tests/test_ssa_program_domain_regressions.py::test_expanded_dense_input_does_not_introduce_unbound_jagged_extent[2-4] PASSED [ 89%]
tests/test_ssa_program_domain_regressions.py::test_cuda_signed_division_source_matches_python_integer_semantics PASSED [ 90%]
tests/test_ssa_validation.py::test_verifier_rejects_undefined_operand PASSED [ 90%]
tests/test_ssa_validation.py::test_verifier_rejects_duplicate_result_definition PASSED [ 90%]
tests/test_ssa_validation.py::test_unknown_python_helper_fails_closed_with_source_location PASSED [ 90%]
tests/test_ssa_validation.py::test_strict_frontend_rejects_invalid_reduction_axis PASSED [ 90%]
tests/test_ssa_validation.py::test_static_broadcast_mismatch_fails_closed PASSED [ 90%]
tests/test_ssa_validation.py::test_cast_updates_ssa_result_dtype PASSED  [ 90%]
tests/test_ssa_validation.py::test_batched_matmul_type_preserves_broadcast_batch_domain PASSED [ 91%]
tests/test_triton_aot_materializer.py::test_triton_aot_kernel_names_require_matching_generated_symbols PASSED [ 91%]
tests/test_triton_aot_materializer.py::test_triton_aot_kernel_names_reject_format_drift[CUmodule changed_mod = NULL;\nvoid load_changed() {}\n] PASSED [ 91%]
tests/test_triton_aot_materializer.py::test_triton_aot_kernel_names_reject_format_drift[CUmodule changed_mod = NULL;\nCUfunction another_func = NULL;\nvoid load_changed() {}\n] PASSED [ 91%]
tests/test_triton_aot_materializer.py::test_triton_aot_kernel_names_reject_format_drift[CUmodule changed_mod = NULL;\nCUfunction changed_func = NULL;\nstatic void load_changed() {}\n] PASSED [ 91%]
tests/test_triton_aot_materializer.py::test_triton_context_guard_uses_context_state_instead_of_device_ordinals PASSED [ 91%]
tests/test_triton_aot_materializer.py::test_fresh_aot_materialization_enters_launches_and_leaves PASSED [ 91%]
tests/test_triton_aot_materializer.py::test_reloaded_aot_wrapper_enters_launches_and_leaves PASSED [ 92%]
tests/test_triton_aot_materializer.py::test_reloaded_aot_wrapper_leaves_after_kernel_failures[17-None-KernelLaunchError] PASSED [ 92%]
tests/test_triton_aot_materializer.py::test_reloaded_aot_wrapper_leaves_after_kernel_failures[0-error1-RuntimeError] PASSED [ 92%]
tests/test_triton_aot_materializer.py::test_reloaded_aot_wrapper_does_not_launch_when_enter_fails PASSED [ 92%]
tests/test_triton_aot_materializer.py::test_reloaded_unguarded_artifact_requires_rebuild PASSED [ 92%]
tests/test_triton_aot_materializer.py::test_stale_triton_launcher_schema_triggers_rebuild[missing] PASSED [ 92%]
tests/test_triton_aot_materializer.py::test_stale_triton_launcher_schema_triggers_rebuild[stale] PASSED [ 92%]
tests/test_triton_aot_materializer.py::test_stale_triton_launcher_schema_triggers_rebuild[current] PASSED [ 93%]
tests/test_triton_aot_materializer.py::test_aot_compilation_links_generated_context_guard PASSED [ 93%]
tests/test_triton_layout_transfer.py::test_triton_layout_transfer_emits_tiled_transpose_with_independent_tails PASSED [ 93%]
tests/test_triton_layout_transfer.py::test_triton_layout_transfer_exposes_legal_schedule_candidates PASSED [ 93%]
tests/test_triton_layout_transfer.py::test_explicit_candidate_survives_single_config_limit_with_selected_warps PASSED [ 93%]
tests/test_triton_layout_transfer.py::test_non_power_of_two_pre_tiled_transfer_uses_generic_emission PASSED [ 93%]
tests/test_triton_layout_transfer_runtime.py::test_layout_transfer_runtime_contract_and_aot_wiring PASSED [ 94%]
tests/test_triton_layout_transfer_runtime.py::test_layout_transfer_jit_aot_reload_with_dynamic_strides[cuda] PASSED [ 94%]
tests/test_triton_reduction_schedule.py::test_reduction_domain_selects_triton_row_vector_schedule PASSED [ 94%]
tests/test_triton_reduction_schedule.py::test_triton_row_vector_reduction_runtime[cuda] PASSED [ 94%]
tests/test_triton_reduction_schedule.py::test_row_vector_only_vectorizes_scheduled_reductions_and_masks_source_store[cuda] PASSED [ 94%]
tests/test_triton_runtime_auto_tuning.py::test_triton_single_and_plain_materialization_use_verified_launch[plain] PASSED [ 94%]
tests/test_triton_runtime_auto_tuning.py::test_triton_single_and_plain_materialization_use_verified_launch[single-candidate] PASSED [ 94%]
tests/test_triton_runtime_auto_tuning.py::test_verified_runtime_launch_rebinds_zero_dimensional_value PASSED [ 95%]
tests/test_triton_runtime_auto_tuning.py::test_verified_runtime_launch_keeps_eight_recent_identities PASSED [ 95%]
tests/test_triton_runtime_auto_tuning.py::test_verified_runtime_launch_handles_zero_without_calling_kernel PASSED [ 95%]
tests/test_triton_runtime_auto_tuning.py::test_verified_runtime_launch_preserves_argument_errors PASSED [ 95%]
tests/test_triton_runtime_auto_tuning.py::test_verified_runtime_fast_key_defers_invalid_tensor_to_validation PASSED [ 95%]
tests/test_triton_runtime_auto_tuning.py::test_verified_runtime_four_buffer_call_has_no_cached_output_field PASSED [ 95%]
tests/test_triton_runtime_auto_tuning.py::test_verified_runtime_cache_does_not_retain_tensor_or_flattened_view PASSED [ 95%]
tests/test_triton_runtime_auto_tuning.py::test_verified_runtime_uses_prepared_low_level_invocation PASSED [ 96%]
tests/test_triton_runtime_auto_tuning.py::test_triton_prepared_invocation_caches_grid_without_launching PASSED [ 96%]
tests/test_triton_runtime_auto_tuning.py::test_triton_direct_winner_reuses_verified_binding_and_restores_aba PASSED [ 96%]
tests/test_triton_runtime_auto_tuning.py::test_triton_alias_selection_does_not_pollute_non_alias_tuning PASSED [ 96%]
tests/test_triton_runtime_auto_tuning.py::test_triton_tensor_scalar_alias_uses_alias_safe_selection[scalar] PASSED [ 96%]
tests/test_triton_runtime_auto_tuning.py::test_triton_tensor_scalar_alias_uses_alias_safe_selection[constexpr] PASSED [ 96%]
tests/test_triton_runtime_auto_tuning.py::test_triton_alias_signature_uses_absolute_spans_and_fails_closed PASSED [ 96%]
tests/test_triton_runtime_auto_tuning.py::test_triton_read_write_binding_uses_alias_safe_selection PASSED [ 97%]
tests/test_triton_runtime_auto_tuning.py::test_triton_loop_carried_binding_access_preserves_input_dependency PASSED [ 97%]
tests/test_triton_runtime_auto_tuning.py::test_triton_alias_selection_uses_jagged_binding_access PASSED [ 97%]
tests/test_triton_runtime_auto_tuning.py::test_triton_alias_selection_handles_candidate_failures_safely PASSED [ 97%]
tests/test_triton_runtime_auto_tuning.py::test_prepared_launch_rebinds_after_tensor_contract_change[shape-value0-2] PASSED [ 97%]
tests/test_triton_runtime_auto_tuning.py::test_prepared_launch_rebinds_after_tensor_contract_change[_stride-value1-2] PASSED [ 97%]
tests/test_triton_runtime_auto_tuning.py::test_prepared_launch_rebinds_after_tensor_contract_change[dtype-float16-2] PASSED [ 97%]
tests/test_triton_runtime_auto_tuning.py::test_prepared_launch_rebinds_after_tensor_contract_change[device-cuda:1-2] PASSED [ 98%]
tests/test_triton_runtime_auto_tuning.py::test_prepared_launch_rebinds_after_tensor_contract_change[_data_ptr-1-1] PASSED [ 98%]
tests/test_triton_runtime_auto_tuning.py::test_prepared_launch_rebinds_after_tensor_contract_change[_storage_offset-1-1] PASSED [ 98%]
tests/test_triton_runtime_auto_tuning.py::test_triton_direct_winner_validates_constexpr_and_argument_errors PASSED [ 98%]
tests/test_triton_runtime_auto_tuning.py::test_zero_dimensional_constexpr_mutation_rebinds_current_value PASSED [ 98%]
tests/test_triton_runtime_auto_tuning.py::test_triton_winner_proofs_share_the_bounded_prepared_lru PASSED [ 98%]
tests/test_triton_runtime_auto_tuning.py::test_prepared_launch_resolves_output_from_the_current_call PASSED [ 98%]
tests/test_triton_runtime_auto_tuning.py::test_triton_zero_size_does_not_disturb_nonempty_prepared_call PASSED [ 99%]
tests/test_triton_runtime_auto_tuning.py::test_triton_tuple_configurations_are_benchmarked_and_cached[cuda] PASSED [ 99%]
tests/test_triton_runtime_auto_tuning.py::test_triton_prepared_cache_releases_gpu_tensor_storage[cuda] PASSED [ 99%]
tests/test_triton_runtime_auto_tuning.py::test_auto_tuner_validates_arguments_before_benchmark PASSED [ 99%]
tests/test_triton_runtime_auto_tuning.py::test_auto_tuner_cache_is_reused_across_instances PASSED [ 99%]
tests/test_triton_runtime_auto_tuning.py::test_auto_tuner_retries_transient_candidate_failures PASSED [ 99%]
tests/test_unsqueeze.py::test_unsqueeze PASSED                           [100%]

- generated xml file: /home/vipuser/infinitensor-2026/runs/a100-final-20260908/nine-full-final/junit.xml -
================================ tests coverage ================================
_______________ coverage: platform linux, python 3.12.7-final-0 ________________

Coverage HTML written to dir /home/vipuser/infinitensor-2026/runs/a100-final-20260908/nine-full-final/coverage-html
Coverage XML written to file /home/vipuser/infinitensor-2026/runs/a100-final-20260908/nine-full-final/coverage.xml
=========================== short test summary info ============================
SKIPPED [1] tests/test_aot.py:52: multi-device testing requires at least 2 devices
SKIPPED [1] tests/test_built_artifact_reload.py:74: Triton multi-context testing requires at least 2 CUDA devices
================== 682 passed, 2 skipped in 467.20s (0:07:47) ==================
