<?xml version="1.0" encoding="utf-8"?><testsuites name="pytest tests"><testsuite name="pytest" errors="0" failures="0" skipped="0" tests="206" time="16.941" timestamp="2026-09-05T21:27:04.562162+08:00" hostname="DESKTOP-37FJ6C1"><testcase classname="tests.test_interpreter_applications" name="test_elementwise_and_nondivisible_tail[1-float32]" time="0.212" /><testcase classname="tests.test_interpreter_applications" name="test_elementwise_and_nondivisible_tail[1-int32]" time="0.013" /><testcase classname="tests.test_interpreter_applications" name="test_elementwise_and_nondivisible_tail[8-float32]" time="0.016" /><testcase classname="tests.test_interpreter_applications" name="test_elementwise_and_nondivisible_tail[8-int32]" time="0.015" /><testcase classname="tests.test_interpreter_applications" name="test_elementwise_and_nondivisible_tail[11-float32]" time="0.017" /><testcase classname="tests.test_interpreter_applications" name="test_elementwise_and_nondivisible_tail[11-int32]" time="0.016" /><testcase classname="tests.test_interpreter_applications" name="test_bool_results_are_exact" time="0.013" /><testcase classname="tests.test_interpreter_applications" name="test_broadcast_reuses_bias_for_each_row" time="0.025" /><testcase classname="tests.test_interpreter_applications" name="test_row_reduction_ignores_padded_lanes[float32]" time="0.088" /><testcase classname="tests.test_interpreter_applications" name="test_row_reduction_ignores_padded_lanes[int32]" time="0.023" /><testcase classname="tests.test_interpreter_applications" name="test_row_reduction_maps_singleton_program_axes_to_a_vector_output[float32]" time="0.048" /><testcase classname="tests.test_interpreter_applications" name="test_row_reduction_maps_singleton_program_axes_to_a_vector_output[int32]" time="0.024" /><testcase classname="tests.test_interpreter_applications" name="test_nested_if_and_for_carry_values[False]" time="0.015" /><testcase classname="tests.test_interpreter_applications" name="test_nested_if_and_for_carry_values[True]" time="0.015" /><testcase classname="tests.test_interpreter_applications" name="test_softmax_uses_negative_infinity_for_padding" time="0.030" /><testcase classname="tests.test_interpreter_applications" name="test_dot_on_masked_matrix_tiles" time="0.017" /><testcase classname="tests.test_interpreter_applications" name="test_cpu_path_does_not_import_gpu_backends" time="2.125" /><testcase classname="tests.test_interpreter_applications" name="test_tiled_trace_visits_each_program_and_is_reproducible" time="0.013" /><testcase classname="tests.test_interpreter_applications" name="test_arranged_loads_and_stores_follow_noncontiguous_numpy_strides" time="0.017" /><testcase classname="tests.test_interpreter_applications" name="test_nested_arrangement_reduces_across_multiple_inner_tiles" time="0.124" /><testcase classname="tests.test_interpreter_applications" name="test_trace_reports_the_effective_arrangement_tail_mask" time="0.012" /><testcase classname="tests.test_interpreter_applications" name="test_high_level_backend_option_executes_the_real_pass_pipeline[cuda]" time="0.011" /><testcase classname="tests.test_interpreter_applications" name="test_high_level_backend_option_executes_the_real_pass_pipeline[triton]" time="0.012" /><testcase classname="tests.test_interpreter_applications" name="test_fixed_k_tiled_dot_matches_numpy_after_target_decomposition[shape0-float32-cuda]" time="0.100" /><testcase classname="tests.test_interpreter_applications" name="test_fixed_k_tiled_dot_matches_numpy_after_target_decomposition[shape0-float32-triton]" time="0.103" /><testcase classname="tests.test_interpreter_applications" name="test_fixed_k_tiled_dot_matches_numpy_after_target_decomposition[shape0-int32-cuda]" time="0.104" /><testcase classname="tests.test_interpreter_applications" name="test_fixed_k_tiled_dot_matches_numpy_after_target_decomposition[shape0-int32-triton]" time="0.161" /><testcase classname="tests.test_interpreter_applications" name="test_fixed_k_tiled_dot_matches_numpy_after_target_decomposition[shape1-float32-cuda]" time="0.105" /><testcase classname="tests.test_interpreter_applications" name="test_fixed_k_tiled_dot_matches_numpy_after_target_decomposition[shape1-float32-triton]" time="0.119" /><testcase classname="tests.test_interpreter_applications" name="test_fixed_k_tiled_dot_matches_numpy_after_target_decomposition[shape1-int32-cuda]" time="0.110" /><testcase classname="tests.test_interpreter_applications" name="test_fixed_k_tiled_dot_matches_numpy_after_target_decomposition[shape1-int32-triton]" time="0.102" /><testcase classname="tests.test_interpreter_applications" name="test_fixed_k_tiled_dot_matches_numpy_after_target_decomposition[shape2-float32-cuda]" time="0.113" /><testcase classname="tests.test_interpreter_applications" name="test_fixed_k_tiled_dot_matches_numpy_after_target_decomposition[shape2-float32-triton]" time="0.139" /><testcase classname="tests.test_interpreter_applications" name="test_fixed_k_tiled_dot_matches_numpy_after_target_decomposition[shape2-int32-cuda]" time="0.104" /><testcase classname="tests.test_interpreter_applications" name="test_fixed_k_tiled_dot_matches_numpy_after_target_decomposition[shape2-int32-triton]" time="0.101" /><testcase classname="tests.test_interpreter_applications" name="test_untiled_non_square_dot_executes_every_output_lane[1-float32-cuda]" time="0.012" /><testcase classname="tests.test_interpreter_applications" name="test_untiled_non_square_dot_executes_every_output_lane[1-float32-triton]" time="0.011" /><testcase classname="tests.test_interpreter_applications" name="test_untiled_non_square_dot_executes_every_output_lane[1-int32-cuda]" time="0.011" /><testcase classname="tests.test_interpreter_applications" name="test_untiled_non_square_dot_executes_every_output_lane[1-int32-triton]" time="0.011" /><testcase classname="tests.test_interpreter_applications" name="test_untiled_non_square_dot_executes_every_output_lane[3-float32-cuda]" time="0.015" /><testcase classname="tests.test_interpreter_applications" name="test_untiled_non_square_dot_executes_every_output_lane[3-float32-triton]" time="0.013" /><testcase classname="tests.test_interpreter_applications" name="test_untiled_non_square_dot_executes_every_output_lane[3-int32-cuda]" time="0.014" /><testcase classname="tests.test_interpreter_applications" name="test_untiled_non_square_dot_executes_every_output_lane[3-int32-triton]" time="0.017" /><testcase classname="tests.test_interpreter_applications" name="test_untiled_non_square_dot_executes_every_output_lane[7-float32-cuda]" time="0.025" /><testcase classname="tests.test_interpreter_applications" name="test_untiled_non_square_dot_executes_every_output_lane[7-float32-triton]" time="0.020" /><testcase classname="tests.test_interpreter_applications" name="test_untiled_non_square_dot_executes_every_output_lane[7-int32-cuda]" time="0.018" /><testcase classname="tests.test_interpreter_applications" name="test_untiled_non_square_dot_executes_every_output_lane[7-int32-triton]" time="0.020" /><testcase classname="tests.test_interpreter_applications" name="test_non_square_transpose_matches_numpy_after_decomposition[float32-_transpose_tiles-cuda]" time="0.020" /><testcase classname="tests.test_interpreter_applications" name="test_non_square_transpose_matches_numpy_after_decomposition[float32-_transpose_tiles-triton]" time="0.020" /><testcase classname="tests.test_interpreter_applications" name="test_non_square_transpose_matches_numpy_after_decomposition[float32-_whole_transpose-cuda]" time="0.009" /><testcase classname="tests.test_interpreter_applications" name="test_non_square_transpose_matches_numpy_after_decomposition[float32-_whole_transpose-triton]" time="0.010" /><testcase classname="tests.test_interpreter_applications" name="test_non_square_transpose_matches_numpy_after_decomposition[int32-_transpose_tiles-cuda]" time="0.020" /><testcase classname="tests.test_interpreter_applications" name="test_non_square_transpose_matches_numpy_after_decomposition[int32-_transpose_tiles-triton]" time="0.018" /><testcase classname="tests.test_interpreter_applications" name="test_non_square_transpose_matches_numpy_after_decomposition[int32-_whole_transpose-cuda]" time="0.009" /><testcase classname="tests.test_interpreter_applications" name="test_non_square_transpose_matches_numpy_after_decomposition[int32-_whole_transpose-triton]" time="0.009" /><testcase classname="tests.test_interpreter_applications" name="test_multi_program_dot_decomposition_is_rejected_without_partial_writes[shape0-cuda]" time="0.019" /><testcase classname="tests.test_interpreter_applications" name="test_multi_program_dot_decomposition_is_rejected_without_partial_writes[shape0-triton]" time="0.017" /><testcase classname="tests.test_interpreter_applications" name="test_multi_program_dot_decomposition_is_rejected_without_partial_writes[shape1-cuda]" time="0.020" /><testcase classname="tests.test_interpreter_applications" name="test_multi_program_dot_decomposition_is_rejected_without_partial_writes[shape1-triton]" time="0.020" /><testcase classname="tests.test_interpreter_debugger" name="test_difference_identifies_first_aligned_operation_without_mutating_inputs" time="0.021" /><testcase classname="tests.test_interpreter_debugger" name="test_restructured_programs_do_not_get_a_guessed_operation_location[_affine_restructured-True]" time="0.020" /><testcase classname="tests.test_interpreter_debugger" name="test_restructured_programs_do_not_get_a_guessed_operation_location[_affine_restructured_wrong-False]" time="0.017" /><testcase classname="tests.test_interpreter_debugger" name="test_pass_checker_stops_at_the_first_semantic_failure" time="0.018" /><testcase classname="tests.test_interpreter_debugger" name="test_pass_checker_records_an_unsupported_operation_as_failure" time="0.010" /><testcase classname="tests.test_interpreter_debugger" name="test_reproducer_round_trips_arrangement_inputs_and_runs_its_replay_script" time="1.572" /><testcase classname="tests.test_interpreter_debugger" name="test_reproducer_preserves_exact_alias_bindings" time="0.004" /><testcase classname="tests.test_interpreter_debugger" name="test_comparison_preserves_write_then_read_through_exact_aliases" time="0.002" /><testcase classname="tests.test_interpreter_debugger" name="test_comparison_and_export_reject_distinct_overlapping_views[False]" time="0.009" /><testcase classname="tests.test_interpreter_debugger" name="test_comparison_and_export_reject_distinct_overlapping_views[True]" time="0.010" /><testcase classname="tests.test_interpreter_debugger" name="test_comparison_and_replay_preserve_noncontiguous_pointer_rejection" time="0.004" /><testcase classname="tests.test_interpreter_debugger" name="test_reproducer_preserves_strides_values_and_readonly_flags[positive]" time="0.004" /><testcase classname="tests.test_interpreter_debugger" name="test_reproducer_preserves_strides_values_and_readonly_flags[negative]" time="0.004" /><testcase classname="tests.test_interpreter_debugger" name="test_reproducer_preserves_strides_values_and_readonly_flags[transpose]" time="0.004" /><testcase classname="tests.test_interpreter_debugger" name="test_reproducer_preserves_strides_values_and_readonly_flags[broadcast]" time="0.004" /><testcase classname="tests.test_interpreter_debugger" name="test_program_comparison_keeps_readonly_output_semantics" time="0.001" /><testcase classname="tests.test_interpreter_debugger" name="test_reproducer_rejects_overwrite_and_manifest_input_mismatch" time="0.017" /><testcase classname="tests.test_interpreter_debugger" name="test_reproducer_rejects_object_arrays_without_pickle" time="0.009" /><testcase classname="tests.test_interpreter_debugger" name="test_decomposed_dot_difference_identifies_the_output_lane" time="0.131" /><testcase classname="tests.test_interpreter_debugger" name="test_step_debugger_discards_values_from_the_previous_output_lane" time="0.048" /><testcase classname="tests.test_interpreter_gpu" name="test_gpu_fixtures_match_oracle_before_and_after_lowering_on_cpu[broadcast_float32_tail]" time="0.070" /><testcase classname="tests.test_interpreter_gpu" name="test_gpu_fixtures_match_oracle_before_and_after_lowering_on_cpu[broadcast_row_matrix_float32_tail]" time="0.081" /><testcase classname="tests.test_interpreter_gpu" name="test_gpu_fixtures_match_oracle_before_and_after_lowering_on_cpu[broadcast_column_matrix_float32_tail]" time="0.069" /><testcase classname="tests.test_interpreter_gpu" name="test_gpu_fixtures_match_oracle_before_and_after_lowering_on_cpu[floor_div_int32_mixed_sign_tail]" time="0.037" /><testcase classname="tests.test_interpreter_gpu" name="test_gpu_fixtures_match_oracle_before_and_after_lowering_on_cpu[remainder_int32_mixed_sign_tail]" time="0.033" /><testcase classname="tests.test_interpreter_gpu" name="test_generated_stride_guards_use_binary_boolops_supported_by_triton_31[elementwise_float32_aligned]" time="0.027" /><testcase classname="tests.test_interpreter_gpu" name="test_generated_stride_guards_use_binary_boolops_supported_by_triton_31[masked_float32_tail]" time="0.025" /><testcase classname="tests.test_interpreter_gpu" name="test_generated_stride_guards_use_binary_boolops_supported_by_triton_31[masked_int32_tail]" time="0.024" /><testcase classname="tests.test_interpreter_gpu" name="test_generated_signed_division_corrects_triton_tensor_rounding[floor_div_int32_mixed_sign_tail]" time="0.052" /><testcase classname="tests.test_interpreter_gpu" name="test_generated_signed_division_corrects_triton_tensor_rounding[remainder_int32_mixed_sign_tail]" time="0.062" /><testcase classname="tests.test_interpreter_gpu" name="test_generated_broadcast_input_addresses_and_masks_match_numpy_layout[x-broadcast_float32_tail]" time="0.045" /><testcase classname="tests.test_interpreter_gpu" name="test_generated_broadcast_input_addresses_and_masks_match_numpy_layout[x-broadcast_row_matrix_float32_tail]" time="0.105" /><testcase classname="tests.test_interpreter_gpu" name="test_generated_broadcast_input_addresses_and_masks_match_numpy_layout[x-broadcast_column_matrix_float32_tail]" time="0.063" /><testcase classname="tests.test_interpreter_gpu" name="test_generated_broadcast_input_addresses_and_masks_match_numpy_layout[bias-broadcast_float32_tail]" time="0.042" /><testcase classname="tests.test_interpreter_gpu" name="test_generated_broadcast_input_addresses_and_masks_match_numpy_layout[bias-broadcast_row_matrix_float32_tail]" time="0.059" /><testcase classname="tests.test_interpreter_gpu" name="test_generated_broadcast_input_addresses_and_masks_match_numpy_layout[bias-broadcast_column_matrix_float32_tail]" time="0.055" /><testcase classname="tests.test_interpreter_ssa" name="test_integer_binary_operations_are_exact[arith.add-lhs0-rhs0-expected0]" time="0.002" /><testcase classname="tests.test_interpreter_ssa" name="test_integer_binary_operations_are_exact[arith.sub-lhs1-rhs1-expected1]" time="0.001" /><testcase classname="tests.test_interpreter_ssa" name="test_integer_binary_operations_are_exact[arith.mul-lhs2-rhs2-expected2]" time="0.001" /><testcase classname="tests.test_interpreter_ssa" name="test_integer_binary_operations_are_exact[arith.floordiv-lhs3-rhs3-expected3]" time="0.002" /><testcase classname="tests.test_interpreter_ssa" name="test_integer_binary_operations_are_exact[arith.bitwise_and-lhs4-rhs4-expected4]" time="0.001" /><testcase classname="tests.test_interpreter_ssa" name="test_integer_binary_operations_are_exact[arith.bitwise_xor-lhs5-rhs5-expected5]" time="0.001" /><testcase classname="tests.test_interpreter_ssa" name="test_masked_load_never_dereferences_inactive_out_of_bounds_lanes" time="0.001" /><testcase classname="tests.test_interpreter_ssa" name="test_all_false_mask_can_load_from_an_empty_buffer" time="0.001" /><testcase classname="tests.test_interpreter_ssa" name="test_active_out_of_bounds_load_reports_the_operation_location[-1]" time="0.001" /><testcase classname="tests.test_interpreter_ssa" name="test_active_out_of_bounds_load_reports_the_operation_location[3]" time="0.001" /><testcase classname="tests.test_interpreter_ssa" name="test_active_out_of_bounds_load_reports_the_operation_location[1000]" time="0.001" /><testcase classname="tests.test_interpreter_ssa" name="test_masked_store_changes_only_active_valid_addresses" time="0.001" /><testcase classname="tests.test_interpreter_ssa" name="test_active_out_of_bounds_store_reports_the_operation_location[-1]" time="0.001" /><testcase classname="tests.test_interpreter_ssa" name="test_active_out_of_bounds_store_reports_the_operation_location[5]" time="0.001" /><testcase classname="tests.test_interpreter_ssa" name="test_active_out_of_bounds_store_reports_the_operation_location[1000]" time="0.001" /><testcase classname="tests.test_interpreter_ssa" name="test_unknown_operation_fails_closed_with_opcode_and_location" time="0.001" /><testcase classname="tests.test_interpreter_ssa" name="test_unknown_operation_in_nested_region_reports_nested_location" time="0.001" /><testcase classname="tests.test_interpreter_ssa" name="test_trace_is_reproducible_and_snapshots_do_not_alias_inputs" time="0.001" /><testcase classname="tests.test_interpreter_ssa" name="test_trace_opcode_filter_keeps_execution_unchanged" time="0.001" /><testcase classname="tests.test_interpreter_ssa" name="test_handwritten_loop_handles_negative_step_and_zero_iterations[5--1--2-9]" time="0.002" /><testcase classname="tests.test_interpreter_ssa" name="test_handwritten_loop_handles_negative_step_and_zero_iterations[2-2-1-0]" time="0.001" /><testcase classname="tests.test_interpreter_ssa" name="test_three_dimensional_grid_trace_filter_and_watch_do_not_filter_execution" time="0.003" /><testcase classname="tests.test_interpreter_ssa" name="test_step_callback_works_without_retaining_a_trace" time="0.003" /><testcase classname="tests.test_interpreter_ssa" name="test_explicit_extension_handler_receives_materialized_cpu_operands" time="0.001" /><testcase classname="tests.test_interpreter_ssa" name="test_extension_handler_does_not_hide_an_unregistered_operation" time="0.001" /><testcase classname="tests.test_interpreter_ssa" name="test_store_trace_captures_source_before_an_aliasing_write" time="0.001" /><testcase classname="tests.test_interpreter_ssa" name="test_masked_invalid_addresses_are_safe_even_with_trace_enabled" time="0.001" /><testcase classname="tests.test_interpreter_ssa" name="test_masked_store_trace_does_not_dereference_inactive_addresses" time="0.001" /><testcase classname="tests.test_interpreter_ssa" name="test_masked_tensor_store_trace_and_watch_never_load_inactive_lanes[False-0]" time="0.001" /><testcase classname="tests.test_interpreter_ssa" name="test_masked_tensor_store_trace_and_watch_never_load_inactive_lanes[False-3]" time="0.002" /><testcase classname="tests.test_interpreter_ssa" name="test_masked_tensor_store_trace_and_watch_never_load_inactive_lanes[True-0]" time="0.002" /><testcase classname="tests.test_interpreter_ssa" name="test_masked_tensor_store_trace_and_watch_never_load_inactive_lanes[True-3]" time="0.002" /><testcase classname="tests.test_interpreter_ssa" name="test_unsupported_array_dtypes_are_rejected_before_execution[object]" time="0.001" /><testcase classname="tests.test_interpreter_ssa" name="test_unsupported_array_dtypes_are_rejected_before_execution[complex64]" time="0.001" /><testcase classname="tests.test_interpreter_ssa" name="test_unsupported_array_dtypes_are_rejected_before_execution[U4]" time="0.001" /><testcase classname="tests.test_interpreter_ssa" name="test_unsupported_array_dtypes_are_rejected_before_execution[S4]" time="0.001" /><testcase classname="tests.test_interpreter_ssa" name="test_array_dtype_must_match_the_declared_ssa_type" time="0.001" /><testcase classname="tests.test_interpreter_ssa" name="test_num_programs_rejects_invalid_axis_with_operation_location[-1]" time="0.001" /><testcase classname="tests.test_interpreter_ssa" name="test_num_programs_rejects_invalid_axis_with_operation_location[3]" time="0.001" /><testcase classname="tests.test_interpreter_ssa" name="test_num_programs_rejects_invalid_axis_with_operation_location[999]" time="0.001" /><testcase classname="tests.test_interpreter_ssa" name="test_isolated_decomposed_offset_without_output_store_is_rejected[matmul]" time="0.001" /><testcase classname="tests.test_interpreter_ssa" name="test_isolated_decomposed_offset_without_output_store_is_rejected[transpose]" time="0.001" /><testcase classname="tests.test_interpreter_step_debugger" name="test_step_continue_dynamic_watch_and_store_pause_timing" time="0.001" /><testcase classname="tests.test_interpreter_step_debugger" name="test_breakpoint_matches_opcode_exact_location_or_location_prefix[arith.add]" time="0.002" /><testcase classname="tests.test_interpreter_step_debugger" name="test_breakpoint_matches_opcode_exact_location_or_location_prefix[entry:1]" time="0.001" /><testcase classname="tests.test_interpreter_step_debugger" name="test_breakpoint_matches_opcode_exact_location_or_location_prefix[entry:1:arith.add]" time="0.002" /><testcase classname="tests.test_interpreter_step_debugger" name="test_deleting_a_breakpoint_restores_continue_behavior" time="0.001" /><testcase classname="tests.test_interpreter_step_debugger" name="test_quit_stops_future_operations_and_does_not_rollback_completed_stores[entry:1-False]" time="0.001" /><testcase classname="tests.test_interpreter_step_debugger" name="test_quit_stops_future_operations_and_does_not_rollback_completed_stores[mem.store-True]" time="0.002" /><testcase classname="tests.test_interpreter_step_debugger" name="test_program_and_opcode_filters_bound_debugger_events" time="0.001" /><testcase classname="tests.test_interpreter_step_debugger" name="test_debugger_operates_on_real_tiled_frontend_application" time="0.018" /><testcase classname="tests.test_interpreter_step_debugger" name="test_exhausted_script_continues_without_requesting_user_input" time="0.002" /><testcase classname="tests.test_ssa_application_lowering.TestApplicationSSALowering" name="test_reference_attention_lowers_to_fine_grained_region_ssa" time="0.018" /><testcase classname="tests.test_ssa_application_lowering.TestApplicationSSALowering" name="test_reference_attention_loop_uses_block_args_for_carried_state" time="0.011" /><testcase classname="tests.test_ssa_application_lowering.TestApplicationSSALowering" name="test_namespace_calls_are_not_treated_as_tensor_methods" time="0.010" /><testcase classname="tests.test_ssa_first_backend_lowering.TestSSAFirstBackendLowering" name="test_cuda_injects_curand_support_only_for_rand_operations" time="0.024" /><testcase classname="tests.test_ssa_first_backend_lowering.TestSSAFirstBackendLowering" name="test_public_lower_generates_fused_expression_without_kernel_template" time="0.068" /><testcase classname="tests.test_ssa_first_backend_lowering.TestSSAFirstBackendLowering" name="test_public_lower_uses_ssa_by_default_for_linear_backends" time="0.043" /><testcase classname="tests.test_ssa_first_backend_lowering.TestSSAFirstBackendLowering" name="test_public_lower_uses_arrangement_view_shapes_for_ssa_backends" time="0.044" /><testcase classname="tests.test_ssa_first_backend_lowering.TestSSAFirstBackendLowering" name="test_public_lower_preserves_arrangement_view_offsets_for_ssa_backends" time="0.047" /><testcase classname="tests.test_ssa_first_backend_lowering.TestSSAFirstBackendLowering" name="test_cuda_lower_materializes_long_view_index_expressions" time="0.039" /><testcase classname="tests.test_ssa_first_backend_lowering.TestSSAFirstBackendLowering" name="test_public_triton_lower_uses_unified_backend_for_structured_shapes" time="0.274" /><testcase classname="tests.test_ssa_first_backend_lowering.TestSSAFirstBackendLowering" name="test_tilelang_schedule_candidate_is_materialized_in_source_and_launch" time="0.200" /><testcase classname="tests.test_ssa_first_backend_lowering.TestSSAFirstBackendLowering" name="test_public_triton_lower_raises_when_ssa_is_unavailable" time="0.006" /><testcase classname="tests.test_ssa_first_backend_lowering.TestSSAFirstBackendLowering" name="test_from_source_generates_tensor_construction_and_view_ops" time="0.017" /><testcase classname="tests.test_ssa_first_backend_lowering.TestSSAFirstBackendLowering" name="test_from_source_generates_shape_dim_for_native_backends" time="0.005" /><testcase classname="tests.test_ssa_first_backend_lowering.TestSSAFirstBackendLowering" name="test_from_source_generates_tensor_stride_for_native_backends" time="0.007" /><testcase classname="tests.test_ssa_first_backend_lowering.TestSSAFirstBackendLowering" name="test_canonical_elementwise_math_opcodes_emit_for_all_backends" time="0.013" /><testcase classname="tests.test_ssa_first_backend_lowering.TestSSAFirstBackendLowering" name="test_from_source_generates_python_expression_syntax_for_native_backends" time="0.007" /><testcase classname="tests.test_ssa_first_backend_lowering.TestSSAFirstBackendLowering" name="test_from_source_generates_bitwise_shifts_for_native_backends" time="0.006" /><testcase classname="tests.test_ssa_first_backend_lowering.TestSSAFirstBackendLowering" name="test_from_source_preserves_subscript_store_indices_for_native_backends" time="0.009" /><testcase classname="tests.test_ssa_first_backend_lowering.TestSSAFirstBackendLowering" name="test_from_source_expands_subscript_augassign_for_native_backends" time="0.005" /><testcase classname="tests.test_ssa_first_backend_lowering.TestSSAFirstBackendLowering" name="test_from_source_linearizes_multidimensional_extract_by_source_shape" time="0.006" /><testcase classname="tests.test_ssa_first_backend_lowering.TestSSAFirstBackendLowering" name="test_public_lower_generates_ssa_reduction_for_native_backends" time="0.048" /><testcase classname="tests.test_ssa_first_backend_lowering.TestSSAFirstBackendLowering" name="test_public_lower_inlines_user_helper_calls_before_ssa_lowering" time="0.061" /><testcase classname="tests.test_ssa_first_backend_lowering.TestSSAFirstBackendLowering" name="test_constructor_resolves_tensor_dtype_for_loop_carried_values" time="0.294" /><testcase classname="tests.test_ssa_first_backend_lowering.TestSSAFirstBackendLowering" name="test_constructor_canonicalizes_aliased_and_chained_tensor_dtype" time="0.003" /><testcase classname="tests.test_ssa_first_backend_lowering.TestSSAFirstBackendLowering" name="test_constructor_uses_static_dtype_for_scalar_dtype_source" time="0.003" /><testcase classname="tests.test_ssa_first_backend_lowering.TestSSAFirstBackendLowering" name="test_constructor_does_not_propagate_dtype_ref_through_promotion" time="0.004" /><testcase classname="tests.test_ssa_first_backend_lowering.TestSSAFirstBackendLowering" name="test_constructor_propagates_dtype_ref_into_nested_region" time="0.004" /><testcase classname="tests.test_ssa_first_backend_lowering.TestSSAFirstBackendLowering" name="test_scalar_tensor_extract_load_drops_vector_mask" time="0.099" /><testcase classname="tests.test_ssa_first_backend_lowering.TestSSAFirstBackendLowering" name="test_scalar_source_load_drops_vector_mask" time="0.003" /><testcase classname="tests.test_ssa_first_backend_lowering.TestSSAFirstBackendLowering" name="test_scalar_index_name_drops_vector_mask" time="0.002" /><testcase classname="tests.test_ssa_first_backend_lowering.TestSSAFirstBackendLowering" name="test_scalarized_vector_index_drops_vector_mask" time="0.003" /><testcase classname="tests.test_ssa_first_backend_lowering.TestSSAFirstBackendLowering" name="test_from_source_generates_axis_reduction_for_native_backends" time="0.008" /><testcase classname="tests.test_ssa_first_backend_lowering.TestSSAFirstBackendLowering" name="test_from_source_generates_rowwise_reduction_for_native_backends" time="0.006" /><testcase classname="tests.test_ssa_first_backend_lowering.TestSSAFirstBackendLowering" name="test_transpose_aliases_share_one_backend_emission_contract" time="0.073" /><testcase classname="tests.test_ssa_first_backend_lowering.TestSSAFirstBackendLowering" name="test_from_source_emits_store_inside_scf_for_without_operator_dispatch" time="0.007" /><testcase classname="tests.test_ssa_first_backend_lowering.TestSSAFirstBackendLowering" name="test_from_source_preserves_else_store_region_for_side_effect_if" time="0.007" /><testcase classname="tests.test_ssa_first_backend_lowering.TestSSAFirstBackendLowering" name="test_from_source_emits_multi_result_scf_if_once" time="0.007" /><testcase classname="tests.test_ssa_first_backend_lowering.TestSSAFirstBackendLowering" name="test_public_lower_generates_loop_and_if_control_flow_for_all_backends" time="0.047" /><testcase classname="tests.test_ssa_pass_pipeline.TestPipeline" name="test_pipeline_attaches_target_schedule_without_coarse_nodes" time="0.001" /><testcase classname="tests.test_ssa_pass_pipeline.TestPipeline" name="test_schedule_sees_linalg_before_decomposition" time="0.002" /><testcase classname="tests.test_ssa_pass_pipeline.TestPipeline" name="test_pass_registry_classifies_and_registers_backend_contracts" time="0.001" /><testcase classname="tests.test_ssa_pass_pipeline.TestPipeline" name="test_custom_pipeline_can_disable_backend_optimization_pass" time="0.001" /><testcase classname="tests.test_ssa_pass_pipeline.TestPipeline" name="test_default_pipeline_records_selected_passes" time="0.001" /><testcase classname="tests.test_ssa_pass_pipeline.TestPipeline" name="test_blocked_linalg_exposes_backend_schedule_candidates" time="0.003" /><testcase classname="tests.test_ssa_pass_pipeline.TestPipeline" name="test_schedule_candidate_can_be_selected_by_pass_option" time="0.001" /><testcase classname="tests.test_ssa_program_domain_regressions" name="test_flattened_debug_output_preserves_each_source_tile" time="0.072" /><testcase classname="tests.test_ssa_program_domain_regressions" name="test_expanded_dense_input_does_not_introduce_unbound_jagged_extent[1-3]" time="0.106" /><testcase classname="tests.test_ssa_program_domain_regressions" name="test_expanded_dense_input_does_not_introduce_unbound_jagged_extent[1-4]" time="0.251" /><testcase classname="tests.test_ssa_program_domain_regressions" name="test_expanded_dense_input_does_not_introduce_unbound_jagged_extent[2-3]" time="0.101" /><testcase classname="tests.test_ssa_program_domain_regressions" name="test_expanded_dense_input_does_not_introduce_unbound_jagged_extent[2-4]" time="0.199" /><testcase classname="tests.test_ssa_program_domain_regressions" name="test_cuda_signed_division_source_matches_python_integer_semantics" time="0.969" /><testcase classname="tests.test_ssa_validation" name="test_verifier_rejects_undefined_operand" time="0.001" /><testcase classname="tests.test_ssa_validation" name="test_verifier_rejects_duplicate_result_definition" time="0.001" /><testcase classname="tests.test_ssa_validation" name="test_unknown_python_helper_fails_closed_with_source_location" time="0.001" /><testcase classname="tests.test_ssa_validation" name="test_strict_frontend_rejects_invalid_reduction_axis" time="0.001" /><testcase classname="tests.test_ssa_validation" name="test_static_broadcast_mismatch_fails_closed" time="0.001" /><testcase classname="tests.test_ssa_validation" name="test_cast_updates_ssa_result_dtype" time="0.001" /><testcase classname="tests.test_ssa_validation" name="test_batched_matmul_type_preserves_broadcast_batch_domain" time="0.001" /></testsuite></testsuites>