<?xml version="1.0" encoding="utf-8"?><testsuites><testsuite name="pytest" errors="0" failures="0" skipped="2" tests="760" time="851.830" timestamp="2026-09-13T18:26:10.219168" hostname="ubuntu22"><testcase classname="tests.test_add" name="test[98432-dtype0-cuda]" time="0.997" /><testcase classname="tests.test_addmm" name="test[512-512-512-dtype0-0.075-cuda]" time="3.802" /><testcase classname="tests.test_addmm" name="test[512-512-512-dtype1-0.125-cuda]" time="3.775" /><testcase classname="tests.test_aot" name="test_add[False-45327-dtype0-bf16-cuda]" time="4.030" /><testcase classname="tests.test_aot" name="test_add[True-45327-dtype0-bf16-cuda]" time="4.155"><skipped type="pytest.skip" message="multi-device testing requires at least 2 devices">/root/infinitensor-2026/ninetoothed-a100-20260913/tests/test_aot.py:52: multi-device testing requires at least 2 devices</skipped></testcase><testcase classname="tests.test_aot" name="test_addmm[512-512-512-dtype0-fp16-0.075-cuda]" time="5.372" /><testcase classname="tests.test_aot" name="test_attention[2-4-1024-64-dtype0-fp16-0.01-0.01-cuda]" time="9.731" /><testcase classname="tests.test_aot" name="test_matmul[512-512-512-dtype0-fp16-cuda]" time="5.232" /><testcase classname="tests.test_aot" name="test_conv2d[False-4-64-16-16-512-3-3-dtype0-fp16-0.001-0.001-cuda-False]" time="10.517" /><testcase classname="tests.test_aot" name="test_conv2d[False-4-64-16-16-512-3-3-dtype0-fp16-0.001-0.001-cuda-True]" time="5.679" /><testcase classname="tests.test_aot" name="test_conv2d[True-4-64-16-16-512-3-3-dtype0-fp16-0.001-0.001-cuda-False]" time="21.297" /><testcase classname="tests.test_aot" name="test_conv2d[True-4-64-16-16-512-3-3-dtype0-fp16-0.001-0.001-cuda-True]" time="11.365" /><testcase classname="tests.test_aot" name="test_fp32_scalar[cuda]" time="3.883" /><testcase classname="tests.test_aot" name="test_aot_with_static_non_power_of_two_innermost_sizes[cuda]" time="4.008" /><testcase classname="tests.test_aot" name="test_overflow_terms" time="0.002" /><testcase classname="tests.test_aot_auto_tuning" name="test_auto_tuning[20260128-dtype0-fp32-1e-05-1e-05-cuda]" time="35.676" /><testcase classname="tests.test_aot_auto_tuning" name="test_auto_tuning[20260128-dtype1-fp16-0.001-0.001-cuda]" time="35.364" /><testcase classname="tests.test_aot_auto_tuning" name="test_auto_tuning[1127-dtype0-fp32-1e-05-1e-05-cuda]" time="35.568" /><testcase classname="tests.test_aot_auto_tuning" name="test_auto_tuning[1127-dtype1-fp16-0.001-0.001-cuda]" time="36.293" /><testcase classname="tests.test_attention" name="test[2-4-1024-64-dtype0-0.025-0.025-cuda-False]" time="19.876" /><testcase classname="tests.test_attention" name="test[2-4-1024-64-dtype0-0.025-0.025-cuda-True]" time="19.933" /><testcase classname="tests.test_attention" name="test[2-4-1024-64-dtype1-0.01-0.01-cuda-False]" time="19.806" /><testcase classname="tests.test_attention" name="test[2-4-1024-64-dtype1-0.01-0.01-cuda-True]" time="20.000" /><testcase classname="tests.test_attention" name="test[2-4-1-64-dtype0-0.025-0.025-cuda-False]" time="20.030" /><testcase classname="tests.test_attention" name="test[2-4-1-64-dtype0-0.025-0.025-cuda-True]" time="19.816" /><testcase classname="tests.test_attention" name="test[2-4-1-64-dtype1-0.01-0.01-cuda-False]" time="20.099" /><testcase classname="tests.test_attention" name="test[2-4-1-64-dtype1-0.01-0.01-cuda-True]" time="19.904" /><testcase classname="tests.test_auto_tuner" name="test_auto_tuner[args0-kwargs0-cuda]" time="0.032" /><testcase classname="tests.test_auto_tuner" name="test_auto_tuner[args0-kwargs1-cuda]" time="0.035" /><testcase classname="tests.test_auto_tuner" name="test_auto_tuner[args1-kwargs0-cuda]" time="0.040" /><testcase classname="tests.test_auto_tuner" name="test_auto_tuner[args1-kwargs1-cuda]" time="0.048" /><testcase classname="tests.test_auto_tuner" name="test_auto_tuner_reports_every_failed_candidate[cuda]" time="0.028" /><testcase classname="tests.test_backend_registry.TestRegistry" name="test_backend_names_are_normalized_without_aliases" time="0.003" /><testcase classname="tests.test_backend_registry.TestRegistry" name="test_backend_options_are_validated_and_normalized_by_target" time="0.005" /><testcase classname="tests.test_backend_registry.TestRegistry" name="test_cuda_arch_is_materialized_in_nvcc_command" time="0.001" /><testcase classname="tests.test_backend_registry.TestRegistry" name="test_default_registry_reports_three_backends" time="0.001" /><testcase classname="tests.test_backend_registry.TestRegistry" name="test_backends_reject_source_only_kernel_without_ssa" time="0.002" /><testcase classname="tests.test_backend_registry.TestRegistry" name="test_backends_emit_ssa_elementwise_add" time="0.054" /><testcase classname="tests.test_backend_registry.TestRegistry" name="test_cuda_backend_includes_fp16_header_for_half_artifacts" time="0.018" /><testcase classname="tests.test_backend_registry.TestRegistry" name="test_linalg_matmul_is_decomposed_before_backend_emission" time="0.084" /><testcase classname="tests.test_backend_registry.TestRegistry" name="test_cuda_exposes_only_materialized_wmma_schedule" time="0.025" /><testcase classname="tests.test_backend_registry.TestRegistry" name="test_cuda_constraints_fall_back_to_generic_dot" time="0.029" /><testcase classname="tests.test_backend_registry.TestRegistry" name="test_optimization_metadata_contains_only_materialized_choices" time="0.064" /><testcase classname="tests.test_backend_registry.TestRegistry" name="test_generic_cuda_launch_matches_emitted_thread_count" time="0.018" /><testcase classname="tests.test_backend_registry.TestRegistry" name="test_artifact_can_write_all_sources" time="0.021" /><testcase classname="tests.test_backend_registry.TestRegistry" name="test_manifest_and_in_memory_metadata_share_one_builder" time="0.020" /><testcase classname="tests.test_built_artifact_reload" name="test_aot_built_artifact_can_be_reloaded[triton-cuda]" time="5.823" /><testcase classname="tests.test_built_artifact_reload" name="test_aot_built_artifact_can_be_reloaded[cuda-cuda]" time="3.402" /><testcase classname="tests.test_built_artifact_reload" name="test_aot_built_artifact_can_be_reloaded[tilelang-cuda]" time="3.930" /><testcase classname="tests.test_built_artifact_reload" name="test_triton_aot_handle_is_reusable_across_cuda_contexts" time="0.002"><skipped type="pytest.skip" message="Triton multi-context testing requires at least 2 CUDA devices">/root/infinitensor-2026/ninetoothed-a100-20260913/tests/test_built_artifact_reload.py:74: Triton multi-context testing requires at least 2 CUDA devices</skipped></testcase><testcase classname="tests.test_built_artifact_reload" name="test_cuda_empty_tensor_is_a_no_op[jit-cuda]" time="1.517" /><testcase classname="tests.test_built_artifact_reload" name="test_cuda_empty_tensor_is_a_no_op[aot-cuda]" time="1.543" /><testcase classname="tests.test_clone" name="test_clone[0-641-700-280-300-cuda]" time="1.939" /><testcase classname="tests.test_clone" name="test_clone[1-641-700-280-300-cuda]" time="1.046" /><testcase classname="tests.test_clone" name="test_clone[2-641-700-280-300-cuda]" time="0.894" /><testcase classname="tests.test_clone" name="test_clone[3-641-700-280-300-cuda]" time="0.863" /><testcase classname="tests.test_compiler_cache_runtime" name="test_runtime_binding_rejects_unknown_duplicate_and_missing_arguments" time="0.005" /><testcase classname="tests.test_compiler_cache_runtime" name="test_runtime_binding_validates_tensor_contract[value0-rank 1; expected 2]" time="0.003" /><testcase classname="tests.test_compiler_cache_runtime" name="test_runtime_binding_validates_tensor_contract[value1-dtype float16; expected float32]" time="0.003" /><testcase classname="tests.test_compiler_cache_runtime" name="test_runtime_binding_validates_tensor_contract[value2-must be on a CUDA device]" time="0.003" /><testcase classname="tests.test_compiler_cache_runtime" name="test_runtime_binding_validates_static_dimensions_of_dynamic_shape" time="0.003" /><testcase classname="tests.test_compiler_cache_runtime" name="test_runtime_wrappers_skip_empty_launches" time="0.001" /><testcase classname="tests.test_compiler_cache_runtime" name="test_content_digest_is_stable_for_a_b_a_sources" time="0.001" /><testcase classname="tests.test_compiler_cache_runtime" name="test_native_gpu_capability_is_part_of_compilation_cache_key[cuda]" time="0.006" /><testcase classname="tests.test_compiler_cache_runtime" name="test_native_gpu_capability_is_part_of_compilation_cache_key[tilelang]" time="0.005" /><testcase classname="tests.test_compiler_cache_runtime" name="test_native_gpu_capability_is_part_of_compilation_cache_key[triton]" time="0.005" /><testcase classname="tests.test_compiler_cache_runtime" name="test_explicit_cuda_arch_does_not_query_runtime_device" time="0.003" /><testcase classname="tests.test_compiler_cache_runtime" name="test_concurrent_source_writes_are_atomic" time="0.013" /><testcase classname="tests.test_compiler_entrypoints" name="test_public_entrypoints_remain_conservative" time="0.002" /><testcase classname="tests.test_compiler_entrypoints" name="test_legacy_entrypoint_modules_remain_importable" time="0.001" /><testcase classname="tests.test_compiler_entrypoints" name="test_jit_implementation_class_is_not_public" time="0.001" /><testcase classname="tests.test_compiler_entrypoints" name="test_jit_function_and_decorator_use_the_default_compiler" time="0.001" /><testcase classname="tests.test_compiler_entrypoints" name="test_pure_lowering_does_not_query_runtime_cuda_architecture" time="0.108" /><testcase classname="tests.test_compiler_entrypoints" name="test_make_preserves_legacy_caller_materialization_mode" time="0.002" /><testcase classname="tests.test_compiler_entrypoints" name="test_triton_launch_plan_enumerates_symbolic_meta_parameters" time="0.123" /><testcase classname="tests.test_compiler_entrypoints" name="test_package_import_does_not_create_compiler_cache" time="0.388" /><testcase classname="tests.test_compiler_entrypoints" name="test_triton_launch_plan_contains_limited_runtime_variants" time="0.109" /><testcase classname="tests.test_compiler_entrypoints" name="test_non_triton_backends_reject_unsupported_auto_tuning[options0-cuda]" time="0.016" /><testcase classname="tests.test_compiler_entrypoints" name="test_non_triton_backends_reject_unsupported_auto_tuning[options0-tilelang]" time="0.015" /><testcase classname="tests.test_compiler_entrypoints" name="test_non_triton_backends_reject_unsupported_auto_tuning[options1-cuda]" time="0.015" /><testcase classname="tests.test_compiler_entrypoints" name="test_non_triton_backends_reject_unsupported_auto_tuning[options1-tilelang]" time="0.015" /><testcase classname="tests.test_compiler_entrypoints" name="test_non_triton_backends_reject_unsupported_auto_tuning[options2-cuda]" time="0.015" /><testcase classname="tests.test_compiler_entrypoints" name="test_non_triton_backends_reject_unsupported_auto_tuning[options2-tilelang]" time="0.015" /><testcase classname="tests.test_conv2d" name="test[4-64-16-16-512-3-3-0-dtype0-0.001-0.001-cuda]" time="10.094" /><testcase classname="tests.test_conv2d" name="test[4-64-16-16-512-3-3-padding1-dtype0-0.001-0.001-cuda]" time="10.453" /><testcase classname="tests.test_conv2d" name="test[4-64-16-16-512-3-3-padding2-dtype0-0.001-0.001-cuda]" time="9.963" /><testcase classname="tests.test_conv2d" name="test[4-64-16-16-512-3-3-padding3-dtype0-0.001-0.001-cuda]" time="10.079" /><testcase classname="tests.test_cuda_reduction_schedule" name="test_cuda_cooperative_reduction_schedule_and_source" time="0.995" /><testcase classname="tests.test_cuda_reduction_schedule" name="test_cuda_cooperative_reduction_runtime" time="9.421" /><testcase classname="tests.test_cuda_reduction_schedule" name="test_cuda_cooperative_reduction_aot_reload" time="1.483" /><testcase classname="tests.test_data_ptr" name="test_data_ptr[64180-cuda]" time="0.158" /><testcase classname="tests.test_debugging" name="test_addmm[cuda]" time="10.142" /><testcase classname="tests.test_dropout" name="test[349-dtype0-cuda]" time="0.286" /><testcase classname="tests.test_emitter_boundaries" name="test_shared_ssa_emitter_uses_capabilities_instead_of_backend_flags" time="0.002" /><testcase classname="tests.test_emitter_boundaries" name="test_backend_strategies_only_use_public_shared_emitter_hooks" time="0.001" /><testcase classname="tests.test_eval" name="test_eval[False-False-None]" time="0.231" /><testcase classname="tests.test_eval" name="test_eval[False-False-shape_options1]" time="0.190" /><testcase classname="tests.test_eval" name="test_eval[False-True-None]" time="0.159" /><testcase classname="tests.test_eval" name="test_eval[False-True-shape_options1]" time="0.158" /><testcase classname="tests.test_eval" name="test_eval[True-False-None]" time="0.185" /><testcase classname="tests.test_eval" name="test_eval[True-False-shape_options1]" time="0.188" /><testcase classname="tests.test_eval" name="test_eval[True-True-None]" time="0.155" /><testcase classname="tests.test_eval" name="test_eval[True-True-shape_options1]" time="0.159" /><testcase classname="tests.test_expand" name="test_expand[cuda]" time="0.104" /><testcase classname="tests.test_generation" name="test_auto_tuning_generation[block_size_m0-block_size_n0-block_size_k0-None-None-cuda]" time="2.169" /><testcase classname="tests.test_generation" name="test_auto_tuning_generation[block_size_m0-block_size_n0-block_size_k0-None-3-cuda]" time="2.009" /><testcase classname="tests.test_generation" name="test_auto_tuning_generation[block_size_m0-block_size_n0-block_size_k0-None-num_stages2-cuda]" time="2.248" /><testcase classname="tests.test_generation" name="test_auto_tuning_generation[block_size_m0-block_size_n0-block_size_k0-4-None-cuda]" time="2.016" /><testcase classname="tests.test_generation" name="test_auto_tuning_generation[block_size_m0-block_size_n0-block_size_k0-4-3-cuda]" time="2.189" /><testcase classname="tests.test_generation" name="test_auto_tuning_generation[block_size_m0-block_size_n0-block_size_k0-4-num_stages2-cuda]" time="2.284" /><testcase classname="tests.test_generation" name="test_auto_tuning_generation[block_size_m0-block_size_n0-block_size_k0-num_warps2-None-cuda]" time="2.452" /><testcase classname="tests.test_generation" name="test_auto_tuning_generation[block_size_m0-block_size_n0-block_size_k0-num_warps2-3-cuda]" time="2.315" /><testcase classname="tests.test_generation" name="test_auto_tuning_generation[block_size_m0-block_size_n0-block_size_k0-num_warps2-num_stages2-cuda]" time="2.948" /><testcase classname="tests.test_generation" name="test_auto_tuning_generation[block_size_m0-block_size_n0-64-None-None-cuda]" time="1.404" /><testcase classname="tests.test_generation" name="test_auto_tuning_generation[block_size_m0-block_size_n0-64-None-3-cuda]" time="1.402" /><testcase classname="tests.test_generation" name="test_auto_tuning_generation[block_size_m0-block_size_n0-64-None-num_stages2-cuda]" time="1.502" /><testcase classname="tests.test_generation" name="test_auto_tuning_generation[block_size_m0-block_size_n0-64-4-None-cuda]" time="1.398" /><testcase classname="tests.test_generation" name="test_auto_tuning_generation[block_size_m0-block_size_n0-64-4-3-cuda]" time="1.404" /><testcase classname="tests.test_generation" name="test_auto_tuning_generation[block_size_m0-block_size_n0-64-4-num_stages2-cuda]" time="1.645" /><testcase classname="tests.test_generation" name="test_auto_tuning_generation[block_size_m0-block_size_n0-64-num_warps2-None-cuda]" time="1.476" /><testcase classname="tests.test_generation" name="test_auto_tuning_generation[block_size_m0-block_size_n0-64-num_warps2-3-cuda]" time="1.479" /><testcase classname="tests.test_generation" name="test_auto_tuning_generation[block_size_m0-block_size_n0-64-num_warps2-num_stages2-cuda]" time="1.625" /><testcase classname="tests.test_generation" name="test_auto_tuning_generation[block_size_m0-64-block_size_k0-None-None-cuda]" time="1.338" /><testcase classname="tests.test_generation" name="test_auto_tuning_generation[block_size_m0-64-block_size_k0-None-3-cuda]" time="1.337" /><testcase classname="tests.test_generation" name="test_auto_tuning_generation[block_size_m0-64-block_size_k0-None-num_stages2-cuda]" time="1.555" /><testcase classname="tests.test_generation" name="test_auto_tuning_generation[block_size_m0-64-block_size_k0-4-None-cuda]" time="1.385" /><testcase classname="tests.test_generation" name="test_auto_tuning_generation[block_size_m0-64-block_size_k0-4-3-cuda]" time="1.339" /><testcase classname="tests.test_generation" name="test_auto_tuning_generation[block_size_m0-64-block_size_k0-4-num_stages2-cuda]" time="1.403" /><testcase classname="tests.test_generation" name="test_auto_tuning_generation[block_size_m0-64-block_size_k0-num_warps2-None-cuda]" time="1.408" /><testcase classname="tests.test_generation" name="test_auto_tuning_generation[block_size_m0-64-block_size_k0-num_warps2-3-cuda]" time="1.432" /><testcase classname="tests.test_generation" name="test_auto_tuning_generation[block_size_m0-64-block_size_k0-num_warps2-num_stages2-cuda]" time="1.703" /><testcase classname="tests.test_generation" name="test_auto_tuning_generation[block_size_m0-64-64-None-None-cuda]" time="1.190" /><testcase classname="tests.test_generation" name="test_auto_tuning_generation[block_size_m0-64-64-None-3-cuda]" time="1.187" /><testcase classname="tests.test_generation" name="test_auto_tuning_generation[block_size_m0-64-64-None-num_stages2-cuda]" time="1.227" /><testcase classname="tests.test_generation" name="test_auto_tuning_generation[block_size_m0-64-64-4-None-cuda]" time="1.182" /><testcase classname="tests.test_generation" name="test_auto_tuning_generation[block_size_m0-64-64-4-3-cuda]" time="1.258" /><testcase classname="tests.test_generation" name="test_auto_tuning_generation[block_size_m0-64-64-4-num_stages2-cuda]" time="1.213" /><testcase classname="tests.test_generation" name="test_auto_tuning_generation[block_size_m0-64-64-num_warps2-None-cuda]" time="1.203" /><testcase classname="tests.test_generation" name="test_auto_tuning_generation[block_size_m0-64-64-num_warps2-3-cuda]" time="1.246" /><testcase classname="tests.test_generation" name="test_auto_tuning_generation[block_size_m0-64-64-num_warps2-num_stages2-cuda]" time="1.450" /><testcase classname="tests.test_generation" name="test_auto_tuning_generation[64-block_size_n0-block_size_k0-None-None-cuda]" time="1.450" /><testcase classname="tests.test_generation" name="test_auto_tuning_generation[64-block_size_n0-block_size_k0-None-3-cuda]" time="1.461" /><testcase classname="tests.test_generation" name="test_auto_tuning_generation[64-block_size_n0-block_size_k0-None-num_stages2-cuda]" time="1.519" /><testcase classname="tests.test_generation" name="test_auto_tuning_generation[64-block_size_n0-block_size_k0-4-None-cuda]" time="1.446" /><testcase classname="tests.test_generation" name="test_auto_tuning_generation[64-block_size_n0-block_size_k0-4-3-cuda]" time="1.454" /><testcase classname="tests.test_generation" name="test_auto_tuning_generation[64-block_size_n0-block_size_k0-4-num_stages2-cuda]" time="1.631" /><testcase classname="tests.test_generation" name="test_auto_tuning_generation[64-block_size_n0-block_size_k0-num_warps2-None-cuda]" time="1.504" /><testcase classname="tests.test_generation" name="test_auto_tuning_generation[64-block_size_n0-block_size_k0-num_warps2-3-cuda]" time="1.498" /><testcase classname="tests.test_generation" name="test_auto_tuning_generation[64-block_size_n0-block_size_k0-num_warps2-num_stages2-cuda]" time="1.630" /><testcase classname="tests.test_generation" name="test_auto_tuning_generation[64-block_size_n0-64-None-None-cuda]" time="1.323" /><testcase classname="tests.test_generation" name="test_auto_tuning_generation[64-block_size_n0-64-None-3-cuda]" time="1.249" /><testcase classname="tests.test_generation" name="test_auto_tuning_generation[64-block_size_n0-64-None-num_stages2-cuda]" time="1.282" /><testcase classname="tests.test_generation" name="test_auto_tuning_generation[64-block_size_n0-64-4-None-cuda]" time="1.419" /><testcase classname="tests.test_generation" name="test_auto_tuning_generation[64-block_size_n0-64-4-3-cuda]" time="1.272" /><testcase classname="tests.test_generation" name="test_auto_tuning_generation[64-block_size_n0-64-4-num_stages2-cuda]" time="1.291" /><testcase classname="tests.test_generation" name="test_auto_tuning_generation[64-block_size_n0-64-num_warps2-None-cuda]" time="1.294" /><testcase classname="tests.test_generation" name="test_auto_tuning_generation[64-block_size_n0-64-num_warps2-3-cuda]" time="1.292" /><testcase classname="tests.test_generation" name="test_auto_tuning_generation[64-block_size_n0-64-num_warps2-num_stages2-cuda]" time="1.326" /><testcase classname="tests.test_generation" name="test_auto_tuning_generation[64-64-block_size_k0-None-None-cuda]" time="1.236" /><testcase classname="tests.test_generation" name="test_auto_tuning_generation[64-64-block_size_k0-None-3-cuda]" time="1.350" /><testcase classname="tests.test_generation" name="test_auto_tuning_generation[64-64-block_size_k0-None-num_stages2-cuda]" time="1.257" /><testcase classname="tests.test_generation" name="test_auto_tuning_generation[64-64-block_size_k0-4-None-cuda]" time="1.241" /><testcase classname="tests.test_generation" name="test_auto_tuning_generation[64-64-block_size_k0-4-3-cuda]" time="1.242" /><testcase classname="tests.test_generation" name="test_auto_tuning_generation[64-64-block_size_k0-4-num_stages2-cuda]" time="1.243" /><testcase classname="tests.test_generation" name="test_auto_tuning_generation[64-64-block_size_k0-num_warps2-None-cuda]" time="1.242" /><testcase classname="tests.test_generation" name="test_auto_tuning_generation[64-64-block_size_k0-num_warps2-3-cuda]" time="1.235" /><testcase classname="tests.test_generation" name="test_auto_tuning_generation[64-64-block_size_k0-num_warps2-num_stages2-cuda]" time="1.276" /><testcase classname="tests.test_generation" name="test_auto_tuning_generation[64-64-64-None-None-cuda]" time="1.289" /><testcase classname="tests.test_generation" name="test_auto_tuning_generation[64-64-64-None-3-cuda]" time="1.188" /><testcase classname="tests.test_generation" name="test_auto_tuning_generation[64-64-64-None-num_stages2-cuda]" time="1.220" /><testcase classname="tests.test_generation" name="test_auto_tuning_generation[64-64-64-4-None-cuda]" time="1.152" /><testcase classname="tests.test_generation" name="test_auto_tuning_generation[64-64-64-4-3-cuda]" time="1.155" /><testcase classname="tests.test_generation" name="test_auto_tuning_generation[64-64-64-4-num_stages2-cuda]" time="1.160" /><testcase classname="tests.test_generation" name="test_auto_tuning_generation[64-64-64-num_warps2-None-cuda]" time="1.150" /><testcase classname="tests.test_generation" name="test_auto_tuning_generation[64-64-64-num_warps2-3-cuda]" time="1.146" /><testcase classname="tests.test_generation" name="test_auto_tuning_generation[64-64-64-num_warps2-num_stages2-cuda]" time="1.148" /><testcase classname="tests.test_generation" name="test_arrangement_returning_a_single_tensor[cuda]" time="0.098" /><testcase classname="tests.test_generation" name="test_squeezing_the_innermost_level[1024-128-10-cuda]" time="0.519" /><testcase classname="tests.test_generation" name="test_unsqueezing_the_outermost_level[cuda]" time="0.199" /><testcase classname="tests.test_generation" name="test_non_int_constexpr[1086-cuda]" time="0.226" /><testcase classname="tests.test_generation" name="test_loop_carried_row_sum_with_tensor_dtype[cuda]" time="1.437" /><testcase classname="tests.test_getitem" name="test_getitem[shape0-indices0]" time="0.011" /><testcase classname="tests.test_getitem" name="test_getitem[shape1-indices1]" time="0.011" /><testcase classname="tests.test_getitem" name="test_getitem[shape2-indices2]" time="0.013" /><testcase classname="tests.test_getitem" name="test_getitem[shape3-indices3]" time="0.012" /><testcase classname="tests.test_getitem" name="test_getitem[shape4-indices4]" time="0.012" /><testcase classname="tests.test_getitem" name="test_getitem[shape5-indices5]" time="0.012" /><testcase classname="tests.test_getitem" name="test_getitem[shape6-indices6]" time="0.011" /><testcase classname="tests.test_getitem" name="test_getitem[shape7-indices7]" time="0.014" /><testcase classname="tests.test_getitem" name="test_getitem[shape8-indices8]" time="0.012" /><testcase classname="tests.test_getitem" name="test_getitem[shape9-indices9]" time="0.008" /><testcase classname="tests.test_interpreter_applications" name="test_elementwise_and_nondivisible_tail[1-float32]" time="0.036" /><testcase classname="tests.test_interpreter_applications" name="test_elementwise_and_nondivisible_tail[1-int32]" time="0.032" /><testcase classname="tests.test_interpreter_applications" name="test_elementwise_and_nondivisible_tail[8-float32]" time="0.034" /><testcase classname="tests.test_interpreter_applications" name="test_elementwise_and_nondivisible_tail[8-int32]" time="0.035" /><testcase classname="tests.test_interpreter_applications" name="test_elementwise_and_nondivisible_tail[11-float32]" time="0.037" /><testcase classname="tests.test_interpreter_applications" name="test_elementwise_and_nondivisible_tail[11-int32]" time="0.037" /><testcase classname="tests.test_interpreter_applications" name="test_bool_results_are_exact" time="0.038" /><testcase classname="tests.test_interpreter_applications" name="test_broadcast_reuses_bias_for_each_row" time="0.060" /><testcase classname="tests.test_interpreter_applications" name="test_row_reduction_ignores_padded_lanes[float32]" time="0.071" /><testcase classname="tests.test_interpreter_applications" name="test_row_reduction_ignores_padded_lanes[int32]" time="0.060" /><testcase classname="tests.test_interpreter_applications" name="test_row_reduction_maps_singleton_program_axes_to_a_vector_output[float32]" time="0.081" /><testcase classname="tests.test_interpreter_applications" name="test_row_reduction_maps_singleton_program_axes_to_a_vector_output[int32]" time="0.065" /><testcase classname="tests.test_interpreter_applications" name="test_nested_if_and_for_carry_values[False]" time="0.048" /><testcase classname="tests.test_interpreter_applications" name="test_nested_if_and_for_carry_values[True]" time="0.048" /><testcase classname="tests.test_interpreter_applications" name="test_softmax_uses_negative_infinity_for_padding" time="0.096" /><testcase classname="tests.test_interpreter_applications" name="test_dot_on_masked_matrix_tiles" time="0.035" /><testcase classname="tests.test_interpreter_applications" name="test_cpu_path_does_not_import_gpu_backends" time="0.516" /><testcase classname="tests.test_interpreter_applications" name="test_tiled_trace_visits_each_program_and_is_reproducible" time="0.027" /><testcase classname="tests.test_interpreter_applications" name="test_arranged_loads_and_stores_follow_noncontiguous_numpy_strides" time="0.037" /><testcase classname="tests.test_interpreter_applications" name="test_nested_arrangement_reduces_across_multiple_inner_tiles" time="0.388" /><testcase classname="tests.test_interpreter_applications" name="test_trace_reports_the_effective_arrangement_tail_mask" time="0.021" /><testcase classname="tests.test_interpreter_applications" name="test_high_level_backend_option_executes_the_real_pass_pipeline[cuda]" time="0.022" /><testcase classname="tests.test_interpreter_applications" name="test_high_level_backend_option_executes_the_real_pass_pipeline[triton]" time="0.022" /><testcase classname="tests.test_interpreter_applications" name="test_fixed_k_tiled_dot_matches_numpy_after_target_decomposition[shape0-float32-cuda]" time="0.309" /><testcase classname="tests.test_interpreter_applications" name="test_fixed_k_tiled_dot_matches_numpy_after_target_decomposition[shape0-float32-triton]" time="0.307" /><testcase classname="tests.test_interpreter_applications" name="test_fixed_k_tiled_dot_matches_numpy_after_target_decomposition[shape0-int32-cuda]" time="0.306" /><testcase classname="tests.test_interpreter_applications" name="test_fixed_k_tiled_dot_matches_numpy_after_target_decomposition[shape0-int32-triton]" time="0.308" /><testcase classname="tests.test_interpreter_applications" name="test_fixed_k_tiled_dot_matches_numpy_after_target_decomposition[shape1-float32-cuda]" time="0.306" /><testcase classname="tests.test_interpreter_applications" name="test_fixed_k_tiled_dot_matches_numpy_after_target_decomposition[shape1-float32-triton]" time="0.307" /><testcase classname="tests.test_interpreter_applications" name="test_fixed_k_tiled_dot_matches_numpy_after_target_decomposition[shape1-int32-cuda]" time="0.307" /><testcase classname="tests.test_interpreter_applications" name="test_fixed_k_tiled_dot_matches_numpy_after_target_decomposition[shape1-int32-triton]" time="0.307" /><testcase classname="tests.test_interpreter_applications" name="test_fixed_k_tiled_dot_matches_numpy_after_target_decomposition[shape2-float32-cuda]" time="0.307" /><testcase classname="tests.test_interpreter_applications" name="test_fixed_k_tiled_dot_matches_numpy_after_target_decomposition[shape2-float32-triton]" time="0.308" /><testcase classname="tests.test_interpreter_applications" name="test_fixed_k_tiled_dot_matches_numpy_after_target_decomposition[shape2-int32-cuda]" time="0.306" /><testcase classname="tests.test_interpreter_applications" name="test_fixed_k_tiled_dot_matches_numpy_after_target_decomposition[shape2-int32-triton]" time="0.308" /><testcase classname="tests.test_interpreter_applications" name="test_untiled_non_square_dot_executes_every_output_lane[1-float32-cuda]" time="0.022" /><testcase classname="tests.test_interpreter_applications" name="test_untiled_non_square_dot_executes_every_output_lane[1-float32-triton]" time="0.022" /><testcase classname="tests.test_interpreter_applications" name="test_untiled_non_square_dot_executes_every_output_lane[1-int32-cuda]" time="0.022" /><testcase classname="tests.test_interpreter_applications" name="test_untiled_non_square_dot_executes_every_output_lane[1-int32-triton]" time="0.022" /><testcase classname="tests.test_interpreter_applications" name="test_untiled_non_square_dot_executes_every_output_lane[3-float32-cuda]" time="0.029" /><testcase classname="tests.test_interpreter_applications" name="test_untiled_non_square_dot_executes_every_output_lane[3-float32-triton]" time="0.029" /><testcase classname="tests.test_interpreter_applications" name="test_untiled_non_square_dot_executes_every_output_lane[3-int32-cuda]" time="0.029" /><testcase classname="tests.test_interpreter_applications" name="test_untiled_non_square_dot_executes_every_output_lane[3-int32-triton]" time="0.029" /><testcase classname="tests.test_interpreter_applications" name="test_untiled_non_square_dot_executes_every_output_lane[7-float32-cuda]" time="0.044" /><testcase classname="tests.test_interpreter_applications" name="test_untiled_non_square_dot_executes_every_output_lane[7-float32-triton]" time="0.044" /><testcase classname="tests.test_interpreter_applications" name="test_untiled_non_square_dot_executes_every_output_lane[7-int32-cuda]" time="0.044" /><testcase classname="tests.test_interpreter_applications" name="test_untiled_non_square_dot_executes_every_output_lane[7-int32-triton]" time="0.044" /><testcase classname="tests.test_interpreter_applications" name="test_non_square_transpose_matches_numpy_after_decomposition[float32-_transpose_tiles-cuda]" time="0.046" /><testcase classname="tests.test_interpreter_applications" name="test_non_square_transpose_matches_numpy_after_decomposition[float32-_transpose_tiles-triton]" time="0.045" /><testcase classname="tests.test_interpreter_applications" name="test_non_square_transpose_matches_numpy_after_decomposition[float32-_whole_transpose-cuda]" time="0.017" /><testcase classname="tests.test_interpreter_applications" name="test_non_square_transpose_matches_numpy_after_decomposition[float32-_whole_transpose-triton]" time="0.017" /><testcase classname="tests.test_interpreter_applications" name="test_non_square_transpose_matches_numpy_after_decomposition[int32-_transpose_tiles-cuda]" time="0.045" /><testcase classname="tests.test_interpreter_applications" name="test_non_square_transpose_matches_numpy_after_decomposition[int32-_transpose_tiles-triton]" time="0.045" /><testcase classname="tests.test_interpreter_applications" name="test_non_square_transpose_matches_numpy_after_decomposition[int32-_whole_transpose-cuda]" time="0.016" /><testcase classname="tests.test_interpreter_applications" name="test_non_square_transpose_matches_numpy_after_decomposition[int32-_whole_transpose-triton]" time="0.017" /><testcase classname="tests.test_interpreter_applications" name="test_unreduced_k_program_dot_is_rejected_without_partial_writes[shape0-cuda]" time="0.039" /><testcase classname="tests.test_interpreter_applications" name="test_unreduced_k_program_dot_is_rejected_without_partial_writes[shape0-triton]" time="0.039" /><testcase classname="tests.test_interpreter_debugger" name="test_difference_identifies_first_aligned_operation_without_mutating_inputs" time="0.020" /><testcase classname="tests.test_interpreter_debugger" name="test_restructured_programs_do_not_get_a_guessed_operation_location[_affine_restructured-True]" time="0.029" /><testcase classname="tests.test_interpreter_debugger" name="test_restructured_programs_do_not_get_a_guessed_operation_location[_affine_restructured_wrong-False]" time="0.029" /><testcase classname="tests.test_interpreter_debugger" name="test_pass_checker_stops_at_the_first_semantic_failure" time="0.054" /><testcase classname="tests.test_interpreter_debugger" name="test_pass_checker_records_an_unsupported_operation_as_failure" time="0.019" /><testcase classname="tests.test_interpreter_debugger" name="test_reproducer_round_trips_arrangement_inputs_and_runs_its_replay_script" time="0.455" /><testcase classname="tests.test_interpreter_debugger" name="test_reproducer_preserves_exact_alias_bindings" time="0.005" /><testcase classname="tests.test_interpreter_debugger" name="test_comparison_preserves_write_then_read_through_exact_aliases" time="0.003" /><testcase classname="tests.test_interpreter_debugger" name="test_comparison_and_export_reject_distinct_overlapping_views[False]" time="0.134" /><testcase classname="tests.test_interpreter_debugger" name="test_comparison_and_export_reject_distinct_overlapping_views[True]" time="0.012" /><testcase classname="tests.test_interpreter_debugger" name="test_comparison_and_replay_preserve_noncontiguous_pointer_rejection" time="0.006" /><testcase classname="tests.test_interpreter_debugger" name="test_reproducer_preserves_strides_values_and_readonly_flags[positive]" time="0.004" /><testcase classname="tests.test_interpreter_debugger" name="test_reproducer_preserves_strides_values_and_readonly_flags[negative]" time="0.004" /><testcase classname="tests.test_interpreter_debugger" name="test_reproducer_preserves_strides_values_and_readonly_flags[transpose]" time="0.004" /><testcase classname="tests.test_interpreter_debugger" name="test_reproducer_preserves_strides_values_and_readonly_flags[broadcast]" time="0.004" /><testcase classname="tests.test_interpreter_debugger" name="test_program_comparison_keeps_readonly_output_semantics" time="0.002" /><testcase classname="tests.test_interpreter_debugger" name="test_reproducer_rejects_overwrite_and_manifest_input_mismatch" time="0.061" /><testcase classname="tests.test_interpreter_debugger" name="test_reproducer_rejects_object_arrays_without_pickle" time="0.012" /><testcase classname="tests.test_interpreter_debugger" name="test_decomposed_dot_difference_identifies_the_output_lane" time="0.278" /><testcase classname="tests.test_interpreter_debugger" name="test_step_debugger_discards_values_from_the_previous_output_lane" time="0.156" /><testcase classname="tests.test_interpreter_default_pipeline" name="test_each_default_pass_preserves_the_original_application[elementwise_int32-triton]" time="0.140" /><testcase classname="tests.test_interpreter_default_pipeline" name="test_each_default_pass_preserves_the_original_application[elementwise_int32-cuda]" time="0.140" /><testcase classname="tests.test_interpreter_default_pipeline" name="test_each_default_pass_preserves_the_original_application[broadcast_float32-triton]" time="0.300" /><testcase classname="tests.test_interpreter_default_pipeline" name="test_each_default_pass_preserves_the_original_application[broadcast_float32-cuda]" time="0.300" /><testcase classname="tests.test_interpreter_default_pipeline" name="test_each_default_pass_preserves_the_original_application[reduction_float32-triton]" time="0.256" /><testcase classname="tests.test_interpreter_default_pipeline" name="test_each_default_pass_preserves_the_original_application[reduction_float32-cuda]" time="0.255" /><testcase classname="tests.test_interpreter_default_pipeline" name="test_each_default_pass_preserves_the_original_application[comparison_bool-triton]" time="0.155" /><testcase classname="tests.test_interpreter_default_pipeline" name="test_each_default_pass_preserves_the_original_application[comparison_bool-cuda]" time="0.153" /><testcase classname="tests.test_interpreter_demo" name="test_demo_exports_the_fault_and_replay_rejects_a_missing_fault" time="1.273" /><testcase classname="tests.test_interpreter_failure_workflow" name="test_a_correct_restructure_does_not_hide_a_later_bad_operation" time="0.597" /><testcase classname="tests.test_interpreter_failure_workflow" name="test_pass_diagnosis_uses_a_proven_prefix_before_control_flow_diverges" time="0.005" /><testcase classname="tests.test_interpreter_failure_workflow" name="test_restructuring_fault_is_observed_at_a_declared_retained_consumer" time="0.405" /><testcase classname="tests.test_interpreter_failure_workflow" name="test_unrecorded_restructuring_does_not_invent_a_retained_boundary" time="0.033" /><testcase classname="tests.test_interpreter_failure_workflow" name="test_a_store_mask_fault_has_a_location_even_without_ssa_results" time="0.564" /><testcase classname="tests.test_interpreter_failure_workflow" name="test_cumulative_small_drift_is_still_detected_and_replayed" time="0.392" /><testcase classname="tests.test_interpreter_failure_workflow" name="test_comparison_exports_generic_inputs_and_replay_rejects_a_repair" time="0.891" /><testcase classname="tests.test_interpreter_failure_workflow" name="test_success_never_creates_a_failure_directory" time="0.023" /><testcase classname="tests.test_interpreter_failure_workflow" name="test_existing_directory_preserves_failure_and_never_overwrites" time="0.020" /><testcase classname="tests.test_interpreter_failure_workflow" name="test_runtime_failure_is_automatically_saved_without_masking_exception[comparison]" time="0.496" /><testcase classname="tests.test_interpreter_failure_workflow" name="test_runtime_failure_is_automatically_saved_without_masking_exception[passes]" time="0.642" /><testcase classname="tests.test_interpreter_failure_workflow" name="test_reference_failure_is_not_blame_assigned_to_the_first_pass" time="0.013" /><testcase classname="tests.test_interpreter_failure_workflow" name="test_transform_error_exports_diagnostics_without_claiming_executable_pass" time="0.495" /><testcase classname="tests.test_interpreter_failure_workflow" name="test_export_io_error_does_not_replace_the_execution_error" time="0.017" /><testcase classname="tests.test_interpreter_failure_workflow" name="test_adjacent_failure_cannot_be_hidden_by_cancellation_against_original" time="0.396" /><testcase classname="tests.test_interpreter_failure_workflow" name="test_replay_rejects_a_different_kind_of_failure[mismatch]" time="0.500" /><testcase classname="tests.test_interpreter_failure_workflow" name="test_replay_rejects_a_different_kind_of_failure[exception]" time="0.512" /><testcase classname="tests.test_interpreter_failure_workflow" name="test_invalid_ssa_is_a_diagnostic_snapshot_with_the_verification_cause" time="0.125" /><testcase classname="tests.test_interpreter_failure_workflow" name="test_invalid_python_pass_result_or_exception_is_captured[none]" time="0.113" /><testcase classname="tests.test_interpreter_failure_workflow" name="test_invalid_python_pass_result_or_exception_is_captured[runtime_error]" time="0.114" /><testcase classname="tests.test_interpreter_failure_workflow" name="test_unexpected_export_exception_preserves_the_original_mismatch" time="0.022" /><testcase classname="tests.test_interpreter_gpu" name="test_cpu_interpreter_matches_actual_triton_gpu[elementwise_float32_aligned]" time="0.228" /><testcase classname="tests.test_interpreter_gpu" name="test_cpu_interpreter_matches_actual_triton_gpu[masked_float32_tail]" time="0.183" /><testcase classname="tests.test_interpreter_gpu" name="test_cpu_interpreter_matches_actual_triton_gpu[masked_int32_tail]" time="0.226" /><testcase classname="tests.test_interpreter_gpu" name="test_cpu_interpreter_matches_actual_triton_gpu[broadcast_float32_tail]" time="0.500" /><testcase classname="tests.test_interpreter_gpu" name="test_cpu_interpreter_matches_actual_triton_gpu[broadcast_row_matrix_float32_tail]" time="0.622" /><testcase classname="tests.test_interpreter_gpu" name="test_cpu_interpreter_matches_actual_triton_gpu[broadcast_column_matrix_float32_tail]" time="0.594" /><testcase classname="tests.test_interpreter_gpu" name="test_cpu_interpreter_matches_actual_triton_gpu[row_reduction_float32]" time="0.249" /><testcase classname="tests.test_interpreter_gpu" name="test_cpu_interpreter_matches_actual_triton_gpu[row_reduction_int32]" time="0.244" /><testcase classname="tests.test_interpreter_gpu" name="test_cpu_interpreter_matches_actual_triton_gpu[comparison_bool_exact]" time="0.168" /><testcase classname="tests.test_interpreter_gpu" name="test_cpu_interpreter_matches_actual_triton_gpu[if_for_true]" time="0.184" /><testcase classname="tests.test_interpreter_gpu" name="test_cpu_interpreter_matches_actual_triton_gpu[if_for_false]" time="0.185" /><testcase classname="tests.test_interpreter_gpu" name="test_cpu_interpreter_matches_actual_triton_gpu[softmax_float32]" time="0.504" /><testcase classname="tests.test_interpreter_gpu" name="test_cpu_interpreter_matches_actual_triton_gpu[floor_div_int32_mixed_sign_tail]" time="0.274" /><testcase classname="tests.test_interpreter_gpu" name="test_cpu_interpreter_matches_actual_triton_gpu[remainder_int32_mixed_sign_tail]" time="0.282" /><testcase classname="tests.test_interpreter_gpu" name="test_cpu_interpreter_matches_actual_triton_gpu[dot_float32_multi_program_tail]" time="0.975" /><testcase classname="tests.test_interpreter_gpu" name="test_gpu_fixtures_match_oracle_before_and_after_lowering_on_cpu[broadcast_float32_tail]" time="0.386" /><testcase classname="tests.test_interpreter_gpu" name="test_gpu_fixtures_match_oracle_before_and_after_lowering_on_cpu[broadcast_row_matrix_float32_tail]" time="0.626" /><testcase classname="tests.test_interpreter_gpu" name="test_gpu_fixtures_match_oracle_before_and_after_lowering_on_cpu[broadcast_column_matrix_float32_tail]" time="0.469" /><testcase classname="tests.test_interpreter_gpu" name="test_gpu_fixtures_match_oracle_before_and_after_lowering_on_cpu[floor_div_int32_mixed_sign_tail]" time="0.131" /><testcase classname="tests.test_interpreter_gpu" name="test_gpu_fixtures_match_oracle_before_and_after_lowering_on_cpu[remainder_int32_mixed_sign_tail]" time="0.129" /><testcase classname="tests.test_interpreter_gpu" name="test_gpu_fixtures_match_oracle_before_and_after_lowering_on_cpu[dot_float32_multi_program_tail]" time="0.868" /><testcase classname="tests.test_interpreter_gpu" name="test_generated_stride_guards_use_binary_boolops_supported_by_triton_31[elementwise_float32_aligned]" time="0.115" /><testcase classname="tests.test_interpreter_gpu" name="test_generated_stride_guards_use_binary_boolops_supported_by_triton_31[masked_float32_tail]" time="0.116" /><testcase classname="tests.test_interpreter_gpu" name="test_generated_stride_guards_use_binary_boolops_supported_by_triton_31[masked_int32_tail]" time="0.115" /><testcase classname="tests.test_interpreter_gpu" name="test_emitted_dot_coordinates_stay_local_across_output_programs[triton]" time="0.455" /><testcase classname="tests.test_interpreter_gpu" name="test_emitted_dot_coordinates_stay_local_across_output_programs[cuda]" time="0.429" /><testcase classname="tests.test_interpreter_gpu" name="test_generated_signed_division_corrects_triton_tensor_rounding[floor_div_int32_mixed_sign_tail]" time="0.182" /><testcase classname="tests.test_interpreter_gpu" name="test_generated_signed_division_corrects_triton_tensor_rounding[remainder_int32_mixed_sign_tail]" time="0.193" /><testcase classname="tests.test_interpreter_gpu" name="test_generated_broadcast_input_addresses_and_masks_match_numpy_layout[x-broadcast_float32_tail]" time="0.323" /><testcase classname="tests.test_interpreter_gpu" name="test_generated_broadcast_input_addresses_and_masks_match_numpy_layout[x-broadcast_row_matrix_float32_tail]" time="0.430" /><testcase classname="tests.test_interpreter_gpu" name="test_generated_broadcast_input_addresses_and_masks_match_numpy_layout[x-broadcast_column_matrix_float32_tail]" time="0.396" /><testcase classname="tests.test_interpreter_gpu" name="test_generated_broadcast_input_addresses_and_masks_match_numpy_layout[bias-broadcast_float32_tail]" time="0.320" /><testcase classname="tests.test_interpreter_gpu" name="test_generated_broadcast_input_addresses_and_masks_match_numpy_layout[bias-broadcast_row_matrix_float32_tail]" time="0.428" /><testcase classname="tests.test_interpreter_gpu" name="test_generated_broadcast_input_addresses_and_masks_match_numpy_layout[bias-broadcast_column_matrix_float32_tail]" time="0.395" /><testcase classname="tests.test_interpreter_matmul" name="test_default_pipeline_dot_with_multiple_output_programs[contiguous-shape0-float32-triton]" time="1.270" /><testcase classname="tests.test_interpreter_matmul" name="test_default_pipeline_dot_with_multiple_output_programs[contiguous-shape0-float32-cuda]" time="1.392" /><testcase classname="tests.test_interpreter_matmul" name="test_default_pipeline_dot_with_multiple_output_programs[contiguous-shape0-int32-triton]" time="1.265" /><testcase classname="tests.test_interpreter_matmul" name="test_default_pipeline_dot_with_multiple_output_programs[contiguous-shape0-int32-cuda]" time="1.266" /><testcase classname="tests.test_interpreter_matmul" name="test_default_pipeline_dot_with_multiple_output_programs[contiguous-shape1-float32-triton]" time="1.269" /><testcase classname="tests.test_interpreter_matmul" name="test_default_pipeline_dot_with_multiple_output_programs[contiguous-shape1-float32-cuda]" time="1.269" /><testcase classname="tests.test_interpreter_matmul" name="test_default_pipeline_dot_with_multiple_output_programs[contiguous-shape1-int32-triton]" time="1.260" /><testcase classname="tests.test_interpreter_matmul" name="test_default_pipeline_dot_with_multiple_output_programs[contiguous-shape1-int32-cuda]" time="1.265" /><testcase classname="tests.test_interpreter_matmul" name="test_default_pipeline_dot_with_multiple_output_programs[contiguous-shape2-float32-triton]" time="0.654" /><testcase classname="tests.test_interpreter_matmul" name="test_default_pipeline_dot_with_multiple_output_programs[contiguous-shape2-float32-cuda]" time="0.654" /><testcase classname="tests.test_interpreter_matmul" name="test_default_pipeline_dot_with_multiple_output_programs[contiguous-shape2-int32-triton]" time="0.653" /><testcase classname="tests.test_interpreter_matmul" name="test_default_pipeline_dot_with_multiple_output_programs[contiguous-shape2-int32-cuda]" time="0.653" /><testcase classname="tests.test_interpreter_matmul" name="test_default_pipeline_dot_with_multiple_output_programs[strided-shape0-float32-triton]" time="1.391" /><testcase classname="tests.test_interpreter_matmul" name="test_default_pipeline_dot_with_multiple_output_programs[strided-shape0-float32-cuda]" time="1.270" /><testcase classname="tests.test_interpreter_matmul" name="test_default_pipeline_dot_with_multiple_output_programs[strided-shape0-int32-triton]" time="1.267" /><testcase classname="tests.test_interpreter_matmul" name="test_default_pipeline_dot_with_multiple_output_programs[strided-shape0-int32-cuda]" time="1.265" /><testcase classname="tests.test_interpreter_matmul" name="test_default_pipeline_dot_with_multiple_output_programs[strided-shape1-float32-triton]" time="1.265" /><testcase classname="tests.test_interpreter_matmul" name="test_default_pipeline_dot_with_multiple_output_programs[strided-shape1-float32-cuda]" time="1.266" /><testcase classname="tests.test_interpreter_matmul" name="test_default_pipeline_dot_with_multiple_output_programs[strided-shape1-int32-triton]" time="1.261" /><testcase classname="tests.test_interpreter_matmul" name="test_default_pipeline_dot_with_multiple_output_programs[strided-shape1-int32-cuda]" time="1.263" /><testcase classname="tests.test_interpreter_matmul" name="test_default_pipeline_dot_with_multiple_output_programs[strided-shape2-float32-triton]" time="0.655" /><testcase classname="tests.test_interpreter_matmul" name="test_default_pipeline_dot_with_multiple_output_programs[strided-shape2-float32-cuda]" time="0.657" /><testcase classname="tests.test_interpreter_matmul" name="test_default_pipeline_dot_with_multiple_output_programs[strided-shape2-int32-triton]" time="0.788" /><testcase classname="tests.test_interpreter_matmul" name="test_default_pipeline_dot_with_multiple_output_programs[strided-shape2-int32-cuda]" time="0.657" /><testcase classname="tests.test_interpreter_matmul" name="test_dot_with_unreduced_k_programs_is_rejected_before_output_writes[shape0-triton]" time="0.039" /><testcase classname="tests.test_interpreter_matmul" name="test_dot_with_unreduced_k_programs_is_rejected_before_output_writes[shape0-cuda]" time="0.039" /><testcase classname="tests.test_interpreter_matmul" name="test_dot_with_unreduced_k_programs_is_rejected_before_output_writes[shape1-triton]" time="0.039" /><testcase classname="tests.test_interpreter_matmul" name="test_dot_with_unreduced_k_programs_is_rejected_before_output_writes[shape1-cuda]" time="0.039" /><testcase classname="tests.test_interpreter_matmul" name="test_dot_rejects_output_aliasing_an_input_before_writes[triton]" time="0.039" /><testcase classname="tests.test_interpreter_matmul" name="test_dot_rejects_output_aliasing_an_input_before_writes[cuda]" time="0.039" /><testcase classname="tests.test_interpreter_matmul" name="test_dot_rejects_overlapping_output_storage_before_writes[partial_bytes-triton]" time="0.039" /><testcase classname="tests.test_interpreter_matmul" name="test_dot_rejects_overlapping_output_storage_before_writes[partial_bytes-cuda]" time="0.040" /><testcase classname="tests.test_interpreter_matmul" name="test_dot_rejects_overlapping_output_storage_before_writes[zero-triton]" time="0.043" /><testcase classname="tests.test_interpreter_matmul" name="test_dot_rejects_overlapping_output_storage_before_writes[zero-cuda]" time="0.042" /><testcase classname="tests.test_interpreter_matmul" name="test_dot_accepts_independent_strided_output_and_preserves_guards[positive_stride-triton]" time="0.865" /><testcase classname="tests.test_interpreter_matmul" name="test_dot_accepts_independent_strided_output_and_preserves_guards[positive_stride-cuda]" time="0.865" /><testcase classname="tests.test_interpreter_matmul" name="test_dot_accepts_independent_strided_output_and_preserves_guards[negative_stride-triton]" time="0.863" /><testcase classname="tests.test_interpreter_matmul" name="test_dot_accepts_independent_strided_output_and_preserves_guards[negative_stride-cuda]" time="0.863" /><testcase classname="tests.test_interpreter_matmul" name="test_dot_rejects_nested_store_before_replaying_output_lanes[triton]" time="0.116" /><testcase classname="tests.test_interpreter_matmul" name="test_dot_rejects_nested_store_before_replaying_output_lanes[cuda]" time="0.116" /><testcase classname="tests.test_interpreter_matmul" name="test_single_program_dot_rejects_output_storage_before_writes[lhs_alias-triton]" time="0.040" /><testcase classname="tests.test_interpreter_matmul" name="test_single_program_dot_rejects_output_storage_before_writes[lhs_alias-cuda]" time="0.038" /><testcase classname="tests.test_interpreter_matmul" name="test_single_program_dot_rejects_output_storage_before_writes[partial_bytes-triton]" time="0.039" /><testcase classname="tests.test_interpreter_matmul" name="test_single_program_dot_rejects_output_storage_before_writes[partial_bytes-cuda]" time="0.038" /><testcase classname="tests.test_interpreter_matmul" name="test_single_program_dot_rejects_output_storage_before_writes[zero_stride-triton]" time="0.039" /><testcase classname="tests.test_interpreter_matmul" name="test_single_program_dot_rejects_output_storage_before_writes[zero_stride-cuda]" time="0.038" /><testcase classname="tests.test_interpreter_matmul" name="test_single_program_dot_accepts_independent_strided_output[positive_stride-triton]" time="0.272" /><testcase classname="tests.test_interpreter_matmul" name="test_single_program_dot_accepts_independent_strided_output[positive_stride-cuda]" time="0.270" /><testcase classname="tests.test_interpreter_matmul" name="test_single_program_dot_accepts_independent_strided_output[negative_stride-triton]" time="0.274" /><testcase classname="tests.test_interpreter_matmul" name="test_single_program_dot_accepts_independent_strided_output[negative_stride-cuda]" time="0.272" /><testcase classname="tests.test_interpreter_matmul" name="test_single_program_dot_rejects_output_binding_used_as_lhs[triton]" time="0.029" /><testcase classname="tests.test_interpreter_matmul" name="test_single_program_dot_rejects_output_binding_used_as_lhs[cuda]" time="0.030" /><testcase classname="tests.test_interpreter_provenance" name="test_branch_divergence_after_an_early_difference_does_not_claim_aligned_traces" time="0.004" /><testcase classname="tests.test_interpreter_provenance" name="test_changed_loop_count_does_not_claim_aligned_traces_after_bound_difference" time="0.004" /><testcase classname="tests.test_interpreter_provenance" name="test_seed_is_stable_nonsemantic_and_covers_nested_ssa_locations" time="0.003" /><testcase classname="tests.test_interpreter_provenance" name="test_declared_split_has_source_range_but_never_guesses_a_value_correspondence" time="0.007" /><testcase classname="tests.test_interpreter_provenance" name="test_pass_checker_preserves_an_explicit_mapping_and_stops_on_the_fault" time="0.007" /><testcase classname="tests.test_interpreter_provenance" name="test_multiple_passes_keep_original_sources_and_current_relation_locations" time="0.005" /><testcase classname="tests.test_interpreter_provenance" name="test_merge_retains_both_candidates_without_claiming_a_unique_fault_source" time="0.003" /><testcase classname="tests.test_interpreter_provenance" name="test_explicit_deletion_is_distinct_from_an_unmapped_removal" time="0.004" /><testcase classname="tests.test_interpreter_provenance" name="test_deleting_mixed_known_unknown_sources_does_not_present_a_partial_candidate_set" time="0.004" /><testcase classname="tests.test_interpreter_provenance" name="test_unknown_clone_does_not_acquire_a_mapping_from_copied_ids_or_names" time="0.004" /><testcase classname="tests.test_interpreter_provenance" name="test_explicit_record_is_not_duplicated_by_a_pipeline_wrapper" time="0.003" /><testcase classname="tests.test_interpreter_provenance" name="test_declared_targets_must_really_occur_and_deleted_sources_must_be_absent" time="0.003" /><testcase classname="tests.test_interpreter_provenance" name="test_recursive_split_includes_generated_region_operations" time="0.004" /><testcase classname="tests.test_interpreter_provenance" name="test_runtime_errors_retain_declared_source_scope_without_a_fake_exact_location" time="0.004" /><testcase classname="tests.test_interpreter_provenance" name="test_one_operation_object_duplicated_without_a_declaration_is_unmapped" time="0.003" /><testcase classname="tests.test_interpreter_provenance" name="test_reproducer_preserves_provenance_and_legacy_json_remains_readable" time="0.012" /><testcase classname="tests.test_interpreter_provenance" name="test_real_default_linalg_passes_have_complete_nonduplicated_origin_records[dot-triton]" time="3.487" /><testcase classname="tests.test_interpreter_provenance" name="test_real_default_linalg_passes_have_complete_nonduplicated_origin_records[dot-cuda]" time="3.413" /><testcase classname="tests.test_interpreter_provenance" name="test_real_default_linalg_passes_have_complete_nonduplicated_origin_records[transpose-triton]" time="0.317" /><testcase classname="tests.test_interpreter_provenance" name="test_real_default_linalg_passes_have_complete_nonduplicated_origin_records[transpose-cuda]" time="0.339" /><testcase classname="tests.test_interpreter_provenance" name="test_real_decomposition_fault_reports_injected_pass_and_original_source_range[dot-injected-fault-triton]" time="5.585" /><testcase classname="tests.test_interpreter_provenance" name="test_real_decomposition_fault_reports_injected_pass_and_original_source_range[dot-injected-fault-cuda]" time="5.423" /><testcase classname="tests.test_interpreter_provenance" name="test_real_decomposition_fault_reports_injected_pass_and_original_source_range[dot-negative-control-triton]" time="8.218" /><testcase classname="tests.test_interpreter_provenance" name="test_real_decomposition_fault_reports_injected_pass_and_original_source_range[dot-negative-control-cuda]" time="8.206" /><testcase classname="tests.test_interpreter_provenance" name="test_real_decomposition_fault_reports_injected_pass_and_original_source_range[transpose-injected-fault-triton]" time="0.446" /><testcase classname="tests.test_interpreter_provenance" name="test_real_decomposition_fault_reports_injected_pass_and_original_source_range[transpose-injected-fault-cuda]" time="0.445" /><testcase classname="tests.test_interpreter_provenance" name="test_real_decomposition_fault_reports_injected_pass_and_original_source_range[transpose-negative-control-triton]" time="0.614" /><testcase classname="tests.test_interpreter_provenance" name="test_real_decomposition_fault_reports_injected_pass_and_original_source_range[transpose-negative-control-cuda]" time="0.614" /><testcase classname="tests.test_interpreter_ssa" name="test_integer_binary_operations_are_exact[arith.add-lhs0-rhs0-expected0]" time="0.003" /><testcase classname="tests.test_interpreter_ssa" name="test_integer_binary_operations_are_exact[arith.sub-lhs1-rhs1-expected1]" time="0.002" /><testcase classname="tests.test_interpreter_ssa" name="test_integer_binary_operations_are_exact[arith.mul-lhs2-rhs2-expected2]" time="0.002" /><testcase classname="tests.test_interpreter_ssa" name="test_integer_binary_operations_are_exact[arith.floordiv-lhs3-rhs3-expected3]" time="0.002" /><testcase classname="tests.test_interpreter_ssa" name="test_integer_binary_operations_are_exact[arith.bitwise_and-lhs4-rhs4-expected4]" time="0.002" /><testcase classname="tests.test_interpreter_ssa" name="test_integer_binary_operations_are_exact[arith.bitwise_xor-lhs5-rhs5-expected5]" time="0.002" /><testcase classname="tests.test_interpreter_ssa" name="test_masked_load_never_dereferences_inactive_out_of_bounds_lanes" time="0.002" /><testcase classname="tests.test_interpreter_ssa" name="test_all_false_mask_can_load_from_an_empty_buffer" time="0.002" /><testcase classname="tests.test_interpreter_ssa" name="test_active_out_of_bounds_load_reports_the_operation_location[-1]" time="0.002" /><testcase classname="tests.test_interpreter_ssa" name="test_active_out_of_bounds_load_reports_the_operation_location[3]" time="0.002" /><testcase classname="tests.test_interpreter_ssa" name="test_active_out_of_bounds_load_reports_the_operation_location[1000]" time="0.002" /><testcase classname="tests.test_interpreter_ssa" name="test_masked_store_changes_only_active_valid_addresses" time="0.002" /><testcase classname="tests.test_interpreter_ssa" name="test_active_out_of_bounds_store_reports_the_operation_location[-1]" time="0.002" /><testcase classname="tests.test_interpreter_ssa" name="test_active_out_of_bounds_store_reports_the_operation_location[5]" time="0.002" /><testcase classname="tests.test_interpreter_ssa" name="test_active_out_of_bounds_store_reports_the_operation_location[1000]" time="0.002" /><testcase classname="tests.test_interpreter_ssa" name="test_unknown_operation_fails_closed_with_opcode_and_location" time="0.001" /><testcase classname="tests.test_interpreter_ssa" name="test_unknown_operation_in_nested_region_reports_nested_location" time="0.002" /><testcase classname="tests.test_interpreter_ssa" name="test_trace_is_reproducible_and_snapshots_do_not_alias_inputs" time="0.003" /><testcase classname="tests.test_interpreter_ssa" name="test_trace_opcode_filter_keeps_execution_unchanged" time="0.002" /><testcase classname="tests.test_interpreter_ssa" name="test_handwritten_loop_handles_negative_step_and_zero_iterations[5--1--2-9]" time="0.003" /><testcase classname="tests.test_interpreter_ssa" name="test_handwritten_loop_handles_negative_step_and_zero_iterations[2-2-1-0]" time="0.002" /><testcase classname="tests.test_interpreter_ssa" name="test_three_dimensional_grid_trace_filter_and_watch_do_not_filter_execution" time="0.008" /><testcase classname="tests.test_interpreter_ssa" name="test_step_callback_works_without_retaining_a_trace" time="0.009" /><testcase classname="tests.test_interpreter_ssa" name="test_explicit_extension_handler_receives_materialized_cpu_operands" time="0.002" /><testcase classname="tests.test_interpreter_ssa" name="test_extension_handler_does_not_hide_an_unregistered_operation" time="0.002" /><testcase classname="tests.test_interpreter_ssa" name="test_store_trace_captures_source_before_an_aliasing_write" time="0.002" /><testcase classname="tests.test_interpreter_ssa" name="test_masked_invalid_addresses_are_safe_even_with_trace_enabled" time="0.002" /><testcase classname="tests.test_interpreter_ssa" name="test_masked_store_trace_does_not_dereference_inactive_addresses" time="0.002" /><testcase classname="tests.test_interpreter_ssa" name="test_masked_tensor_store_trace_and_watch_never_load_inactive_lanes[False-0]" time="0.003" /><testcase classname="tests.test_interpreter_ssa" name="test_masked_tensor_store_trace_and_watch_never_load_inactive_lanes[False-3]" time="0.002" /><testcase classname="tests.test_interpreter_ssa" name="test_masked_tensor_store_trace_and_watch_never_load_inactive_lanes[True-0]" time="0.002" /><testcase classname="tests.test_interpreter_ssa" name="test_masked_tensor_store_trace_and_watch_never_load_inactive_lanes[True-3]" time="0.002" /><testcase classname="tests.test_interpreter_ssa" name="test_unsupported_array_dtypes_are_rejected_before_execution[object]" time="0.002" /><testcase classname="tests.test_interpreter_ssa" name="test_unsupported_array_dtypes_are_rejected_before_execution[complex64]" time="0.001" /><testcase classname="tests.test_interpreter_ssa" name="test_unsupported_array_dtypes_are_rejected_before_execution[U4]" time="0.001" /><testcase classname="tests.test_interpreter_ssa" name="test_unsupported_array_dtypes_are_rejected_before_execution[S4]" time="0.001" /><testcase classname="tests.test_interpreter_ssa" name="test_array_dtype_must_match_the_declared_ssa_type" time="0.001" /><testcase classname="tests.test_interpreter_ssa" name="test_num_programs_rejects_invalid_axis_with_operation_location[-1]" time="0.001" /><testcase classname="tests.test_interpreter_ssa" name="test_num_programs_rejects_invalid_axis_with_operation_location[3]" time="0.002" /><testcase classname="tests.test_interpreter_ssa" name="test_num_programs_rejects_invalid_axis_with_operation_location[999]" time="0.001" /><testcase classname="tests.test_interpreter_ssa" name="test_isolated_decomposed_offset_without_output_store_is_rejected[matmul]" time="0.002" /><testcase classname="tests.test_interpreter_ssa" name="test_isolated_decomposed_offset_without_output_store_is_rejected[transpose]" time="0.002" /><testcase classname="tests.test_interpreter_step_debugger" name="test_step_continue_dynamic_watch_and_store_pause_timing" time="0.003" /><testcase classname="tests.test_interpreter_step_debugger" name="test_breakpoint_matches_opcode_exact_location_or_location_prefix[arith.add]" time="0.002" /><testcase classname="tests.test_interpreter_step_debugger" name="test_breakpoint_matches_opcode_exact_location_or_location_prefix[entry:1]" time="0.002" /><testcase classname="tests.test_interpreter_step_debugger" name="test_breakpoint_matches_opcode_exact_location_or_location_prefix[entry:1:arith.add]" time="0.002" /><testcase classname="tests.test_interpreter_step_debugger" name="test_deleting_a_breakpoint_restores_continue_behavior" time="0.002" /><testcase classname="tests.test_interpreter_step_debugger" name="test_quit_stops_future_operations_and_does_not_rollback_completed_stores[entry:1-False]" time="0.003" /><testcase classname="tests.test_interpreter_step_debugger" name="test_quit_stops_future_operations_and_does_not_rollback_completed_stores[mem.store-True]" time="0.002" /><testcase classname="tests.test_interpreter_step_debugger" name="test_program_and_opcode_filters_bound_debugger_events" time="0.002" /><testcase classname="tests.test_interpreter_step_debugger" name="test_debugger_operates_on_real_tiled_frontend_application" time="0.015" /><testcase classname="tests.test_interpreter_step_debugger" name="test_exhausted_script_continues_without_requesting_user_input" time="0.003" /><testcase classname="tests.test_interpreter_torch" name="test_torch_cpu_output_keeps_identity_and_updates_shared_storage[float32]" time="0.019" /><testcase classname="tests.test_interpreter_torch" name="test_torch_cpu_output_keeps_identity_and_updates_shared_storage[int32]" time="0.018" /><testcase classname="tests.test_interpreter_torch" name="test_input_adapter_shares_cpu_storage_before_numeric_load" time="0.002" /><testcase classname="tests.test_interpreter_torch" name="test_noncontiguous_torch_cpu_views_preserve_strides_and_guard_storage" time="0.018" /><testcase classname="tests.test_interpreter_torch" name="test_requires_grad_torch_buffers_are_rejected[x]" time="0.015" /><testcase classname="tests.test_interpreter_torch" name="test_requires_grad_torch_buffers_are_rejected[out]" time="0.015" /><testcase classname="tests.test_interpreter_torch" name="test_sparse_torch_input_is_rejected" time="0.015" /><testcase classname="tests.test_interpreter_torch" name="test_cuda_tensor_is_rejected_by_cpu_interpreter" time="0.015" /><testcase classname="tests.test_interpreter_torch" name="test_torch_dtype_must_match_declared_ssa_dtype" time="0.015" /><testcase classname="tests.test_interpreter_torch" name="test_numpy_only_execution_does_not_import_torch" time="0.453" /><testcase classname="tests.test_interpreter_value_mapping" name="test_restructured_results_locate_the_producer_and_replay[3-fault-replace]" time="0.029" /><testcase classname="tests.test_interpreter_value_mapping" name="test_restructured_results_locate_the_producer_and_replay[3-fault-split]" time="0.029" /><testcase classname="tests.test_interpreter_value_mapping" name="test_restructured_results_locate_the_producer_and_replay[3-fault-merge]" time="0.026" /><testcase classname="tests.test_interpreter_value_mapping" name="test_restructured_results_locate_the_producer_and_replay[3-repair-replace]" time="0.005" /><testcase classname="tests.test_interpreter_value_mapping" name="test_restructured_results_locate_the_producer_and_replay[3-repair-split]" time="0.005" /><testcase classname="tests.test_interpreter_value_mapping" name="test_restructured_results_locate_the_producer_and_replay[3-repair-merge]" time="0.005" /><testcase classname="tests.test_interpreter_value_mapping" name="test_restructured_results_locate_the_producer_and_replay[5-fault-replace]" time="0.027" /><testcase classname="tests.test_interpreter_value_mapping" name="test_restructured_results_locate_the_producer_and_replay[5-fault-split]" time="0.028" /><testcase classname="tests.test_interpreter_value_mapping" name="test_restructured_results_locate_the_producer_and_replay[5-fault-merge]" time="0.025" /><testcase classname="tests.test_interpreter_value_mapping" name="test_restructured_results_locate_the_producer_and_replay[5-repair-replace]" time="0.005" /><testcase classname="tests.test_interpreter_value_mapping" name="test_restructured_results_locate_the_producer_and_replay[5-repair-split]" time="0.005" /><testcase classname="tests.test_interpreter_value_mapping" name="test_restructured_results_locate_the_producer_and_replay[5-repair-merge]" time="0.005" /><testcase classname="tests.test_interpreter_value_mapping" name="test_restructured_results_locate_the_producer_and_replay[-2-fault-replace]" time="0.027" /><testcase classname="tests.test_interpreter_value_mapping" name="test_restructured_results_locate_the_producer_and_replay[-2-fault-split]" time="0.028" /><testcase classname="tests.test_interpreter_value_mapping" name="test_restructured_results_locate_the_producer_and_replay[-2-fault-merge]" time="0.026" /><testcase classname="tests.test_interpreter_value_mapping" name="test_restructured_results_locate_the_producer_and_replay[-2-repair-replace]" time="0.005" /><testcase classname="tests.test_interpreter_value_mapping" name="test_restructured_results_locate_the_producer_and_replay[-2-repair-split]" time="0.005" /><testcase classname="tests.test_interpreter_value_mapping" name="test_restructured_results_locate_the_producer_and_replay[-2-repair-merge]" time="0.005" /><testcase classname="tests.test_interpreter_value_mapping" name="test_same_names_and_origins_do_not_create_a_value_mapping" time="0.004" /><testcase classname="tests.test_interpreter_value_mapping" name="test_a_stale_program_fingerprint_disables_result_alignment" time="0.004" /><testcase classname="tests.test_interpreter_value_mapping" name="test_invalid_result_contracts_are_rejected[duplicate]" time="0.002" /><testcase classname="tests.test_interpreter_value_mapping" name="test_invalid_result_contracts_are_rejected[missing_result]" time="0.002" /><testcase classname="tests.test_interpreter_value_mapping" name="test_invalid_result_contracts_are_rejected[wrong_type]" time="0.002" /><testcase classname="tests.test_interpreter_value_mapping" name="test_actual_lowered_dot_and_transpose_find_the_changed_instruction[dot-fault-triton]" time="8.835" /><testcase classname="tests.test_interpreter_value_mapping" name="test_actual_lowered_dot_and_transpose_find_the_changed_instruction[dot-fault-cuda]" time="8.838" /><testcase classname="tests.test_interpreter_value_mapping" name="test_actual_lowered_dot_and_transpose_find_the_changed_instruction[dot-repair-triton]" time="5.113" /><testcase classname="tests.test_interpreter_value_mapping" name="test_actual_lowered_dot_and_transpose_find_the_changed_instruction[dot-repair-cuda]" time="5.255" /><testcase classname="tests.test_interpreter_value_mapping" name="test_actual_lowered_dot_and_transpose_find_the_changed_instruction[transpose-fault-triton]" time="1.332" /><testcase classname="tests.test_interpreter_value_mapping" name="test_actual_lowered_dot_and_transpose_find_the_changed_instruction[transpose-fault-cuda]" time="1.330" /><testcase classname="tests.test_interpreter_value_mapping" name="test_actual_lowered_dot_and_transpose_find_the_changed_instruction[transpose-repair-triton]" time="0.423" /><testcase classname="tests.test_interpreter_value_mapping" name="test_actual_lowered_dot_and_transpose_find_the_changed_instruction[transpose-repair-cuda]" time="0.419" /><testcase classname="tests.test_interpreter_value_mapping" name="test_actual_decomposition_checks_completed_tile_results[dot-fault-triton]" time="1.321" /><testcase classname="tests.test_interpreter_value_mapping" name="test_actual_decomposition_checks_completed_tile_results[dot-fault-cuda]" time="1.319" /><testcase classname="tests.test_interpreter_value_mapping" name="test_actual_decomposition_checks_completed_tile_results[dot-repair-triton]" time="1.485" /><testcase classname="tests.test_interpreter_value_mapping" name="test_actual_decomposition_checks_completed_tile_results[dot-repair-cuda]" time="1.415" /><testcase classname="tests.test_interpreter_value_mapping" name="test_actual_decomposition_checks_completed_tile_results[transpose-fault-triton]" time="0.120" /><testcase classname="tests.test_interpreter_value_mapping" name="test_actual_decomposition_checks_completed_tile_results[transpose-fault-cuda]" time="0.121" /><testcase classname="tests.test_interpreter_value_mapping" name="test_actual_decomposition_checks_completed_tile_results[transpose-repair-triton]" time="0.121" /><testcase classname="tests.test_interpreter_value_mapping" name="test_actual_decomposition_checks_completed_tile_results[transpose-repair-cuda]" time="0.121" /><testcase classname="tests.test_interpreter_value_mapping" name="test_loop_mapping_and_dynamic_carried_dependencies[inner]" time="0.008" /><testcase classname="tests.test_interpreter_value_mapping" name="test_loop_mapping_and_dynamic_carried_dependencies[loop]" time="0.008" /><testcase classname="tests.test_interpreter_value_mapping" name="test_mapping_order_cannot_hide_an_earlier_bad_producer" time="0.005" /><testcase classname="tests.test_interpreter_value_mapping" name="test_result_renaming_needs_an_explicit_contract" time="0.004" /><testcase classname="tests.test_interpreter_value_mapping" name="test_different_loop_instances_are_not_paired[False]" time="0.007" /><testcase classname="tests.test_interpreter_value_mapping" name="test_different_loop_instances_are_not_paired[True]" time="0.006" /><testcase classname="tests.test_interpreter_value_mapping" name="test_result_mapping_requires_the_recorded_producers[wrong_source]" time="0.004" /><testcase classname="tests.test_interpreter_value_mapping" name="test_result_mapping_requires_the_recorded_producers[missing_target]" time="0.002" /><testcase classname="tests.test_interpreter_value_mapping" name="test_one_reference_value_can_explicitly_feed_several_generated_results" time="0.004" /><testcase classname="tests.test_interpreter_value_mapping" name="test_replay_checks_new_localization_and_dependency_evidence[mapped_operation]" time="0.030" /><testcase classname="tests.test_interpreter_value_mapping" name="test_replay_checks_new_localization_and_dependency_evidence[dependency_slice]" time="0.028" /><testcase classname="tests.test_interpreter_value_mapping" name="test_replay_checks_new_localization_and_dependency_evidence[pass_localization]" time="0.028" /><testcase classname="tests.test_interpreter_value_mapping" name="test_debug_contracts_preserve_mixed_dtype_lowering[float16-triton]" time="0.015" /><testcase classname="tests.test_interpreter_value_mapping" name="test_debug_contracts_preserve_mixed_dtype_lowering[float16-cuda]" time="0.015" /><testcase classname="tests.test_interpreter_value_mapping" name="test_debug_contracts_preserve_mixed_dtype_lowering[float64-triton]" time="0.015" /><testcase classname="tests.test_interpreter_value_mapping" name="test_debug_contracts_preserve_mixed_dtype_lowering[float64-cuda]" time="0.016" /><testcase classname="tests.test_ipynb" name="test_ipynb[cuda]" time="6.437" /><testcase classname="tests.test_ir_immutability" name="test_ssa_mappings_and_nested_sequences_are_immutable" time="0.002" /><testcase classname="tests.test_ir_immutability" name="test_kernel_mappings_are_immutable_and_pickle_safe" time="0.002" /><testcase classname="tests.test_jagged" name="test_to_padded_tensor[3-1-2--1-cuda]" time="2.460" /><testcase classname="tests.test_jagged" name="test_to_padded_tensor[3-1-3--1-cuda]" time="1.238" /><testcase classname="tests.test_jagged" name="test_to_padded_tensor[3-1-7--1-cuda]" time="1.230" /><testcase classname="tests.test_jagged" name="test_to_padded_tensor[3-1-16--1-cuda]" time="1.370" /><testcase classname="tests.test_jagged" name="test_to_padded_tensor[3-2-2--1-cuda]" time="1.305" /><testcase classname="tests.test_jagged" name="test_to_padded_tensor[3-2-3--1-cuda]" time="1.230" /><testcase classname="tests.test_jagged" name="test_to_padded_tensor[3-2-7--1-cuda]" time="1.284" /><testcase classname="tests.test_jagged" name="test_to_padded_tensor[3-2-16--1-cuda]" time="1.373" /><testcase classname="tests.test_jagged" name="test_expand[3-1-2-cuda]" time="1.484" /><testcase classname="tests.test_jagged" name="test_expand[3-1-3-cuda]" time="1.469" /><testcase classname="tests.test_jagged" name="test_expand[3-1-7-cuda]" time="1.476" /><testcase classname="tests.test_jagged" name="test_expand[3-1-16-cuda]" time="1.451" /><testcase classname="tests.test_jagged" name="test_expand[3-2-2-cuda]" time="1.471" /><testcase classname="tests.test_jagged" name="test_expand[3-2-3-cuda]" time="1.447" /><testcase classname="tests.test_jagged" name="test_expand[3-2-7-cuda]" time="1.493" /><testcase classname="tests.test_jagged" name="test_expand[3-2-16-cuda]" time="1.592" /><testcase classname="tests.test_kernel_ir.TestKernel" name="test_tensor_spec_can_be_extracted_from_tensor_like_object" time="0.006" /><testcase classname="tests.test_kernel_ir.TestKernel" name="test_public_ir_dataclass_constructors_are_keyword_only" time="0.002" /><testcase classname="tests.test_kernel_ir.TestKernel" name="test_ir_dataclasses_reject_positional_construction" time="0.001" /><testcase classname="tests.test_kernel_ir.TestKernel" name="test_tensor_spec_name_controls_binding_not_source_name" time="0.002" /><testcase classname="tests.test_kernel_ir.TestKernel" name="test_kernel_metadata_is_immutably_extended" time="0.001" /><testcase classname="tests.test_kernel_ir.TestKernel" name="test_kernel_metadata_extension_preserves_ssa" time="0.001" /><testcase classname="tests.test_kernel_ir.TestKernel" name="test_ssa_text_render_is_readable" time="0.001" /><testcase classname="tests.test_kernel_ir.TestKernel" name="test_ir_to_dict_is_json_serializable" time="0.001" /><testcase classname="tests.test_kernel_ir.TestKernel" name="test_kernel_name_controls_generated_artifact_names_and_entrypoint" time="0.009" /><testcase classname="tests.test_layout_transfer_analysis" name="test_explicit_transpose_builds_structured_immutable_access_contract" time="0.019" /><testcase classname="tests.test_layout_transfer_analysis" name="test_dynamic_constraints_and_structured_contract_reach_schedule" time="0.051" /><testcase classname="tests.test_layout_transfer_analysis" name="test_static_mismatch_is_rejected_from_layout_schedule[specs0-\ndef copy(x, out):\n    out = x\n-program shapes are statically incompatible]" time="0.025" /><testcase classname="tests.test_layout_transfer_analysis" name="test_static_mismatch_is_rejected_from_layout_schedule[specs1-\ndef transpose(x, out):\n    out = x.T\n-logical value shapes are statically incompatible]" time="0.023" /><testcase classname="tests.test_layout_transfer_analysis" name="test_real_tiled_permute_uses_value_axis_contributions" time="0.115" /><testcase classname="tests.test_layout_transfer_analysis" name="test_original_non_contiguous_stride_and_predicate_are_preserved" time="0.023" /><testcase classname="tests.test_layout_transfer_analysis" name="test_multiple_live_layout_transfers_are_ambiguous" time="0.002" /><testcase classname="tests.test_layout_transfer_analysis" name="test_unproven_effect_or_coordinate_contract_is_rejected" time="0.097" /><testcase classname="tests.test_lowering_inference.TestLoweringInference" name="test_fill_copy_and_assignment_calls_lower_to_ssa_effects" time="0.006" /><testcase classname="tests.test_lowering
[...]
stant-dtype1-0.001-cuda]" time="0.003" /><testcase classname="tests.test_pad" name="test_pad[shape3-pad_3-0-constant-dtype0-1e-08-cuda]" time="0.115" /><testcase classname="tests.test_pad" name="test_pad[shape3-pad_3-0-constant-dtype1-0.001-cuda]" time="0.006" /><testcase classname="tests.test_pad" name="test_pad[shape3-pad_3-1-constant-dtype0-1e-08-cuda]" time="0.003" /><testcase classname="tests.test_pad" name="test_pad[shape3-pad_3-1-constant-dtype1-0.001-cuda]" time="0.003" /><testcase classname="tests.test_pad" name="test_pad[shape3-pad_3--1-constant-dtype0-1e-08-cuda]" time="0.003" /><testcase classname="tests.test_pad" name="test_pad[shape3-pad_3--1-constant-dtype1-0.001-cuda]" time="0.003" /><testcase classname="tests.test_pad" name="test_pad[shape3-pad_3--inf-constant-dtype0-1e-08-cuda]" time="0.003" /><testcase classname="tests.test_pad" name="test_pad[shape3-pad_3--inf-constant-dtype1-0.001-cuda]" time="0.003" /><testcase classname="tests.test_pad" name="test_pad[shape3-pad_3-3.141592653589793-constant-dtype0-1e-08-cuda]" time="0.003" /><testcase classname="tests.test_pad" name="test_pad[shape3-pad_3-3.141592653589793-constant-dtype1-0.001-cuda]" time="0.003" /><testcase classname="tests.test_pad" name="test_pad[shape3-pad_3-value5-constant-dtype0-1e-08-cuda]" time="0.003" /><testcase classname="tests.test_pad" name="test_pad[shape3-pad_3-value5-constant-dtype1-0.001-cuda]" time="0.003" /><testcase classname="tests.test_pow" name="test[44925-dtype0-cuda]" time="0.347" /><testcase classname="tests.test_softmax" name="test[1823-781-dtype0-cuda]" time="0.565" /><testcase classname="tests.test_ssa_application_lowering.TestApplicationSSALowering" name="test_reference_attention_lowers_to_fine_grained_region_ssa" time="0.024" /><testcase classname="tests.test_ssa_application_lowering.TestApplicationSSALowering" name="test_reference_attention_loop_uses_block_args_for_carried_state" time="0.022" /><testcase classname="tests.test_ssa_application_lowering.TestApplicationSSALowering" name="test_namespace_calls_are_not_treated_as_tensor_methods" time="0.023" /><testcase classname="tests.test_ssa_first_backend_lowering.TestSSAFirstBackendLowering" name="test_cuda_injects_curand_support_only_for_rand_operations" time="0.063" /><testcase classname="tests.test_ssa_first_backend_lowering.TestSSAFirstBackendLowering" name="test_public_lower_generates_fused_expression_without_kernel_template" time="0.351" /><testcase classname="tests.test_ssa_first_backend_lowering.TestSSAFirstBackendLowering" name="test_public_lower_uses_ssa_by_default_for_linear_backends" time="0.140" /><testcase classname="tests.test_ssa_first_backend_lowering.TestSSAFirstBackendLowering" name="test_public_lower_uses_arrangement_view_shapes_for_ssa_backends" time="0.140" /><testcase classname="tests.test_ssa_first_backend_lowering.TestSSAFirstBackendLowering" name="test_public_lower_preserves_arrangement_view_offsets_for_ssa_backends" time="0.166" /><testcase classname="tests.test_ssa_first_backend_lowering.TestSSAFirstBackendLowering" name="test_cuda_lower_materializes_long_view_index_expressions" time="0.325" /><testcase classname="tests.test_ssa_first_backend_lowering.TestSSAFirstBackendLowering" name="test_public_triton_lower_uses_unified_backend_for_structured_shapes" time="1.684" /><testcase classname="tests.test_ssa_first_backend_lowering.TestSSAFirstBackendLowering" name="test_tilelang_schedule_candidate_is_materialized_in_source_and_launch" time="2.372" /><testcase classname="tests.test_ssa_first_backend_lowering.TestSSAFirstBackendLowering" name="test_public_triton_lower_raises_when_ssa_is_unavailable" time="0.008" /><testcase classname="tests.test_ssa_first_backend_lowering.TestSSAFirstBackendLowering" name="test_from_source_generates_tensor_construction_and_view_ops" time="0.210" /><testcase classname="tests.test_ssa_first_backend_lowering.TestSSAFirstBackendLowering" name="test_from_source_generates_shape_dim_for_native_backends" time="0.050" /><testcase classname="tests.test_ssa_first_backend_lowering.TestSSAFirstBackendLowering" name="test_from_source_generates_tensor_stride_for_native_backends" time="0.070" /><testcase classname="tests.test_ssa_first_backend_lowering.TestSSAFirstBackendLowering" name="test_canonical_elementwise_math_opcodes_emit_for_all_backends" time="0.386" /><testcase classname="tests.test_ssa_first_backend_lowering.TestSSAFirstBackendLowering" name="test_from_source_generates_python_expression_syntax_for_native_backends" time="0.123" /><testcase classname="tests.test_ssa_first_backend_lowering.TestSSAFirstBackendLowering" name="test_from_source_generates_bitwise_shifts_for_native_backends" time="0.092" /><testcase classname="tests.test_ssa_first_backend_lowering.TestSSAFirstBackendLowering" name="test_from_source_preserves_subscript_store_indices_for_native_backends" time="0.111" /><testcase classname="tests.test_ssa_first_backend_lowering.TestSSAFirstBackendLowering" name="test_from_source_expands_subscript_augassign_for_native_backends" time="0.072" /><testcase classname="tests.test_ssa_first_backend_lowering.TestSSAFirstBackendLowering" name="test_from_source_linearizes_multidimensional_extract_by_source_shape" time="0.071" /><testcase classname="tests.test_ssa_first_backend_lowering.TestSSAFirstBackendLowering" name="test_public_lower_generates_ssa_reduction_for_native_backends" time="0.196" /><testcase classname="tests.test_ssa_first_backend_lowering.TestSSAFirstBackendLowering" name="test_public_lower_inlines_user_helper_calls_before_ssa_lowering" time="0.231" /><testcase classname="tests.test_ssa_first_backend_lowering.TestSSAFirstBackendLowering" name="test_constructor_resolves_tensor_dtype_for_loop_carried_values" time="3.544" /><testcase classname="tests.test_ssa_first_backend_lowering.TestSSAFirstBackendLowering" name="test_constructor_canonicalizes_aliased_and_chained_tensor_dtype" time="0.043" /><testcase classname="tests.test_ssa_first_backend_lowering.TestSSAFirstBackendLowering" name="test_constructor_uses_static_dtype_for_scalar_dtype_source" time="0.040" /><testcase classname="tests.test_ssa_first_backend_lowering.TestSSAFirstBackendLowering" name="test_constructor_does_not_propagate_dtype_ref_through_promotion" time="0.049" /><testcase classname="tests.test_ssa_first_backend_lowering.TestSSAFirstBackendLowering" name="test_constructor_propagates_dtype_ref_into_nested_region" time="0.069" /><testcase classname="tests.test_ssa_first_backend_lowering.TestSSAFirstBackendLowering" name="test_scalar_tensor_extract_load_drops_vector_mask" time="1.168" /><testcase classname="tests.test_ssa_first_backend_lowering.TestSSAFirstBackendLowering" name="test_scalar_source_load_drops_vector_mask" time="0.020" /><testcase classname="tests.test_ssa_first_backend_lowering.TestSSAFirstBackendLowering" name="test_scalar_index_name_drops_vector_mask" time="0.019" /><testcase classname="tests.test_ssa_first_backend_lowering.TestSSAFirstBackendLowering" name="test_scalarized_vector_index_drops_vector_mask" time="0.029" /><testcase classname="tests.test_ssa_first_backend_lowering.TestSSAFirstBackendLowering" name="test_from_source_generates_axis_reduction_for_native_backends" time="0.087" /><testcase classname="tests.test_ssa_first_backend_lowering.TestSSAFirstBackendLowering" name="test_from_source_generates_rowwise_reduction_for_native_backends" time="0.067" /><testcase classname="tests.test_ssa_first_backend_lowering.TestSSAFirstBackendLowering" name="test_transpose_aliases_share_one_backend_emission_contract" time="0.657" /><testcase classname="tests.test_ssa_first_backend_lowering.TestSSAFirstBackendLowering" name="test_from_source_emits_store_inside_scf_for_without_operator_dispatch" time="0.115" /><testcase classname="tests.test_ssa_first_backend_lowering.TestSSAFirstBackendLowering" name="test_from_source_preserves_else_store_region_for_side_effect_if" time="0.116" /><testcase classname="tests.test_ssa_first_backend_lowering.TestSSAFirstBackendLowering" name="test_from_source_emits_multi_result_scf_if_once" time="0.138" /><testcase classname="tests.test_ssa_first_backend_lowering.TestSSAFirstBackendLowering" name="test_public_lower_generates_loop_and_if_control_flow_for_all_backends" time="0.271" /><testcase classname="tests.test_ssa_pass_pipeline.TestPipeline" name="test_pipeline_attaches_target_schedule_without_coarse_nodes" time="0.007" /><testcase classname="tests.test_ssa_pass_pipeline.TestPipeline" name="test_schedule_sees_linalg_before_decomposition" time="0.008" /><testcase classname="tests.test_ssa_pass_pipeline.TestPipeline" name="test_pass_registry_classifies_and_registers_backend_contracts" time="0.001" /><testcase classname="tests.test_ssa_pass_pipeline.TestPipeline" name="test_custom_pipeline_can_disable_backend_optimization_pass" time="0.004" /><testcase classname="tests.test_ssa_pass_pipeline.TestPipeline" name="test_default_pipeline_records_selected_passes" time="0.005" /><testcase classname="tests.test_ssa_pass_pipeline.TestPipeline" name="test_blocked_linalg_exposes_backend_schedule_candidates" time="0.015" /><testcase classname="tests.test_ssa_pass_pipeline.TestPipeline" name="test_schedule_candidate_can_be_selected_by_pass_option" time="0.006" /><testcase classname="tests.test_ssa_program_domain_regressions" name="test_flattened_debug_output_preserves_each_source_tile" time="0.586" /><testcase classname="tests.test_ssa_program_domain_regressions" name="test_expanded_dense_input_does_not_introduce_unbound_jagged_extent[1-3]" time="1.112" /><testcase classname="tests.test_ssa_program_domain_regressions" name="test_expanded_dense_input_does_not_introduce_unbound_jagged_extent[1-4]" time="2.841" /><testcase classname="tests.test_ssa_program_domain_regressions" name="test_expanded_dense_input_does_not_introduce_unbound_jagged_extent[2-3]" time="1.111" /><testcase classname="tests.test_ssa_program_domain_regressions" name="test_expanded_dense_input_does_not_introduce_unbound_jagged_extent[2-4]" time="2.993" /><testcase classname="tests.test_ssa_program_domain_regressions" name="test_cuda_signed_division_source_matches_python_integer_semantics" time="0.245" /><testcase classname="tests.test_ssa_validation" name="test_verifier_rejects_undefined_operand" time="0.003" /><testcase classname="tests.test_ssa_validation" name="test_verifier_rejects_duplicate_result_definition" time="0.002" /><testcase classname="tests.test_ssa_validation" name="test_unknown_python_helper_fails_closed_with_source_location" time="0.003" /><testcase classname="tests.test_ssa_validation" name="test_strict_frontend_rejects_invalid_reduction_axis" time="0.002" /><testcase classname="tests.test_ssa_validation" name="test_static_broadcast_mismatch_fails_closed" time="0.003" /><testcase classname="tests.test_ssa_validation" name="test_cast_updates_ssa_result_dtype" time="0.002" /><testcase classname="tests.test_ssa_validation" name="test_batched_matmul_type_preserves_broadcast_batch_domain" time="0.002" /><testcase classname="tests.test_triton_aot_materializer" name="test_triton_aot_kernel_names_require_matching_generated_symbols" time="0.003" /><testcase classname="tests.test_triton_aot_materializer" name="test_triton_aot_kernel_names_reject_format_drift[CUmodule changed_mod = NULL;\nvoid load_changed() {}\n]" time="0.003" /><testcase classname="tests.test_triton_aot_materializer" name="test_triton_aot_kernel_names_reject_format_drift[CUmodule changed_mod = NULL;\nCUfunction another_func = NULL;\nvoid load_changed() {}\n]" time="0.002" /><testcase classname="tests.test_triton_aot_materializer" name="test_triton_aot_kernel_names_reject_format_drift[CUmodule changed_mod = NULL;\nCUfunction changed_func = NULL;\nstatic void load_changed() {}\n]" time="0.002" /><testcase classname="tests.test_triton_aot_materializer" name="test_triton_context_guard_uses_context_state_instead_of_device_ordinals" time="0.001" /><testcase classname="tests.test_triton_aot_materializer" name="test_fresh_aot_materialization_enters_launches_and_leaves" time="0.002" /><testcase classname="tests.test_triton_aot_materializer" name="test_reloaded_aot_wrapper_enters_launches_and_leaves" time="0.002" /><testcase classname="tests.test_triton_aot_materializer" name="test_reloaded_aot_wrapper_leaves_after_kernel_failures[17-None-KernelLaunchError]" time="0.002" /><testcase classname="tests.test_triton_aot_materializer" name="test_reloaded_aot_wrapper_leaves_after_kernel_failures[0-error1-RuntimeError]" time="0.002" /><testcase classname="tests.test_triton_aot_materializer" name="test_reloaded_aot_wrapper_does_not_launch_when_enter_fails" time="0.002" /><testcase classname="tests.test_triton_aot_materializer" name="test_reloaded_unguarded_artifact_requires_rebuild" time="0.002" /><testcase classname="tests.test_triton_aot_materializer" name="test_stale_triton_launcher_schema_triggers_rebuild[missing]" time="0.002" /><testcase classname="tests.test_triton_aot_materializer" name="test_stale_triton_launcher_schema_triggers_rebuild[stale]" time="0.002" /><testcase classname="tests.test_triton_aot_materializer" name="test_stale_triton_launcher_schema_triggers_rebuild[current]" time="0.002" /><testcase classname="tests.test_triton_aot_materializer" name="test_aot_compilation_links_generated_context_guard" time="0.003" /><testcase classname="tests.test_triton_layout_transfer" name="test_triton_layout_transfer_emits_tiled_transpose_with_independent_tails" time="0.116" /><testcase classname="tests.test_triton_layout_transfer" name="test_triton_layout_transfer_exposes_legal_schedule_candidates" time="0.113" /><testcase classname="tests.test_triton_layout_transfer" name="test_explicit_candidate_survives_single_config_limit_with_selected_warps" time="0.113" /><testcase classname="tests.test_triton_layout_transfer" name="test_non_power_of_two_pre_tiled_transfer_uses_generic_emission" time="0.967" /><testcase classname="tests.test_triton_layout_transfer_runtime" name="test_layout_transfer_runtime_contract_and_aot_wiring" time="0.064" /><testcase classname="tests.test_triton_layout_transfer_runtime" name="test_layout_transfer_jit_aot_reload_with_dynamic_strides[cuda]" time="12.132" /><testcase classname="tests.test_triton_reduction_schedule" name="test_reduction_domain_selects_triton_row_vector_schedule" time="1.217" /><testcase classname="tests.test_triton_reduction_schedule" name="test_triton_row_vector_reduction_runtime[cuda]" time="10.977" /><testcase classname="tests.test_triton_reduction_schedule" name="test_row_vector_only_vectorizes_scheduled_reductions_and_masks_source_store[cuda]" time="0.703" /><testcase classname="tests.test_triton_runtime_auto_tuning" name="test_triton_single_and_plain_materialization_use_verified_launch[plain]" time="0.003" /><testcase classname="tests.test_triton_runtime_auto_tuning" name="test_triton_single_and_plain_materialization_use_verified_launch[single-candidate]" time="0.002" /><testcase classname="tests.test_triton_runtime_auto_tuning" name="test_verified_runtime_launch_rebinds_zero_dimensional_value" time="0.002" /><testcase classname="tests.test_triton_runtime_auto_tuning" name="test_verified_runtime_launch_keeps_eight_recent_identities" time="0.003" /><testcase classname="tests.test_triton_runtime_auto_tuning" name="test_verified_runtime_launch_handles_zero_without_calling_kernel" time="0.002" /><testcase classname="tests.test_triton_runtime_auto_tuning" name="test_verified_runtime_launch_preserves_argument_errors" time="0.002" /><testcase classname="tests.test_triton_runtime_auto_tuning" name="test_verified_runtime_fast_key_defers_invalid_tensor_to_validation" time="0.003" /><testcase classname="tests.test_triton_runtime_auto_tuning" name="test_verified_runtime_four_buffer_call_has_no_cached_output_field" time="0.002" /><testcase classname="tests.test_triton_runtime_auto_tuning" name="test_verified_runtime_cache_does_not_retain_tensor_or_flattened_view" time="0.298" /><testcase classname="tests.test_triton_runtime_auto_tuning" name="test_verified_runtime_uses_prepared_low_level_invocation" time="0.002" /><testcase classname="tests.test_triton_runtime_auto_tuning" name="test_triton_prepared_invocation_caches_grid_without_launching" time="0.159" /><testcase classname="tests.test_triton_runtime_auto_tuning" name="test_triton_direct_winner_reuses_verified_binding_and_restores_aba" time="0.002" /><testcase classname="tests.test_triton_runtime_auto_tuning" name="test_triton_alias_selection_does_not_pollute_non_alias_tuning" time="0.002" /><testcase classname="tests.test_triton_runtime_auto_tuning" name="test_triton_tensor_scalar_alias_uses_alias_safe_selection[scalar]" time="0.002" /><testcase classname="tests.test_triton_runtime_auto_tuning" name="test_triton_tensor_scalar_alias_uses_alias_safe_selection[constexpr]" time="0.002" /><testcase classname="tests.test_triton_runtime_auto_tuning" name="test_triton_alias_signature_uses_absolute_spans_and_fails_closed" time="0.001" /><testcase classname="tests.test_triton_runtime_auto_tuning" name="test_triton_read_write_binding_uses_alias_safe_selection" time="0.113" /><testcase classname="tests.test_triton_runtime_auto_tuning" name="test_triton_loop_carried_binding_access_preserves_input_dependency" time="0.097" /><testcase classname="tests.test_triton_runtime_auto_tuning" name="test_triton_alias_selection_uses_jagged_binding_access" time="0.007" /><testcase classname="tests.test_triton_runtime_auto_tuning" name="test_triton_alias_selection_handles_candidate_failures_safely" time="0.003" /><testcase classname="tests.test_triton_runtime_auto_tuning" name="test_prepared_launch_rebinds_after_tensor_contract_change[shape-value0-2]" time="0.002" /><testcase classname="tests.test_triton_runtime_auto_tuning" name="test_prepared_launch_rebinds_after_tensor_contract_change[_stride-value1-2]" time="0.002" /><testcase classname="tests.test_triton_runtime_auto_tuning" name="test_prepared_launch_rebinds_after_tensor_contract_change[dtype-float16-2]" time="0.002" /><testcase classname="tests.test_triton_runtime_auto_tuning" name="test_prepared_launch_rebinds_after_tensor_contract_change[device-cuda:1-2]" time="0.002" /><testcase classname="tests.test_triton_runtime_auto_tuning" name="test_prepared_launch_rebinds_after_tensor_contract_change[_data_ptr-1-1]" time="0.002" /><testcase classname="tests.test_triton_runtime_auto_tuning" name="test_prepared_launch_rebinds_after_tensor_contract_change[_storage_offset-1-1]" time="0.002" /><testcase classname="tests.test_triton_runtime_auto_tuning" name="test_triton_direct_winner_validates_constexpr_and_argument_errors" time="0.002" /><testcase classname="tests.test_triton_runtime_auto_tuning" name="test_zero_dimensional_constexpr_mutation_rebinds_current_value" time="0.002" /><testcase classname="tests.test_triton_runtime_auto_tuning" name="test_triton_winner_proofs_share_the_bounded_prepared_lru" time="0.006" /><testcase classname="tests.test_triton_runtime_auto_tuning" name="test_prepared_launch_resolves_output_from_the_current_call" time="0.001" /><testcase classname="tests.test_triton_runtime_auto_tuning" name="test_triton_zero_size_does_not_disturb_nonempty_prepared_call" time="0.002" /><testcase classname="tests.test_triton_runtime_auto_tuning" name="test_triton_tuple_configurations_are_benchmarked_and_cached[cuda]" time="0.317" /><testcase classname="tests.test_triton_runtime_auto_tuning" name="test_triton_prepared_cache_releases_gpu_tensor_storage[cuda]" time="0.509" /><testcase classname="tests.test_triton_runtime_auto_tuning" name="test_auto_tuner_validates_arguments_before_benchmark" time="0.003" /><testcase classname="tests.test_triton_runtime_auto_tuning" name="test_auto_tuner_cache_is_reused_across_instances" time="0.024" /><testcase classname="tests.test_triton_runtime_auto_tuning" name="test_auto_tuner_retries_transient_candidate_failures" time="0.060" /><testcase classname="tests.test_unsqueeze" name="test_unsqueeze" time="0.046" /></testsuite></testsuites>